#
# There is insufficient memory for the Java Runtime Environment to continue.
# Native memory allocation (malloc) failed to allocate 1048576 bytes for AllocateHeap
# Possible reasons:
#   The system is out of physical RAM or swap space
#   The process is running with CompressedOops enabled, and the Java Heap may be blocking the growth of the native heap
# Possible solutions:
#   Reduce memory load on the system
#   Increase physical memory or swap space
#   Check if swap backing store is full
#   Decrease Java heap size (-Xmx/-Xms)
#   Decrease number of Java threads
#   Decrease Java thread stack sizes (-Xss)
#   Set larger code cache with -XX:ReservedCodeCacheSize=
#   JVM is running with Unscaled Compressed Oops mode in which the Java heap is
#     placed in the first 4GB address space. The Java Heap base address is the
#     maximum limit for the native heap growth. Please use -XX:HeapBaseMinAddress
#     to set the Java Heap base and to place the Java Heap above 4GB virtual address.
# This output file may be truncated or incomplete.
#
#  Out of Memory Error (allocation.cpp:44), pid=9804, tid=9920
#
# JRE version:  (17.0.7) (build )
# Java VM: OpenJDK 64-Bit Server VM (17.0.7+0-b2043.56-10550314, mixed mode, sharing, tiered, compressed oops, compressed class ptrs, g1 gc, windows-amd64)
# No core dump will be written. Minidumps are not enabled by default on client versions of Windows
#

---------------  S U M M A R Y ------------

Command Line: -Dorg.gradle.appname=gradlew org.gradle.wrapper.GradleWrapperMain -q -Ptarget-platform=android-arm64 -Ptarget=C:\Users\Soumaila\Desktop\yanana\lib\main.dart -Pbase-application-name=android.app.Application -Pdart-defines=Zmx1dHRlci5pbnNwZWN0b3Iuc3RydWN0dXJlZEVycm9ycz10cnVl,RkxVVFRFUl9XRUJfQVVUT19ERVRFQ1Q9dHJ1ZQ==,RkxVVFRFUl9XRUJfQ0FOVkFTS0lUX1VSTD1odHRwczovL3d3dy5nc3RhdGljLmNvbS9mbHV0dGVyLWNhbnZhc2tpdC8xYWM2MTFjNjRlYWRiZDkzYzVmNWFiYTU0OTRiOGZjM2IzNWVlOTUyLw== -Pdart-obfuscation=false -Ptrack-widget-creation=true -Ptree-shake-icons=false -Pfilesystem-scheme=org-dartlang-root assembleDebug

Host: Intel(R) Core(TM) i7-4600U CPU @ 2.10GHz, 4 cores, 7G,  Windows 11 , 64 bit Build 22000 (10.0.22000.2600)
Time: Thu Jan  4 18:53:18 2024 Temps universel coordonné elapsed time: 0.013312 seconds (0d 0h 0m 0s)

---------------  T H R E A D  ---------------

Current thread (0x000001b59326f430):  JavaThread "Unknown thread" [_thread_in_vm, id=9920, stack(0x000000a23e200000,0x000000a23e300000)]

Stack: [0x000000a23e200000,0x000000a23e300000]
Native frames: (J=compiled Java code, j=interpreted, Vv=VM code, C=native code)
V  [jvm.dll+0x683bfa]
V  [jvm.dll+0x8430a4]
V  [jvm.dll+0x8449be]
V  [jvm.dll+0x845023]
V  [jvm.dll+0x24ad2f]
V  [jvm.dll+0xa69cf]
V  [jvm.dll+0x2ea707]
V  [jvm.dll+0x2e23eb]
V  [jvm.dll+0x814391]
V  [jvm.dll+0x36ffe1]
V  [jvm.dll+0x7f396c]
V  [jvm.dll+0x3f305f]
V  [jvm.dll+0x3f4b91]
C  [jli.dll+0x528f]
C  [ucrtbase.dll+0x26c0c]
C  [KERNEL32.DLL+0x153e0]
C  [ntdll.dll+0x485b]


---------------  P R O C E S S  ---------------

Threads class SMR info:
_java_thread_list=0x00007ffddd14d098, length=0, elements={
}

Java Threads: ( => current thread )

Other Threads:
  0x000001b5932cbbe0 GCTaskThread "GC Thread#0" [stack: 0x000000a23e300000,0x000000a23e400000] [id=1948]

[error occurred during error reporting (printing all threads), id 0xc0000005, EXCEPTION_ACCESS_VIOLATION (0xc0000005) at pc=0x00007ffddc8ff650]

VM state: not at safepoint (not fully initialized)

VM Mutex/Monitor currently owned by a thread:  ([mutex/lock_event])
[0x000001b59326ba60] Heap_lock - owner thread: 0x000001b59326f430

Heap address: 0x0000000081600000, size: 2026 MB, Compressed Oops mode: 32-bit

CDS archive(s) mapped at: [0x0000000000000000-0x0000000000000000-0x0000000000000000), size 0, SharedBaseAddress: 0x0000000800000000, ArchiveRelocationMode: 0.
Narrow klass base: 0x0000000000000000, Narrow klass shift: 0, Narrow klass range: 0x0

GC Precious Log:
<Empty>

Heap:
 garbage-first heap   total 0K, used 0K [0x0000000081600000, 0x0000000100000000)
  region size 1024K, 0 young (0K), 0 survivors (0K)
 Metaspace       used 0K, committed 0K, reserved 0K
  class space    used 0K, committed 0K, reserved 0K

Heap Regions: E=young(eden), S=young(survivor), O=old, HS=humongous(starts), HC=humongous(continues), CS=collection set, F=free, OA=open archive, CA=closed archive, TAMS=top-at-mark-start (previous, next)

Card table byte_map: [0x000001b5a5b50000,0x000001b5a5f50000] _byte_map_base: 0x000001b5a5745000

GC Heap History (0 events):
No events

Dll operation events (1 events):
Event: 0.008 Loaded shared library C:\Program Files\Android\Android Studio\jbr\bin\java.dll

Deoptimization events (0 events):
No events

Classes unloaded (0 events):
No events

Classes redefined (0 events):
No events

Internal exceptions (0 events):
No events

VM Operations (0 events):
No events

Events (0 events):
No events


Dynamic libraries:
0x00007ff6070c0000 - 0x00007ff6070ca000 	C:\Program Files\Android\Android Studio\jbr\bin\java.exe
0x00007ffe35be0000 - 0x00007ffe35de9000 	C:\Windows\SYSTEM32\ntdll.dll
0x00007ffe34b80000 - 0x00007ffe34c3d000 	C:\Windows\System32\KERNEL32.DLL
0x00007ffe332c0000 - 0x00007ffe33645000 	C:\Windows\System32\KERNELBASE.dll
0x00007ffe338e0000 - 0x00007ffe339f1000 	C:\Windows\System32\ucrtbase.dll
0x00007ffe27610000 - 0x00007ffe27627000 	C:\Program Files\Android\Android Studio\jbr\bin\jli.dll
0x00007ffe34490000 - 0x00007ffe3463d000 	C:\Windows\System32\USER32.dll
0x00007ffe33a00000 - 0x00007ffe33a26000 	C:\Windows\System32\win32u.dll
0x00007ffe355b0000 - 0x00007ffe355da000 	C:\Windows\System32\GDI32.dll
0x00007ffe33650000 - 0x00007ffe3376e000 	C:\Windows\System32\gdi32full.dll
0x00007ffe33070000 - 0x00007ffe3310d000 	C:\Windows\System32\msvcp_win.dll
0x00007ffe1eea0000 - 0x00007ffe1eebb000 	C:\Program Files\Android\Android Studio\jbr\bin\VCRUNTIME140.dll
0x00007ffe21060000 - 0x00007ffe21305000 	C:\Windows\WinSxS\amd64_microsoft.windows.common-controls_6595b64144ccf1df_6.0.22000.2600_none_1b65155c6ae217ae\COMCTL32.dll
0x00007ffe35960000 - 0x00007ffe35a03000 	C:\Windows\System32\msvcrt.dll
0x00007ffe34640000 - 0x00007ffe34671000 	C:\Windows\System32\IMM32.DLL
0x00007ffe22ce0000 - 0x00007ffe22cec000 	C:\Program Files\Android\Android Studio\jbr\bin\vcruntime140_1.dll
0x00007ffe0d5f0000 - 0x00007ffe0d67d000 	C:\Program Files\Android\Android Studio\jbr\bin\msvcp140.dll
0x00007ffddc610000 - 0x00007ffddd290000 	C:\Program Files\Android\Android Studio\jbr\bin\server\jvm.dll
0x00007ffe358b0000 - 0x00007ffe35960000 	C:\Windows\System32\ADVAPI32.dll
0x00007ffe34a70000 - 0x00007ffe34b0e000 	C:\Windows\System32\sechost.dll
0x00007ffe35780000 - 0x00007ffe358a2000 	C:\Windows\System32\RPCRT4.dll
0x00007ffe11f60000 - 0x00007ffe11f69000 	C:\Windows\SYSTEM32\WSOCK32.dll
0x00007ffe340c0000 - 0x00007ffe3412f000 	C:\Windows\System32\WS2_32.dll
0x00007ffe27130000 - 0x00007ffe27163000 	C:\Windows\SYSTEM32\WINMM.dll
0x00007ffe21e80000 - 0x00007ffe21e8a000 	C:\Windows\SYSTEM32\VERSION.dll
0x00007ffe321e0000 - 0x00007ffe321f8000 	C:\Windows\SYSTEM32\kernel.appcore.dll
0x00007ffe2f3a0000 - 0x00007ffe2f3aa000 	C:\Program Files\Android\Android Studio\jbr\bin\jimage.dll
0x00007ffe226d0000 - 0x00007ffe228f1000 	C:\Windows\SYSTEM32\DBGHELP.DLL
0x00007ffe1bbd0000 - 0x00007ffe1bc01000 	C:\Windows\SYSTEM32\dbgcore.DLL
0x00007ffe33110000 - 0x00007ffe3318f000 	C:\Windows\System32\bcryptPrimitives.dll
0x00007ffe2f270000 - 0x00007ffe2f295000 	C:\Program Files\Android\Android Studio\jbr\bin\java.dll

dbghelp: loaded successfully - version: 4.0.5 - missing functions: none
symbol engine: initialized successfully - sym options: 0x614 - pdb path: .;C:\Program Files\Android\Android Studio\jbr\bin;C:\Windows\SYSTEM32;C:\Windows\WinSxS\amd64_microsoft.windows.common-controls_6595b64144ccf1df_6.0.22000.2600_none_1b65155c6ae217ae;C:\Program Files\Android\Android Studio\jbr\bin\server

VM Arguments:
jvm_args: -Dorg.gradle.appname=gradlew 
java_command: org.gradle.wrapper.GradleWrapperMain -q -Ptarget-platform=android-arm64 -Ptarget=C:\Users\Soumaila\Desktop\yanana\lib\main.dart -Pbase-application-name=android.app.Application -Pdart-defines=Zmx1dHRlci5pbnNwZWN0b3Iuc3RydWN0dXJlZEVycm9ycz10cnVl,RkxVVFRFUl9XRUJfQVVUT19ERVRFQ1Q9dHJ1ZQ==,RkxVVFRFUl9XRUJfQ0FOVkFTS0lUX1VSTD1odHRwczovL3d3dy5nc3RhdGljLmNvbS9mbHV0dGVyLWNhbnZhc2tpdC8xYWM2MTFjNjRlYWRiZDkzYzVmNWFiYTU0OTRiOGZjM2IzNWVlOTUyLw== -Pdart-obfuscation=false -Ptrack-widget-creation=true -Ptree-shake-icons=false -Pfilesystem-scheme=org-dartlang-root assembleDebug
java_class_path (initial): C:\Users\Soumaila\Desktop\yanana\android\\gradle\wrapper\gradle-wrapper.jar
Launcher Type: SUN_STANDARD

[Global flags]
     intx CICompilerCount                          = 3                                         {product} {ergonomic}
     uint ConcGCThreads                            = 1                                         {product} {ergonomic}
     uint G1ConcRefinementThreads                  = 4                                         {product} {ergonomic}
   size_t G1HeapRegionSize                         = 1048576                                   {product} {ergonomic}
    uintx GCDrainStackTargetSize                   = 64                                        {product} {ergonomic}
   size_t InitialHeapSize                          = 134217728                                 {product} {ergonomic}
   size_t MarkStackSize                            = 4194304                                   {product} {ergonomic}
   size_t MaxHeapSize                              = 2124414976                                {product} {ergonomic}
   size_t MinHeapDeltaBytes                        = 1048576                                   {product} {ergonomic}
   size_t MinHeapSize                              = 8388608                                   {product} {ergonomic}
    uintx NonNMethodCodeHeapSize                   = 5832780                                {pd product} {ergonomic}
    uintx NonProfiledCodeHeapSize                  = 122912730                              {pd product} {ergonomic}
    uintx ProfiledCodeHeapSize                     = 122912730                              {pd product} {ergonomic}
    uintx ReservedCodeCacheSize                    = 251658240                              {pd product} {ergonomic}
     bool SegmentedCodeCache                       = true                                      {product} {ergonomic}
   size_t SoftMaxHeapSize                          = 2124414976                             {manageable} {ergonomic}
     bool UseCompressedClassPointers               = true                           {product lp64_product} {ergonomic}
     bool UseCompressedOops                        = true                           {product lp64_product} {ergonomic}
     bool UseG1GC                                  = true                                      {product} {ergonomic}
     bool UseLargePagesIndividualAllocation        = false                                  {pd product} {ergonomic}

Logging:
Log output configuration:
 #0: stdout all=warning uptime,level,tags
 #1: stderr all=off uptime,level,tags

Environment Variables:
JAVA_HOME=C:\Program Files\Android\Android Studio\jbr
CLASSPATH=C:\Users\Soumaila\Desktop\yanana\android\\gradle\wrapper\gradle-wrapper.jar
PATH=C:\Program Files\Android\Android Studio\jbr\bin;C:\Oraclew\Middleware\Oracle_FRHome1\bin;C:\oracle12C\product\12.2.0\dbhome_1\bin;C:\oracle\DevSuiteHome_2\jdk\jre\bin;C:\oracle\DevSuiteHome_2\jdk\jre\bin\client;C:\oracle\DevSuiteHome_2\jlib;C:\oracle\DevSuiteHome_2\bin;C:\oracle\DevSuiteHome_2\jre\1.4.2\bin\client;C:\oracle\DevSuiteHome_2\jre\1.4.2\bin;C:\oracle\product\10.2.0\db_1\bin;D:\DevSuiteHome_1\jdk\jre\bin\client;D:\DevSuiteHome_1\bin;D:\DevSuiteHome_1\jlib;C:\ProgramData\Oracle\Java\javapath;C:\oraclexe\app\oracle\product\11.2.0\server\bin;C:\Program Files (x86)\VMware\VMware Workstation\bin\;C:\Program Files\Common Files\Oracle\Java\javapath;C:\Windows\system32;C:\Windows;C:\Windows\System32\Wbem;C:\Windows\System32\WindowsPowerShell\v1.0\;C:\Windows\System32\OpenSSH\;C:\Program Files\Git\cmd;C:\src\flutter\flutter\bin;C:\Users\Soumaila\AppData\Roaming\Microsoft VS Code\bin;C:\MinGW\bin;C:\Program Files\Microsoft SQL Server\150\Tools\Binn\;C:\Program Files (x86)\Windows Kits\10\Windows Performance Toolkit\;C:\MATLAB701\bin\win32;C:\Program Files\Microsoft SQL Server\110\Tools\Binn\;C:\Oraclew\Middleware\Oracle_FRHome1\opmn\bin;C:\Oraclew\Middleware\Oracle_FRHome1\opmn\lib;C:\Oraclew\Middleware\Oracle_FRHome1\perl\bin;C:\Users\Soumaila\AppData\Local\Programs\Python\Python310\Scripts\;C:\Users\Soumaila\AppData\Local\Programs\Python\Python310\;C:\Users\Soumaila\AppData\Local\Microsoft\WindowsApps;C:\Program Files\JetBrains\PyCharm 2022.2.2\bin;C:\Users\Soumaila\AppData\Local\Programs\Microsoft VS Code\bin;C:\Users\Soumaila\AppData\Local\JetBrains\Toolbox\scripts;;C:\src\flutter\flutter\bin\mingit\cmd
USERNAME=Soumaila
LD_LIBRARY_PATH=C:\Oraclew\Middleware\Oracle_FRHome1\lib
OS=Windows_NT
PROCESSOR_IDENTIFIER=Intel64 Family 6 Model 69 Stepping 1, GenuineIntel
TMP=C:\Users\Soumaila\AppData\Local\Temp
TEMP=C:\Users\Soumaila\AppData\Local\Temp


JNI global refs:
JNI global refs: 0, weak refs: 0

JNI global refs memory usage: 0, weak refs: 0

OOME stack traces (most recent first):
Classloader memory used:


---------------  S Y S T E M  ---------------

OS:
 Windows 11 , 64 bit Build 22000 (10.0.22000.2600)
OS uptime: 2 days 8:15 hours

CPU: total 4 (initial active 4) (2 cores per cpu, 2 threads per core) family 6 model 69 stepping 1 microcode 0x26, cx8, cmov, fxsr, ht, mmx, sse, sse2, sse3, ssse3, sse4.1, sse4.2, popcnt, lzcnt, tsc, tscinvbit, avx, avx2, aes, erms, clmul, bmi1, bmi2, fma, vzeroupper, clflush

Memory: 4k page, system-wide physical 8097M (768M free)
TotalPageFile size 13297M (AvailPageFile size 5M)
current process WorkingSet (physical memory assigned to process): 10M, peak: 10M
current process commit charge ("private bytes"): 48M, peak: 49M

vm_info: OpenJDK 64-Bit Server VM (17.0.7+0-b2043.56-10550314) for windows-amd64 JRE (17.0.7+0-b2043.56-10550314), built on Jul 24 2023 18:27:45 by "androidbuild" with MS VC++ 16.10 / 16.11 (VS2019)

END.
