#
# There is insufficient memory for the Java Runtime Environment to continue.
# Native memory allocation (mmap) failed to map 25165824 bytes for G1 virtual space
# Possible reasons:
#   The system is out of physical RAM or swap space
#   The process is running with CompressedOops enabled, and the Java Heap may be blocking the growth of the native heap
# Possible solutions:
#   Reduce memory load on the system
#   Increase physical memory or swap space
#   Check if swap backing store is full
#   Decrease Java heap size (-Xmx/-Xms)
#   Decrease number of Java threads
#   Decrease Java thread stack sizes (-Xss)
#   Set larger code cache with -XX:ReservedCodeCacheSize=
#   JVM is running with Unscaled Compressed Oops mode in which the Java heap is
#     placed in the first 4GB address space. The Java Heap base address is the
#     maximum limit for the native heap growth. Please use -XX:HeapBaseMinAddress
#     to set the Java Heap base and to place the Java Heap above 4GB virtual address.
# This output file may be truncated or incomplete.
#
#  Out of Memory Error (os_windows.cpp:3771), pid=15168, tid=12056
#
# JRE version: OpenJDK Runtime Environment (17.0.7) (build 17.0.7+0-b2043.56-10550314)
# Java VM: OpenJDK 64-Bit Server VM (17.0.7+0-b2043.56-10550314, mixed mode, tiered, compressed oops, compressed class ptrs, g1 gc, windows-amd64)
# No core dump will be written. Minidumps are not enabled by default on client versions of Windows
#

---------------  S U M M A R Y ------------

Command Line: --add-opens=java.base/java.util=ALL-UNNAMED --add-opens=java.base/java.lang=ALL-UNNAMED --add-opens=java.base/java.lang.invoke=ALL-UNNAMED --add-opens=java.base/java.util=ALL-UNNAMED --add-opens=java.prefs/java.util.prefs=ALL-UNNAMED --add-opens=java.prefs/java.util.prefs=ALL-UNNAMED --add-opens=java.base/java.nio.charset=ALL-UNNAMED --add-opens=java.base/java.net=ALL-UNNAMED --add-opens=java.base/java.util.concurrent.atomic=ALL-UNNAMED -Xmx1536M -Dfile.encoding=windows-1252 -Duser.country=FR -Duser.language=fr -Duser.variant org.gradle.launcher.daemon.bootstrap.GradleDaemon 7.5

Host: Intel(R) Core(TM) i7-4600U CPU @ 2.10GHz, 4 cores, 7G,  Windows 11 , 64 bit Build 22000 (10.0.22000.2600)
Time: Thu Jan  4 18:50:54 2024 Temps universel coordonné elapsed time: 109.998928 seconds (0d 0h 1m 49s)

---------------  T H R E A D  ---------------

Current thread (0x0000019a7016ed50):  VMThread "VM Thread" [stack: 0x0000004bfe700000,0x0000004bfe800000] [id=12056]

Stack: [0x0000004bfe700000,0x0000004bfe800000]
Native frames: (J=compiled Java code, j=interpreted, Vv=VM code, C=native code)
V  [jvm.dll+0x683bfa]
V  [jvm.dll+0x8430a4]
V  [jvm.dll+0x8449be]
V  [jvm.dll+0x845023]
V  [jvm.dll+0x24ad2f]
V  [jvm.dll+0x680ac9]
V  [jvm.dll+0x67519a]
V  [jvm.dll+0x30b3cb]
V  [jvm.dll+0x312876]
V  [jvm.dll+0x36221e]
V  [jvm.dll+0x36244f]
V  [jvm.dll+0x2e14a8]
V  [jvm.dll+0x2e4596]
V  [jvm.dll+0x2eed58]
V  [jvm.dll+0x323a40]
V  [jvm.dll+0x8496eb]
V  [jvm.dll+0x84a424]
V  [jvm.dll+0x84a93d]
V  [jvm.dll+0x84ad14]
V  [jvm.dll+0x84ade0]
V  [jvm.dll+0x7f2aea]
V  [jvm.dll+0x682a35]
C  [ucrtbase.dll+0x26c0c]
C  [KERNEL32.DLL+0x153e0]
C  [ntdll.dll+0x485b]

VM_Operation (0x0000004bfe3ff460): G1Concurrent, mode: safepoint, requested by thread 0x0000019a57f0b4a0


---------------  P R O C E S S  ---------------

Threads class SMR info:
_java_thread_list=0x0000019a768be290, length=88, elements={
0x0000019a57eb24a0, 0x0000019a70194020, 0x0000019a70194e90, 0x0000019a70420700,
0x0000019a704210b0, 0x0000019a70421a60, 0x0000019a70422410, 0x0000019a7043a010,
0x0000019a70442ce0, 0x0000019a70447ae0, 0x0000019a70593400, 0x0000019a70595cf0,
0x0000019a7079f280, 0x0000019a7629d5b0, 0x0000019a764937e0, 0x0000019a763154c0,
0x0000019a76315990, 0x0000019a75afd4c0, 0x0000019a75afd990, 0x0000019a75afde60,
0x0000019a75afb310, 0x0000019a75afb7e0, 0x0000019a75afcb20, 0x0000019a75afc180,
0x0000019a75afe330, 0x0000019a7550dc30, 0x0000019a7550ba80, 0x0000019a75509da0,
0x0000019a7550d290, 0x0000019a7550c8f0, 0x0000019a75508f30, 0x0000019a7550e5d0,
0x0000019a7550eaa0, 0x0000019a7550cdc0, 0x0000019a7550f440, 0x0000019a755080c0,
0x0000019a75507bf0, 0x0000019a75508590, 0x0000019a755098d0, 0x0000019a7550a740,
0x0000019a7550ac10, 0x0000019a7550b5b0, 0x0000019a75190eb0, 0x0000019a75191380,
0x0000019a7518de90, 0x0000019a75191850, 0x0000019a7518fb70, 0x0000019a7518d4f0,
0x0000019a7518e360, 0x0000019a751921f0, 0x0000019a75193a00, 0x0000019a7518d9c0,
0x0000019a75191d20, 0x0000019a751926c0, 0x0000019a75193530, 0x0000019a75193060,
0x0000019a75193ed0, 0x0000019a7518e830, 0x0000019a751909e0, 0x0000019a7518d020,
0x0000019a7518f6a0, 0x0000019a751943a0, 0x0000019a75192b90, 0x0000019a7518cb50,
0x0000019a7518ed00, 0x0000019a7518f1d0, 0x0000019a75190040, 0x0000019a75190510,
0x0000019a77899dc0, 0x0000019a77896da0, 0x0000019a7789a760, 0x0000019a77898f50,
0x0000019a77895f30, 0x0000019a77898a80, 0x0000019a77894250, 0x0000019a77894bf0,
0x0000019a7789a290, 0x0000019a77894720, 0x0000019a778980e0, 0x0000019a77897c10,
0x0000019a778950c0, 0x0000019a77895590, 0x0000019a77896400, 0x0000019a77895a60,
0x0000019a778938b0, 0x0000019a778968d0, 0x0000019a77893d80, 0x0000019a77f9f3d0
}

Java Threads: ( => current thread )
  0x0000019a57eb24a0 JavaThread "main" [_thread_blocked, id=6808, stack(0x0000004bfe100000,0x0000004bfe200000)]
  0x0000019a70194020 JavaThread "Reference Handler" daemon [_thread_blocked, id=14728, stack(0x0000004bfe800000,0x0000004bfe900000)]
  0x0000019a70194e90 JavaThread "Finalizer" daemon [_thread_blocked, id=1340, stack(0x0000004bfe900000,0x0000004bfea00000)]
  0x0000019a70420700 JavaThread "Signal Dispatcher" daemon [_thread_blocked, id=15232, stack(0x0000004bfea00000,0x0000004bfeb00000)]
  0x0000019a704210b0 JavaThread "Attach Listener" daemon [_thread_blocked, id=13252, stack(0x0000004bfeb00000,0x0000004bfec00000)]
  0x0000019a70421a60 JavaThread "Service Thread" daemon [_thread_blocked, id=6348, stack(0x0000004bfec00000,0x0000004bfed00000)]
  0x0000019a70422410 JavaThread "Monitor Deflation Thread" daemon [_thread_blocked, id=3508, stack(0x0000004bfed00000,0x0000004bfee00000)]
  0x0000019a7043a010 JavaThread "C2 CompilerThread0" daemon [_thread_blocked, id=8472, stack(0x0000004bfee00000,0x0000004bfef00000)]
  0x0000019a70442ce0 JavaThread "C1 CompilerThread0" daemon [_thread_blocked, id=12328, stack(0x0000004bfef00000,0x0000004bff000000)]
  0x0000019a70447ae0 JavaThread "Sweeper thread" daemon [_thread_blocked, id=11740, stack(0x0000004bff000000,0x0000004bff100000)]
  0x0000019a70593400 JavaThread "Common-Cleaner" daemon [_thread_blocked, id=8168, stack(0x0000004bff100000,0x0000004bff200000)]
  0x0000019a70595cf0 JavaThread "Notification Thread" daemon [_thread_blocked, id=5852, stack(0x0000004bff200000,0x0000004bff300000)]
  0x0000019a7079f280 JavaThread "Daemon health stats" [_thread_blocked, id=9796, stack(0x0000004bff800000,0x0000004bff900000)]
  0x0000019a7629d5b0 JavaThread "Incoming local TCP Connector on port 58229" [_thread_in_native, id=6916, stack(0x0000004bff700000,0x0000004bff800000)]
  0x0000019a764937e0 JavaThread "Daemon periodic checks" [_thread_blocked, id=14348, stack(0x0000004bff900000,0x0000004bffa00000)]
  0x0000019a763154c0 JavaThread "Daemon" [_thread_blocked, id=5696, stack(0x0000004bffa00000,0x0000004bffb00000)]
  0x0000019a76315990 JavaThread "Handler for socket connection from /127.0.0.1:58229 to /127.0.0.1:58230" [_thread_in_native, id=5572, stack(0x0000004bffb00000,0x0000004bffc00000)]
  0x0000019a75afd4c0 JavaThread "Cancel handler" [_thread_blocked, id=5788, stack(0x0000004bffc00000,0x0000004bffd00000)]
  0x0000019a75afd990 JavaThread "Daemon worker" [_thread_blocked, id=14904, stack(0x0000004bffd00000,0x0000004bffe00000)]
  0x0000019a75afde60 JavaThread "Asynchronous log dispatcher for DefaultDaemonConnection: socket connection from /127.0.0.1:58229 to /127.0.0.1:58230" [_thread_blocked, id=10380, stack(0x0000004bffe00000,0x0000004bfff00000)]
  0x0000019a75afb310 JavaThread "Stdin handler" [_thread_blocked, id=8020, stack(0x0000004bfff00000,0x0000004c00000000)]
  0x0000019a75afb7e0 JavaThread "Daemon client event forwarder" [_thread_blocked, id=12408, stack(0x0000004b80000000,0x0000004b80100000)]
  0x0000019a75afcb20 JavaThread "Cache worker for journal cache (C:\Users\Soumaila\.gradle\caches\journal-1)" [_thread_blocked, id=6212, stack(0x0000004b80100000,0x0000004b80200000)]
  0x0000019a75afc180 JavaThread "File lock request listener" [_thread_in_native, id=6804, stack(0x0000004b80200000,0x0000004b80300000)]
  0x0000019a75afe330 JavaThread "Cache worker for file hash cache (C:\Users\Soumaila\.gradle\caches\7.5\fileHashes)" [_thread_blocked, id=9192, stack(0x0000004b80300000,0x0000004b80400000)]
  0x0000019a7550dc30 JavaThread "File watcher server" daemon [_thread_in_native, id=15296, stack(0x0000004b80400000,0x0000004b80500000)]
  0x0000019a7550ba80 JavaThread "File watcher consumer" daemon [_thread_blocked, id=12076, stack(0x0000004b80500000,0x0000004b80600000)]
  0x0000019a75509da0 JavaThread "Cache worker for checksums cache (C:\Users\Soumaila\Desktop\yanana\android\.gradle\7.5\checksums)" [_thread_blocked, id=14916, stack(0x0000004b80600000,0x0000004b80700000)]
  0x0000019a7550d290 JavaThread "Cache worker for cache directory md-rule (C:\Users\Soumaila\.gradle\caches\7.5\md-rule)" [_thread_blocked, id=6568, stack(0x0000004b80700000,0x0000004b80800000)]
  0x0000019a7550c8f0 JavaThread "Cache worker for file content cache (C:\Users\Soumaila\.gradle\caches\7.5\fileContent)" [_thread_blocked, id=13316, stack(0x0000004b80800000,0x0000004b80900000)]
  0x0000019a75508f30 JavaThread "Cache worker for file hash cache (C:\Users\Soumaila\Desktop\yanana\android\.gradle\7.5\fileHashes)" [_thread_blocked, id=10004, stack(0x0000004b80900000,0x0000004b80a00000)]
  0x0000019a7550e5d0 JavaThread "Cache worker for cache directory md-supplier (C:\Users\Soumaila\.gradle\caches\7.5\md-supplier)" [_thread_blocked, id=13876, stack(0x0000004b80a00000,0x0000004b80b00000)]
  0x0000019a7550eaa0 JavaThread "Cache worker for execution history cache (C:\Users\Soumaila\.gradle\caches\7.5\executionHistory)" [_thread_blocked, id=10348, stack(0x0000004b80b00000,0x0000004b80c00000)]
  0x0000019a7550cdc0 JavaThread "jar transforms" [_thread_blocked, id=7248, stack(0x0000004b80c00000,0x0000004b80d00000)]
  0x0000019a7550f440 JavaThread "jar transforms Thread 2" [_thread_blocked, id=6020, stack(0x0000004b80d00000,0x0000004b80e00000)]
  0x0000019a755080c0 JavaThread "jar transforms Thread 3" [_thread_blocked, id=13340, stack(0x0000004b80e00000,0x0000004b80f00000)]
  0x0000019a75507bf0 JavaThread "jar transforms Thread 4" [_thread_blocked, id=10528, stack(0x0000004b80f00000,0x0000004b81000000)]
  0x0000019a75508590 JavaThread "Cache worker for dependencies-accessors (C:\Users\Soumaila\Desktop\yanana\android\.gradle\7.5\dependencies-accessors)" [_thread_blocked, id=11684, stack(0x0000004b81000000,0x0000004b81100000)]
  0x0000019a755098d0 JavaThread "Cache worker for Build Output Cleanup Cache (C:\Users\Soumaila\Desktop\yanana\android\.gradle\buildOutputCleanup)" [_thread_blocked, id=8000, stack(0x0000004b81300000,0x0000004b81400000)]
  0x0000019a7550a740 JavaThread "Unconstrained build operations" [_thread_blocked, id=10884, stack(0x0000004b81400000,0x0000004b81500000)]
  0x0000019a7550ac10 JavaThread "Unconstrained build operations Thread 2" [_thread_blocked, id=9556, stack(0x0000004b81500000,0x0000004b81600000)]
  0x0000019a7550b5b0 JavaThread "Unconstrained build operations Thread 3" [_thread_blocked, id=10788, stack(0x0000004b81600000,0x0000004b81700000)]
  0x0000019a75190eb0 JavaThread "Unconstrained build operations Thread 4" [_thread_blocked, id=13432, stack(0x0000004b81700000,0x0000004b81800000)]
  0x0000019a75191380 JavaThread "Unconstrained build operations Thread 5" [_thread_blocked, id=11968, stack(0x0000004b81800000,0x0000004b81900000)]
  0x0000019a7518de90 JavaThread "Unconstrained build operations Thread 6" [_thread_blocked, id=12208, stack(0x0000004b81900000,0x0000004b81a00000)]
  0x0000019a75191850 JavaThread "Unconstrained build operations Thread 7" [_thread_blocked, id=11800, stack(0x0000004b81a00000,0x0000004b81b00000)]
  0x0000019a7518fb70 JavaThread "Unconstrained build operations Thread 8" [_thread_blocked, id=476, stack(0x0000004b81b00000,0x0000004b81c00000)]
  0x0000019a7518d4f0 JavaThread "Unconstrained build operations Thread 9" [_thread_blocked, id=10712, stack(0x0000004b81c00000,0x0000004b81d00000)]
  0x0000019a7518e360 JavaThread "Unconstrained build operations Thread 10" [_thread_blocked, id=11372, stack(0x0000004b81d00000,0x0000004b81e00000)]
  0x0000019a751921f0 JavaThread "Unconstrained build operations Thread 11" [_thread_blocked, id=14776, stack(0x0000004b81e00000,0x0000004b81f00000)]
  0x0000019a75193a00 JavaThread "Unconstrained build operations Thread 12" [_thread_blocked, id=11612, stack(0x0000004b81f00000,0x0000004b82000000)]
  0x0000019a7518d9c0 JavaThread "Unconstrained build operations Thread 13" [_thread_blocked, id=10484, stack(0x0000004b82000000,0x0000004b82100000)]
  0x0000019a75191d20 JavaThread "Unconstrained build operations Thread 14" [_thread_blocked, id=11172, stack(0x0000004b82100000,0x0000004b82200000)]
  0x0000019a751926c0 JavaThread "Unconstrained build operations Thread 15" [_thread_blocked, id=9952, stack(0x0000004b82200000,0x0000004b82300000)]
  0x0000019a75193530 JavaThread "Unconstrained build operations Thread 16" [_thread_blocked, id=7128, stack(0x0000004b82300000,0x0000004b82400000)]
  0x0000019a75193060 JavaThread "Unconstrained build operations Thread 17" [_thread_blocked, id=8804, stack(0x0000004b82400000,0x0000004b82500000)]
  0x0000019a75193ed0 JavaThread "Unconstrained build operations Thread 18" [_thread_blocked, id=9592, stack(0x0000004b82500000,0x0000004b82600000)]
  0x0000019a7518e830 JavaThread "Unconstrained build operations Thread 19" [_thread_blocked, id=6024, stack(0x0000004b82600000,0x0000004b82700000)]
  0x0000019a751909e0 JavaThread "Unconstrained build operations Thread 20" [_thread_blocked, id=14084, stack(0x0000004b82700000,0x0000004b82800000)]
  0x0000019a7518d020 JavaThread "Unconstrained build operations Thread 21" [_thread_blocked, id=1972, stack(0x0000004b82800000,0x0000004b82900000)]
  0x0000019a7518f6a0 JavaThread "Unconstrained build operations Thread 22" [_thread_blocked, id=10128, stack(0x0000004b82900000,0x0000004b82a00000)]
  0x0000019a751943a0 JavaThread "Unconstrained build operations Thread 23" [_thread_blocked, id=7200, stack(0x0000004b82a00000,0x0000004b82b00000)]
  0x0000019a75192b90 JavaThread "Unconstrained build operations Thread 24" [_thread_blocked, id=10744, stack(0x0000004b82b00000,0x0000004b82c00000)]
  0x0000019a7518cb50 JavaThread "Unconstrained build operations Thread 25" [_thread_blocked, id=13740, stack(0x0000004b82c00000,0x0000004b82d00000)]
  0x0000019a7518ed00 JavaThread "Unconstrained build operations Thread 26" [_thread_blocked, id=14468, stack(0x0000004b82d00000,0x0000004b82e00000)]
  0x0000019a7518f1d0 JavaThread "Unconstrained build operations Thread 27" [_thread_blocked, id=11956, stack(0x0000004b82e00000,0x0000004b82f00000)]
  0x0000019a75190040 JavaThread "Unconstrained build operations Thread 28" [_thread_blocked, id=5864, stack(0x0000004b82f00000,0x0000004b83000000)]
  0x0000019a75190510 JavaThread "Unconstrained build operations Thread 29" [_thread_blocked, id=13488, stack(0x0000004b83000000,0x0000004b83100000)]
  0x0000019a77899dc0 JavaThread "Unconstrained build operations Thread 30" [_thread_blocked, id=4444, stack(0x0000004b83100000,0x0000004b83200000)]
  0x0000019a77896da0 JavaThread "Unconstrained build operations Thread 31" [_thread_blocked, id=9160, stack(0x0000004b83200000,0x0000004b83300000)]
  0x0000019a7789a760 JavaThread "Unconstrained build operations Thread 32" [_thread_blocked, id=8388, stack(0x0000004b83300000,0x0000004b83400000)]
  0x0000019a77898f50 JavaThread "Unconstrained build operations Thread 33" [_thread_blocked, id=8112, stack(0x0000004b83400000,0x0000004b83500000)]
  0x0000019a77895f30 JavaThread "Unconstrained build operations Thread 34" [_thread_blocked, id=7656, stack(0x0000004b83500000,0x0000004b83600000)]
  0x0000019a77898a80 JavaThread "Unconstrained build operations Thread 35" [_thread_blocked, id=10320, stack(0x0000004b83600000,0x0000004b83700000)]
  0x0000019a77894250 JavaThread "Unconstrained build operations Thread 36" [_thread_blocked, id=7176, stack(0x0000004b83700000,0x0000004b83800000)]
  0x0000019a77894bf0 JavaThread "Unconstrained build operations Thread 37" [_thread_blocked, id=13680, stack(0x0000004b83800000,0x0000004b83900000)]
  0x0000019a7789a290 JavaThread "Unconstrained build operations Thread 38" [_thread_blocked, id=14612, stack(0x0000004b83900000,0x0000004b83a00000)]
  0x0000019a77894720 JavaThread "Unconstrained build operations Thread 39" [_thread_blocked, id=9848, stack(0x0000004b83a00000,0x0000004b83b00000)]
  0x0000019a778980e0 JavaThread "Unconstrained build operations Thread 40" [_thread_blocked, id=13456, stack(0x0000004b83b00000,0x0000004b83c00000)]
  0x0000019a77897c10 JavaThread "Cache worker for kotlin-dsl (C:\Users\Soumaila\.gradle\caches\7.5\kotlin-dsl)" [_thread_blocked, id=9000, stack(0x0000004b83c00000,0x0000004b83d00000)]
  0x0000019a778950c0 JavaThread "Cache worker for Build Output Cleanup Cache (C:\src\flutter\flutter\packages\flutter_tools\gradle\.gradle\buildOutputCleanup)" [_thread_blocked, id=12600, stack(0x0000004b83d00000,0x0000004b83e00000)]
  0x0000019a77895590 JavaThread "Memory manager" [_thread_blocked, id=10084, stack(0x0000004b83f00000,0x0000004b84000000)]
  0x0000019a77896400 JavaThread "included builds" [_thread_blocked, id=11564, stack(0x0000004b83e00000,0x0000004b83f00000)]
  0x0000019a77895a60 JavaThread "Execution worker" [_thread_blocked, id=8968, stack(0x0000004b84000000,0x0000004b84100000)]
  0x0000019a778938b0 JavaThread "Execution worker Thread 2" [_thread_blocked, id=868, stack(0x0000004b84100000,0x0000004b84200000)]
  0x0000019a778968d0 JavaThread "Execution worker Thread 3" [_thread_blocked, id=2064, stack(0x0000004b84200000,0x0000004b84300000)]
  0x0000019a77893d80 JavaThread "Cache worker for execution history cache (C:\src\flutter\flutter\packages\flutter_tools\gradle\.gradle\7.5\executionHistory)" [_thread_blocked, id=6188, stack(0x0000004b84300000,0x0000004b84400000)]
  0x0000019a77f9f3d0 JavaThread "C2 CompilerThread1" daemon [_thread_blocked, id=10584, stack(0x0000004b84400000,0x0000004b84500000)]

Other Threads:
=>0x0000019a7016ed50 VMThread "VM Thread" [stack: 0x0000004bfe700000,0x0000004bfe800000] [id=12056]
  0x0000019a705981d0 WatcherThread [stack: 0x0000004bff300000,0x0000004bff400000] [id=8356]
  0x0000019a57efe560 GCTaskThread "GC Thread#0" [stack: 0x0000004bfe200000,0x0000004bfe300000] [id=15152]
  0x0000019a753bc9f0 GCTaskThread "GC Thread#1" [stack: 0x0000004bff500000,0x0000004bff600000] [id=252]
  0x0000019a753376a0 GCTaskThread "GC Thread#2" [stack: 0x0000004bff600000,0x0000004bff700000] [id=1616]
  0x0000019a759f6a50 GCTaskThread "GC Thread#3" [stack: 0x0000004bff400000,0x0000004bff500000] [id=6072]
  0x0000019a57f0b4a0 ConcurrentGCThread "G1 Main Marker" [stack: 0x0000004bfe300000,0x0000004bfe400000] [id=15044]
  0x0000019a57f0d660 ConcurrentGCThread "G1 Conc#0" [stack: 0x0000004bfe400000,0x0000004bfe500000] [id=840]
  0x0000019a57f73e20 ConcurrentGCThread "G1 Refine#0" [stack: 0x0000004bfe500000,0x0000004bfe600000] [id=2580]
  0x0000019a57f74840 ConcurrentGCThread "G1 Service" [stack: 0x0000004bfe600000,0x0000004bfe700000] [id=13468]

Threads with active compile tasks:

VM state: at safepoint (normal execution)

VM Mutex/Monitor currently owned by a thread:  ([mutex/lock_event])
[0x0000019a57eae3c0] Threads_lock - owner thread: 0x0000019a7016ed50
[0x0000019a57ead640] Heap_lock - owner thread: 0x0000019a57f0b4a0

Heap address: 0x00000000a0000000, size: 1536 MB, Compressed Oops mode: 32-bit

CDS archive(s) not mapped
Compressed class space mapped at: 0x0000000100000000-0x0000000140000000, reserved size: 1073741824
Narrow klass base: 0x0000000000000000, Narrow klass shift: 3, Narrow klass range: 0x140000000

GC Precious Log:
 CPUs: 4 total, 4 available
 Memory: 8097M
 Large Page Support: Disabled
 NUMA Support: Disabled
 Compressed Oops: Enabled (32-bit)
 Heap Region Size: 1M
 Heap Min Capacity: 8M
 Heap Initial Capacity: 128M
 Heap Max Capacity: 1536M
 Pre-touch: Disabled
 Parallel Workers: 4
 Concurrent Workers: 1
 Concurrent Refinement Workers: 4
 Periodic GC: Disabled

Heap:
 garbage-first heap   total 97280K, used 70896K [0x00000000a0000000, 0x0000000100000000)
  region size 1024K, 12 young (12288K), 3 survivors (3072K)
 Metaspace       used 72699K, committed 73280K, reserved 1114112K
  class space    used 9856K, committed 10112K, reserved 1048576K

Heap Regions: E=young(eden), S=young(survivor), O=old, HS=humongous(starts), HC=humongous(continues), CS=collection set, F=free, OA=open archive, CA=closed archive, TAMS=top-at-mark-start (previous, next)
|   0|0x00000000a0000000, 0x00000000a0100000, 0x00000000a0100000|100%|HS|  |TAMS 0x00000000a0100000, 0x00000000a0000000| Complete 
|   1|0x00000000a0100000, 0x00000000a0200000, 0x00000000a0200000|100%|HC|  |TAMS 0x00000000a0200000, 0x00000000a0100000| Complete 
|   2|0x00000000a0200000, 0x00000000a0300000, 0x00000000a0300000|100%|HC|  |TAMS 0x00000000a0300000, 0x00000000a0200000| Complete 
|   3|0x00000000a0300000, 0x00000000a0400000, 0x00000000a0400000|100%| O|  |TAMS 0x00000000a0400000, 0x00000000a0300000| Untracked 
|   4|0x00000000a0400000, 0x00000000a0500000, 0x00000000a0500000|100%| O|  |TAMS 0x00000000a0500000, 0x00000000a0400000| Untracked 
|   5|0x00000000a0500000, 0x00000000a0600000, 0x00000000a0600000|100%| O|  |TAMS 0x00000000a0600000, 0x00000000a0500000| Untracked 
|   6|0x00000000a0600000, 0x00000000a0700000, 0x00000000a0700000|100%| O|  |TAMS 0x00000000a0700000, 0x00000000a0600000| Untracked 
|   7|0x00000000a0700000, 0x00000000a0800000, 0x00000000a0800000|100%| O|  |TAMS 0x00000000a0800000, 0x00000000a0700000| Untracked 
|   8|0x00000000a0800000, 0x00000000a0900000, 0x00000000a0900000|100%| O|  |TAMS 0x00000000a0900000, 0x00000000a0800000| Untracked 
|   9|0x00000000a0900000, 0x00000000a0a00000, 0x00000000a0a00000|100%| O|  |TAMS 0x00000000a0a00000, 0x00000000a0900000| Untracked 
|  10|0x00000000a0a00000, 0x00000000a0b00000, 0x00000000a0b00000|100%| O|  |TAMS 0x00000000a0b00000, 0x00000000a0a00000| Untracked 
|  11|0x00000000a0b00000, 0x00000000a0c00000, 0x00000000a0c00000|100%| O|  |TAMS 0x00000000a0c00000, 0x00000000a0b00000| Untracked 
|  12|0x00000000a0c00000, 0x00000000a0d00000, 0x00000000a0d00000|100%| O|  |TAMS 0x00000000a0d00000, 0x00000000a0c00000| Untracked 
|  13|0x00000000a0d00000, 0x00000000a0e00000, 0x00000000a0e00000|100%| O|  |TAMS 0x00000000a0e00000, 0x00000000a0d00000| Untracked 
|  14|0x00000000a0e00000, 0x00000000a0f00000, 0x00000000a0f00000|100%| O|  |TAMS 0x00000000a0f00000, 0x00000000a0e00000| Untracked 
|  15|0x00000000a0f00000, 0x00000000a1000000, 0x00000000a1000000|100%| O|  |TAMS 0x00000000a1000000, 0x00000000a0f00000| Untracked 
|  16|0x00000000a1000000, 0x00000000a1100000, 0x00000000a1100000|100%| O|  |TAMS 0x00000000a1100000, 0x00000000a1000000| Untracked 
|  17|0x00000000a1100000, 0x00000000a1200000, 0x00000000a1200000|100%| O|  |TAMS 0x00000000a1200000, 0x00000000a1100000| Untracked 
|  18|0x00000000a1200000, 0x00000000a1300000, 0x00000000a1300000|100%| O|  |TAMS 0x00000000a1300000, 0x00000000a1200000| Updating 
|  19|0x00000000a1300000, 0x00000000a1400000, 0x00000000a1400000|100%| O|  |TAMS 0x00000000a1400000, 0x00000000a1300000| Untracked 
|  20|0x00000000a1400000, 0x00000000a1500000, 0x00000000a1500000|100%| O|  |TAMS 0x00000000a1500000, 0x00000000a1400000| Untracked 
|  21|0x00000000a1500000, 0x00000000a1600000, 0x00000000a1600000|100%| O|  |TAMS 0x00000000a1600000, 0x00000000a1500000| Updating 
|  22|0x00000000a1600000, 0x00000000a1700000, 0x00000000a1700000|100%| O|  |TAMS 0x00000000a1700000, 0x00000000a1600000| Untracked 
|  23|0x00000000a1700000, 0x00000000a1800000, 0x00000000a1800000|100%| O|  |TAMS 0x00000000a1800000, 0x00000000a1700000| Updating 
|  24|0x00000000a1800000, 0x00000000a1900000, 0x00000000a1900000|100%| O|  |TAMS 0x00000000a1900000, 0x00000000a1800000| Untracked 
|  25|0x00000000a1900000, 0x00000000a1a00000, 0x00000000a1a00000|100%| O|  |TAMS 0x00000000a1a00000, 0x00000000a1900000| Untracked 
|  26|0x00000000a1a00000, 0x00000000a1b00000, 0x00000000a1b00000|100%| O|  |TAMS 0x00000000a1b00000, 0x00000000a1a00000| Untracked 
|  27|0x00000000a1b00000, 0x00000000a1c00000, 0x00000000a1c00000|100%| O|  |TAMS 0x00000000a1c00000, 0x00000000a1b00000| Updating 
|  28|0x00000000a1c00000, 0x00000000a1d00000, 0x00000000a1d00000|100%| O|  |TAMS 0x00000000a1d00000, 0x00000000a1c00000| Untracked 
|  29|0x00000000a1d00000, 0x00000000a1e00000, 0x00000000a1e00000|100%| O|  |TAMS 0x00000000a1e00000, 0x00000000a1d00000| Updating 
|  30|0x00000000a1e00000, 0x00000000a1f00000, 0x00000000a1f00000|100%| O|  |TAMS 0x00000000a1f00000, 0x00000000a1e00000| Updating 
|  31|0x00000000a1f00000, 0x00000000a2000000, 0x00000000a2000000|100%| O|  |TAMS 0x00000000a2000000, 0x00000000a1f00000| Untracked 
|  32|0x00000000a2000000, 0x00000000a2100000, 0x00000000a2100000|100%|HS|  |TAMS 0x00000000a2100000, 0x00000000a2000000| Complete 
|  33|0x00000000a2100000, 0x00000000a2200000, 0x00000000a2200000|100%| O|  |TAMS 0x00000000a2200000, 0x00000000a2100000| Untracked 
|  34|0x00000000a2200000, 0x00000000a2300000, 0x00000000a2300000|100%|HS|  |TAMS 0x00000000a2300000, 0x00000000a2200000| Complete 
|  35|0x00000000a2300000, 0x00000000a2400000, 0x00000000a2400000|100%|HS|  |TAMS 0x00000000a2400000, 0x00000000a2300000| Complete 
|  36|0x00000000a2400000, 0x00000000a2500000, 0x00000000a2500000|100%| O|  |TAMS 0x00000000a2500000, 0x00000000a2400000| Untracked 
|  37|0x00000000a2500000, 0x00000000a2600000, 0x00000000a2600000|100%| O|  |TAMS 0x00000000a2600000, 0x00000000a2500000| Untracked 
|  38|0x00000000a2600000, 0x00000000a2700000, 0x00000000a2700000|100%|HS|  |TAMS 0x00000000a2700000, 0x00000000a2600000| Complete 
|  39|0x00000000a2700000, 0x00000000a2800000, 0x00000000a2800000|100%|HC|  |TAMS 0x00000000a2800000, 0x00000000a2700000| Complete 
|  40|0x00000000a2800000, 0x00000000a2900000, 0x00000000a2900000|100%|HC|  |TAMS 0x00000000a2900000, 0x00000000a2800000| Complete 
|  41|0x00000000a2900000, 0x00000000a2a00000, 0x00000000a2a00000|100%| O|  |TAMS 0x00000000a2a00000, 0x00000000a2900000| Untracked 
|  42|0x00000000a2a00000, 0x00000000a2b00000, 0x00000000a2b00000|100%| O|  |TAMS 0x00000000a2b00000, 0x00000000a2a00000| Untracked 
|  43|0x00000000a2b00000, 0x00000000a2c00000, 0x00000000a2c00000|100%| O|  |TAMS 0x00000000a2c00000, 0x00000000a2b00000| Untracked 
|  44|0x00000000a2c00000, 0x00000000a2d00000, 0x00000000a2d00000|100%| O|  |TAMS 0x00000000a2d00000, 0x00000000a2c00000| Untracked 
|  45|0x00000000a2d00000, 0x00000000a2e00000, 0x00000000a2e00000|100%|HS|  |TAMS 0x00000000a2e00000, 0x00000000a2d00000| Complete 
|  46|0x00000000a2e00000, 0x00000000a2f00000, 0x00000000a2f00000|100%|HC|  |TAMS 0x00000000a2f00000, 0x00000000a2e00000| Complete 
|  47|0x00000000a2f00000, 0x00000000a3000000, 0x00000000a3000000|100%| O|  |TAMS 0x00000000a3000000, 0x00000000a2f00000| Untracked 
|  48|0x00000000a3000000, 0x00000000a3100000, 0x00000000a3100000|100%| O|  |TAMS 0x00000000a3100000, 0x00000000a3000000| Untracked 
|  49|0x00000000a3100000, 0x00000000a3200000, 0x00000000a3200000|100%| O|  |TAMS 0x00000000a3200000, 0x00000000a3100000| Untracked 
|  50|0x00000000a3200000, 0x00000000a3300000, 0x00000000a3300000|100%| O|  |TAMS 0x00000000a3300000, 0x00000000a3200000| Untracked 
|  51|0x00000000a3300000, 0x00000000a3400000, 0x00000000a3400000|100%| O|  |TAMS 0x00000000a3400000, 0x00000000a3300000| Untracked 
|  52|0x00000000a3400000, 0x00000000a3500000, 0x00000000a3500000|100%| O|  |TAMS 0x00000000a3500000, 0x00000000a3400000| Untracked 
|  53|0x00000000a3500000, 0x00000000a3600000, 0x00000000a3600000|100%| O|  |TAMS 0x00000000a3600000, 0x00000000a3500000| Untracked 
|  54|0x00000000a3600000, 0x00000000a363c200, 0x00000000a3700000| 23%| O|  |TAMS 0x00000000a363c200, 0x00000000a3600000| Updating 
|  55|0x00000000a3700000, 0x00000000a3800000, 0x00000000a3800000|100%|HS|  |TAMS 0x00000000a3700000, 0x00000000a3700000| Complete 
|  56|0x00000000a3800000, 0x00000000a3900000, 0x00000000a3900000|100%|HS|  |TAMS 0x00000000a3800000, 0x00000000a3800000| Complete 
|  57|0x00000000a3900000, 0x00000000a3a00000, 0x00000000a3a00000|100%|HS|  |TAMS 0x00000000a3900000, 0x00000000a3900000| Complete 
|  58|0x00000000a3a00000, 0x00000000a3b00000, 0x00000000a3b00000|100%|HS|  |TAMS 0x00000000a3a00000, 0x00000000a3a00000| Complete 
|  59|0x00000000a3b00000, 0x00000000a3b00000, 0x00000000a3c00000|  0%| F|  |TAMS 0x00000000a3b00000, 0x00000000a3b00000| Untracked 
|  60|0x00000000a3c00000, 0x00000000a3c00000, 0x00000000a3d00000|  0%| F|  |TAMS 0x00000000a3c00000, 0x00000000a3c00000| Untracked 
|  61|0x00000000a3d00000, 0x00000000a3d00000, 0x00000000a3e00000|  0%| F|  |TAMS 0x00000000a3d00000, 0x00000000a3d00000| Untracked 
|  62|0x00000000a3e00000, 0x00000000a3e00000, 0x00000000a3f00000|  0%| F|  |TAMS 0x00000000a3e00000, 0x00000000a3e00000| Untracked 
|  63|0x00000000a3f00000, 0x00000000a3f00000, 0x00000000a4000000|  0%| F|  |TAMS 0x00000000a3f00000, 0x00000000a3f00000| Untracked 
|  64|0x00000000a4000000, 0x00000000a4000000, 0x00000000a4100000|  0%| F|  |TAMS 0x00000000a4000000, 0x00000000a4000000| Untracked 
|  65|0x00000000a4100000, 0x00000000a4100000, 0x00000000a4200000|  0%| F|  |TAMS 0x00000000a4100000, 0x00000000a4100000| Untracked 
|  66|0x00000000a4200000, 0x00000000a4200000, 0x00000000a4300000|  0%| F|  |TAMS 0x00000000a4200000, 0x00000000a4200000| Untracked 
|  67|0x00000000a4300000, 0x00000000a4300000, 0x00000000a4400000|  0%| F|  |TAMS 0x00000000a4300000, 0x00000000a4300000| Untracked 
|  68|0x00000000a4400000, 0x00000000a4400000, 0x00000000a4500000|  0%| F|  |TAMS 0x00000000a4400000, 0x00000000a4400000| Untracked 
|  69|0x00000000a4500000, 0x00000000a4500000, 0x00000000a4600000|  0%| F|  |TAMS 0x00000000a4500000, 0x00000000a4500000| Untracked 
|  70|0x00000000a4600000, 0x00000000a4600000, 0x00000000a4700000|  0%| F|  |TAMS 0x00000000a4600000, 0x00000000a4600000| Untracked 
|  71|0x00000000a4700000, 0x00000000a4700000, 0x00000000a4800000|  0%| F|  |TAMS 0x00000000a4700000, 0x00000000a4700000| Untracked 
|  72|0x00000000a4800000, 0x00000000a4800000, 0x00000000a4900000|  0%| F|  |TAMS 0x00000000a4800000, 0x00000000a4800000| Untracked 
|  73|0x00000000a4900000, 0x00000000a4900000, 0x00000000a4a00000|  0%| F|  |TAMS 0x00000000a4900000, 0x00000000a4900000| Untracked 
|  74|0x00000000a4a00000, 0x00000000a4a00000, 0x00000000a4b00000|  0%| F|  |TAMS 0x00000000a4a00000, 0x00000000a4a00000| Untracked 
|  75|0x00000000a4b00000, 0x00000000a4b00000, 0x00000000a4c00000|  0%| F|  |TAMS 0x00000000a4b00000, 0x00000000a4b00000| Untracked 
|  76|0x00000000a4c00000, 0x00000000a4c00000, 0x00000000a4d00000|  0%| F|  |TAMS 0x00000000a4c00000, 0x00000000a4c00000| Untracked 
|  77|0x00000000a4d00000, 0x00000000a4d00000, 0x00000000a4e00000|  0%| F|  |TAMS 0x00000000a4d00000, 0x00000000a4d00000| Untracked 
|  78|0x00000000a4e00000, 0x00000000a4e00000, 0x00000000a4f00000|  0%| F|  |TAMS 0x00000000a4e00000, 0x00000000a4e00000| Untracked 
|  79|0x00000000a4f00000, 0x00000000a4f00000, 0x00000000a5000000|  0%| F|  |TAMS 0x00000000a4f00000, 0x00000000a4f00000| Untracked 
|  80|0x00000000a5000000, 0x00000000a5000000, 0x00000000a5100000|  0%| F|  |TAMS 0x00000000a5000000, 0x00000000a5000000| Untracked 
|  81|0x00000000a5100000, 0x00000000a5100000, 0x00000000a5200000|  0%| F|  |TAMS 0x00000000a5100000, 0x00000000a5100000| Untracked 
|  82|0x00000000a5200000, 0x00000000a5300000, 0x00000000a5300000|100%| S|CS|TAMS 0x00000000a5200000, 0x00000000a5200000| Complete 
|  83|0x00000000a5300000, 0x00000000a5400000, 0x00000000a5400000|100%| S|CS|TAMS 0x00000000a5300000, 0x00000000a5300000| Complete 
|  84|0x00000000a5400000, 0x00000000a5500000, 0x00000000a5500000|100%| S|CS|TAMS 0x00000000a5400000, 0x00000000a5400000| Complete 
|  85|0x00000000a5500000, 0x00000000a5500000, 0x00000000a5600000|  0%| F|  |TAMS 0x00000000a5500000, 0x00000000a5500000| Untracked 
|  86|0x00000000a5600000, 0x00000000a5600800, 0x00000000a5700000|  0%| E|  |TAMS 0x00000000a5600000, 0x00000000a5600000| Complete 
|  87|0x00000000a5700000, 0x00000000a5800000, 0x00000000a5800000|100%| E|CS|TAMS 0x00000000a5700000, 0x00000000a5700000| Complete 
|  88|0x00000000a5800000, 0x00000000a5900000, 0x00000000a5900000|100%| E|CS|TAMS 0x00000000a5800000, 0x00000000a5800000| Complete 
|  89|0x00000000a5900000, 0x00000000a5a00000, 0x00000000a5a00000|100%| E|CS|TAMS 0x00000000a5900000, 0x00000000a5900000| Complete 
|  90|0x00000000a5a00000, 0x00000000a5b00000, 0x00000000a5b00000|100%| E|CS|TAMS 0x00000000a5a00000, 0x00000000a5a00000| Complete 
|  91|0x00000000a5b00000, 0x00000000a5c00000, 0x00000000a5c00000|100%| E|CS|TAMS 0x00000000a5b00000, 0x00000000a5b00000| Complete 
|  92|0x00000000a5c00000, 0x00000000a5d00000, 0x00000000a5d00000|100%| E|CS|TAMS 0x00000000a5c00000, 0x00000000a5c00000| Complete 
|  93|0x00000000a5d00000, 0x00000000a5e00000, 0x00000000a5e00000|100%| E|CS|TAMS 0x00000000a5d00000, 0x00000000a5d00000| Complete 
| 127|0x00000000a7f00000, 0x00000000a8000000, 0x00000000a8000000|100%| E|CS|TAMS 0x00000000a7f00000, 0x00000000a7f00000| Complete 

Card table byte_map: [0x0000019a6a690000,0x0000019a6a990000] _byte_map_base: 0x0000019a6a190000

Marking Bits (Prev, Next): (CMBitMap*) 0x0000019a57efebb0, (CMBitMap*) 0x0000019a57efeb70
 Prev Bits: [0x0000019a6c490000, 0x0000019a6dc90000)
 Next Bits: [0x0000019a6ac90000, 0x0000019a6c490000)

Polling page: 0x0000019a57680000

Metaspace:

Usage:
  Non-class:     61.37 MB used.
      Class:      9.63 MB used.
       Both:     71.00 MB used.

Virtual space:
  Non-class space:       64.00 MB reserved,      61.69 MB ( 96%) committed,  1 nodes.
      Class space:        1.00 GB reserved,       9.88 MB ( <1%) committed,  1 nodes.
             Both:        1.06 GB reserved,      71.56 MB (  7%) committed. 

Chunk freelists:
   Non-Class:  2.06 MB
       Class:  6.08 MB
        Both:  8.14 MB

MaxMetaspaceSize: unlimited
CompressedClassSpaceSize: 1.00 GB
Initial GC threshold: 21.00 MB
Current GC threshold: 110.56 MB
CDS: off
MetaspaceReclaimPolicy: balanced
 - commit_granule_bytes: 65536.
 - commit_granule_words: 8192.
 - virtual_space_node_default_size: 8388608.
 - enlarge_chunks_in_place: 1.
 - new_chunks_are_fully_committed: 0.
 - uncommit_free_chunks: 1.
 - use_allocation_guard: 0.
 - handle_deallocations: 1.


Internal statistics:

num_allocs_failed_limit: 6.
num_arena_births: 674.
num_arena_deaths: 0.
num_vsnodes_births: 2.
num_vsnodes_deaths: 0.
num_space_committed: 1145.
num_space_uncommitted: 0.
num_chunks_returned_to_freelist: 6.
num_chunks_taken_from_freelist: 3095.
num_chunk_merges: 3.
num_chunk_splits: 2095.
num_chunks_enlarged: 1471.
num_inconsistent_stats: 0.

CodeHeap 'non-profiled nmethods': size=120000Kb used=4424Kb max_used=4424Kb free=115575Kb
 bounds [0x0000019a62e60000, 0x0000019a632c0000, 0x0000019a6a390000]
CodeHeap 'profiled nmethods': size=120000Kb used=13327Kb max_used=13327Kb free=106672Kb
 bounds [0x0000019a5b390000, 0x0000019a5c0a0000, 0x0000019a628c0000]
CodeHeap 'non-nmethods': size=5760Kb used=2364Kb max_used=2413Kb free=3395Kb
 bounds [0x0000019a628c0000, 0x0000019a62b30000, 0x0000019a62e60000]
 total_blobs=7796 nmethods=6902 adapters=806
 compilation: enabled
              stopped_count=0, restarted_count=0
 full_count=0

Compilation events (20 events):
Event: 109.718 Thread 0x0000019a7043a010 7717       4       sun.security.util.ManifestDigester::findSection (181 bytes)
Event: 109.721 Thread 0x0000019a7043a010 nmethod 7717 0x0000019a632aba10 code [0x0000019a632abba0, 0x0000019a632abe58]
Event: 109.722 Thread 0x0000019a7043a010 7718  s    4       java.io.ByteArrayOutputStream::write (43 bytes)
Event: 109.729 Thread 0x0000019a7043a010 nmethod 7718 0x0000019a632ac090 code [0x0000019a632ac220, 0x0000019a632ac9d8]
Event: 109.729 Thread 0x0000019a7043a010 7721       4       java.util.HashMap::computeIfAbsent (330 bytes)
Event: 109.734 Thread 0x0000019a70442ce0 7722       3       sun.security.util.DerValue::toDigit (51 bytes)
Event: 109.735 Thread 0x0000019a70442ce0 nmethod 7722 0x0000019a5c091d10 code [0x0000019a5c091f60, 0x0000019a5c092688]
Event: 109.736 Thread 0x0000019a70442ce0 7723       3       sun.security.util.DerValue::getOID (76 bytes)
Event: 109.737 Thread 0x0000019a70442ce0 nmethod 7723 0x0000019a5c092910 code [0x0000019a5c092b60, 0x0000019a5c0932b8]
Event: 109.737 Thread 0x0000019a70442ce0 7724       3       sun.security.util.ObjectIdentifier::check (80 bytes)
Event: 109.737 Thread 0x0000019a70442ce0 nmethod 7724 0x0000019a5c093590 code [0x0000019a5c093760, 0x0000019a5c093bf8]
Event: 109.767 Thread 0x0000019a7043a010 nmethod 7721 0x0000019a632acc90 code [0x0000019a632ace80, 0x0000019a632ae248]
Event: 109.767 Thread 0x0000019a7043a010 7725       4       java.math.BigInteger::montReduce (99 bytes)
Event: 109.767 Thread 0x0000019a77f9f3d0 7727 %     4       sun.security.provider.SHA::implCompress0 @ 218 (506 bytes)
Event: 109.783 Thread 0x0000019a77f9f3d0 nmethod 7727% 0x0000019a632ae910 code [0x0000019a632aeaa0, 0x0000019a632af1f8]
Event: 109.783 Thread 0x0000019a77f9f3d0 7726       4       java.math.BigInteger::implSquareToLen (154 bytes)
Event: 109.797 Thread 0x0000019a7043a010 nmethod 7725 0x0000019a632af410 code [0x0000019a632af5c0, 0x0000019a632b01c8]
Event: 109.797 Thread 0x0000019a7043a010 7728       4       sun.security.provider.ByteArrayAccess::b2iBig64 (231 bytes)
Event: 109.827 Thread 0x0000019a77f9f3d0 nmethod 7726 0x0000019a632b0910 code [0x0000019a632b0ac0, 0x0000019a632b16e8]
Event: 109.832 Thread 0x0000019a7043a010 nmethod 7728 0x0000019a632b1d10 code [0x0000019a632b1ea0, 0x0000019a632b20b8]

GC Heap History (20 events):
Event: 89.001 GC heap before
{Heap before GC invocations=32 (full 0):
 garbage-first heap   total 96256K, used 58958K [0x00000000a0000000, 0x0000000100000000)
  region size 1024K, 10 young (10240K), 1 survivors (1024K)
 Metaspace       used 51777K, committed 52224K, reserved 1114112K
  class space    used 6881K, committed 7104K, reserved 1048576K
}
Event: 89.004 GC heap after
{Heap after GC invocations=33 (full 0):
 garbage-first heap   total 96256K, used 50003K [0x00000000a0000000, 0x0000000100000000)
  region size 1024K, 1 young (1024K), 1 survivors (1024K)
 Metaspace       used 51777K, committed 52224K, reserved 1114112K
  class space    used 6881K, committed 7104K, reserved 1048576K
}
Event: 91.068 GC heap before
{Heap before GC invocations=33 (full 0):
 garbage-first heap   total 96256K, used 66387K [0x00000000a0000000, 0x0000000100000000)
  region size 1024K, 17 young (17408K), 1 survivors (1024K)
 Metaspace       used 54568K, committed 55040K, reserved 1114112K
  class space    used 7310K, committed 7488K, reserved 1048576K
}
Event: 91.077 GC heap after
{Heap after GC invocations=34 (full 0):
 garbage-first heap   total 96256K, used 50848K [0x00000000a0000000, 0x0000000100000000)
  region size 1024K, 2 young (2048K), 2 survivors (2048K)
 Metaspace       used 54568K, committed 55040K, reserved 1114112K
  class space    used 7310K, committed 7488K, reserved 1048576K
}
Event: 92.973 GC heap before
{Heap before GC invocations=35 (full 0):
 garbage-first heap   total 96256K, used 67232K [0x00000000a0000000, 0x0000000100000000)
  region size 1024K, 19 young (19456K), 2 survivors (2048K)
 Metaspace       used 56224K, committed 56704K, reserved 1114112K
  class space    used 7556K, committed 7744K, reserved 1048576K
}
Event: 92.981 GC heap after
{Heap after GC invocations=36 (full 0):
 garbage-first heap   total 96256K, used 51747K [0x00000000a0000000, 0x0000000100000000)
  region size 1024K, 3 young (3072K), 3 survivors (3072K)
 Metaspace       used 56224K, committed 56704K, reserved 1114112K
  class space    used 7556K, committed 7744K, reserved 1048576K
}
Event: 93.291 GC heap before
{Heap before GC invocations=36 (full 0):
 garbage-first heap   total 96256K, used 70179K [0x00000000a0000000, 0x0000000100000000)
  region size 1024K, 21 young (21504K), 3 survivors (3072K)
 Metaspace       used 58390K, committed 58880K, reserved 1114112K
  class space    used 7864K, committed 8064K, reserved 1048576K
}
Event: 93.296 GC heap after
{Heap after GC invocations=37 (full 0):
 garbage-first heap   total 96256K, used 52104K [0x00000000a0000000, 0x0000000100000000)
  region size 1024K, 2 young (2048K), 2 survivors (2048K)
 Metaspace       used 58390K, committed 58880K, reserved 1114112K
  class space    used 7864K, committed 8064K, reserved 1048576K
}
Event: 95.032 GC heap before
{Heap before GC invocations=38 (full 0):
 garbage-first heap   total 97280K, used 71560K [0x00000000a0000000, 0x0000000100000000)
  region size 1024K, 22 young (22528K), 2 survivors (2048K)
 Metaspace       used 60274K, committed 60736K, reserved 1114112K
  class space    used 8145K, committed 8384K, reserved 1048576K
}
Event: 95.042 GC heap after
{Heap after GC invocations=39 (full 0):
 garbage-first heap   total 97280K, used 52796K [0x00000000a0000000, 0x0000000100000000)
  region size 1024K, 2 young (2048K), 2 survivors (2048K)
 Metaspace       used 60274K, committed 60736K, reserved 1114112K
  class space    used 8145K, committed 8384K, reserved 1048576K
}
Event: 97.168 GC heap before
{Heap before GC invocations=39 (full 0):
 garbage-first heap   total 97280K, used 75324K [0x00000000a0000000, 0x0000000100000000)
  region size 1024K, 24 young (24576K), 2 survivors (2048K)
 Metaspace       used 62316K, committed 62848K, reserved 1114112K
  class space    used 8478K, committed 8704K, reserved 1048576K
}
Event: 97.174 GC heap after
{Heap after GC invocations=40 (full 0):
 garbage-first heap   total 97280K, used 53920K [0x00000000a0000000, 0x0000000100000000)
  region size 1024K, 3 young (3072K), 3 survivors (3072K)
 Metaspace       used 62316K, committed 62848K, reserved 1114112K
  class space    used 8478K, committed 8704K, reserved 1048576K
}
Event: 102.676 GC heap before
{Heap before GC invocations=41 (full 0):
 garbage-first heap   total 97280K, used 76448K [0x00000000a0000000, 0x0000000100000000)
  region size 1024K, 25 young (25600K), 3 survivors (3072K)
 Metaspace       used 64582K, committed 65216K, reserved 1114112K
  class space    used 8873K, committed 9152K, reserved 1048576K
}
Event: 102.708 GC heap after
{Heap after GC invocations=42 (full 0):
 garbage-first heap   total 97280K, used 55762K [0x00000000a0000000, 0x0000000100000000)
  region size 1024K, 4 young (4096K), 4 survivors (4096K)
 Metaspace       used 64582K, committed 65216K, reserved 1114112K
  class space    used 8873K, committed 9152K, reserved 1048576K
}
Event: 105.840 GC heap before
{Heap before GC invocations=42 (full 0):
 garbage-first heap   total 97280K, used 78290K [0x00000000a0000000, 0x0000000100000000)
  region size 1024K, 26 young (26624K), 4 survivors (4096K)
 Metaspace       used 67323K, committed 67840K, reserved 1114112K
  class space    used 9228K, committed 9472K, reserved 1048576K
}
Event: 105.867 GC heap after
{Heap after GC invocations=43 (full 0):
 garbage-first heap   total 97280K, used 56693K [0x00000000a0000000, 0x0000000100000000)
  region size 1024K, 3 young (3072K), 3 survivors (3072K)
 Metaspace       used 67323K, committed 67840K, reserved 1114112K
  class space    used 9228K, committed 9472K, reserved 1048576K
}
Event: 108.554 GC heap before
{Heap before GC invocations=44 (full 0):
 garbage-first heap   total 97280K, used 79221K [0x00000000a0000000, 0x0000000100000000)
  region size 1024K, 25 young (25600K), 3 survivors (3072K)
 Metaspace       used 70875K, committed 71424K, reserved 1114112K
  class space    used 9652K, committed 9920K, reserved 1048576K
}
Event: 108.564 GC heap after
{Heap after GC invocations=45 (full 0):
 garbage-first heap   total 97280K, used 57438K [0x00000000a0000000, 0x0000000100000000)
  region size 1024K, 2 young (2048K), 2 survivors (2048K)
 Metaspace       used 70875K, committed 71424K, reserved 1114112K
  class space    used 9652K, committed 9920K, reserved 1048576K
}
Event: 109.697 GC heap before
{Heap before GC invocations=45 (full 0):
 garbage-first heap   total 97280K, used 65630K [0x00000000a0000000, 0x0000000100000000)
  region size 1024K, 12 young (12288K), 2 survivors (2048K)
 Metaspace       used 72696K, committed 73280K, reserved 1114112K
  class space    used 9856K, committed 10112K, reserved 1048576K
}
Event: 109.707 GC heap after
{Heap after GC invocations=46 (full 0):
 garbage-first heap   total 97280K, used 58608K [0x00000000a0000000, 0x0000000100000000)
  region size 1024K, 3 young (3072K), 3 survivors (3072K)
 Metaspace       used 72696K, committed 73280K, reserved 1114112K
  class space    used 9856K, committed 10112K, reserved 1048576K
}

Dll operation events (2 events):
Event: 0.051 Loaded shared library C:\Program Files\Android\Android Studio\jbr\bin\java.dll
Event: 0.654 Loaded shared library C:\Program Files\Android\Android Studio\jbr\bin\verify.dll

Deoptimization events (20 events):
Event: 109.758 Thread 0x0000019a75afd990 DEOPT PACKING pc=0x0000019a5b6acdba sp=0x0000004bffdee090
Event: 109.758 Thread 0x0000019a75afd990 DEOPT UNPACKING pc=0x0000019a62917143 sp=0x0000004bffded508 mode 0
Event: 109.759 Thread 0x0000019a75afd990 DEOPT PACKING pc=0x0000019a5b6acdba sp=0x0000004bffdee090
Event: 109.759 Thread 0x0000019a75afd990 DEOPT UNPACKING pc=0x0000019a62917143 sp=0x0000004bffded508 mode 0
Event: 109.759 Thread 0x0000019a75afd990 DEOPT PACKING pc=0x0000019a5b6acdba sp=0x0000004bffdee090
Event: 109.759 Thread 0x0000019a75afd990 DEOPT UNPACKING pc=0x0000019a62917143 sp=0x0000004bffded508 mode 0
Event: 109.759 Thread 0x0000019a75afd990 DEOPT PACKING pc=0x0000019a5b6acdba sp=0x0000004bffdee090
Event: 109.759 Thread 0x0000019a75afd990 DEOPT UNPACKING pc=0x0000019a62917143 sp=0x0000004bffded508 mode 0
Event: 109.759 Thread 0x0000019a75afd990 DEOPT PACKING pc=0x0000019a5b6acdba sp=0x0000004bffdee090
Event: 109.759 Thread 0x0000019a75afd990 DEOPT UNPACKING pc=0x0000019a62917143 sp=0x0000004bffded508 mode 0
Event: 109.760 Thread 0x0000019a75afd990 DEOPT PACKING pc=0x0000019a5b6acdba sp=0x0000004bffdee090
Event: 109.760 Thread 0x0000019a75afd990 DEOPT UNPACKING pc=0x0000019a62917143 sp=0x0000004bffded508 mode 0
Event: 109.760 Thread 0x0000019a75afd990 DEOPT PACKING pc=0x0000019a5b6acdba sp=0x0000004bffdee090
Event: 109.760 Thread 0x0000019a75afd990 DEOPT UNPACKING pc=0x0000019a62917143 sp=0x0000004bffded508 mode 0
Event: 109.760 Thread 0x0000019a75afd990 DEOPT PACKING pc=0x0000019a5b6acdba sp=0x0000004bffdee090
Event: 109.761 Thread 0x0000019a75afd990 DEOPT UNPACKING pc=0x0000019a62917143 sp=0x0000004bffded508 mode 0
Event: 109.761 Thread 0x0000019a75afd990 DEOPT PACKING pc=0x0000019a5b6acdba sp=0x0000004bffdee090
Event: 109.761 Thread 0x0000019a75afd990 DEOPT UNPACKING pc=0x0000019a62917143 sp=0x0000004bffded508 mode 0
Event: 109.762 Thread 0x0000019a75afd990 DEOPT PACKING pc=0x0000019a5b6acdba sp=0x0000004bffdee090
Event: 109.762 Thread 0x0000019a75afd990 DEOPT UNPACKING pc=0x0000019a62917143 sp=0x0000004bffded508 mode 0

Classes unloaded (0 events):
No events

Classes redefined (0 events):
No events

Internal exceptions (20 events):
Event: 90.695 Thread 0x0000019a75afd990 Implicit null exception at 0x0000019a63061359 to 0x0000019a63061500
Event: 90.695 Thread 0x0000019a75afd990 Implicit null exception at 0x0000019a6318d2c7 to 0x0000019a6318ee48
Event: 91.127 Thread 0x0000019a75afd990 Exception <a 'java/lang/NoSuchMethodError'{0x00000000a5b25020}: 'java.lang.Object java.lang.invoke.DirectMethodHandle$Holder.invokeSpecial(java.lang.Object, java.lang.Object, int, java.lang.Object, java.lang.Object, java.lang.Object)'> (0x00000000a5b25020) 
thrown [s\src\hotspot\share\interpreter\linkResolver.cpp, line 771]
Event: 92.015 Thread 0x0000019a75afd990 Exception <a 'java/lang/ClassNotFoundException'{0x00000000a54376f8}: org/gradle/api/plugins/internal/DefaultBasePluginConventionBeanInfo> (0x00000000a54376f8) 
thrown [s\src\hotspot\share\classfile\systemDictionary.cpp, line 256]
Event: 92.016 Thread 0x0000019a75afd990 Exception <a 'java/lang/ClassNotFoundException'{0x00000000a5458450}: org/gradle/api/plugins/BasePluginConventionBeanInfo> (0x00000000a5458450) 
thrown [s\src\hotspot\share\classfile\systemDictionary.cpp, line 256]
Event: 92.019 Thread 0x0000019a75afd990 Exception <a 'java/lang/ClassNotFoundException'{0x00000000a5478f30}: org/gradle/api/plugins/BasePluginConventionCustomizer> (0x00000000a5478f30) 
thrown [s\src\hotspot\share\classfile\systemDictionary.cpp, line 256]
Event: 92.023 Thread 0x0000019a75afd990 Exception <a 'java/lang/ClassNotFoundException'{0x00000000a54a4890}: org/gradle/api/plugins/internal/DefaultBasePluginConventionCustomizer> (0x00000000a54a4890) 
thrown [s\src\hotspot\share\classfile\systemDictionary.cpp, line 256]
Event: 92.033 Thread 0x0000019a75afd990 Exception <a 'java/lang/ClassNotFoundException'{0x00000000a54fd280}: org/gradle/api/plugins/internal/DefaultJavaPluginConventionBeanInfo> (0x00000000a54fd280) 
thrown [s\src\hotspot\share\classfile\systemDictionary.cpp, line 256]
Event: 92.037 Thread 0x0000019a75afd990 Exception <a 'java/lang/ClassNotFoundException'{0x00000000a531e768}: org/gradle/api/plugins/JavaPluginConventionBeanInfo> (0x00000000a531e768) 
thrown [s\src\hotspot\share\classfile\systemDictionary.cpp, line 256]
Event: 92.039 Thread 0x0000019a75afd990 Exception <a 'java/lang/ClassNotFoundException'{0x00000000a533f2d8}: org/gradle/api/plugins/JavaPluginConventionCustomizer> (0x00000000a533f2d8) 
thrown [s\src\hotspot\share\classfile\systemDictionary.cpp, line 256]
Event: 92.043 Thread 0x0000019a75afd990 Exception <a 'java/lang/ClassNotFoundException'{0x00000000a5374988}: org/gradle/api/plugins/internal/DefaultJavaPluginConventionCustomizer> (0x00000000a5374988) 
thrown [s\src\hotspot\share\classfile\systemDictionary.cpp, line 256]
Event: 96.224 Thread 0x0000019a75afd990 Exception <a 'java/lang/NoSuchMethodError'{0x00000000a554ae78}: 'java.lang.Object java.lang.invoke.DirectMethodHandle$Holder.newInvokeSpecial(java.lang.Object, java.lang.Object, int)'> (0x00000000a554ae78) 
thrown [s\src\hotspot\share\interpreter\linkResolver.cpp, line 771]
Event: 97.212 Thread 0x0000019a75afd990 Exception <a 'java/lang/NoSuchMethodError'{0x00000000a5d41e58}: 'java.lang.Object java.lang.invoke.DirectMethodHandle$Holder.invokeStatic(java.lang.Object, int, java.lang.Object)'> (0x00000000a5d41e58) 
thrown [s\src\hotspot\share\interpreter\linkResolver.cpp, line 771]
Event: 97.902 Thread 0x0000019a75afd990 Exception <a 'java/lang/NoSuchMethodError'{0x00000000a5cd9ec8}: 'int java.lang.invoke.DirectMethodHandle$Holder.invokeInterface(java.lang.Object, java.lang.Object, java.lang.Object, java.lang.Object)'> (0x00000000a5cd9ec8) 
thrown [s\src\hotspot\share\interpreter\linkResolver.cpp, line 771]
Event: 98.700 Thread 0x0000019a75afd990 Implicit null exception at 0x0000019a6319a7cb to 0x0000019a6319a7f0
Event: 98.867 Thread 0x0000019a77895a60 Exception <a 'java/lang/NoSuchMethodError'{0x00000000a5343310}: 'java.lang.Object java.lang.invoke.Invokers$Holder.linkToTargetMethod(java.lang.Object, java.lang.Object, java.lang.Object, int, java.lang.Object, java.lang.Object)'> (0x00000000a5343310) 
thrown [s\src\hotspot\share\interpreter\linkResolver.cpp, line 771]
Event: 99.619 Thread 0x0000019a77896400 Implicit null exception at 0x0000019a62fb1bd7 to 0x0000019a62fb1d70
Event: 99.660 Thread 0x0000019a77896400 Exception <a 'java/lang/NoSuchMethodError'{0x00000000a518b710}: 'void java.lang.invoke.DirectMethodHandle$Holder.invokeInterface(java.lang.Object, java.lang.Object, java.lang.Object, java.lang.Object)'> (0x00000000a518b710) 
thrown [s\src\hotspot\share\interpreter\linkResolver.cpp, line 771]
Event: 99.859 Thread 0x0000019a77896400 Exception <a 'java/lang/NoSuchMethodError'{0x00000000a5015ba0}: 'int java.lang.invoke.DirectMethodHandle$Holder.invokeSpecial(java.lang.Object, java.lang.Object, java.lang.Object, java.lang.Object, java.lang.Object)'> (0x00000000a5015ba0) 
thrown [s\src\hotspot\share\interpreter\linkResolver.cpp, line 771]
Event: 109.244 Thread 0x0000019a75afd990 Implicit null exception at 0x0000019a63022a8c to 0x0000019a63022bc2

VM Operations (20 events):
Event: 105.872 Executing VM operation: G1CollectForAllocation done
Event: 105.971 Executing VM operation: G1Concurrent
Event: 105.976 Executing VM operation: G1Concurrent done
Event: 106.020 Executing VM operation: G1Concurrent
Event: 106.020 Executing VM operation: G1Concurrent done
Event: 106.244 Executing VM operation: HandshakeAllThreads
Event: 106.244 Executing VM operation: HandshakeAllThreads done
Event: 107.254 Executing VM operation: Cleanup
Event: 107.254 Executing VM operation: Cleanup done
Event: 108.268 Executing VM operation: Cleanup
Event: 108.269 Executing VM operation: Cleanup done
Event: 108.554 Executing VM operation: G1CollectForAllocation
Event: 108.564 Executing VM operation: G1CollectForAllocation done
Event: 109.073 Executing VM operation: HandshakeAllThreads
Event: 109.074 Executing VM operation: HandshakeAllThreads done
Event: 109.297 Executing VM operation: HandshakeAllThreads
Event: 109.297 Executing VM operation: HandshakeAllThreads done
Event: 109.697 Executing VM operation: G1TryInitiateConcMark
Event: 109.707 Executing VM operation: G1TryInitiateConcMark done
Event: 109.866 Executing VM operation: G1Concurrent

Events (20 events):
Event: 109.466 loading class java/security/cert/CertPathValidatorException$Reason done
Event: 109.466 loading class java/security/cert/CertPathValidatorException$BasicReason done
Event: 109.466 loading class java/security/SignatureException
Event: 109.467 loading class java/security/SignatureException done
Event: 109.474 loading class sun/security/rsa/RSASignature$SHA256withRSA
Event: 109.475 loading class sun/security/rsa/RSASignature$SHA256withRSA done
Event: 109.477 loading class sun/security/provider/DSA$SHA256withDSA
Event: 109.477 loading class sun/security/provider/DSA$SHA256withDSA done
Event: 109.561 loading class java/util/Base64
Event: 109.561 loading class java/util/Base64 done
Event: 109.561 loading class java/util/Base64$Decoder
Event: 109.561 loading class java/util/Base64$Decoder done
Event: 109.561 loading class java/util/Base64$Encoder
Event: 109.561 loading class java/util/Base64$Encoder done
Event: 109.571 loading class java/util/jar/JarVerifier$VerifierStream
Event: 109.572 loading class java/util/jar/JarVerifier$VerifierStream done
Event: 109.572 loading class sun/security/util/ManifestEntryVerifier$SunProviderHolder
Event: 109.572 loading class sun/security/util/ManifestEntryVerifier$SunProviderHolder done
Event: 109.692 Thread 0x0000019a77f9fdf0 Thread exited: 0x0000019a77f9fdf0
Event: 109.767 Thread 0x0000019a77f9f3d0 Thread added: 0x0000019a77f9f3d0


Dynamic libraries:
0x00007ff6070c0000 - 0x00007ff6070ca000 	C:\Program Files\Android\Android Studio\jbr\bin\java.exe
0x00007ffe35be0000 - 0x00007ffe35de9000 	C:\Windows\SYSTEM32\ntdll.dll
0x00007ffe34b80000 - 0x00007ffe34c3d000 	C:\Windows\System32\KERNEL32.DLL
0x00007ffe332c0000 - 0x00007ffe33645000 	C:\Windows\System32\KERNELBASE.dll
0x00007ffe338e0000 - 0x00007ffe339f1000 	C:\Windows\System32\ucrtbase.dll
0x00007ffe1eea0000 - 0x00007ffe1eebb000 	C:\Program Files\Android\Android Studio\jbr\bin\VCRUNTIME140.dll
0x00007ffe27610000 - 0x00007ffe27627000 	C:\Program Files\Android\Android Studio\jbr\bin\jli.dll
0x00007ffe34490000 - 0x00007ffe3463d000 	C:\Windows\System32\USER32.dll
0x00007ffe21060000 - 0x00007ffe21305000 	C:\Windows\WinSxS\amd64_microsoft.windows.common-controls_6595b64144ccf1df_6.0.22000.2600_none_1b65155c6ae217ae\COMCTL32.dll
0x00007ffe33a00000 - 0x00007ffe33a26000 	C:\Windows\System32\win32u.dll
0x00007ffe35960000 - 0x00007ffe35a03000 	C:\Windows\System32\msvcrt.dll
0x00007ffe355b0000 - 0x00007ffe355da000 	C:\Windows\System32\GDI32.dll
0x00007ffe33650000 - 0x00007ffe3376e000 	C:\Windows\System32\gdi32full.dll
0x00007ffe33070000 - 0x00007ffe3310d000 	C:\Windows\System32\msvcp_win.dll
0x00007ffe34640000 - 0x00007ffe34671000 	C:\Windows\System32\IMM32.DLL
0x00007ffe22ce0000 - 0x00007ffe22cec000 	C:\Program Files\Android\Android Studio\jbr\bin\vcruntime140_1.dll
0x00007ffe0d5f0000 - 0x00007ffe0d67d000 	C:\Program Files\Android\Android Studio\jbr\bin\msvcp140.dll
0x00007ffddc610000 - 0x00007ffddd290000 	C:\Program Files\Android\Android Studio\jbr\bin\server\jvm.dll
0x00007ffe358b0000 - 0x00007ffe35960000 	C:\Windows\System32\ADVAPI32.dll
0x00007ffe34a70000 - 0x00007ffe34b0e000 	C:\Windows\System32\sechost.dll
0x00007ffe35780000 - 0x00007ffe358a2000 	C:\Windows\System32\RPCRT4.dll
0x00007ffe11f60000 - 0x00007ffe11f69000 	C:\Windows\SYSTEM32\WSOCK32.dll
0x00007ffe340c0000 - 0x00007ffe3412f000 	C:\Windows\System32\WS2_32.dll
0x00007ffe27130000 - 0x00007ffe27163000 	C:\Windows\SYSTEM32\WINMM.dll
0x00007ffe21e80000 - 0x00007ffe21e8a000 	C:\Windows\SYSTEM32\VERSION.dll
0x00007ffe321e0000 - 0x00007ffe321f8000 	C:\Windows\SYSTEM32\kernel.appcore.dll
0x00007ffe2f3a0000 - 0x00007ffe2f3aa000 	C:\Program Files\Android\Android Studio\jbr\bin\jimage.dll
0x00007ffe226d0000 - 0x00007ffe228f1000 	C:\Windows\SYSTEM32\DBGHELP.DLL
0x00007ffe1bbd0000 - 0x00007ffe1bc01000 	C:\Windows\SYSTEM32\dbgcore.DLL
0x00007ffe33110000 - 0x00007ffe3318f000 	C:\Windows\System32\bcryptPrimitives.dll
0x00007ffe2f270000 - 0x00007ffe2f295000 	C:\Program Files\Android\Android Studio\jbr\bin\java.dll
0x00007ffe2f380000 - 0x00007ffe2f398000 	C:\Program Files\Android\Android Studio\jbr\bin\zip.dll
0x00007ffe34c40000 - 0x00007ffe35405000 	C:\Windows\System32\SHELL32.dll
0x00007ffe31160000 - 0x00007ffe319c2000 	C:\Windows\SYSTEM32\windows.storage.dll
0x00007ffe34680000 - 0x00007ffe349f6000 	C:\Windows\System32\combase.dll
0x00007ffe30ff0000 - 0x00007ffe31157000 	C:\Windows\SYSTEM32\wintypes.dll
0x00007ffe342f0000 - 0x00007ffe343da000 	C:\Windows\System32\SHCORE.dll
0x00007ffe33ed0000 - 0x00007ffe33f2d000 	C:\Windows\System32\shlwapi.dll
0x00007ffe32fa0000 - 0x00007ffe32fc5000 	C:\Windows\SYSTEM32\profapi.dll
0x00007ffe2f250000 - 0x00007ffe2f269000 	C:\Program Files\Android\Android Studio\jbr\bin\net.dll
0x00007ffe2d590000 - 0x00007ffe2d6a4000 	C:\Windows\SYSTEM32\WINHTTP.dll
0x00007ffe32680000 - 0x00007ffe326e7000 	C:\Windows\system32\mswsock.dll
0x00007ffe2e430000 - 0x00007ffe2e446000 	C:\Program Files\Android\Android Studio\jbr\bin\nio.dll
0x00007ffe2e420000 - 0x00007ffe2e430000 	C:\Program Files\Android\Android Studio\jbr\bin\verify.dll
0x00007ffe10b70000 - 0x00007ffe10b97000 	C:\Users\Soumaila\.gradle\native\e1d6ef7f7dcc3fd88c89a11ec53ec762bb8ba0a96d01ffa2cd45eb1d1d8dd5c5\windows-amd64\native-platform.dll
0x00007ffddf920000 - 0x00007ffddfa64000 	C:\Users\Soumaila\.gradle\native\0d407fdbe67a94daf76414ababcb853783967236a71b16ec16e742cd7a986fd3\windows-amd64\native-platform-file-events.dll
0x00007ffe280e0000 - 0x00007ffe280e9000 	C:\Program Files\Android\Android Studio\jbr\bin\management.dll
0x00007ffe280d0000 - 0x00007ffe280db000 	C:\Program Files\Android\Android Studio\jbr\bin\management_ext.dll
0x00007ffe34400000 - 0x00007ffe34408000 	C:\Windows\System32\PSAPI.DLL
0x00007ffe328c0000 - 0x00007ffe328d8000 	C:\Windows\SYSTEM32\CRYPTSP.dll
0x00007ffe32140000 - 0x00007ffe32175000 	C:\Windows\system32\rsaenh.dll
0x00007ffe32770000 - 0x00007ffe3279c000 	C:\Windows\SYSTEM32\USERENV.dll
0x00007ffe32a40000 - 0x00007ffe32a67000 	C:\Windows\SYSTEM32\bcrypt.dll
0x00007ffe328e0000 - 0x00007ffe328ec000 	C:\Windows\SYSTEM32\CRYPTBASE.dll
0x00007ffe31c80000 - 0x00007ffe31cad000 	C:\Windows\SYSTEM32\IPHLPAPI.DLL
0x00007ffe343e0000 - 0x00007ffe343e9000 	C:\Windows\System32\NSI.dll
0x00007ffe2d570000 - 0x00007ffe2d589000 	C:\Windows\SYSTEM32\dhcpcsvc6.DLL
0x00007ffe2d7d0000 - 0x00007ffe2d7ee000 	C:\Windows\SYSTEM32\dhcpcsvc.DLL
0x00007ffe31cb0000 - 0x00007ffe31d97000 	C:\Windows\SYSTEM32\DNSAPI.dll
0x00007ffe2f2c0000 - 0x00007ffe2f2c8000 	C:\Windows\system32\wshunix.dll

dbghelp: loaded successfully - version: 4.0.5 - missing functions: none
symbol engine: initialized successfully - sym options: 0x614 - pdb path: .;C:\Program Files\Android\Android Studio\jbr\bin;C:\Windows\SYSTEM32;C:\Windows\WinSxS\amd64_microsoft.windows.common-controls_6595b64144ccf1df_6.0.22000.2600_none_1b65155c6ae217ae;C:\Program Files\Android\Android Studio\jbr\bin\server;C:\Users\Soumaila\.gradle\native\e1d6ef7f7dcc3fd88c89a11ec53ec762bb8ba0a96d01ffa2cd45eb1d1d8dd5c5\windows-amd64;C:\Users\Soumaila\.gradle\native\0d407fdbe67a94daf76414ababcb853783967236a71b16ec16e742cd7a986fd3\windows-amd64

VM Arguments:
jvm_args: --add-opens=java.base/java.util=ALL-UNNAMED --add-opens=java.base/java.lang=ALL-UNNAMED --add-opens=java.base/java.lang.invoke=ALL-UNNAMED --add-opens=java.base/java.util=ALL-UNNAMED --add-opens=java.prefs/java.util.prefs=ALL-UNNAMED --add-opens=java.prefs/java.util.prefs=ALL-UNNAMED --add-opens=java.base/java.nio.charset=ALL-UNNAMED --add-opens=java.base/java.net=ALL-UNNAMED --add-opens=java.base/java.util.concurrent.atomic=ALL-UNNAMED -Xmx1536M -Dfile.encoding=windows-1252 -Duser.country=FR -Duser.language=fr -Duser.variant 
java_command: org.gradle.launcher.daemon.bootstrap.GradleDaemon 7.5
java_class_path (initial): C:\Users\Soumaila\.gradle\wrapper\dists\gradle-7.5-all\6qsw290k5lz422uaf8jf6m7co\gradle-7.5\lib\gradle-launcher-7.5.jar
Launcher Type: SUN_STANDARD

[Global flags]
     intx CICompilerCount                          = 3                                         {product} {ergonomic}
     uint ConcGCThreads                            = 1                                         {product} {ergonomic}
     uint G1ConcRefinementThreads                  = 4                                         {product} {ergonomic}
   size_t G1HeapRegionSize                         = 1048576                                   {product} {ergonomic}
    uintx GCDrainStackTargetSize                   = 64                                        {product} {ergonomic}
   size_t InitialHeapSize                          = 134217728                                 {product} {ergonomic}
   size_t MarkStackSize                            = 4194304                                   {product} {ergonomic}
   size_t MaxHeapSize                              = 1610612736                                {product} {command line}
   size_t MaxNewSize                               = 965738496                                 {product} {ergonomic}
   size_t MinHeapDeltaBytes                        = 1048576                                   {product} {ergonomic}
   size_t MinHeapSize                              = 8388608                                   {product} {ergonomic}
    uintx NonNMethodCodeHeapSize                   = 5832780                                {pd product} {ergonomic}
    uintx NonProfiledCodeHeapSize                  = 122912730                              {pd product} {ergonomic}
    uintx ProfiledCodeHeapSize                     = 122912730                              {pd product} {ergonomic}
    uintx ReservedCodeCacheSize                    = 251658240                              {pd product} {ergonomic}
     bool SegmentedCodeCache                       = true                                      {product} {ergonomic}
   size_t SoftMaxHeapSize                          = 1610612736                             {manageable} {ergonomic}
     bool UseCompressedClassPointers               = true                           {product lp64_product} {ergonomic}
     bool UseCompressedOops                        = true                           {product lp64_product} {ergonomic}
     bool UseG1GC                                  = true                                      {product} {ergonomic}
     bool UseLargePagesIndividualAllocation        = false                                  {pd product} {ergonomic}

Logging:
Log output configuration:
 #0: stdout all=warning uptime,level,tags
 #1: stderr all=off uptime,level,tags

Environment Variables:
JAVA_HOME=C:\Program Files\Android\Android Studio\jbr
CLASSPATH=C:\Users\Soumaila\Desktop\yanana\android\\gradle\wrapper\gradle-wrapper.jar
PATH=C:\Program Files\Android\Android Studio\jbr\bin;C:\Oraclew\Middleware\Oracle_FRHome1\bin;C:\oracle12C\product\12.2.0\dbhome_1\bin;C:\oracle\DevSuiteHome_2\jdk\jre\bin;C:\oracle\DevSuiteHome_2\jdk\jre\bin\client;C:\oracle\DevSuiteHome_2\jlib;C:\oracle\DevSuiteHome_2\bin;C:\oracle\DevSuiteHome_2\jre\1.4.2\bin\client;C:\oracle\DevSuiteHome_2\jre\1.4.2\bin;C:\oracle\product\10.2.0\db_1\bin;D:\DevSuiteHome_1\jdk\jre\bin\client;D:\DevSuiteHome_1\bin;D:\DevSuiteHome_1\jlib;C:\ProgramData\Oracle\Java\javapath;C:\oraclexe\app\oracle\product\11.2.0\server\bin;C:\Program Files (x86)\VMware\VMware Workstation\bin\;C:\Program Files\Common Files\Oracle\Java\javapath;C:\Windows\system32;C:\Windows;C:\Windows\System32\Wbem;C:\Windows\System32\WindowsPowerShell\v1.0\;C:\Windows\System32\OpenSSH\;C:\Program Files\Git\cmd;C:\src\flutter\flutter\bin;C:\Users\Soumaila\AppData\Roaming\Microsoft VS Code\bin;C:\MinGW\bin;C:\Program Files\Microsoft SQL Server\150\Tools\Binn\;C:\Program Files (x86)\Windows Kits\10\Windows Performance Toolkit\;C:\MATLAB701\bin\win32;C:\Program Files\Microsoft SQL Server\110\Tools\Binn\;C:\Oraclew\Middleware\Oracle_FRHome1\opmn\bin;C:\Oraclew\Middleware\Oracle_FRHome1\opmn\lib;C:\Oraclew\Middleware\Oracle_FRHome1\perl\bin;C:\Users\Soumaila\AppData\Local\Programs\Python\Python310\Scripts\;C:\Users\Soumaila\AppData\Local\Programs\Python\Python310\;C:\Users\Soumaila\AppData\Local\Microsoft\WindowsApps;C:\Program Files\JetBrains\PyCharm 2022.2.2\bin;C:\Users\Soumaila\AppData\Local\Programs\Microsoft VS Code\bin;C:\Users\Soumaila\AppData\Local\JetBrains\Toolbox\scripts;;C:\src\flutter\flutter\bin\mingit\cmd
USERNAME=Soumaila
LD_LIBRARY_PATH=C:\Oraclew\Middleware\Oracle_FRHome1\lib
OS=Windows_NT
PROCESSOR_IDENTIFIER=Intel64 Family 6 Model 69 Stepping 1, GenuineIntel
TMP=C:\Users\Soumaila\AppData\Local\Temp
TEMP=C:\Users\Soumaila\AppData\Local\Temp


JNI global refs:
JNI global refs: 23, weak refs: 0

JNI global refs memory usage: 843, weak refs: 209

OOME stack traces (most recent first):
Classloader memory used:
Loader org.gradle.internal.classloader.VisitableURLClassLoader                         : 4178K
Loader bootstrap                                                                       : 2799K
Loader org.gradle.initialization.MixInLegacyTypesClassLoader                           : 1202K
Loader org.gradle.internal.classloader.VisitableURLClassLoader                         : 778K
Loader jdk.internal.loader.ClassLoaders$PlatformClassLoader                            : 67899B
Loader jdk.internal.loader.ClassLoaders$AppClassLoader                                 : 25681B
Loader jdk.internal.reflect.DelegatingClassLoader                                      : 20069B
Loader org.gradle.groovy.scripts.internal.DefaultScriptCompilationHandler$ScriptClassLoader: 14398B
Loader org.codehaus.groovy.runtime.callsite.CallSiteClassLoader                        : 3646B
Loader sun.reflect.misc.MethodUtil                                                     : 373B

Classes loaded by more than one classloader:
Class org.gradle.internal.installation.GradleInstallation                             : loaded 2 times (x 73B)
Class com.google.common.collect.UsingToStringOrdering                                 : loaded 2 times (x 112B)
Class com.google.common.collect.Iterators$MergingIterator                             : loaded 2 times (x 79B)
Class [Lcom.google.common.collect.AbstractMapEntry;                                   : loaded 2 times (x 67B)
Class com.google.common.collect.SingletonImmutableList                                : loaded 2 times (x 167B)
Class com.google.common.cache.CacheLoader$SupplierToCacheLoader                       : loaded 2 times (x 73B)
Class org.gradle.internal.classpath.ClassPath                                         : loaded 2 times (x 68B)
Class com.google.common.cache.RemovalListener                                         : loaded 2 times (x 68B)
Class org.gradle.api.internal.classpath.DefaultModuleRegistry                         : loaded 2 times (x 84B)
Class com.google.common.collect.ListMultimap                                          : loaded 2 times (x 68B)
Class com.google.common.base.CharMatcher$JavaDigit                                    : loaded 2 times (x 109B)
Class com.google.common.base.CharMatcher$Digit                                        : loaded 2 times (x 110B)
Class com.google.common.collect.AbstractMultimap                                      : loaded 2 times (x 121B)
Class com.google.common.cache.CacheBuilder$OneWeigher                                 : loaded 2 times (x 80B)
Class org.gradle.api.Action                                                           : loaded 2 times (x 68B)
Class com.google.common.collect.ImmutableEntry                                        : loaded 2 times (x 80B)
Class com.google.common.collect.Lists$StringAsImmutableList                           : loaded 2 times (x 167B)
Class com.google.common.base.CharMatcher                                              : loaded 2 times (x 109B)
Class com.google.common.base.CharMatcher$IsNot                                        : loaded 2 times (x 109B)
Class build_zdyj6hlnlj6xwgbwcu00ca2d                                                  : loaded 2 times (x 178B)
Class com.google.common.base.Splitter                                                 : loaded 2 times (x 70B)
Class [Lcom.google.common.cache.Weigher;                                              : loaded 2 times (x 67B)
Class com.google.common.collect.Iterators$ArrayItr                                    : loaded 2 times (x 95B)
Class com.google.common.cache.LocalCache$Segment                                      : loaded 2 times (x 152B)
Class org.gradle.api.internal.DefaultClassPathProvider                                : loaded 2 times (x 74B)
Class org.gradle.internal.installation.GradleInstallation$1                           : loaded 2 times (x 73B)
Class com.google.common.base.CharMatcher$BitSetMatcher                                : loaded 2 times (x 110B)
Class com.google.common.collect.ImmutableMap$IteratorBasedImmutableMap                : loaded 2 times (x 123B)
Class com.google.common.collect.ImmutableMap                                          : loaded 2 times (x 118B)
Class com.google.common.base.Converter                                                : loaded 2 times (x 88B)
Class com.google.common.base.Equivalence                                              : loaded 2 times (x 80B)
Class com.google.common.cache.LocalCache$EntryFactory$1                               : loaded 2 times (x 81B)
Class com.google.common.primitives.Ints                                               : loaded 2 times (x 69B)
Class com.google.common.cache.LocalCache$EntryFactory$2                               : loaded 2 times (x 81B)
Class com.google.common.cache.LocalCache$EntryFactory$3                               : loaded 2 times (x 81B)
Class com.google.common.cache.LocalCache$EntryFactory$4                               : loaded 2 times (x 81B)
Class com.google.common.cache.LocalCache$EntryFactory$5                               : loaded 2 times (x 81B)
Class com.google.common.cache.LocalCache$EntryFactory$6                               : loaded 2 times (x 81B)
Class com.google.common.cache.LocalCache$EntryFactory$7                               : loaded 2 times (x 81B)
Class com.google.common.cache.LocalCache$EntryFactory$8                               : loaded 2 times (x 81B)
Class com.google.common.base.Predicate                                                : loaded 2 times (x 68B)
Class org.gradle.internal.classloader.FilteringClassLoader                            : loaded 2 times (x 102B)
Class com.google.common.collect.RegularImmutableSet                                   : loaded 2 times (x 146B)
Class [Lcom.google.common.cache.LocalCache$Strength;                                  : loaded 2 times (x 67B)
Class org.gradle.internal.classpath.DefaultClassPath$ImmutableUniqueList$Builder      : loaded 2 times (x 73B)
Class com.google.common.collect.ExplicitOrdering                                      : loaded 2 times (x 113B)
Class com.google.common.collect.Maps$8                                                : loaded 2 times (x 80B)
Class com.google.common.base.PatternCompiler                                          : loaded 2 times (x 68B)
Class [Lcom.google.common.cache.CacheBuilder$NullListener;                            : loaded 2 times (x 67B)
Class com.google.common.base.CharMatcher$InRange                                      : loaded 2 times (x 109B)
Class com.google.common.collect.BiMap                                                 : loaded 2 times (x 68B)
Class com.google.common.collect.Lists                                                 : loaded 2 times (x 69B)
Class com.google.common.math.IntMath$1                                                : loaded 2 times (x 69B)
Class org.gradle.internal.classloader.ClassLoaderVisitor                              : loaded 2 times (x 74B)
Class com.google.common.cache.CacheBuilder$NullListener                               : loaded 2 times (x 80B)
Class com.google.common.math.MathPreconditions                                        : loaded 2 times (x 69B)
Class org.gradle.internal.service.DefaultServiceLocator                               : loaded 2 times (x 81B)
Class org.gradle.internal.service.UnknownServiceException                             : loaded 2 times (x 81B)
Class com.google.common.collect.ArrayListMultimap                                     : loaded 2 times (x 170B)
Class com.google.common.base.Strings                                                  : loaded 2 times (x 69B)
Class com.google.common.cache.CacheLoader$InvalidCacheLoadException                   : loaded 2 times (x 80B)
Class org.gradle.internal.classloader.DefaultClassLoaderFactory                       : loaded 2 times (x 80B)
Class com.google.common.collect.UnmodifiableIterator                                  : loaded 2 times (x 78B)
Class build_zdyj6hlnlj6xwgbwcu00ca2d$_run_closure1                                    : loaded 2 times (x 134B)
Class com.google.common.base.Platform$JdkPatternCompiler                              : loaded 2 times (x 73B)
Class com.google.common.base.CharMatcher$SingleWidth                                  : loaded 2 times (x 110B)
Class com.google.common.collect.Hashing                                               : loaded 2 times (x 69B)
Class com.google.common.collect.NullsFirstOrdering                                    : loaded 2 times (x 113B)
Class com.google.common.collect.NaturalOrdering                                       : loaded 2 times (x 113B)
Class com.google.common.base.JdkPattern                                               : loaded 2 times (x 73B)
Class com.google.common.collect.ByFunctionOrdering                                    : loaded 2 times (x 113B)
Class com.google.common.collect.Multimap                                              : loaded 2 times (x 68B)
Class com.google.common.base.FunctionalEquivalence                                    : loaded 2 times (x 81B)
Class com.google.common.cache.LocalCache$1                                            : loaded 2 times (x 87B)
Class com.google.common.cache.LocalCache$2                                            : loaded 2 times (x 140B)
Class org.gradle.internal.classloader.VisitableURLClassLoader$Spec                    : loaded 2 times (x 72B)
Class org.gradle.api.GradleException                                                  : loaded 2 times (x 80B)
Class com.google.common.base.CharMatcher$JavaLetterOrDigit                            : loaded 2 times (x 109B)
Class org.gradle.api.internal.classpath.ModuleRegistry                                : loaded 2 times (x 68B)
Class com.google.common.collect.CompoundOrdering                                      : loaded 2 times (x 113B)
Class com.google.common.cache.CacheBuilder                                            : loaded 2 times (x 70B)
Class com.google.common.collect.ImmutableCollection                                   : loaded 2 times (x 123B)
Class com.google.common.base.PairwiseEquivalence                                      : loaded 2 times (x 81B)
Class com.google.common.base.Ticker                                                   : loaded 2 times (x 70B)
Class org.gradle.api.internal.ClassPathProvider                                       : loaded 2 times (x 68B)
Class com.google.common.collect.RegularImmutableMap$Values                            : loaded 2 times (x 167B)
Class org.gradle.internal.classloader.ClasspathUtil$1                                 : loaded 2 times (x 74B)
Class com.google.common.collect.ImmutableEnumMap                                      : loaded 2 times (x 123B)
Class com.google.common.collect.ImmutableList$ReverseImmutableList                    : loaded 2 times (x 168B)
Class com.google.common.cache.AbstractCache$StatsCounter                              : loaded 2 times (x 68B)
Class com.google.common.collect.Ordering                                              : loaded 2 times (x 112B)
Class com.google.common.cache.LocalCache$Strength$1                                   : loaded 2 times (x 79B)
Class com.google.common.cache.LocalCache$Strength$2                                   : loaded 2 times (x 79B)
Class com.google.common.cache.LocalCache$Strength$3                                   : loaded 2 times (x 79B)
Class org.gradle.internal.classloader.ClassLoaderFactory                              : loaded 2 times (x 68B)
Class com.google.common.collect.ObjectArrays                                          : loaded 2 times (x 69B)
Class com.google.common.collect.Iterators$10                                          : loaded 2 times (x 79B)
Class com.google.common.collect.ImmutableList                                         : loaded 2 times (x 166B)
Class org.gradle.api.internal.classpath.ManifestUtil                                  : loaded 2 times (x 69B)
Class org.gradle.api.specs.Spec                                                       : loaded 2 times (x 68B)
Class com.google.common.cache.CacheLoader$UnsupportedLoadingOperationException        : loaded 2 times (x 80B)
Class com.google.common.base.CharMatcher$Whitespace                                   : loaded 2 times (x 110B)
Class com.google.common.collect.Iterators$1                                           : loaded 2 times (x 79B)
Class com.google.common.collect.Iterators$4                                           : loaded 2 times (x 80B)
Class com.google.common.collect.Iterators$5                                           : loaded 2 times (x 80B)
Class com.google.common.base.Equivalence$Equals                                       : loaded 2 times (x 80B)
Class com.google.common.base.Preconditions                                            : loaded 2 times (x 69B)
Class com.google.common.base.Function                                                 : loaded 2 times (x 68B)
Class com.google.common.collect.Iterators$9                                           : loaded 2 times (x 79B)
Class org.gradle.internal.IoActions                                                   : loaded 2 times (x 69B)
Class com.google.common.collect.AllEqualOrdering                                      : loaded 2 times (x 112B)
Class com.google.common.collect.ComparatorOrdering                                    : loaded 2 times (x 113B)
Class com.google.common.cache.ReferenceEntry                                          : loaded 2 times (x 68B)
Class com.google.common.collect.RegularImmutableMap$KeySet                            : loaded 2 times (x 148B)
Class com.google.common.collect.CollectPreconditions                                  : loaded 2 times (x 69B)
Class com.google.common.primitives.IntsMethodsForWeb                                  : loaded 2 times (x 69B)
Class com.google.common.collect.LexicographicalOrdering                               : loaded 2 times (x 113B)
Class com.google.common.collect.Maps                                                  : loaded 2 times (x 69B)
Class com.google.common.collect.RegularImmutableMap                                   : loaded 2 times (x 119B)
Class com.google.common.collect.AbstractIndexedListIterator                           : loaded 2 times (x 94B)
Class com.google.common.base.CharMatcher$None                                         : loaded 2 times (x 110B)
Class org.gradle.api.internal.classpath.EffectiveClassPath                            : loaded 2 times (x 88B)
Class com.google.common.collect.UnmodifiableListIterator                              : loaded 2 times (x 93B)
Class com.google.common.cache.CacheLoader$FunctionToCacheLoader                       : loaded 2 times (x 73B)
Class com.google.common.cache.CacheBuilder$1                                          : loaded 2 times (x 83B)
Class com.google.common.cache.CacheBuilder$2                                          : loaded 2 times (x 77B)
Class com.google.common.collect.ImmutableList$1                                       : loaded 2 times (x 95B)
Class com.google.common.base.Splitter$Strategy                                        : loaded 2 times (x 68B)
Class com.google.common.cache.CacheBuilder$3                                          : loaded 2 times (x 70B)
Class com.google.common.collect.ImmutableMapEntrySet$RegularEntrySet                  : loaded 2 times (x 149B)
Class [Lcom.google.common.cache.RemovalListener;                                      : loaded 2 times (x 67B)
Class [Lcom.google.common.collect.ImmutableMapEntry;                                  : loaded 2 times (x 67B)
Class org.gradle.internal.installation.CurrentGradleInstallation                      : loaded 2 times (x 71B)
Class org.gradle.internal.installation.CurrentGradleInstallationLocator               : loaded 2 times (x 69B)
Class [Lcom.google.common.cache.LocalCache$Segment;                                   : loaded 2 times (x 67B)
Class org.gradle.api.internal.classpath.Module                                        : loaded 2 times (x 68B)
Class com.google.common.base.Splitter$1$1                                             : loaded 2 times (x 84B)
Class com.google.common.collect.ImmutableSet$JdkBackedSetBuilderImpl                  : loaded 2 times (x 74B)
Class com.google.common.collect.ImmutableSet$RegularSetBuilderImpl                    : loaded 2 times (x 75B)
Class org.gradle.internal.service.CachingServiceLocator                               : loaded 2 times (x 80B)
Class [Lcom.google.common.collect.ImmutableEntry;                                     : loaded 2 times (x 67B)
Class org.gradle.internal.classpath.DefaultClassPath                                  : loaded 2 times (x 88B)
Class org.gradle.api.Transformer                                                      : loaded 2 times (x 68B)
Class com.google.common.base.Splitter$SplittingIterator                               : loaded 2 times (x 82B)
Class com.google.common.cache.LocalCache$LocalManualCache$1                           : loaded 2 times (x 73B)
Class [Lcom.google.common.cache.LocalCache$EntryFactory;                              : loaded 2 times (x 67B)
Class com.google.common.base.CharMatcher$Is                                           : loaded 2 times (x 109B)
Class com.google.common.base.Platform                                                 : loaded 2 times (x 69B)
Class com.google.common.collect.RegularImmutableAsList                                : loaded 2 times (x 176B)
Class com.google.common.collect.PeekingIterator                                       : loaded 2 times (x 68B)
Class com.google.common.collect.ImmutableMapEntrySet                                  : loaded 2 times (x 149B)
Class com.google.common.cache.CacheLoader                                             : loaded 2 times (x 72B)
Class com.google.common.collect.ImmutableBiMapFauxverideShim                          : loaded 2 times (x 118B)
Class com.google.common.cache.Cache                                                   : loaded 2 times (x 68B)
Class org.gradle.internal.classloader.SystemClassLoaderSpec                           : loaded 2 times (x 69B)
Class com.google.common.primitives.Ints$IntConverter                                  : loaded 2 times (x 88B)
Class com.google.common.collect.SingletonImmutableSet                                 : loaded 2 times (x 146B)
Class [Lcom.google.common.base.AbstractIterator$State;                                : loaded 2 times (x 67B)
Class com.google.common.collect.ImmutableMap$Builder                                  : loaded 2 times (x 78B)
Class com.google.common.base.AbstractIterator                                         : loaded 2 times (x 78B)
Class com.google.common.base.AbstractIterator$1                                       : loaded 2 times (x 69B)
Class [Lcom.google.common.cache.CacheBuilder$OneWeigher;                              : loaded 2 times (x 67B)
Class com.google.common.collect.Iterators                                             : loaded 2 times (x 69B)
Class com.google.common.base.CharMatcher$1                                            : loaded 2 times (x 111B)
Class com.google.common.base.CharMatcher$Ascii                                        : loaded 2 times (x 110B)
Class org.gradle.api.UncheckedIOException                                             : loaded 2 times (x 80B)
Class com.google.common.base.CharMatcher$And                                          : loaded 2 times (x 110B)
Class com.google.common.collect.IndexedImmutableSet                                   : loaded 2 times (x 148B)
Class com.google.common.collect.IndexedImmutableSet$1                                 : loaded 2 times (x 172B)
Class com.google.common.collect.AbstractListMultimap                                  : loaded 2 times (x 170B)
Class com.google.common.base.CharMatcher$Any                                          : loaded 2 times (x 110B)
Class Program                                                                         : loaded 2 times (x 70B)
Class com.google.common.cache.LocalCache$Strength                                     : loaded 2 times (x 79B)
Class com.google.common.collect.ArrayListMultimapGwtSerializationDependencies         : loaded 2 times (x 170B)
Class com.google.common.base.CharMatcher$RangesMatcher                                : loaded 2 times (x 110B)
Class com.google.common.collect.ImmutableList$SubList                                 : loaded 2 times (x 168B)
Class com.google.common.cache.LocalCache$ValueReference                               : loaded 2 times (x 68B)
Class org.gradle.internal.classloader.ClasspathUtil                                   : loaded 2 times (x 69B)
Class com.google.common.base.Splitter$1                                               : loaded 2 times (x 75B)
Class com.google.common.collect.ReverseOrdering                                       : loaded 2 times (x 113B)
Class com.google.common.base.Ticker$1                                                 : loaded 2 times (x 70B)
Class com.google.common.collect.Maps$BiMapConverter                                   : loaded 2 times (x 88B)
Class org.gradle.api.internal.DefaultClassPathRegistry                                : loaded 2 times (x 74B)
Class com.google.common.collect.ImmutableSet$SetBuilderImpl                           : loaded 2 times (x 74B)
Class org.gradle.api.internal.classpath.DefaultModuleRegistry$DefaultModule           : loaded 2 times (x 84B)
Class com.google.common.base.CharMatcher$JavaIsoControl                               : loaded 2 times (x 110B)
Class com.google.common.collect.ImmutableMap$1                                        : loaded 2 times (x 79B)
Class com.google.common.base.CharMatcher$Or                                           : loaded 2 times (x 110B)
Class com.google.common.base.Suppliers$SupplierOfInstance                             : loaded 2 times (x 77B)
Class com.google.common.collect.Iterables                                             : loaded 2 times (x 69B)
Class com.google.common.base.CharMatcher$JavaLowerCase                                : loaded 2 times (x 109B)
Class org.gradle.api.internal.classpath.UnknownModuleException                        : loaded 2 times (x 80B)
Class com.google.common.collect.Maps$EntryTransformer                                 : loaded 2 times (x 68B)
Class com.google.common.collect.ImmutableCollection$Builder                           : loaded 2 times (x 74B)
Class com.google.common.base.CommonPattern                                            : loaded 2 times (x 72B)
Class com.google.common.base.Suppliers                                                : loaded 2 times (x 69B)
Class com.google.common.cache.LoadingCache                                            : loaded 2 times (x 68B)
Class org.gradle.internal.service.ServiceLookupException                              : loaded 2 times (x 80B)
Class org.gradle.cache.GlobalCache                                                    : loaded 2 times (x 68B)
Class com.google.common.base.CharMatcher$NegatedFastMatcher                           : loaded 2 times (x 111B)
Class [Lorg.gradle.api.internal.ClassPathProvider;                                    : loaded 2 times (x 67B)
Class org.gradle.util.internal.GUtil                                                  : loaded 2 times (x 69B)
Class com.google.common.math.IntMath                                                  : loaded 2 times (x 69B)
Class com.google.common.collect.AbstractIterator                                      : loaded 2 times (x 80B)
Class org.gradle.internal.classloader.ClassLoaderSpec                                 : loaded 2 times (x 69B)
Class com.google.common.cache.LocalCache$LocalManualCache                             : loaded 2 times (x 97B)
Class com.google.common.collect.AbstractMapEntry                                      : loaded 2 times (x 79B)
Class com.google.common.base.CharMatcher$Negated                                      : loaded 2 times (x 111B)
Class com.google.common.cache.CacheLoader$1                                           : loaded 2 times (x 73B)
Class com.google.common.collect.ImmutableSet$Builder                                  : loaded 2 times (x 83B)
Class com.google.common.base.CharMatcher$ForPredicate                                 : loaded 2 times (x 110B)
Class com.google.common.collect.ImmutableMap$MapViewOfValuesAsSingletonSets           : loaded 2 times (x 123B)
Class com.google.common.base.MoreObjects                                              : loaded 2 times (x 69B)
Class com.google.common.collect.SortedMapDifference                                   : loaded 2 times (x 68B)
Class com.google.common.cache.CacheStats                                              : loaded 2 times (x 69B)
Class org.gradle.internal.classloader.VisitableURLClassLoader                         : loaded 2 times (x 114B)
Class com.google.common.cache.LocalCache$LocalLoadingCache                            : loaded 2 times (x 132B)
Class com.google.common.base.Supplier                                                 : loaded 2 times (x 68B)
Class com.google.common.collect.ImmutableBiMap                                        : loaded 2 times (x 142B)
Class org.gradle.internal.Cast                                                        : loaded 2 times (x 69B)
Class Build_gradle                                                                    : loaded 2 times (x 128B)
Class org.gradle.api.internal.ClassPathRegistry                                       : loaded 2 times (x 68B)
Class settings_b0657zpnbz69qm0z16j4jf17w                                              : loaded 2 times (x 177B)
Class com.google.common.cache.LocalCache$EntryFactory                                 : loaded 2 times (x 81B)
Class com.google.common.util.concurrent.UncheckedExecutionException                   : loaded 2 times (x 80B)
Class com.google.common.collect.ImmutableSet                                          : loaded 2 times (x 145B)
Class org.gradle.internal.classloader.ClassLoaderHierarchy                            : loaded 2 times (x 68B)
Class com.google.common.base.AbstractIterator$State                                   : loaded 2 times (x 77B)
Class com.google.common.cache.Weigher                                                 : loaded 2 times (x 68B)
Class com.google.common.base.CharMatcher$NamedFastMatcher                             : loaded 2 times (x 110B)
Class org.gradle.internal.service.ServiceLocator                                      : loaded 2 times (x 68B)
Class com.google.common.collect.ImmutableMapEntry                                     : loaded 2 times (x 83B)
Class com.google.common.base.CharMatcher$Invisible                                    : loaded 2 times (x 110B)
Class com.google.common.base.CharMatcher$FastMatcher                                  : loaded 2 times (x 109B)
Class org.gradle.internal.classpath.DefaultClassPath$ImmutableUniqueList              : loaded 2 times (x 159B)
Class com.google.common.base.CharMatcher$JavaLetter                                   : loaded 2 times (x 109B)
Class com.google.common.collect.MapDifference                                         : loaded 2 times (x 68B)
Class com.google.common.collect.Platform                                              : loaded 2 times (x 69B)
Class com.google.common.collect.ImmutableAsList                                       : loaded 2 times (x 169B)
Class com.google.common.util.concurrent.ExecutionError                                : loaded 2 times (x 80B)
Class com.google.common.base.Equivalence$Identity                                     : loaded 2 times (x 80B)
Class com.google.common.base.CharMatcher$AnyOf                                        : loaded 2 times (x 110B)
Class com.google.common.base.CharMatcher$IsEither                                     : loaded 2 times (x 109B)
Class com.google.common.cache.LocalCache                                              : loaded 2 times (x 185B)
Class com.google.common.collect.RegularImmutableList                                  : loaded 2 times (x 172B)
Class com.google.common.base.CharMatcher$JavaUpperCase                                : loaded 2 times (x 109B)
Class com.google.common.collect.Multiset                                              : loaded 2 times (x 68B)
Class com.google.common.collect.NullsLastOrdering                                     : loaded 2 times (x 113B)
Class com.google.common.collect.ImmutableMapEntry$NonTerminalImmutableMapEntry        : loaded 2 times (x 83B)
Class com.google.common.collect.AbstractMapBasedMultimap                              : loaded 2 times (x 137B)


---------------  S Y S T E M  ---------------

OS:
 Windows 11 , 64 bit Build 22000 (10.0.22000.2600)
OS uptime: 2 days 8:12 hours

CPU: total 4 (initial active 4) (2 cores per cpu, 2 threads per core) family 6 model 69 stepping 1 microcode 0x26, cx8, cmov, fxsr, ht, mmx, sse, sse2, sse3, ssse3, sse4.1, sse4.2, popcnt, lzcnt, tsc, tscinvbit, avx, avx2, aes, erms, clmul, bmi1, bmi2, fma, vzeroupper, clflush

Memory: 4k page, system-wide physical 8097M (440M free)
TotalPageFile size 13297M (AvailPageFile size 17M)
current process WorkingSet (physical memory assigned to process): 282M, peak: 282M
current process commit charge ("private bytes"): 318M, peak: 343M

vm_info: OpenJDK 64-Bit Server VM (17.0.7+0-b2043.56-10550314) for windows-amd64 JRE (17.0.7+0-b2043.56-10550314), built on Jul 24 2023 18:27:45 by "androidbuild" with MS VC++ 16.10 / 16.11 (VS2019)

END.
