#
# There is insufficient memory for the Java Runtime Environment to continue.
# Native memory allocation (mmap) failed to map 134217728 bytes for G1 virtual space
# Possible reasons:
#   The system is out of physical RAM or swap space
#   The process is running with CompressedOops enabled, and the Java Heap may be blocking the growth of the native heap
# Possible solutions:
#   Reduce memory load on the system
#   Increase physical memory or swap space
#   Check if swap backing store is full
#   Decrease Java heap size (-Xmx/-Xms)
#   Decrease number of Java threads
#   Decrease Java thread stack sizes (-Xss)
#   Set larger code cache with -XX:ReservedCodeCacheSize=
#   JVM is running with Unscaled Compressed Oops mode in which the Java heap is
#     placed in the first 4GB address space. The Java Heap base address is the
#     maximum limit for the native heap growth. Please use -XX:HeapBaseMinAddress
#     to set the Java Heap base and to place the Java Heap above 4GB virtual address.
# This output file may be truncated or incomplete.
#
#  Out of Memory Error (os_windows.cpp:3771), pid=11276, tid=7216
#
# JRE version:  (17.0.7) (build )
# Java VM: OpenJDK 64-Bit Server VM (17.0.7+0-b2043.56-10550314, mixed mode, sharing, tiered, compressed oops, compressed class ptrs, g1 gc, windows-amd64)
# No core dump will be written. Minidumps are not enabled by default on client versions of Windows
#

---------------  S U M M A R Y ------------

Command Line: org.jetbrains.kotlin.cli.jvm.K2JVMCompiler @C:\Users\Soumaila\Desktop\yanana_v1\projet_yanana\build\app\20240213_17014909826768205194.compiler.options

Host: Intel(R) Core(TM) i7-4600U CPU @ 2.10GHz, 4 cores, 7G,  Windows 11 , 64 bit Build 22000 (10.0.22000.2600)
Time: Tue Feb 13 11:35:20 2024 Temps universel coordonné elapsed time: 1.050720 seconds (0d 0h 0m 1s)

---------------  T H R E A D  ---------------

Current thread (0x00000295521dbd60):  JavaThread "Unknown thread" [_thread_in_vm, id=7216, stack(0x000000c29fe00000,0x000000c29ff00000)]

Stack: [0x000000c29fe00000,0x000000c29ff00000]
Native frames: (J=compiled Java code, j=interpreted, Vv=VM code, C=native code)
V  [jvm.dll+0x683bfa]
V  [jvm.dll+0x8430a4]
V  [jvm.dll+0x8449be]
V  [jvm.dll+0x845023]
V  [jvm.dll+0x24ad2f]
V  [jvm.dll+0x680ac9]
V  [jvm.dll+0x67519a]
V  [jvm.dll+0x30b3cb]
V  [jvm.dll+0x312876]
V  [jvm.dll+0x36221e]
V  [jvm.dll+0x36244f]
V  [jvm.dll+0x2e14a8]
V  [jvm.dll+0x2e2414]
V  [jvm.dll+0x814391]
V  [jvm.dll+0x36ffe1]
V  [jvm.dll+0x7f396c]
V  [jvm.dll+0x3f305f]
V  [jvm.dll+0x3f4b91]
C  [jli.dll+0x528f]
C  [ucrtbase.dll+0x26c0c]
C  [KERNEL32.DLL+0x153e0]
C  [ntdll.dll+0x485b]


---------------  P R O C E S S  ---------------

Threads class SMR info:
_java_thread_list=0x00007ff848e2d098, length=0, elements={
}

Java Threads: ( => current thread )

Other Threads:
  0x0000029552233700 GCTaskThread "GC Thread#0" [stack: 0x000000c29ff00000,0x000000c2a0000000] [id=11872]
  0x0000029552244380 ConcurrentGCThread "G1 Main Marker" [stack: 0x000000c2a0000000,0x000000c2a0100000] [id=11492]
  0x0000029552244d90 ConcurrentGCThread "G1 Conc#0" [stack: 0x000000c2a0100000,0x000000c2a0200000] [id=13856]

[error occurred during error reporting (printing all threads), id 0xc0000005, EXCEPTION_ACCESS_VIOLATION (0xc0000005) at pc=0x00007ff8485e2087]

VM state: not at safepoint (not fully initialized)

VM Mutex/Monitor currently owned by a thread:  ([mutex/lock_event])
[0x00000295521da430] Heap_lock - owner thread: 0x00000295521dbd60

Heap address: 0x0000000081600000, size: 2026 MB, Compressed Oops mode: 32-bit

CDS archive(s) mapped at: [0x0000000000000000-0x0000000000000000-0x0000000000000000), size 0, SharedBaseAddress: 0x0000000800000000, ArchiveRelocationMode: 0.
Narrow klass base: 0x0000000000000000, Narrow klass shift: 0, Narrow klass range: 0x0

GC Precious Log:
<Empty>

Heap:
 garbage-first heap   total 0K, used 0K [0x0000000081600000, 0x0000000100000000)
  region size 1024K, 0 young (0K), 0 survivors (0K)
 Metaspace       used 0K, committed 0K, reserved 0K
  class space    used 0K, committed 0K, reserved 0K

Heap Regions: E=young(eden), S=young(survivor), O=old, HS=humongous(starts), HC=humongous(continues), CS=collection set, F=free, OA=open archive, CA=closed archive, TAMS=top-at-mark-start (previous, next)

Card table byte_map: [0x0000029564ab0000,0x0000029564eb0000] _byte_map_base: 0x00000295646a5000

Marking Bits (Prev, Next): (CMBitMap*) 0x0000029552233d10, (CMBitMap*) 0x0000029552233d50
 Prev Bits: [0x00000295652b0000, 0x0000029567258000)
 Next Bits: [0x0000029567260000, 0x0000029569208000)

GC Heap History (0 events):
No events

Dll operation events (1 events):
Event: 0.012 Loaded shared library C:\Program Files\Android\Android Studio\jbr\bin\java.dll

Deoptimization events (0 events):
No events

Classes unloaded (0 events):
No events

Classes redefined (0 events):
No events

Internal exceptions (0 events):
No events

VM Operations (0 events):
No events

Events (0 events):
No events


Dynamic libraries:
0x00007ff64a470000 - 0x00007ff64a47a000 	C:\Program Files\Android\Android Studio\jbr\bin\java.exe
0x00007ff88c7a0000 - 0x00007ff88c9a9000 	C:\Windows\SYSTEM32\ntdll.dll
0x00007ff88b100000 - 0x00007ff88b1bd000 	C:\Windows\System32\KERNEL32.DLL
0x00007ff889be0000 - 0x00007ff889f65000 	C:\Windows\System32\KERNELBASE.dll
0x00007ff88a040000 - 0x00007ff88a151000 	C:\Windows\System32\ucrtbase.dll
0x00007ff86b110000 - 0x00007ff86b127000 	C:\Program Files\Android\Android Studio\jbr\bin\jli.dll
0x00007ff886a20000 - 0x00007ff886a3b000 	C:\Program Files\Android\Android Studio\jbr\bin\VCRUNTIME140.dll
0x00007ff88af50000 - 0x00007ff88b0fc000 	C:\Windows\System32\USER32.dll
0x00007ff88a010000 - 0x00007ff88a036000 	C:\Windows\System32\win32u.dll
0x00007ff88b620000 - 0x00007ff88b649000 	C:\Windows\System32\GDI32.dll
0x00007ff8784d0000 - 0x00007ff878775000 	C:\Windows\WinSxS\amd64_microsoft.windows.common-controls_6595b64144ccf1df_6.0.22000.2600_none_1b65155c6ae217ae\COMCTL32.dll
0x00007ff88a160000 - 0x00007ff88a27b000 	C:\Windows\System32\gdi32full.dll
0x00007ff88b2b0000 - 0x00007ff88b353000 	C:\Windows\System32\msvcrt.dll
0x00007ff889f70000 - 0x00007ff88a00d000 	C:\Windows\System32\msvcp_win.dll
0x00007ff88b650000 - 0x00007ff88b681000 	C:\Windows\System32\IMM32.DLL
0x00007ff886ab0000 - 0x00007ff886abc000 	C:\Program Files\Android\Android Studio\jbr\bin\vcruntime140_1.dll
0x00007ff8546c0000 - 0x00007ff85474d000 	C:\Program Files\Android\Android Studio\jbr\bin\msvcp140.dll
0x00007ff8482f0000 - 0x00007ff848f70000 	C:\Program Files\Android\Android Studio\jbr\bin\server\jvm.dll
0x00007ff88abb0000 - 0x00007ff88ac62000 	C:\Windows\System32\ADVAPI32.dll
0x00007ff88ac70000 - 0x00007ff88ad12000 	C:\Windows\System32\sechost.dll
0x00007ff88a340000 - 0x00007ff88a367000 	C:\Windows\System32\bcrypt.dll
0x00007ff88ad20000 - 0x00007ff88ae42000 	C:\Windows\System32\RPCRT4.dll
0x00007ff873b10000 - 0x00007ff873b19000 	C:\Windows\SYSTEM32\WSOCK32.dll
0x00007ff87a990000 - 0x00007ff87a9c3000 	C:\Windows\SYSTEM32\WINMM.dll
0x00007ff88b380000 - 0x00007ff88b3ef000 	C:\Windows\System32\WS2_32.dll
0x00007ff87d8a0000 - 0x00007ff87d8aa000 	C:\Windows\SYSTEM32\VERSION.dll
0x00007ff888d70000 - 0x00007ff888d88000 	C:\Windows\SYSTEM32\kernel.appcore.dll
0x00007ff8668f0000 - 0x00007ff8668fa000 	C:\Program Files\Android\Android Studio\jbr\bin\jimage.dll
0x00007ff879850000 - 0x00007ff879a71000 	C:\Windows\SYSTEM32\DBGHELP.DLL
0x00007ff874aa0000 - 0x00007ff874ad1000 	C:\Windows\SYSTEM32\dbgcore.DLL
0x00007ff88a550000 - 0x00007ff88a5cf000 	C:\Windows\System32\bcryptPrimitives.dll
0x00007ff8525f0000 - 0x00007ff852615000 	C:\Program Files\Android\Android Studio\jbr\bin\java.dll

dbghelp: loaded successfully - version: 4.0.5 - missing functions: none
symbol engine: initialized successfully - sym options: 0x614 - pdb path: .;C:\Program Files\Android\Android Studio\jbr\bin;C:\Windows\SYSTEM32;C:\Windows\WinSxS\amd64_microsoft.windows.common-controls_6595b64144ccf1df_6.0.22000.2600_none_1b65155c6ae217ae;C:\Program Files\Android\Android Studio\jbr\bin\server

VM Arguments:
java_command: org.jetbrains.kotlin.cli.jvm.K2JVMCompiler @C:\Users\Soumaila\Desktop\yanana_v1\projet_yanana\build\app\20240213_17014909826768205194.compiler.options
java_class_path (initial): C:\Users\Soumaila\.gradle\caches\modules-2\files-2.1\org.jetbrains.kotlin\kotlin-compiler-embeddable\1.7.10\909803167c98606fcf22b4c848647c68e351d48d\kotlin-compiler-embeddable-1.7.10.jar;C:\Users\Soumaila\.gradle\caches\modules-2\files-2.1\org.jetbrains.kotlin\kotlin-reflect\1.7.10\165e600dfea6185cf5efa700756294cc4904dbeb\kotlin-reflect-1.7.10.jar;C:\Users\Soumaila\.gradle\caches\modules-2\files-2.1\org.jetbrains.kotlin\kotlin-stdlib\1.7.10\d2abf9e77736acc4450dc4a3f707fa2c10f5099d\kotlin-stdlib-1.7.10.jar;C:\Users\Soumaila\.gradle\caches\modules-2\files-2.1\org.jetbrains.kotlin\kotlin-script-runtime\1.7.10\c99c87a6988d8fd8d5142e9ed5c9f34a7cf561ee\kotlin-script-runtime-1.7.10.jar;C:\Users\Soumaila\.gradle\caches\modules-2\files-2.1\org.jetbrains.kotlin\kotlin-daemon-embeddable\1.7.10\3a9f7aef7080d3ae63126cbba4f827ed664f32fa\kotlin-daemon-embeddable-1.7.10.jar;C:\Users\Soumaila\.gradle\caches\modules-2\files-2.1\org.jetbrains.intellij.deps\trove4j\1.0.20200330\3afb14d5f9ceb459d724e907a21145e8ff394f02\trove4j-1.0.20200330.jar;C:\Users\Soumaila\.gradle\caches\modules-2\files-2.1\net.java.dev.jna\jna\5.6.0\330f2244e9030119ab3030fc3fededc86713d9cc\jna-5.6.0.jar;C:\Users\Soumaila\.gradle\caches\modules-2\files-2.1\org.jetbrains.kotlin\kotlin-stdlib-common\1.7.10\bac80c520d0a9e3f3673bc2658c6ed02ef45a76a\kotlin-stdlib-common-1.7.10.jar;C:\Users\Soumaila\.gradle\caches\modules-2\files-2.1\org.jetbrains\annotations\13.0\919f0dfe192fb4e063e7dacadee7f8bb9a2672a9\annotations-13.0.jar
Launcher Type: SUN_STANDARD

[Global flags]
     intx CICompilerCount                          = 3                                         {product} {ergonomic}
     uint ConcGCThreads                            = 1                                         {product} {ergonomic}
     uint G1ConcRefinementThreads                  = 4                                         {product} {ergonomic}
   size_t G1HeapRegionSize                         = 1048576                                   {product} {ergonomic}
    uintx GCDrainStackTargetSize                   = 64                                        {product} {ergonomic}
   size_t InitialHeapSize                          = 134217728                                 {product} {ergonomic}
   size_t MarkStackSize                            = 4194304                                   {product} {ergonomic}
   size_t MaxHeapSize                              = 2124414976                                {product} {ergonomic}
   size_t MinHeapDeltaBytes                        = 1048576                                   {product} {ergonomic}
   size_t MinHeapSize                              = 8388608                                   {product} {ergonomic}
    uintx NonNMethodCodeHeapSize                   = 5832780                                {pd product} {ergonomic}
    uintx NonProfiledCodeHeapSize                  = 122912730                              {pd product} {ergonomic}
    uintx ProfiledCodeHeapSize                     = 122912730                              {pd product} {ergonomic}
    uintx ReservedCodeCacheSize                    = 251658240                              {pd product} {ergonomic}
     bool SegmentedCodeCache                       = true                                      {product} {ergonomic}
   size_t SoftMaxHeapSize                          = 2124414976                             {manageable} {ergonomic}
     bool UseCompressedClassPointers               = true                           {product lp64_product} {ergonomic}
     bool UseCompressedOops                        = true                           {product lp64_product} {ergonomic}
     bool UseG1GC                                  = true                                      {product} {ergonomic}
     bool UseLargePagesIndividualAllocation        = false                                  {pd product} {ergonomic}

Logging:
Log output configuration:
 #0: stdout all=warning uptime,level,tags
 #1: stderr all=off uptime,level,tags

Environment Variables:
JAVA_HOME=C:\Program Files\Android\Android Studio\jbr
CLASSPATH=C:\Users\Soumaila\Desktop\yanana_v1\projet_yanana\android\\gradle\wrapper\gradle-wrapper.jar
PATH=C:\Program Files\Android\Android Studio\jbr\bin;C:\Oraclew\Middleware\Oracle_FRHome1\bin;C:\oracle12C\product\12.2.0\dbhome_1\bin;C:\oracle\DevSuiteHome_2\jdk\jre\bin;C:\oracle\DevSuiteHome_2\jdk\jre\bin\client;C:\oracle\DevSuiteHome_2\jlib;C:\oracle\DevSuiteHome_2\bin;C:\oracle\DevSuiteHome_2\jre\1.4.2\bin\client;C:\oracle\DevSuiteHome_2\jre\1.4.2\bin;C:\oracle\product\10.2.0\db_1\bin;D:\DevSuiteHome_1\jdk\jre\bin\client;D:\DevSuiteHome_1\bin;D:\DevSuiteHome_1\jlib;C:\ProgramData\Oracle\Java\javapath;C:\oraclexe\app\oracle\product\11.2.0\server\bin;C:\Program Files (x86)\VMware\VMware Workstation\bin\;C:\Program Files\Common Files\Oracle\Java\javapath;C:\Windows\system32;C:\Windows;C:\Windows\System32\Wbem;C:\Windows\System32\WindowsPowerShell\v1.0\;C:\Windows\System32\OpenSSH\;C:\Program Files\Git\cmd;C:\src\flutter\flutter\bin;C:\Users\Soumaila\AppData\Roaming\Microsoft VS Code\bin;C:\MinGW\bin;C:\Program Files\Microsoft SQL Server\150\Tools\Binn\;C:\Program Files (x86)\Windows Kits\10\Windows Performance Toolkit\;C:\MATLAB701\bin\win32;C:\Program Files\Microsoft SQL Server\110\Tools\Binn\;C:\Oraclew\Middleware\Oracle_FRHome1\opmn\bin;C:\Oraclew\Middleware\Oracle_FRHome1\opmn\lib;C:\Oraclew\Middleware\Oracle_FRHome1\perl\bin;C:\Users\Soumaila\AppData\Local\Programs\Python\Python310\Scripts\;C:\Users\Soumaila\AppData\Local\Programs\Python\Python310\;C:\Users\Soumaila\AppData\Local\Microsoft\WindowsApps;C:\Program Files\JetBrains\PyCharm 2022.2.2\bin;C:\Users\Soumaila\AppData\Local\Programs\Microsoft VS Code\bin;C:\Users\Soumaila\AppData\Local\JetBrains\Toolbox\scripts;;C:\src\flutter\flutter\bin\mingit\cmd
USERNAME=Soumaila
LD_LIBRARY_PATH=C:\Oraclew\Middleware\Oracle_FRHome1\lib
OS=Windows_NT
PROCESSOR_IDENTIFIER=Intel64 Family 6 Model 69 Stepping 1, GenuineIntel
TMP=C:\Users\Soumaila\AppData\Local\Temp
TEMP=C:\Users\Soumaila\AppData\Local\Temp


JNI global refs:
JNI global refs: 0, weak refs: 0

JNI global refs memory usage: 0, weak refs: 0

OOME stack traces (most recent first):
Classloader memory used:


---------------  S Y S T E M  ---------------

OS:
 Windows 11 , 64 bit Build 22000 (10.0.22000.2600)
OS uptime: 0 days 20:03 hours

CPU: total 4 (initial active 4) (2 cores per cpu, 2 threads per core) family 6 model 69 stepping 1 microcode 0x26, cx8, cmov, fxsr, ht, mmx, sse, sse2, sse3, ssse3, sse4.1, sse4.2, popcnt, lzcnt, tsc, tscinvbit, avx, avx2, aes, erms, clmul, bmi1, bmi2, fma, vzeroupper, clflush

Memory: 4k page, system-wide physical 8097M (505M free)
TotalPageFile size 13283M (AvailPageFile size 49M)
current process WorkingSet (physical memory assigned to process): 10M, peak: 10M
current process commit charge ("private bytes"): 51M, peak: 179M

vm_info: OpenJDK 64-Bit Server VM (17.0.7+0-b2043.56-10550314) for windows-amd64 JRE (17.0.7+0-b2043.56-10550314), built on Jul 24 2023 18:27:45 by "androidbuild" with MS VC++ 16.10 / 16.11 (VS2019)

END.
