#
# There is insufficient memory for the Java Runtime Environment to continue.
# Native memory allocation (malloc) failed to allocate 1092096 bytes for Chunk::new
# Possible reasons:
#   The system is out of physical RAM or swap space
#   The process is running with CompressedOops enabled, and the Java Heap may be blocking the growth of the native heap
# Possible solutions:
#   Reduce memory load on the system
#   Increase physical memory or swap space
#   Check if swap backing store is full
#   Decrease Java heap size (-Xmx/-Xms)
#   Decrease number of Java threads
#   Decrease Java thread stack sizes (-Xss)
#   Set larger code cache with -XX:ReservedCodeCacheSize=
#   JVM is running with Unscaled Compressed Oops mode in which the Java heap is
#     placed in the first 4GB address space. The Java Heap base address is the
#     maximum limit for the native heap growth. Please use -XX:HeapBaseMinAddress
#     to set the Java Heap base and to place the Java Heap above 4GB virtual address.
# This output file may be truncated or incomplete.
#
#  Out of Memory Error (arena.cpp:189), pid=9420, tid=13956
#
# JRE version: OpenJDK Runtime Environment (17.0.7) (build 17.0.7+0-b2043.56-10550314)
# Java VM: OpenJDK 64-Bit Server VM (17.0.7+0-b2043.56-10550314, mixed mode, tiered, compressed oops, compressed class ptrs, g1 gc, windows-amd64)
# No core dump will be written. Minidumps are not enabled by default on client versions of Windows
#

---------------  S U M M A R Y ------------

Command Line: --add-opens=java.base/java.util=ALL-UNNAMED --add-opens=java.base/java.lang=ALL-UNNAMED --add-opens=java.base/java.lang.invoke=ALL-UNNAMED --add-opens=java.base/java.util=ALL-UNNAMED --add-opens=java.prefs/java.util.prefs=ALL-UNNAMED --add-opens=java.prefs/java.util.prefs=ALL-UNNAMED --add-opens=java.base/java.nio.charset=ALL-UNNAMED --add-opens=java.base/java.net=ALL-UNNAMED --add-opens=java.base/java.util.concurrent.atomic=ALL-UNNAMED -Xmx1536M -Dfile.encoding=windows-1252 -Duser.country=FR -Duser.language=fr -Duser.variant org.gradle.launcher.daemon.bootstrap.GradleDaemon 7.5

Host: Intel(R) Core(TM) i7-4600U CPU @ 2.10GHz, 4 cores, 7G,  Windows 11 , 64 bit Build 22000 (10.0.22000.2600)
Time: Thu Jan  4 18:51:34 2024 Temps universel coordonné elapsed time: 11.487101 seconds (0d 0h 0m 11s)

---------------  T H R E A D  ---------------

Current thread (0x00000242fd02a010):  JavaThread "C2 CompilerThread0" daemon [_thread_in_native, id=13956, stack(0x0000006267a00000,0x0000006267b00000)]


Current CompileTask:
C2:  11487 6163  s!   4       jdk.internal.loader.URLClassPath::getLoader (194 bytes)

Stack: [0x0000006267a00000,0x0000006267b00000]
Native frames: (J=compiled Java code, j=interpreted, Vv=VM code, C=native code)
V  [jvm.dll+0x683bfa]
V  [jvm.dll+0x8430a4]
V  [jvm.dll+0x8449be]
V  [jvm.dll+0x845023]
V  [jvm.dll+0x24ad2f]
V  [jvm.dll+0xac25c]
V  [jvm.dll+0xac82c]
V  [jvm.dll+0x36a187]
V  [jvm.dll+0x1be138]
V  [jvm.dll+0x21d3a9]
V  [jvm.dll+0x21c671]
V  [jvm.dll+0x1a605d]
V  [jvm.dll+0x22c148]
V  [jvm.dll+0x22a209]
V  [jvm.dll+0x7f858c]
V  [jvm.dll+0x7f2aea]
V  [jvm.dll+0x682a35]
C  [ucrtbase.dll+0x26c0c]
C  [KERNEL32.DLL+0x153e0]
C  [ntdll.dll+0x485b]


---------------  P R O C E S S  ---------------

Threads class SMR info:
_java_thread_list=0x0000024282eb1f80, length=83, elements={
0x00000242dea72e70, 0x00000242f8c92f70, 0x00000242f8c93de0, 0x00000242fd010700,
0x00000242fd010fc0, 0x00000242fd011970, 0x00000242fd012320, 0x00000242fd02a010,
0x00000242fd02a5d0, 0x00000242fd02afc0, 0x00000242fd192020, 0x00000242fd196980,
0x00000242feb585b0, 0x00000242fd481ee0, 0x00000242ff23b0f0, 0x00000242fe48f090,
0x00000242fefa0050, 0x00000242fe5c1e10, 0x00000242fe56a010, 0x00000242fd947730,
0x00000242fd94ac20, 0x00000242fd949410, 0x00000242fd947c00, 0x00000242fd9498e0,
0x00000242fd947260, 0x00000242fd948f40, 0x00000242fd9485a0, 0x00000242fd949db0,
0x00000242fd948a70, 0x00000242fd94a280, 0x00000242ffab66e0, 0x00000242ffab4a00,
0x00000242ffab4060, 0x00000242808d9500, 0x00000242ffab7550, 0x00000242ffab7a20,
0x00000242ffab4ed0, 0x00000242ffab6bb0, 0x00000242ffab06a0, 0x00000242ffab7ef0,
0x00000242ffab2d20, 0x00000242ffab2380, 0x00000242ffab1040, 0x00000242ffab5d40,
0x00000242ffab1510, 0x00000242ffab53a0, 0x00000242ffab5870, 0x00000242ffab2850,
0x00000242ffab6210, 0x00000242ffab19e0, 0x00000242ff50ca80, 0x00000242ff50b740,
0x00000242ff508720, 0x00000242ff50d420, 0x00000242ff50d8f0, 0x00000242ff50ada0,
0x00000242ff50f100, 0x00000242ff50faa0, 0x00000242ff50e290, 0x00000242ff508bf0,
0x00000242ff50bc10, 0x00000242ff50c5b0, 0x00000242ff50c0e0, 0x00000242ff509590,
0x00000242ff50cf50, 0x00000242ff50ddc0, 0x00000242ff509a60, 0x00000242ff50e760,
0x00000242ff50ec30, 0x00000242ff509f30, 0x00000242ff50f5d0, 0x00000242ff50ff70,
0x00000242ff50a400, 0x00000242ff50a8d0, 0x00000242ff5090c0, 0x00000242ff50b270,
0x00000242806f6210, 0x00000242806fb3e0, 0x00000242806f9230, 0x00000242806f66e0,
0x00000242806f6bb0, 0x00000242806f8890, 0x00000242806f5870
}

Java Threads: ( => current thread )
  0x00000242dea72e70 JavaThread "main" [_thread_blocked, id=4400, stack(0x0000006266d00000,0x0000006266e00000)]
  0x00000242f8c92f70 JavaThread "Reference Handler" daemon [_thread_blocked, id=5288, stack(0x0000006267400000,0x0000006267500000)]
  0x00000242f8c93de0 JavaThread "Finalizer" daemon [_thread_blocked, id=13380, stack(0x0000006267500000,0x0000006267600000)]
  0x00000242fd010700 JavaThread "Signal Dispatcher" daemon [_thread_blocked, id=6496, stack(0x0000006267600000,0x0000006267700000)]
  0x00000242fd010fc0 JavaThread "Attach Listener" daemon [_thread_blocked, id=6844, stack(0x0000006267700000,0x0000006267800000)]
  0x00000242fd011970 JavaThread "Service Thread" daemon [_thread_blocked, id=10448, stack(0x0000006267800000,0x0000006267900000)]
  0x00000242fd012320 JavaThread "Monitor Deflation Thread" daemon [_thread_blocked, id=8052, stack(0x0000006267900000,0x0000006267a00000)]
=>0x00000242fd02a010 JavaThread "C2 CompilerThread0" daemon [_thread_in_native, id=13956, stack(0x0000006267a00000,0x0000006267b00000)]
  0x00000242fd02a5d0 JavaThread "C1 CompilerThread0" daemon [_thread_blocked, id=13856, stack(0x0000006267b00000,0x0000006267c00000)]
  0x00000242fd02afc0 JavaThread "Sweeper thread" daemon [_thread_blocked, id=5364, stack(0x0000006267c00000,0x0000006267d00000)]
  0x00000242fd192020 JavaThread "Common-Cleaner" daemon [_thread_blocked, id=8132, stack(0x0000006267d00000,0x0000006267e00000)]
  0x00000242fd196980 JavaThread "Notification Thread" daemon [_thread_blocked, id=9088, stack(0x0000006267e00000,0x0000006267f00000)]
  0x00000242feb585b0 JavaThread "Daemon health stats" [_thread_blocked, id=9856, stack(0x0000006268400000,0x0000006268500000)]
  0x00000242fd481ee0 JavaThread "Incoming local TCP Connector on port 54148" [_thread_in_native, id=12588, stack(0x0000006268000000,0x0000006268100000)]
  0x00000242ff23b0f0 JavaThread "Daemon periodic checks" [_thread_blocked, id=9096, stack(0x0000006268500000,0x0000006268600000)]
  0x00000242fe48f090 JavaThread "Daemon" [_thread_blocked, id=10704, stack(0x0000006268700000,0x0000006268800000)]
  0x00000242fefa0050 JavaThread "Handler for socket connection from /127.0.0.1:54148 to /127.0.0.1:54149" [_thread_in_native, id=9632, stack(0x0000006268800000,0x0000006268900000)]
  0x00000242fe5c1e10 JavaThread "Cancel handler" [_thread_blocked, id=13388, stack(0x0000006268600000,0x0000006268700000)]
  0x00000242fe56a010 JavaThread "Daemon worker" [_thread_in_vm, id=14276, stack(0x0000006268900000,0x0000006268a00000)]
  0x00000242fd947730 JavaThread "Asynchronous log dispatcher for DefaultDaemonConnection: socket connection from /127.0.0.1:54148 to /127.0.0.1:54149" [_thread_blocked, id=13272, stack(0x0000006268a00000,0x0000006268b00000)]
  0x00000242fd94ac20 JavaThread "Stdin handler" [_thread_blocked, id=8644, stack(0x0000006268b00000,0x0000006268c00000)]
  0x00000242fd949410 JavaThread "Daemon client event forwarder" [_thread_blocked, id=11424, stack(0x0000006268c00000,0x0000006268d00000)]
  0x00000242fd947c00 JavaThread "Cache worker for journal cache (C:\Users\Soumaila\.gradle\caches\journal-1)" [_thread_blocked, id=11468, stack(0x0000006268d00000,0x0000006268e00000)]
  0x00000242fd9498e0 JavaThread "File lock request listener" [_thread_in_native, id=9372, stack(0x0000006268e00000,0x0000006268f00000)]
  0x00000242fd947260 JavaThread "Cache worker for file hash cache (C:\Users\Soumaila\.gradle\caches\7.5\fileHashes)" [_thread_blocked, id=8728, stack(0x0000006268f00000,0x0000006269000000)]
  0x00000242fd948f40 JavaThread "File watcher server" daemon [_thread_in_native, id=768, stack(0x0000006269100000,0x0000006269200000)]
  0x00000242fd9485a0 JavaThread "File watcher consumer" daemon [_thread_blocked, id=9524, stack(0x0000006269200000,0x0000006269300000)]
  0x00000242fd949db0 JavaThread "Cache worker for checksums cache (C:\Users\Soumaila\Desktop\yanana\android\.gradle\7.5\checksums)" [_thread_blocked, id=6784, stack(0x0000006269000000,0x0000006269100000)]
  0x00000242fd948a70 JavaThread "Cache worker for cache directory md-rule (C:\Users\Soumaila\.gradle\caches\7.5\md-rule)" [_thread_blocked, id=10408, stack(0x0000006269300000,0x0000006269400000)]
  0x00000242fd94a280 JavaThread "Cache worker for file content cache (C:\Users\Soumaila\.gradle\caches\7.5\fileContent)" [_thread_blocked, id=5352, stack(0x0000006269400000,0x0000006269500000)]
  0x00000242ffab66e0 JavaThread "Cache worker for file hash cache (C:\Users\Soumaila\Desktop\yanana\android\.gradle\7.5\fileHashes)" [_thread_blocked, id=12956, stack(0x0000006269600000,0x0000006269700000)]
  0x00000242ffab4a00 JavaThread "Cache worker for cache directory md-supplier (C:\Users\Soumaila\.gradle\caches\7.5\md-supplier)" [_thread_blocked, id=14248, stack(0x0000006269700000,0x0000006269800000)]
  0x00000242ffab4060 JavaThread "Cache worker for execution history cache (C:\Users\Soumaila\.gradle\caches\7.5\executionHistory)" [_thread_blocked, id=13704, stack(0x0000006269800000,0x0000006269900000)]
  0x00000242808d9500 JavaThread "C2 CompilerThread1" daemon [_thread_in_native, id=2164, stack(0x0000006269500000,0x0000006269600000)]
  0x00000242ffab7550 JavaThread "jar transforms" [_thread_blocked, id=8736, stack(0x0000006269a00000,0x0000006269b00000)]
  0x00000242ffab7a20 JavaThread "jar transforms Thread 2" [_thread_blocked, id=12936, stack(0x0000006269b00000,0x0000006269c00000)]
  0x00000242ffab4ed0 JavaThread "jar transforms Thread 3" [_thread_blocked, id=12552, stack(0x0000006269c00000,0x0000006269d00000)]
  0x00000242ffab6bb0 JavaThread "jar transforms Thread 4" [_thread_blocked, id=14268, stack(0x0000006269d00000,0x0000006269e00000)]
  0x00000242ffab06a0 JavaThread "Cache worker for dependencies-accessors (C:\Users\Soumaila\Desktop\yanana\android\.gradle\7.5\dependencies-accessors)" [_thread_blocked, id=12984, stack(0x0000006269e00000,0x0000006269f00000)]
  0x00000242ffab7ef0 JavaThread "Cache worker for Build Output Cleanup Cache (C:\Users\Soumaila\Desktop\yanana\android\.gradle\buildOutputCleanup)" [_thread_blocked, id=5280, stack(0x0000006269f00000,0x000000626a000000)]
  0x00000242ffab2d20 JavaThread "Unconstrained build operations" [_thread_blocked, id=15084, stack(0x000000626a000000,0x000000626a100000)]
  0x00000242ffab2380 JavaThread "Unconstrained build operations Thread 2" [_thread_blocked, id=12132, stack(0x000000626a100000,0x000000626a200000)]
  0x00000242ffab1040 JavaThread "Unconstrained build operations Thread 3" [_thread_blocked, id=14596, stack(0x000000626a200000,0x000000626a300000)]
  0x00000242ffab5d40 JavaThread "Unconstrained build operations Thread 4" [_thread_blocked, id=7788, stack(0x000000626a300000,0x000000626a400000)]
  0x00000242ffab1510 JavaThread "Unconstrained build operations Thread 5" [_thread_blocked, id=8616, stack(0x000000626a400000,0x000000626a500000)]
  0x00000242ffab53a0 JavaThread "Unconstrained build operations Thread 6" [_thread_blocked, id=1292, stack(0x000000626a500000,0x000000626a600000)]
  0x00000242ffab5870 JavaThread "Unconstrained build operations Thread 7" [_thread_blocked, id=9136, stack(0x000000626a600000,0x000000626a700000)]
  0x00000242ffab2850 JavaThread "Unconstrained build operations Thread 8" [_thread_blocked, id=12920, stack(0x000000626a700000,0x000000626a800000)]
  0x00000242ffab6210 JavaThread "Unconstrained build operations Thread 9" [_thread_blocked, id=9956, stack(0x000000626a800000,0x000000626a900000)]
  0x00000242ffab19e0 JavaThread "Unconstrained build operations Thread 10" [_thread_blocked, id=15016, stack(0x000000626a900000,0x000000626aa00000)]
  0x00000242ff50ca80 JavaThread "Unconstrained build operations Thread 11" [_thread_blocked, id=8636, stack(0x000000626aa00000,0x000000626ab00000)]
  0x00000242ff50b740 JavaThread "Unconstrained build operations Thread 12" [_thread_blocked, id=1700, stack(0x000000626ab00000,0x000000626ac00000)]
  0x00000242ff508720 JavaThread "Unconstrained build operations Thread 13" [_thread_blocked, id=13732, stack(0x000000626ac00000,0x000000626ad00000)]
  0x00000242ff50d420 JavaThread "Unconstrained build operations Thread 14" [_thread_blocked, id=12988, stack(0x000000626ad00000,0x000000626ae00000)]
  0x00000242ff50d8f0 JavaThread "Unconstrained build operations Thread 15" [_thread_blocked, id=7840, stack(0x000000626ae00000,0x000000626af00000)]
  0x00000242ff50ada0 JavaThread "Unconstrained build operations Thread 16" [_thread_blocked, id=3020, stack(0x000000626af00000,0x000000626b000000)]
  0x00000242ff50f100 JavaThread "Unconstrained build operations Thread 17" [_thread_blocked, id=928, stack(0x000000626b000000,0x000000626b100000)]
  0x00000242ff50faa0 JavaThread "Unconstrained build operations Thread 18" [_thread_blocked, id=14204, stack(0x000000626b100000,0x000000626b200000)]
  0x00000242ff50e290 JavaThread "Unconstrained build operations Thread 19" [_thread_blocked, id=8876, stack(0x000000626b200000,0x000000626b300000)]
  0x00000242ff508bf0 JavaThread "Unconstrained build operations Thread 20" [_thread_blocked, id=7292, stack(0x000000626b300000,0x000000626b400000)]
  0x00000242ff50bc10 JavaThread "Unconstrained build operations Thread 21" [_thread_blocked, id=6008, stack(0x000000626b400000,0x000000626b500000)]
  0x00000242ff50c5b0 JavaThread "Unconstrained build operations Thread 22" [_thread_blocked, id=9332, stack(0x000000626b500000,0x000000626b600000)]
  0x00000242ff50c0e0 JavaThread "Unconstrained build operations Thread 23" [_thread_blocked, id=2292, stack(0x000000626b600000,0x000000626b700000)]
  0x00000242ff509590 JavaThread "Unconstrained build operations Thread 24" [_thread_blocked, id=8696, stack(0x000000626b700000,0x000000626b800000)]
  0x00000242ff50cf50 JavaThread "Unconstrained build operations Thread 25" [_thread_blocked, id=9652, stack(0x000000626b800000,0x000000626b900000)]
  0x00000242ff50ddc0 JavaThread "Unconstrained build operations Thread 26" [_thread_blocked, id=9516, stack(0x000000626b900000,0x000000626ba00000)]
  0x00000242ff509a60 JavaThread "Unconstrained build operations Thread 27" [_thread_blocked, id=7968, stack(0x000000626ba00000,0x000000626bb00000)]
  0x00000242ff50e760 JavaThread "Unconstrained build operations Thread 28" [_thread_blocked, id=4064, stack(0x000000626bb00000,0x000000626bc00000)]
  0x00000242ff50ec30 JavaThread "Unconstrained build operations Thread 29" [_thread_blocked, id=10028, stack(0x000000626bc00000,0x000000626bd00000)]
  0x00000242ff509f30 JavaThread "Unconstrained build operations Thread 30" [_thread_blocked, id=10200, stack(0x000000626bd00000,0x000000626be00000)]
  0x00000242ff50f5d0 JavaThread "Unconstrained build operations Thread 31" [_thread_blocked, id=9108, stack(0x000000626be00000,0x000000626bf00000)]
  0x00000242ff50ff70 JavaThread "Unconstrained build operations Thread 32" [_thread_blocked, id=2652, stack(0x000000626bf00000,0x000000626c000000)]
  0x00000242ff50a400 JavaThread "Unconstrained build operations Thread 33" [_thread_blocked, id=14020, stack(0x000000626c000000,0x000000626c100000)]
  0x00000242ff50a8d0 JavaThread "Unconstrained build operations Thread 34" [_thread_blocked, id=13584, stack(0x000000626c100000,0x000000626c200000)]
  0x00000242ff5090c0 JavaThread "Unconstrained build operations Thread 35" [_thread_blocked, id=13640, stack(0x000000626c200000,0x000000626c300000)]
  0x00000242ff50b270 JavaThread "Unconstrained build operations Thread 36" [_thread_blocked, id=11388, stack(0x000000626c300000,0x000000626c400000)]
  0x00000242806f6210 JavaThread "Unconstrained build operations Thread 37" [_thread_blocked, id=13660, stack(0x000000626c400000,0x000000626c500000)]
  0x00000242806fb3e0 JavaThread "Unconstrained build operations Thread 38" [_thread_blocked, id=9600, stack(0x000000626c500000,0x000000626c600000)]
  0x00000242806f9230 JavaThread "Unconstrained build operations Thread 39" [_thread_blocked, id=15032, stack(0x000000626c600000,0x000000626c700000)]
  0x00000242806f66e0 JavaThread "Unconstrained build operations Thread 40" [_thread_blocked, id=15152, stack(0x000000626c700000,0x000000626c800000)]
  0x00000242806f6bb0 JavaThread "Cache worker for kotlin-dsl (C:\Users\Soumaila\.gradle\caches\7.5\kotlin-dsl)" [_thread_blocked, id=840, stack(0x000000626c800000,0x000000626c900000)]
  0x00000242806f8890 JavaThread "Cache worker for Build Output Cleanup Cache (C:\src\flutter\flutter\packages\flutter_tools\gradle\.gradle\buildOutputCleanup)" [_thread_blocked, id=2580, stack(0x000000626c900000,0x000000626ca00000)]
  0x00000242806f5870 JavaThread "Memory manager" [_thread_blocked, id=6348, stack(0x000000626ca00000,0x000000626cb00000)]

Other Threads:
  0x00000242f8c8fa30 VMThread "VM Thread" [stack: 0x0000006267300000,0x0000006267400000] [id=14160]
  0x00000242fd198e60 WatcherThread [stack: 0x0000006267f00000,0x0000006268000000] [id=14416]
  0x00000242deabee10 GCTaskThread "GC Thread#0" [stack: 0x0000006266e00000,0x0000006266f00000] [id=9452]
  0x00000242fd5159c0 GCTaskThread "GC Thread#1" [stack: 0x0000006268100000,0x0000006268200000] [id=6660]
  0x00000242fd88f1e0 GCTaskThread "GC Thread#2" [stack: 0x0000006268200000,0x0000006268300000] [id=12072]
  0x00000242fe01db60 GCTaskThread "GC Thread#3" [stack: 0x0000006268300000,0x0000006268400000] [id=7464]
  0x00000242deacbd50 ConcurrentGCThread "G1 Main Marker" [stack: 0x0000006266f00000,0x0000006267000000] [id=11216]
  0x00000242deacdf10 ConcurrentGCThread "G1 Conc#0" [stack: 0x0000006267000000,0x0000006267100000] [id=3012]
  0x00000242deb35540 ConcurrentGCThread "G1 Refine#0" [stack: 0x0000006267100000,0x0000006267200000] [id=14960]
  0x0000024281148650 ConcurrentGCThread "G1 Refine#1" [stack: 0x0000006269900000,0x0000006269a00000] [id=11080]
  0x00000242deb35f60 ConcurrentGCThread "G1 Service" [stack: 0x0000006267200000,0x0000006267300000] [id=9984]

Threads with active compile tasks:
C2 CompilerThread0    11596 6163  s!   4       jdk.internal.loader.URLClassPath::getLoader (194 bytes)
C2 CompilerThread1    11596 6172       4       jdk.internal.loader.URLClassPath::getResource (74 bytes)

VM state: not at safepoint (normal execution)

VM Mutex/Monitor currently owned by a thread: None

Heap address: 0x00000000a0000000, size: 1536 MB, Compressed Oops mode: 32-bit

CDS archive(s) not mapped
Compressed class space mapped at: 0x0000000100000000-0x0000000140000000, reserved size: 1073741824
Narrow klass base: 0x0000000000000000, Narrow klass shift: 3, Narrow klass range: 0x140000000

GC Precious Log:
 CPUs: 4 total, 4 available
 Memory: 8097M
 Large Page Support: Disabled
 NUMA Support: Disabled
 Compressed Oops: Enabled (32-bit)
 Heap Region Size: 1M
 Heap Min Capacity: 8M
 Heap Initial Capacity: 128M
 Heap Max Capacity: 1536M
 Pre-touch: Disabled
 Parallel Workers: 4
 Concurrent Workers: 1
 Concurrent Refinement Workers: 4
 Periodic GC: Disabled

Heap:
 garbage-first heap   total 194560K, used 58444K [0x00000000a0000000, 0x0000000100000000)
  region size 1024K, 8 young (8192K), 1 survivors (1024K)
 Metaspace       used 57604K, committed 58176K, reserved 1114112K
  class space    used 7763K, committed 8000K, reserved 1048576K

Heap Regions: E=young(eden), S=young(survivor), O=old, HS=humongous(starts), HC=humongous(continues), CS=collection set, F=free, OA=open archive, CA=closed archive, TAMS=top-at-mark-start (previous, next)
|   0|0x00000000a0000000, 0x00000000a0100000, 0x00000000a0100000|100%|HS|  |TAMS 0x00000000a0100000, 0x00000000a0000000| Complete 
|   1|0x00000000a0100000, 0x00000000a0200000, 0x00000000a0200000|100%|HC|  |TAMS 0x00000000a0200000, 0x00000000a0100000| Complete 
|   2|0x00000000a0200000, 0x00000000a0300000, 0x00000000a0300000|100%|HC|  |TAMS 0x00000000a0300000, 0x00000000a0200000| Complete 
|   3|0x00000000a0300000, 0x00000000a0400000, 0x00000000a0400000|100%| O|  |TAMS 0x00000000a0400000, 0x00000000a0300000| Untracked 
|   4|0x00000000a0400000, 0x00000000a0500000, 0x00000000a0500000|100%| O|  |TAMS 0x00000000a0500000, 0x00000000a0400000| Untracked 
|   5|0x00000000a0500000, 0x00000000a0600000, 0x00000000a0600000|100%| O|  |TAMS 0x00000000a0600000, 0x00000000a0500000| Untracked 
|   6|0x00000000a0600000, 0x00000000a0700000, 0x00000000a0700000|100%| O|  |TAMS 0x00000000a0700000, 0x00000000a0600000| Untracked 
|   7|0x00000000a0700000, 0x00000000a0800000, 0x00000000a0800000|100%| O|  |TAMS 0x00000000a0800000, 0x00000000a0700000| Untracked 
|   8|0x00000000a0800000, 0x00000000a0900000, 0x00000000a0900000|100%| O|  |TAMS 0x00000000a0900000, 0x00000000a0800000| Untracked 
|   9|0x00000000a0900000, 0x00000000a0a00000, 0x00000000a0a00000|100%| O|  |TAMS 0x00000000a0a00000, 0x00000000a0900000| Untracked 
|  10|0x00000000a0a00000, 0x00000000a0a00000, 0x00000000a0b00000|  0%| F|  |TAMS 0x00000000a0a00000, 0x00000000a0a00000| Untracked 
|  11|0x00000000a0b00000, 0x00000000a0c00000, 0x00000000a0c00000|100%| O|  |TAMS 0x00000000a0c00000, 0x00000000a0b00000| Untracked 
|  12|0x00000000a0c00000, 0x00000000a0d00000, 0x00000000a0d00000|100%| O|  |TAMS 0x00000000a0d00000, 0x00000000a0c00000| Untracked 
|  13|0x00000000a0d00000, 0x00000000a0e00000, 0x00000000a0e00000|100%| O|  |TAMS 0x00000000a0e00000, 0x00000000a0d00000| Untracked 
|  14|0x00000000a0e00000, 0x00000000a0f00000, 0x00000000a0f00000|100%| O|  |TAMS 0x00000000a0f00000, 0x00000000a0e00000| Untracked 
|  15|0x00000000a0f00000, 0x00000000a1000000, 0x00000000a1000000|100%| O|  |TAMS 0x00000000a1000000, 0x00000000a0f00000| Untracked 
|  16|0x00000000a1000000, 0x00000000a1100000, 0x00000000a1100000|100%| O|  |TAMS 0x00000000a1100000, 0x00000000a1000000| Untracked 
|  17|0x00000000a1100000, 0x00000000a1200000, 0x00000000a1200000|100%| O|  |TAMS 0x00000000a1200000, 0x00000000a1100000| Untracked 
|  18|0x00000000a1200000, 0x00000000a1300000, 0x00000000a1300000|100%| O|  |TAMS 0x00000000a1300000, 0x00000000a1200000| Untracked 
|  19|0x00000000a1300000, 0x00000000a1400000, 0x00000000a1400000|100%| O|  |TAMS 0x00000000a1400000, 0x00000000a1300000| Untracked 
|  20|0x00000000a1400000, 0x00000000a1500000, 0x00000000a1500000|100%| O|  |TAMS 0x00000000a1500000, 0x00000000a1400000| Untracked 
|  21|0x00000000a1500000, 0x00000000a1600000, 0x00000000a1600000|100%| O|  |TAMS 0x00000000a1600000, 0x00000000a1500000| Untracked 
|  22|0x00000000a1600000, 0x00000000a1700000, 0x00000000a1700000|100%| O|  |TAMS 0x00000000a1700000, 0x00000000a1600000| Untracked 
|  23|0x00000000a1700000, 0x00000000a1800000, 0x00000000a1800000|100%| O|  |TAMS 0x00000000a1800000, 0x00000000a1700000| Untracked 
|  24|0x00000000a1800000, 0x00000000a1900000, 0x00000000a1900000|100%| O|  |TAMS 0x00000000a1900000, 0x00000000a1800000| Untracked 
|  25|0x00000000a1900000, 0x00000000a1a00000, 0x00000000a1a00000|100%| O|  |TAMS 0x00000000a1a00000, 0x00000000a1900000| Untracked 
|  26|0x00000000a1a00000, 0x00000000a1b00000, 0x00000000a1b00000|100%| O|  |TAMS 0x00000000a1b00000, 0x00000000a1a00000| Untracked 
|  27|0x00000000a1b00000, 0x00000000a1c00000, 0x00000000a1c00000|100%| O|  |TAMS 0x00000000a1c00000, 0x00000000a1b00000| Untracked 
|  28|0x00000000a1c00000, 0x00000000a1d00000, 0x00000000a1d00000|100%| O|  |TAMS 0x00000000a1d00000, 0x00000000a1c00000| Untracked 
|  29|0x00000000a1d00000, 0x00000000a1e00000, 0x00000000a1e00000|100%| O|  |TAMS 0x00000000a1e00000, 0x00000000a1d00000| Untracked 
|  30|0x00000000a1e00000, 0x00000000a1f00000, 0x00000000a1f00000|100%| O|  |TAMS 0x00000000a1f00000, 0x00000000a1e00000| Untracked 
|  31|0x00000000a1f00000, 0x00000000a2000000, 0x00000000a2000000|100%| O|  |TAMS 0x00000000a2000000, 0x00000000a1f00000| Untracked 
|  32|0x00000000a2000000, 0x00000000a2100000, 0x00000000a2100000|100%|HS|  |TAMS 0x00000000a2100000, 0x00000000a2000000| Complete 
|  33|0x00000000a2100000, 0x00000000a2200000, 0x00000000a2200000|100%|HS|  |TAMS 0x00000000a2200000, 0x00000000a2100000| Complete 
|  34|0x00000000a2200000, 0x00000000a2300000, 0x00000000a2300000|100%|HS|  |TAMS 0x00000000a2300000, 0x00000000a2200000| Complete 
|  35|0x00000000a2300000, 0x00000000a2400000, 0x00000000a2400000|100%| O|  |TAMS 0x00000000a2400000, 0x00000000a2300000| Untracked 
|  36|0x00000000a2400000, 0x00000000a2500000, 0x00000000a2500000|100%| O|  |TAMS 0x00000000a2500000, 0x00000000a2400000| Untracked 
|  37|0x00000000a2500000, 0x00000000a2600000, 0x00000000a2600000|100%| O|  |TAMS 0x00000000a2600000, 0x00000000a2500000| Untracked 
|  38|0x00000000a2600000, 0x00000000a2700000, 0x00000000a2700000|100%| O|  |TAMS 0x00000000a2700000, 0x00000000a2600000| Untracked 
|  39|0x00000000a2700000, 0x00000000a2800000, 0x00000000a2800000|100%| O|  |TAMS 0x00000000a2800000, 0x00000000a2700000| Untracked 
|  40|0x00000000a2800000, 0x00000000a2900000, 0x00000000a2900000|100%| O|  |TAMS 0x00000000a2900000, 0x00000000a2800000| Untracked 
|  41|0x00000000a2900000, 0x00000000a2a00000, 0x00000000a2a00000|100%|HS|  |TAMS 0x00000000a2a00000, 0x00000000a2900000| Complete 
|  42|0x00000000a2a00000, 0x00000000a2b00000, 0x00000000a2b00000|100%|HC|  |TAMS 0x00000000a2b00000, 0x00000000a2a00000| Complete 
|  43|0x00000000a2b00000, 0x00000000a2c00000, 0x00000000a2c00000|100%|HC|  |TAMS 0x00000000a2c00000, 0x00000000a2b00000| Complete 
|  44|0x00000000a2c00000, 0x00000000a2d00000, 0x00000000a2d00000|100%| O|  |TAMS 0x00000000a2d00000, 0x00000000a2c00000| Untracked 
|  45|0x00000000a2d00000, 0x00000000a2e00000, 0x00000000a2e00000|100%|HS|  |TAMS 0x00000000a2e00000, 0x00000000a2d00000| Complete 
|  46|0x00000000a2e00000, 0x00000000a2f00000, 0x00000000a2f00000|100%|HC|  |TAMS 0x00000000a2f00000, 0x00000000a2e00000| Complete 
|  47|0x00000000a2f00000, 0x00000000a3000000, 0x00000000a3000000|100%| O|  |TAMS 0x00000000a3000000, 0x00000000a2f00000| Untracked 
|  48|0x00000000a3000000, 0x00000000a3100000, 0x00000000a3100000|100%| O|  |TAMS 0x00000000a3100000, 0x00000000a3000000| Untracked 
|  49|0x00000000a3100000, 0x00000000a3200000, 0x00000000a3200000|100%| O|  |TAMS 0x00000000a3200000, 0x00000000a3100000| Untracked 
|  50|0x00000000a3200000, 0x00000000a3300000, 0x00000000a3300000|100%| O|  |TAMS 0x00000000a3300000, 0x00000000a3200000| Untracked 
|  51|0x00000000a3300000, 0x00000000a3349200, 0x00000000a3400000| 28%| O|  |TAMS 0x00000000a3349008, 0x00000000a3300000| Complete 
|  52|0x00000000a3400000, 0x00000000a3400000, 0x00000000a3500000|  0%| F|  |TAMS 0x00000000a3400000, 0x00000000a3400000| Untracked 
|  53|0x00000000a3500000, 0x00000000a3500000, 0x00000000a3600000|  0%| F|  |TAMS 0x00000000a3500000, 0x00000000a3500000| Untracked 
|  54|0x00000000a3600000, 0x00000000a3600000, 0x00000000a3700000|  0%| F|  |TAMS 0x00000000a3600000, 0x00000000a3600000| Untracked 
|  55|0x00000000a3700000, 0x00000000a3700000, 0x00000000a3800000|  0%| F|  |TAMS 0x00000000a3700000, 0x00000000a3700000| Untracked 
|  56|0x00000000a3800000, 0x00000000a3800000, 0x00000000a3900000|  0%| F|  |TAMS 0x00000000a3800000, 0x00000000a3800000| Untracked 
|  57|0x00000000a3900000, 0x00000000a3900000, 0x00000000a3a00000|  0%| F|  |TAMS 0x00000000a3900000, 0x00000000a3900000| Untracked 
|  58|0x00000000a3a00000, 0x00000000a3a00000, 0x00000000a3b00000|  0%| F|  |TAMS 0x00000000a3a00000, 0x00000000a3a00000| Untracked 
|  59|0x00000000a3b00000, 0x00000000a3b00000, 0x00000000a3c00000|  0%| F|  |TAMS 0x00000000a3b00000, 0x00000000a3b00000| Untracked 
|  60|0x00000000a3c00000, 0x00000000a3c00000, 0x00000000a3d00000|  0%| F|  |TAMS 0x00000000a3c00000, 0x00000000a3c00000| Untracked 
|  61|0x00000000a3d00000, 0x00000000a3d00000, 0x00000000a3e00000|  0%| F|  |TAMS 0x00000000a3d00000, 0x00000000a3d00000| Untracked 
|  62|0x00000000a3e00000, 0x00000000a3e00000, 0x00000000a3f00000|  0%| F|  |TAMS 0x00000000a3e00000, 0x00000000a3e00000| Untracked 
|  63|0x00000000a3f00000, 0x00000000a3f00000, 0x00000000a4000000|  0%| F|  |TAMS 0x00000000a3f00000, 0x00000000a3f00000| Untracked 
|  64|0x00000000a4000000, 0x00000000a4000000, 0x00000000a4100000|  0%| F|  |TAMS 0x00000000a4000000, 0x00000000a4000000| Untracked 
|  65|0x00000000a4100000, 0x00000000a4100000, 0x00000000a4200000|  0%| F|  |TAMS 0x00000000a4100000, 0x00000000a4100000| Untracked 
|  66|0x00000000a4200000, 0x00000000a4200000, 0x00000000a4300000|  0%| F|  |TAMS 0x00000000a4200000, 0x00000000a4200000| Untracked 
|  67|0x00000000a4300000, 0x00000000a4300000, 0x00000000a4400000|  0%| F|  |TAMS 0x00000000a4300000, 0x00000000a4300000| Untracked 
|  68|0x00000000a4400000, 0x00000000a4400000, 0x00000000a4500000|  0%| F|  |TAMS 0x00000000a4400000, 0x00000000a4400000| Untracked 
|  69|0x00000000a4500000, 0x00000000a4500000, 0x00000000a4600000|  0%| F|  |TAMS 0x00000000a4500000, 0x00000000a4500000| Untracked 
|  70|0x00000000a4600000, 0x00000000a4600000, 0x00000000a4700000|  0%| F|  |TAMS 0x00000000a4600000, 0x00000000a4600000| Untracked 
|  71|0x00000000a4700000, 0x00000000a4700000, 0x00000000a4800000|  0%| F|  |TAMS 0x00000000a4700000, 0x00000000a4700000| Untracked 
|  72|0x00000000a4800000, 0x00000000a4800000, 0x00000000a4900000|  0%| F|  |TAMS 0x00000000a4800000, 0x00000000a4800000| Untracked 
|  73|0x00000000a4900000, 0x00000000a4900000, 0x00000000a4a00000|  0%| F|  |TAMS 0x00000000a4900000, 0x00000000a4900000| Untracked 
|  74|0x00000000a4a00000, 0x00000000a4ac9f40, 0x00000000a4b00000| 78%| S|CS|TAMS 0x00000000a4a00000, 0x00000000a4a00000| Complete 
|  75|0x00000000a4b00000, 0x00000000a4b00000, 0x00000000a4c00000|  0%| F|  |TAMS 0x00000000a4b00000, 0x00000000a4b00000| Untracked 
|  76|0x00000000a4c00000, 0x00000000a4c00000, 0x00000000a4d00000|  0%| F|  |TAMS 0x00000000a4c00000, 0x00000000a4c00000| Untracked 
|  77|0x00000000a4d00000, 0x00000000a4d00000, 0x00000000a4e00000|  0%| F|  |TAMS 0x00000000a4d00000, 0x00000000a4d00000| Untracked 
|  78|0x00000000a4e00000, 0x00000000a4e00000, 0x00000000a4f00000|  0%| F|  |TAMS 0x00000000a4e00000, 0x00000000a4e00000| Untracked 
|  79|0x00000000a4f00000, 0x00000000a4f00000, 0x00000000a5000000|  0%| F|  |TAMS 0x00000000a4f00000, 0x00000000a4f00000| Untracked 
|  80|0x00000000a5000000, 0x00000000a5000000, 0x00000000a5100000|  0%| F|  |TAMS 0x00000000a5000000, 0x00000000a5000000| Untracked 
|  81|0x00000000a5100000, 0x00000000a5100000, 0x00000000a5200000|  0%| F|  |TAMS 0x00000000a5100000, 0x00000000a5100000| Untracked 
|  82|0x00000000a5200000, 0x00000000a5200000, 0x00000000a5300000|  0%| F|  |TAMS 0x00000000a5200000, 0x00000000a5200000| Untracked 
|  83|0x00000000a5300000, 0x00000000a5300000, 0x00000000a5400000|  0%| F|  |TAMS 0x00000000a5300000, 0x00000000a5300000| Untracked 
|  84|0x00000000a5400000, 0x00000000a5400000, 0x00000000a5500000|  0%| F|  |TAMS 0x00000000a5400000, 0x00000000a5400000| Untracked 
|  85|0x00000000a5500000, 0x00000000a5500000, 0x00000000a5600000|  0%| F|  |TAMS 0x00000000a5500000, 0x00000000a5500000| Untracked 
|  86|0x00000000a5600000, 0x00000000a5600000, 0x00000000a5700000|  0%| F|  |TAMS 0x00000000a5600000, 0x00000000a5600000| Untracked 
|  87|0x00000000a5700000, 0x00000000a5700000, 0x00000000a5800000|  0%| F|  |TAMS 0x00000000a5700000, 0x00000000a5700000| Untracked 
|  88|0x00000000a5800000, 0x00000000a5800000, 0x00000000a5900000|  0%| F|  |TAMS 0x00000000a5800000, 0x00000000a5800000| Untracked 
|  89|0x00000000a5900000, 0x00000000a5900000, 0x00000000a5a00000|  0%| F|  |TAMS 0x00000000a5900000, 0x00000000a5900000| Untracked 
|  90|0x00000000a5a00000, 0x00000000a5a00000, 0x00000000a5b00000|  0%| F|  |TAMS 0x00000000a5a00000, 0x00000000a5a00000| Untracked 
|  91|0x00000000a5b00000, 0x00000000a5b00000, 0x00000000a5c00000|  0%| F|  |TAMS 0x00000000a5b00000, 0x00000000a5b00000| Untracked 
|  92|0x00000000a5c00000, 0x00000000a5c00000, 0x00000000a5d00000|  0%| F|  |TAMS 0x00000000a5c00000, 0x00000000a5c00000| Untracked 
|  93|0x00000000a5d00000, 0x00000000a5d00000, 0x00000000a5e00000|  0%| F|  |TAMS 0x00000000a5d00000, 0x00000000a5d00000| Untracked 
|  94|0x00000000a5e00000, 0x00000000a5e00000, 0x00000000a5f00000|  0%| F|  |TAMS 0x00000000a5e00000, 0x00000000a5e00000| Untracked 
|  95|0x00000000a5f00000, 0x00000000a5f00000, 0x00000000a6000000|  0%| F|  |TAMS 0x00000000a5f00000, 0x00000000a5f00000| Untracked 
|  96|0x00000000a6000000, 0x00000000a6000000, 0x00000000a6100000|  0%| F|  |TAMS 0x00000000a6000000, 0x00000000a6000000| Untracked 
|  97|0x00000000a6100000, 0x00000000a6100000, 0x00000000a6200000|  0%| F|  |TAMS 0x00000000a6100000, 0x00000000a6100000| Untracked 
|  98|0x00000000a6200000, 0x00000000a6200000, 0x00000000a6300000|  0%| F|  |TAMS 0x00000000a6200000, 0x00000000a6200000| Untracked 
|  99|0x00000000a6300000, 0x00000000a6300000, 0x00000000a6400000|  0%| F|  |TAMS 0x00000000a6300000, 0x00000000a6300000| Untracked 
| 100|0x00000000a6400000, 0x00000000a6400000, 0x00000000a6500000|  0%| F|  |TAMS 0x00000000a6400000, 0x00000000a6400000| Untracked 
| 101|0x00000000a6500000, 0x00000000a6500000, 0x00000000a6600000|  0%| F|  |TAMS 0x00000000a6500000, 0x00000000a6500000| Untracked 
| 102|0x00000000a6600000, 0x00000000a6600000, 0x00000000a6700000|  0%| F|  |TAMS 0x00000000a6600000, 0x00000000a6600000| Untracked 
| 103|0x00000000a6700000, 0x00000000a6700000, 0x00000000a6800000|  0%| F|  |TAMS 0x00000000a6700000, 0x00000000a6700000| Untracked 
| 104|0x00000000a6800000, 0x00000000a6800000, 0x00000000a6900000|  0%| F|  |TAMS 0x00000000a6800000, 0x00000000a6800000| Untracked 
| 105|0x00000000a6900000, 0x00000000a6900000, 0x00000000a6a00000|  0%| F|  |TAMS 0x00000000a6900000, 0x00000000a6900000| Untracked 
| 106|0x00000000a6a00000, 0x00000000a6a00000, 0x00000000a6b00000|  0%| F|  |TAMS 0x00000000a6a00000, 0x00000000a6a00000| Untracked 
| 107|0x00000000a6b00000, 0x00000000a6b00000, 0x00000000a6c00000|  0%| F|  |TAMS 0x00000000a6b00000, 0x00000000a6b00000| Untracked 
| 108|0x00000000a6c00000, 0x00000000a6c00000, 0x00000000a6d00000|  0%| F|  |TAMS 0x00000000a6c00000, 0x00000000a6c00000| Untracked 
| 109|0x00000000a6d00000, 0x00000000a6d00000, 0x00000000a6e00000|  0%| F|  |TAMS 0x00000000a6d00000, 0x00000000a6d00000| Untracked 
| 110|0x00000000a6e00000, 0x00000000a6e00000, 0x00000000a6f00000|  0%| F|  |TAMS 0x00000000a6e00000, 0x00000000a6e00000| Untracked 
| 111|0x00000000a6f00000, 0x00000000a6f00000, 0x00000000a7000000|  0%| F|  |TAMS 0x00000000a6f00000, 0x00000000a6f00000| Untracked 
| 112|0x00000000a7000000, 0x00000000a7000000, 0x00000000a7100000|  0%| F|  |TAMS 0x00000000a7000000, 0x00000000a7000000| Untracked 
| 113|0x00000000a7100000, 0x00000000a7100000, 0x00000000a7200000|  0%| F|  |TAMS 0x00000000a7100000, 0x00000000a7100000| Untracked 
| 114|0x00000000a7200000, 0x00000000a7200000, 0x00000000a7300000|  0%| F|  |TAMS 0x00000000a7200000, 0x00000000a7200000| Untracked 
| 115|0x00000000a7300000, 0x00000000a7300000, 0x00000000a7400000|  0%| F|  |TAMS 0x00000000a7300000, 0x00000000a7300000| Untracked 
| 116|0x00000000a7400000, 0x00000000a7400000, 0x00000000a7500000|  0%| F|  |TAMS 0x00000000a7400000, 0x00000000a7400000| Untracked 
| 117|0x00000000a7500000, 0x00000000a7500000, 0x00000000a7600000|  0%| F|  |TAMS 0x00000000a7500000, 0x00000000a7500000| Untracked 
| 118|0x00000000a7600000, 0x00000000a7600000, 0x00000000a7700000|  0%| F|  |TAMS 0x00000000a7600000, 0x00000000a7600000| Untracked 
| 119|0x00000000a7700000, 0x00000000a7700000, 0x00000000a7800000|  0%| F|  |TAMS 0x00000000a7700000, 0x00000000a7700000| Untracked 
| 120|0x00000000a7800000, 0x00000000a7800000, 0x00000000a7900000|  0%| F|  |TAMS 0x00000000a7800000, 0x00000000a7800000| Untracked 
| 121|0x00000000a7900000, 0x00000000a7900000, 0x00000000a7a00000|  0%| F|  |TAMS 0x00000000a7900000, 0x00000000a7900000| Untracked 
| 122|0x00000000a7a00000, 0x00000000a7a00000, 0x00000000a7b00000|  0%| F|  |TAMS 0x00000000a7a00000, 0x00000000a7a00000| Untracked 
| 123|0x00000000a7b00000, 0x00000000a7b00000, 0x00000000a7c00000|  0%| F|  |TAMS 0x00000000a7b00000, 0x00000000a7b00000| Untracked 
| 124|0x00000000a7c00000, 0x00000000a7c00000, 0x00000000a7d00000|  0%| F|  |TAMS 0x00000000a7c00000, 0x00000000a7c00000| Untracked 
| 125|0x00000000a7d00000, 0x00000000a7d00000, 0x00000000a7e00000|  0%| F|  |TAMS 0x00000000a7d00000, 0x00000000a7d00000| Untracked 
| 126|0x00000000a7e00000, 0x00000000a7e00000, 0x00000000a7f00000|  0%| F|  |TAMS 0x00000000a7e00000, 0x00000000a7e00000| Untracked 
| 127|0x00000000a7f00000, 0x00000000a7f00000, 0x00000000a8000000|  0%| F|  |TAMS 0x00000000a7f00000, 0x00000000a7f00000| Untracked 
| 128|0x00000000a8000000, 0x00000000a8000000, 0x00000000a8100000|  0%| F|  |TAMS 0x00000000a8000000, 0x00000000a8000000| Untracked 
| 129|0x00000000a8100000, 0x00000000a8100000, 0x00000000a8200000|  0%| F|  |TAMS 0x00000000a8100000, 0x00000000a8100000| Untracked 
| 130|0x00000000a8200000, 0x00000000a8200000, 0x00000000a8300000|  0%| F|  |TAMS 0x00000000a8200000, 0x00000000a8200000| Untracked 
| 131|0x00000000a8300000, 0x00000000a8300000, 0x00000000a8400000|  0%| F|  |TAMS 0x00000000a8300000, 0x00000000a8300000| Untracked 
| 132|0x00000000a8400000, 0x00000000a8400000, 0x00000000a8500000|  0%| F|  |TAMS 0x00000000a8400000, 0x00000000a8400000| Untracked 
| 133|0x00000000a8500000, 0x00000000a8500000, 0x00000000a8600000|  0%| F|  |TAMS 0x00000000a8500000, 0x00000000a8500000| Untracked 
| 134|0x00000000a8600000, 0x00000000a8600000, 0x00000000a8700000|  0%| F|  |TAMS 0x00000000a8600000, 0x00000000a8600000| Untracked 
| 135|0x00000000a8700000, 0x00000000a8700000, 0x00000000a8800000|  0%| F|  |TAMS 0x00000000a8700000, 0x00000000a8700000| Untracked 
| 136|0x00000000a8800000, 0x00000000a8800000, 0x00000000a8900000|  0%| F|  |TAMS 0x00000000a8800000, 0x00000000a8800000| Untracked 
| 137|0x00000000a8900000, 0x00000000a8900000, 0x00000000a8a00000|  0%| F|  |TAMS 0x00000000a8900000, 0x00000000a8900000| Untracked 
| 138|0x00000000a8a00000, 0x00000000a8a00000, 0x00000000a8b00000|  0%| F|  |TAMS 0x00000000a8a00000, 0x00000000a8a00000| Untracked 
| 139|0x00000000a8b00000, 0x00000000a8b00000, 0x00000000a8c00000|  0%| F|  |TAMS 0x00000000a8b00000, 0x00000000a8b00000| Untracked 
| 140|0x00000000a8c00000, 0x00000000a8c00000, 0x00000000a8d00000|  0%| F|  |TAMS 0x00000000a8c00000, 0x00000000a8c00000| Untracked 
| 141|0x00000000a8d00000, 0x00000000a8d00000, 0x00000000a8e00000|  0%| F|  |TAMS 0x00000000a8d00000, 0x00000000a8d00000| Untracked 
| 142|0x00000000a8e00000, 0x00000000a8e00000, 0x00000000a8f00000|  0%| F|  |TAMS 0x00000000a8e00000, 0x00000000a8e00000| Untracked 
| 143|0x00000000a8f00000, 0x00000000a8f00000, 0x00000000a9000000|  0%| F|  |TAMS 0x00000000a8f00000, 0x00000000a8f00000| Untracked 
| 144|0x00000000a9000000, 0x00000000a9000000, 0x00000000a9100000|  0%| F|  |TAMS 0x00000000a9000000, 0x00000000a9000000| Untracked 
| 145|0x00000000a9100000, 0x00000000a9100000, 0x00000000a9200000|  0%| F|  |TAMS 0x00000000a9100000, 0x00000000a9100000| Untracked 
| 146|0x00000000a9200000, 0x00000000a9200000, 0x00000000a9300000|  0%| F|  |TAMS 0x00000000a9200000, 0x00000000a9200000| Untracked 
| 147|0x00000000a9300000, 0x00000000a9300000, 0x00000000a9400000|  0%| F|  |TAMS 0x00000000a9300000, 0x00000000a9300000| Untracked 
| 148|0x00000000a9400000, 0x00000000a9400000, 0x00000000a9500000|  0%| F|  |TAMS 0x00000000a9400000, 0x00000000a9400000| Untracked 
| 149|0x00000000a9500000, 0x00000000a9500000, 0x00000000a9600000|  0%| F|  |TAMS 0x00000000a9500000, 0x00000000a9500000| Untracked 
| 150|0x00000000a9600000, 0x00000000a9600000, 0x00000000a9700000|  0%| F|  |TAMS 0x00000000a9600000, 0x00000000a9600000| Untracked 
| 151|0x00000000a9700000, 0x00000000a9700000, 0x00000000a9800000|  0%| F|  |TAMS 0x00000000a9700000, 0x00000000a9700000| Untracked 
| 152|0x00000000a9800000, 0x00000000a9800000, 0x00000000a9900000|  0%| F|  |TAMS 0x00000000a9800000, 0x00000000a9800000| Untracked 
| 153|0x00000000a9900000, 0x00000000a9900000, 0x00000000a9a00000|  0%| F|  |TAMS 0x00000000a9900000, 0x00000000a9900000| Untracked 
| 154|0x00000000a9a00000, 0x00000000a9a00000, 0x00000000a9b00000|  0%| F|  |TAMS 0x00000000a9a00000, 0x00000000a9a00000| Untracked 
| 155|0x00000000a9b00000, 0x00000000a9b00000, 0x00000000a9c00000|  0%| F|  |TAMS 0x00000000a9b00000, 0x00000000a9b00000| Untracked 
| 156|0x00000000a9c00000, 0x00000000a9c00000, 0x00000000a9d00000|  0%| F|  |TAMS 0x00000000a9c00000, 0x00000000a9c00000| Untracked 
| 157|0x00000000a9d00000, 0x00000000a9d00000, 0x00000000a9e00000|  0%| F|  |TAMS 0x00000000a9d00000, 0x00000000a9d00000| Untracked 
| 158|0x00000000a9e00000, 0x00000000a9e00000, 0x00000000a9f00000|  0%| F|  |TAMS 0x00000000a9e00000, 0x00000000a9e00000| Untracked 
| 159|0x00000000a9f00000, 0x00000000a9f00000, 0x00000000aa000000|  0%| F|  |TAMS 0x00000000a9f00000, 0x00000000a9f00000| Untracked 
| 160|0x00000000aa000000, 0x00000000aa000000, 0x00000000aa100000|  0%| F|  |TAMS 0x00000000aa000000, 0x00000000aa000000| Untracked 
| 161|0x00000000aa100000, 0x00000000aa100000, 0x00000000aa200000|  0%| F|  |TAMS 0x00000000aa100000, 0x00000000aa100000| Untracked 
| 162|0x00000000aa200000, 0x00000000aa200000, 0x00000000aa300000|  0%| F|  |TAMS 0x00000000aa200000, 0x00000000aa200000| Untracked 
| 163|0x00000000aa300000, 0x00000000aa300000, 0x00000000aa400000|  0%| F|  |TAMS 0x00000000aa300000, 0x00000000aa300000| Untracked 
| 164|0x00000000aa400000, 0x00000000aa400000, 0x00000000aa500000|  0%| F|  |TAMS 0x00000000aa400000, 0x00000000aa400000| Untracked 
| 165|0x00000000aa500000, 0x00000000aa500000, 0x00000000aa600000|  0%| F|  |TAMS 0x00000000aa500000, 0x00000000aa500000| Untracked 
| 166|0x00000000aa600000, 0x00000000aa600000, 0x00000000aa700000|  0%| F|  |TAMS 0x00000000aa600000, 0x00000000aa600000| Untracked 
| 167|0x00000000aa700000, 0x00000000aa700000, 0x00000000aa800000|  0%| F|  |TAMS 0x00000000aa700000, 0x00000000aa700000| Untracked 
| 168|0x00000000aa800000, 0x00000000aa800000, 0x00000000aa900000|  0%| F|  |TAMS 0x00000000aa800000, 0x00000000aa800000| Untracked 
| 169|0x00000000aa900000, 0x00000000aa900000, 0x00000000aaa00000|  0%| F|  |TAMS 0x00000000aa900000, 0x00000000aa900000| Untracked 
| 170|0x00000000aaa00000, 0x00000000aaa00000, 0x00000000aab00000|  0%| F|  |TAMS 0x00000000aaa00000, 0x00000000aaa00000| Untracked 
| 171|0x00000000aab00000, 0x00000000aab00000, 0x00000000aac00000|  0%| F|  |TAMS 0x00000000aab00000, 0x00000000aab00000| Untracked 
| 172|0x00000000aac00000, 0x00000000aac00000, 0x00000000aad00000|  0%| F|  |TAMS 0x00000000aac00000, 0x00000000aac00000| Untracked 
| 173|0x00000000aad00000, 0x00000000aad00000, 0x00000000aae00000|  0%| F|  |TAMS 0x00000000aad00000, 0x00000000aad00000| Untracked 
| 174|0x00000000aae00000, 0x00000000aae00000, 0x00000000aaf00000|  0%| F|  |TAMS 0x00000000aae00000, 0x00000000aae00000| Untracked 
| 175|0x00000000aaf00000, 0x00000000aaf00000, 0x00000000ab000000|  0%| F|  |TAMS 0x00000000aaf00000, 0x00000000aaf00000| Untracked 
| 176|0x00000000ab000000, 0x00000000ab000000, 0x00000000ab100000|  0%| F|  |TAMS 0x00000000ab000000, 0x00000000ab000000| Untracked 
| 177|0x00000000ab100000, 0x00000000ab100000, 0x00000000ab200000|  0%| F|  |TAMS 0x00000000ab100000, 0x00000000ab100000| Untracked 
| 178|0x00000000ab200000, 0x00000000ab200000, 0x00000000ab300000|  0%| F|  |TAMS 0x00000000ab200000, 0x00000000ab200000| Untracked 
| 179|0x00000000ab300000, 0x00000000ab300000, 0x00000000ab400000|  0%| F|  |TAMS 0x00000000ab300000, 0x00000000ab300000| Untracked 
| 180|0x00000000ab400000, 0x00000000ab400000, 0x00000000ab500000|  0%| F|  |TAMS 0x00000000ab400000, 0x00000000ab400000| Untracked 
| 181|0x00000000ab500000, 0x00000000ab500000, 0x00000000ab600000|  0%| F|  |TAMS 0x00000000ab500000, 0x00000000ab500000| Untracked 
| 182|0x00000000ab600000, 0x00000000ab600000, 0x00000000ab700000|  0%| F|  |TAMS 0x00000000ab600000, 0x00000000ab600000| Untracked 
| 183|0x00000000ab700000, 0x00000000ab780800, 0x00000000ab800000| 50%| E|  |TAMS 0x00000000ab700000, 0x00000000ab700000| Complete 
| 184|0x00000000ab800000, 0x00000000ab900000, 0x00000000ab900000|100%| E|CS|TAMS 0x00000000ab800000, 0x00000000ab800000| Complete 
| 225|0x00000000ae100000, 0x00000000ae200000, 0x00000000ae200000|100%| E|CS|TAMS 0x00000000ae100000, 0x00000000ae100000| Complete 
| 226|0x00000000ae200000, 0x00000000ae300000, 0x00000000ae300000|100%| E|CS|TAMS 0x00000000ae200000, 0x00000000ae200000| Complete 
| 227|0x00000000ae300000, 0x00000000ae400000, 0x00000000ae400000|100%| E|CS|TAMS 0x00000000ae300000, 0x00000000ae300000| Complete 
| 228|0x00000000ae400000, 0x00000000ae500000, 0x00000000ae500000|100%| E|CS|TAMS 0x00000000ae400000, 0x00000000ae400000| Complete 
| 229|0x00000000ae500000, 0x00000000ae600000, 0x00000000ae600000|100%| E|CS|TAMS 0x00000000ae500000, 0x00000000ae500000| Complete 

Card table byte_map: [0x00000242f3060000,0x00000242f3360000] _byte_map_base: 0x00000242f2b60000

Marking Bits (Prev, Next): (CMBitMap*) 0x00000242deabf460, (CMBitMap*) 0x00000242deabf420
 Prev Bits: [0x00000242f4e60000, 0x00000242f6660000)
 Next Bits: [0x00000242f3660000, 0x00000242f4e60000)

Polling page: 0x00000242e3700000

Metaspace:

Usage:
  Non-class:     48.67 MB used.
      Class:      7.58 MB used.
       Both:     56.26 MB used.

Virtual space:
  Non-class space:       64.00 MB reserved,      49.00 MB ( 77%) committed,  1 nodes.
      Class space:        1.00 GB reserved,       7.81 MB ( <1%) committed,  1 nodes.
             Both:        1.06 GB reserved,      56.81 MB (  5%) committed. 

Chunk freelists:
   Non-Class:  14.61 MB
       Class:  8.17 MB
        Both:  22.78 MB

MaxMetaspaceSize: unlimited
CompressedClassSpaceSize: 1.00 GB
Initial GC threshold: 21.00 MB
Current GC threshold: 94.19 MB
CDS: off
MetaspaceReclaimPolicy: balanced
 - commit_granule_bytes: 65536.
 - commit_granule_words: 8192.
 - virtual_space_node_default_size: 8388608.
 - enlarge_chunks_in_place: 1.
 - new_chunks_are_fully_committed: 0.
 - uncommit_free_chunks: 1.
 - use_allocation_guard: 0.
 - handle_deallocations: 1.


Internal statistics:

num_allocs_failed_limit: 6.
num_arena_births: 602.
num_arena_deaths: 0.
num_vsnodes_births: 2.
num_vsnodes_deaths: 0.
num_space_committed: 909.
num_space_uncommitted: 0.
num_chunks_returned_to_freelist: 6.
num_chunks_taken_from_freelist: 2455.
num_chunk_merges: 3.
num_chunk_splits: 1631.
num_chunks_enlarged: 1121.
num_inconsistent_stats: 0.

CodeHeap 'non-profiled nmethods': size=120000Kb used=2703Kb max_used=3165Kb free=117296Kb
 bounds [0x00000242eb1f0000, 0x00000242eb510000, 0x00000242f2720000]
CodeHeap 'profiled nmethods': size=120000Kb used=10113Kb max_used=11360Kb free=109886Kb
 bounds [0x00000242e3720000, 0x00000242e4240000, 0x00000242eac50000]
CodeHeap 'non-nmethods': size=5760Kb used=2337Kb max_used=2425Kb free=3422Kb
 bounds [0x00000242eac50000, 0x00000242eaec0000, 0x00000242eb1f0000]
 total_blobs=6260 nmethods=5401 adapters=770
 compilation: enabled
              stopped_count=0, restarted_count=0
 full_count=0

Compilation events (20 events):
Event: 11.306 Thread 0x00000242fd02a5d0 6181       3       kotlin.reflect.jvm.internal.impl.name.FqName::asString (16 bytes)
Event: 11.307 Thread 0x00000242fd02a5d0 nmethod 6181 0x00000242e3c30390 code [0x00000242e3c30540, 0x00000242e3c30798]
Event: 11.307 Thread 0x00000242fd02a5d0 6182       3       kotlin.reflect.jvm.internal.impl.name.FqNameUnsafe::asString (13 bytes)
Event: 11.307 Thread 0x00000242fd02a5d0 nmethod 6182 0x00000242e3c2ff90 code [0x00000242e3c30140, 0x00000242e3c302c8]
Event: 11.307 Thread 0x00000242fd02a5d0 6183       3       kotlin.reflect.jvm.internal.impl.name.FqName::<init> (26 bytes)
Event: 11.307 Thread 0x00000242fd02a5d0 nmethod 6183 0x00000242e376b610 code [0x00000242e376b7e0, 0x00000242e376bc78]
Event: 11.319 Thread 0x00000242fd02a5d0 6184       2       java.util.jar.JarFile::getVersionedEntry (133 bytes)
Event: 11.321 Thread 0x00000242fd02a5d0 nmethod 6184 0x00000242e3811a10 code [0x00000242e3811c40, 0x00000242e3812218]
Event: 11.337 Thread 0x00000242fd02a5d0 6185       3       kotlin.reflect.jvm.internal.pcollections.IntTree::get (60 bytes)
Event: 11.338 Thread 0x00000242fd02a5d0 nmethod 6185 0x00000242e376b010 code [0x00000242e376b1e0, 0x00000242e376b4b8]
Event: 11.378 Thread 0x00000242fd02a5d0 6186       3       kotlin.jvm.internal.Lambda::<init> (10 bytes)
Event: 11.378 Thread 0x00000242fd02a5d0 nmethod 6186 0x00000242e3c2fb10 code [0x00000242e3c2fca0, 0x00000242e3c2fe18]
Event: 11.398 Thread 0x00000242fd02a5d0 6187       3       kotlin.jvm.internal.Intrinsics::areEqual (22 bytes)
Event: 11.398 Thread 0x00000242fd02a5d0 nmethod 6187 0x00000242e39aab10 code [0x00000242e39aacc0, 0x00000242e39aaf28]
Event: 11.419 Thread 0x00000242fd02a5d0 6188       3       java.lang.Character::isJavaIdentifierPart (9 bytes)
Event: 11.419 Thread 0x00000242fd02a5d0 nmethod 6188 0x00000242e39aa690 code [0x00000242e39aa840, 0x00000242e39aaa38]
Event: 11.419 Thread 0x00000242fd02a5d0 6189       3       java.lang.CharacterDataLatin1::isJavaIdentifierPart (20 bytes)
Event: 11.420 Thread 0x00000242fd02a5d0 nmethod 6189 0x00000242e3b46910 code [0x00000242e3b46ac0, 0x00000242e3b46cd8]
Event: 11.471 Thread 0x00000242fd02a5d0 6190       3       kotlin.reflect.jvm.internal.ReflectProperties$Val::<init> (5 bytes)
Event: 11.471 Thread 0x00000242fd02a5d0 nmethod 6190 0x00000242e3c91910 code [0x00000242e3c91aa0, 0x00000242e3c91bf8]

GC Heap History (20 events):
Event: 8.711 GC heap before
{Heap before GC invocations=12 (full 0):
 garbage-first heap   total 78848K, used 60139K [0x00000000a0000000, 0x0000000100000000)
  region size 1024K, 31 young (31744K), 2 survivors (2048K)
 Metaspace       used 46401K, committed 46720K, reserved 1114112K
  class space    used 6092K, committed 6208K, reserved 1048576K
}
Event: 8.722 GC heap after
{Heap after GC invocations=13 (full 0):
 garbage-first heap   total 78848K, used 31546K [0x00000000a0000000, 0x0000000100000000)
  region size 1024K, 4 young (4096K), 4 survivors (4096K)
 Metaspace       used 46401K, committed 46720K, reserved 1114112K
  class space    used 6092K, committed 6208K, reserved 1048576K
}
Event: 9.527 GC heap before
{Heap before GC invocations=13 (full 0):
 garbage-first heap   total 78848K, used 60218K [0x00000000a0000000, 0x0000000100000000)
  region size 1024K, 32 young (32768K), 4 survivors (4096K)
 Metaspace       used 49420K, committed 49856K, reserved 1114112K
  class space    used 6497K, committed 6720K, reserved 1048576K
}
Event: 9.537 GC heap after
{Heap after GC invocations=14 (full 0):
 garbage-first heap   total 78848K, used 33986K [0x00000000a0000000, 0x0000000100000000)
  region size 1024K, 3 young (3072K), 3 survivors (3072K)
 Metaspace       used 49420K, committed 49856K, reserved 1114112K
  class space    used 6497K, committed 6720K, reserved 1048576K
}
Event: 10.052 GC heap before
{Heap before GC invocations=14 (full 0):
 garbage-first heap   total 78848K, used 62658K [0x00000000a0000000, 0x0000000100000000)
  region size 1024K, 29 young (29696K), 3 survivors (3072K)
 Metaspace       used 50372K, committed 50880K, reserved 1114112K
  class space    used 6617K, committed 6848K, reserved 1048576K
}
Event: 10.057 GC heap after
{Heap after GC invocations=15 (full 0):
 garbage-first heap   total 78848K, used 40954K [0x00000000a0000000, 0x0000000100000000)
  region size 1024K, 4 young (4096K), 4 survivors (4096K)
 Metaspace       used 50372K, committed 50880K, reserved 1114112K
  class space    used 6617K, committed 6848K, reserved 1048576K
}
Event: 10.058 GC heap before
{Heap before GC invocations=15 (full 0):
 garbage-first heap   total 78848K, used 40954K [0x00000000a0000000, 0x0000000100000000)
  region size 1024K, 5 young (5120K), 4 survivors (4096K)
 Metaspace       used 50372K, committed 50880K, reserved 1114112K
  class space    used 6617K, committed 6848K, reserved 1048576K
}
Event: 10.061 GC heap after
{Heap after GC invocations=16 (full 0):
 garbage-first heap   total 95232K, used 41325K [0x00000000a0000000, 0x0000000100000000)
  region size 1024K, 1 young (1024K), 1 survivors (1024K)
 Metaspace       used 50372K, committed 50880K, reserved 1114112K
  class space    used 6617K, committed 6848K, reserved 1048576K
}
Event: 10.076 GC heap before
{Heap before GC invocations=16 (full 0):
 garbage-first heap   total 95232K, used 45421K [0x00000000a0000000, 0x0000000100000000)
  region size 1024K, 3 young (3072K), 1 survivors (1024K)
 Metaspace       used 50372K, committed 50880K, reserved 1114112K
  class space    used 6617K, committed 6848K, reserved 1048576K
}
Event: 10.078 GC heap after
{Heap after GC invocations=17 (full 0):
 garbage-first heap   total 95232K, used 45645K [0x00000000a0000000, 0x0000000100000000)
  region size 1024K, 2 young (2048K), 2 survivors (2048K)
 Metaspace       used 50372K, committed 50880K, reserved 1114112K
  class space    used 6617K, committed 6848K, reserved 1048576K
}
Event: 10.431 GC heap before
{Heap before GC invocations=18 (full 0):
 garbage-first heap   total 95232K, used 64077K [0x00000000a0000000, 0x0000000100000000)
  region size 1024K, 18 young (18432K), 2 survivors (2048K)
 Metaspace       used 51464K, committed 51968K, reserved 1114112K
  class space    used 6840K, committed 7040K, reserved 1048576K
}
Event: 10.435 GC heap after
{Heap after GC invocations=19 (full 0):
 garbage-first heap   total 95232K, used 50247K [0x00000000a0000000, 0x0000000100000000)
  region size 1024K, 3 young (3072K), 3 survivors (3072K)
 Metaspace       used 51464K, committed 51968K, reserved 1114112K
  class space    used 6840K, committed 7040K, reserved 1048576K
}
Event: 10.614 GC heap before
{Heap before GC invocations=19 (full 0):
 garbage-first heap   total 95232K, used 63559K [0x00000000a0000000, 0x0000000100000000)
  region size 1024K, 17 young (17408K), 3 survivors (3072K)
 Metaspace       used 52219K, committed 52736K, reserved 1114112K
  class space    used 6969K, committed 7168K, reserved 1048576K
}
Event: 10.618 GC heap after
{Heap after GC invocations=20 (full 0):
 garbage-first heap   total 95232K, used 50714K [0x00000000a0000000, 0x0000000100000000)
  region size 1024K, 1 young (1024K), 1 survivors (1024K)
 Metaspace       used 52219K, committed 52736K, reserved 1114112K
  class space    used 6969K, committed 7168K, reserved 1048576K
}
Event: 11.056 GC heap before
{Heap before GC invocations=21 (full 0):
 garbage-first heap   total 95232K, used 67098K [0x00000000a0000000, 0x0000000100000000)
  region size 1024K, 17 young (17408K), 1 survivors (1024K)
 Metaspace       used 54970K, committed 55488K, reserved 1114112K
  class space    used 7386K, committed 7616K, reserved 1048576K
}
Event: 11.061 GC heap after
{Heap after GC invocations=22 (full 0):
 garbage-first heap   total 95232K, used 51606K [0x00000000a0000000, 0x0000000100000000)
  region size 1024K, 2 young (2048K), 2 survivors (2048K)
 Metaspace       used 54970K, committed 55488K, reserved 1114112K
  class space    used 7386K, committed 7616K, reserved 1048576K
}
Event: 11.100 GC heap before
{Heap before GC invocations=22 (full 0):
 garbage-first heap   total 95232K, used 53654K [0x00000000a0000000, 0x0000000100000000)
  region size 1024K, 4 young (4096K), 2 survivors (2048K)
 Metaspace       used 55139K, committed 55616K, reserved 1114112K
  class space    used 7416K, committed 7616K, reserved 1048576K
}
Event: 11.105 GC heap after
{Heap after GC invocations=23 (full 0):
 garbage-first heap   total 95232K, used 51761K [0x00000000a0000000, 0x0000000100000000)
  region size 1024K, 1 young (1024K), 1 survivors (1024K)
 Metaspace       used 55139K, committed 55616K, reserved 1114112K
  class space    used 7416K, committed 7616K, reserved 1048576K
}
Event: 11.435 GC heap before
{Heap before GC invocations=23 (full 0):
 garbage-first heap   total 95232K, used 68145K [0x00000000a0000000, 0x0000000100000000)
  region size 1024K, 18 young (18432K), 1 survivors (1024K)
 Metaspace       used 56861K, committed 57408K, reserved 1114112K
  class space    used 7660K, committed 7872K, reserved 1048576K
}
Event: 11.440 GC heap after
{Heap after GC invocations=24 (full 0):
 garbage-first heap   total 235520K, used 52300K [0x00000000a0000000, 0x0000000100000000)
  region size 1024K, 1 young (1024K), 1 survivors (1024K)
 Metaspace       used 56861K, committed 57408K, reserved 1114112K
  class space    used 7660K, committed 7872K, reserved 1048576K
}

Dll operation events (2 events):
Event: 0.010 Loaded shared library C:\Program Files\Android\Android Studio\jbr\bin\java.dll
Event: 0.509 Loaded shared library C:\Program Files\Android\Android Studio\jbr\bin\verify.dll

Deoptimization events (20 events):
Event: 11.187 Thread 0x00000242fe56a010 DEOPT PACKING pc=0x00000242eb3d8154 sp=0x00000062689f0480
Event: 11.187 Thread 0x00000242fe56a010 DEOPT UNPACKING pc=0x00000242eaca69a3 sp=0x00000062689f03d8 mode 2
Event: 11.189 Thread 0x00000242fe56a010 Uncommon trap: trap_request=0xffffffde fr.pc=0x00000242eb38b768 relative=0x0000000000005428
Event: 11.190 Thread 0x00000242fe56a010 Uncommon trap: reason=class_check action=maybe_recompile pc=0x00000242eb38b768 method=jdk.internal.loader.URLClassPath.getLoader(I)Ljdk/internal/loader/URLClassPath$Loader; @ 190 c2
Event: 11.190 Thread 0x00000242fe56a010 DEOPT PACKING pc=0x00000242eb38b768 sp=0x00000062689f0510
Event: 11.190 Thread 0x00000242fe56a010 DEOPT UNPACKING pc=0x00000242eaca69a3 sp=0x00000062689f0530 mode 2
Event: 11.190 Thread 0x00000242fe56a010 Uncommon trap: trap_request=0xffffffde fr.pc=0x00000242eb3d8154 relative=0x0000000000004ab4
Event: 11.190 Thread 0x00000242fe56a010 Uncommon trap: reason=class_check action=maybe_recompile pc=0x00000242eb3d8154 method=jdk.internal.loader.URLClassPath.getResource(Ljava/lang/String;Z)Ljdk/internal/loader/Resource; @ 53 c2
Event: 11.190 Thread 0x00000242fe56a010 DEOPT PACKING pc=0x00000242eb3d8154 sp=0x00000062689f0600
Event: 11.190 Thread 0x00000242fe56a010 DEOPT UNPACKING pc=0x00000242eaca69a3 sp=0x00000062689f0558 mode 2
Event: 11.242 Thread 0x00000242fe56a010 DEOPT PACKING pc=0x00000242e3cfd215 sp=0x00000062689f0c30
Event: 11.242 Thread 0x00000242fe56a010 DEOPT UNPACKING pc=0x00000242eaca7143 sp=0x00000062689f00b8 mode 0
Event: 11.311 Thread 0x00000242fe56a010 Uncommon trap: trap_request=0xffffff54 fr.pc=0x00000242eb367944 relative=0x00000000000008e4
Event: 11.311 Thread 0x00000242fe56a010 Uncommon trap: reason=speculate_null_assert action=make_not_entrant pc=0x00000242eb367944 method=java.util.jar.JarFile.getVersionedEntry(Ljava/lang/String;Ljava/util/jar/JarEntry;)Ljava/util/jar/JarEntry; @ 115 c2
Event: 11.311 Thread 0x00000242fe56a010 DEOPT PACKING pc=0x00000242eb367944 sp=0x00000062689f0670
Event: 11.311 Thread 0x00000242fe56a010 DEOPT UNPACKING pc=0x00000242eaca69a3 sp=0x00000062689f0648 mode 2
Event: 11.346 Thread 0x00000242fe56a010 DEOPT PACKING pc=0x00000242e3cfd215 sp=0x00000062689f0320
Event: 11.346 Thread 0x00000242fe56a010 DEOPT UNPACKING pc=0x00000242eaca7143 sp=0x00000062689ef7a8 mode 0
Event: 11.443 Thread 0x00000242fe56a010 DEOPT PACKING pc=0x00000242e3cfd215 sp=0x00000062689ef880
Event: 11.443 Thread 0x00000242fe56a010 DEOPT UNPACKING pc=0x00000242eaca7143 sp=0x00000062689eed08 mode 0

Classes unloaded (0 events):
No events

Classes redefined (0 events):
No events

Internal exceptions (20 events):
Event: 10.233 Thread 0x00000242fe56a010 Exception <a 'java/lang/NoSuchMethodError'{0x00000000a56c2e48}: 'java.lang.Object java.lang.invoke.Invokers$Holder.invoker(java.lang.Object, java.lang.Object, java.lang.Object, java.lang.Object, java.lang.Object, java.lang.Object, java.lang.Object, java.lang.Object, java.lang.Object)'> (0x00000000a56c2e48) 
thrown [s\src\hotspot\share\interpreter\linkResolver.cpp, line 771]
Event: 10.252 Thread 0x00000242fe56a010 Exception <a 'java/lang/NoSuchMethodError'{0x00000000a555fe18}: 'java.lang.Object java.lang.invoke.Invokers$Holder.invoker(java.lang.Object, java.lang.Object, java.lang.Object, java.lang.Object)'> (0x00000000a555fe18) 
thrown [s\src\hotspot\share\interpreter\linkResolver.cpp, line 771]
Event: 10.324 Thread 0x00000242fe56a010 Exception <a 'java/lang/IncompatibleClassChangeError'{0x00000000a52faff8}: Found class java.lang.Object, but interface was expected> (0x00000000a52faff8) 
thrown [s\src\hotspot\share\interpreter\linkResolver.cpp, line 838]
Event: 10.363 Thread 0x00000242fe56a010 Exception <a 'java/lang/IncompatibleClassChangeError'{0x00000000a5038aa0}: Found class java.lang.Object, but interface was expected> (0x00000000a5038aa0) 
thrown [s\src\hotspot\share\interpreter\linkResolver.cpp, line 838]
Event: 10.395 Thread 0x00000242fe56a010 Exception <a 'java/lang/NoSuchMethodError'{0x00000000a4e05f90}: 'int java.lang.invoke.DirectMethodHandle$Holder.invokeStaticInit(java.lang.Object, java.lang.Object, java.lang.Object, java.lang.Object, java.lang.Object)'> (0x00000000a4e05f90) 
thrown [s\src\hotspot\share\interpreter\linkResolver.cpp, line 771]
Event: 10.529 Thread 0x00000242fe56a010 Implicit null exception at 0x00000242eb49e68f to 0x00000242eb49ed18
Event: 10.550 Thread 0x00000242fe56a010 Exception <a 'java/lang/NoSuchMethodError'{0x00000000a525abd8}: 'java.lang.Object java.lang.invoke.DirectMethodHandle$Holder.newInvokeSpecial(java.lang.Object, java.lang.Object, int, int)'> (0x00000000a525abd8) 
thrown [s\src\hotspot\share\interpreter\linkResolver.cpp, line 771]
Event: 10.755 Thread 0x00000242fe56a010 Exception <a 'java/lang/NoSuchMethodError'{0x00000000a59bb8f0}: 'java.lang.Object java.lang.invoke.DirectMethodHandle$Holder.newInvokeSpecial(java.lang.Object, java.lang.Object, java.lang.Object, java.lang.Object, int)'> (0x00000000a59bb8f0) 
thrown [s\src\hotspot\share\interpreter\linkResolver.cpp, line 771]
Event: 10.756 Thread 0x00000242fe56a010 Exception <a 'java/lang/NoSuchMethodError'{0x00000000a59c2158}: 'java.lang.Object java.lang.invoke.DirectMethodHandle$Holder.invokeSpecial(java.lang.Object, java.lang.Object, java.lang.Object, java.lang.Object, java.lang.Object, int)'> (0x00000000a59c2158) 
thrown [s\src\hotspot\share\interpreter\linkResolver.cpp, line 771]
Event: 10.756 Thread 0x00000242fe56a010 Exception <a 'java/lang/NoSuchMethodError'{0x00000000a59c8370}: 'java.lang.Object java.lang.invoke.Invokers$Holder.linkToTargetMethod(java.lang.Object, java.lang.Object, java.lang.Object, int, java.lang.Object)'> (0x00000000a59c8370) 
thrown [s\src\hotspot\share\interpreter\linkResolver.cpp, line 771]
Event: 10.821 Thread 0x00000242fe56a010 Exception <a 'java/lang/IncompatibleClassChangeError'{0x00000000a57bd9c0}: Found class java.lang.Object, but interface was expected> (0x00000000a57bd9c0) 
thrown [s\src\hotspot\share\interpreter\linkResolver.cpp, line 838]
Event: 11.026 Thread 0x00000242fe56a010 Exception <a 'java/lang/NoSuchMethodError'{0x00000000a4d8ff50}: 'java.lang.Object java.lang.invoke.DirectMethodHandle$Holder.invokeSpecial(java.lang.Object, java.lang.Object, int, java.lang.Object, java.lang.Object, java.lang.Object)'> (0x00000000a4d8ff50) 
thrown [s\src\hotspot\share\interpreter\linkResolver.cpp, line 771]
Event: 11.184 Thread 0x00000242fe56a010 Exception <a 'java/lang/ClassNotFoundException'{0x00000000a58c41f0}: org/gradle/api/plugins/internal/DefaultBasePluginConventionBeanInfo> (0x00000000a58c41f0) 
thrown [s\src\hotspot\share\classfile\systemDictionary.cpp, line 256]
Event: 11.186 Thread 0x00000242fe56a010 Exception <a 'java/lang/ClassNotFoundException'{0x00000000a58e4d90}: org/gradle/api/plugins/BasePluginConventionBeanInfo> (0x00000000a58e4d90) 
thrown [s\src\hotspot\share\classfile\systemDictionary.cpp, line 256]
Event: 11.188 Thread 0x00000242fe56a010 Exception <a 'java/lang/ClassNotFoundException'{0x00000000a57060a0}: org/gradle/api/plugins/BasePluginConventionCustomizer> (0x00000000a57060a0) 
thrown [s\src\hotspot\share\classfile\systemDictionary.cpp, line 256]
Event: 11.190 Thread 0x00000242fe56a010 Exception <a 'java/lang/ClassNotFoundException'{0x00000000a5731848}: org/gradle/api/plugins/internal/DefaultBasePluginConventionCustomizer> (0x00000000a5731848) 
thrown [s\src\hotspot\share\classfile\systemDictionary.cpp, line 256]
Event: 11.196 Thread 0x00000242fe56a010 Exception <a 'java/lang/ClassNotFoundException'{0x00000000a578a1d0}: org/gradle/api/plugins/internal/DefaultJavaPluginConventionBeanInfo> (0x00000000a578a1d0) 
thrown [s\src\hotspot\share\classfile\systemDictionary.cpp, line 256]
Event: 11.197 Thread 0x00000242fe56a010 Exception <a 'java/lang/ClassNotFoundException'{0x00000000a57ab248}: org/gradle/api/plugins/JavaPluginConventionBeanInfo> (0x00000000a57ab248) 
thrown [s\src\hotspot\share\classfile\systemDictionary.cpp, line 256]
Event: 11.198 Thread 0x00000242fe56a010 Exception <a 'java/lang/ClassNotFoundException'{0x00000000a57cbdb8}: org/gradle/api/plugins/JavaPluginConventionCustomizer> (0x00000000a57cbdb8) 
thrown [s\src\hotspot\share\classfile\systemDictionary.cpp, line 256]
Event: 11.199 Thread 0x00000242fe56a010 Exception <a 'java/lang/ClassNotFoundException'{0x00000000a5601970}: org/gradle/api/plugins/internal/DefaultJavaPluginConventionCustomizer> (0x00000000a5601970) 
thrown [s\src\hotspot\share\classfile\systemDictionary.cpp, line 256]

VM Operations (20 events):
Event: 10.322 Executing VM operation: HandshakeAllThreads
Event: 10.322 Executing VM operation: HandshakeAllThreads done
Event: 10.327 Executing VM operation: HandshakeAllThreads
Event: 10.327 Executing VM operation: HandshakeAllThreads done
Event: 10.351 Executing VM operation: HandshakeAllThreads
Event: 10.352 Executing VM operation: HandshakeAllThreads done
Event: 10.431 Executing VM operation: G1CollectForAllocation
Event: 10.435 Executing VM operation: G1CollectForAllocation done
Event: 10.614 Executing VM operation: G1CollectForAllocation
Event: 10.620 Executing VM operation: G1CollectForAllocation done
Event: 10.710 Executing VM operation: G1Concurrent
Event: 10.715 Executing VM operation: G1Concurrent done
Event: 10.757 Executing VM operation: G1Concurrent
Event: 10.757 Executing VM operation: G1Concurrent done
Event: 11.056 Executing VM operation: G1CollectForAllocation
Event: 11.061 Executing VM operation: G1CollectForAllocation done
Event: 11.100 Executing VM operation: G1CollectForAllocation
Event: 11.105 Executing VM operation: G1CollectForAllocation done
Event: 11.435 Executing VM operation: G1CollectForAllocation
Event: 11.440 Executing VM operation: G1CollectForAllocation done

Events (20 events):
Event: 10.870 loading class jdk/jfr/FlightRecorder done
Event: 10.870 loading class javax/management/NotificationListener
Event: 10.870 loading class javax/management/NotificationListener done
Event: 10.870 loading class javax/management/NotificationFilter
Event: 10.870 loading class javax/management/NotificationFilter done
Event: 10.870 loading class jdk/management/jfr/FlightRecorderMXBeanImpl$MXBeanListener
Event: 10.870 loading class jdk/jfr/FlightRecorderListener
Event: 10.870 loading class jdk/jfr/FlightRecorderListener done
Event: 10.871 loading class jdk/management/jfr/FlightRecorderMXBeanImpl$MXBeanListener done
Event: 10.871 loading class javax/management/ListenerNotFoundException
Event: 10.871 loading class javax/management/ListenerNotFoundException done
Event: 10.872 loading class sun/reflect/misc/MethodUtil
Event: 10.872 loading class sun/reflect/misc/MethodUtil done
Event: 10.872 loading class sun/reflect/misc/MethodUtil$1
Event: 10.873 loading class sun/reflect/misc/MethodUtil$1 done
Event: 10.877 Thread 0x00000242806f5870 Thread added: 0x00000242806f5870
Event: 10.881 loading class java/lang/Byte$ByteCache
Event: 10.882 loading class java/lang/Byte$ByteCache done
Event: 11.182 loading class jdk/internal/loader/URLClassPath$FileLoader
Event: 11.182 loading class jdk/internal/loader/URLClassPath$FileLoader done


Dynamic libraries:
0x00007ff6070c0000 - 0x00007ff6070ca000 	C:\Program Files\Android\Android Studio\jbr\bin\java.exe
0x00007ffe35be0000 - 0x00007ffe35de9000 	C:\Windows\SYSTEM32\ntdll.dll
0x00007ffe34b80000 - 0x00007ffe34c3d000 	C:\Windows\System32\KERNEL32.DLL
0x00007ffe332c0000 - 0x00007ffe33645000 	C:\Windows\System32\KERNELBASE.dll
0x00007ffe338e0000 - 0x00007ffe339f1000 	C:\Windows\System32\ucrtbase.dll
0x00007ffe27610000 - 0x00007ffe27627000 	C:\Program Files\Android\Android Studio\jbr\bin\jli.dll
0x00007ffe1eea0000 - 0x00007ffe1eebb000 	C:\Program Files\Android\Android Studio\jbr\bin\VCRUNTIME140.dll
0x00007ffe34490000 - 0x00007ffe3463d000 	C:\Windows\System32\USER32.dll
0x00007ffe33a00000 - 0x00007ffe33a26000 	C:\Windows\System32\win32u.dll
0x00007ffe21060000 - 0x00007ffe21305000 	C:\Windows\WinSxS\amd64_microsoft.windows.common-controls_6595b64144ccf1df_6.0.22000.2600_none_1b65155c6ae217ae\COMCTL32.dll
0x00007ffe355b0000 - 0x00007ffe355da000 	C:\Windows\System32\GDI32.dll
0x00007ffe35960000 - 0x00007ffe35a03000 	C:\Windows\System32\msvcrt.dll
0x00007ffe33650000 - 0x00007ffe3376e000 	C:\Windows\System32\gdi32full.dll
0x00007ffe33070000 - 0x00007ffe3310d000 	C:\Windows\System32\msvcp_win.dll
0x00007ffe34640000 - 0x00007ffe34671000 	C:\Windows\System32\IMM32.DLL
0x00007ffe22ce0000 - 0x00007ffe22cec000 	C:\Program Files\Android\Android Studio\jbr\bin\vcruntime140_1.dll
0x00007ffe0d5f0000 - 0x00007ffe0d67d000 	C:\Program Files\Android\Android Studio\jbr\bin\msvcp140.dll
0x00007ffddc610000 - 0x00007ffddd290000 	C:\Program Files\Android\Android Studio\jbr\bin\server\jvm.dll
0x00007ffe358b0000 - 0x00007ffe35960000 	C:\Windows\System32\ADVAPI32.dll
0x00007ffe34a70000 - 0x00007ffe34b0e000 	C:\Windows\System32\sechost.dll
0x00007ffe35780000 - 0x00007ffe358a2000 	C:\Windows\System32\RPCRT4.dll
0x00007ffe11f60000 - 0x00007ffe11f69000 	C:\Windows\SYSTEM32\WSOCK32.dll
0x00007ffe340c0000 - 0x00007ffe3412f000 	C:\Windows\System32\WS2_32.dll
0x00007ffe27130000 - 0x00007ffe27163000 	C:\Windows\SYSTEM32\WINMM.dll
0x00007ffe21e80000 - 0x00007ffe21e8a000 	C:\Windows\SYSTEM32\VERSION.dll
0x00007ffe321e0000 - 0x00007ffe321f8000 	C:\Windows\SYSTEM32\kernel.appcore.dll
0x00007ffe2f3a0000 - 0x00007ffe2f3aa000 	C:\Program Files\Android\Android Studio\jbr\bin\jimage.dll
0x00007ffe226d0000 - 0x00007ffe228f1000 	C:\Windows\SYSTEM32\DBGHELP.DLL
0x00007ffe1bbd0000 - 0x00007ffe1bc01000 	C:\Windows\SYSTEM32\dbgcore.DLL
0x00007ffe33110000 - 0x00007ffe3318f000 	C:\Windows\System32\bcryptPrimitives.dll
0x00007ffe2f270000 - 0x00007ffe2f295000 	C:\Program Files\Android\Android Studio\jbr\bin\java.dll
0x00007ffe2f380000 - 0x00007ffe2f398000 	C:\Program Files\Android\Android Studio\jbr\bin\zip.dll
0x00007ffe34c40000 - 0x00007ffe35405000 	C:\Windows\System32\SHELL32.dll
0x00007ffe31160000 - 0x00007ffe319c2000 	C:\Windows\SYSTEM32\windows.storage.dll
0x00007ffe34680000 - 0x00007ffe349f6000 	C:\Windows\System32\combase.dll
0x00007ffe30ff0000 - 0x00007ffe31157000 	C:\Windows\SYSTEM32\wintypes.dll
0x00007ffe342f0000 - 0x00007ffe343da000 	C:\Windows\System32\SHCORE.dll
0x00007ffe33ed0000 - 0x00007ffe33f2d000 	C:\Windows\System32\shlwapi.dll
0x00007ffe32fa0000 - 0x00007ffe32fc5000 	C:\Windows\SYSTEM32\profapi.dll
0x00007ffe2f250000 - 0x00007ffe2f269000 	C:\Program Files\Android\Android Studio\jbr\bin\net.dll
0x00007ffe2d590000 - 0x00007ffe2d6a4000 	C:\Windows\SYSTEM32\WINHTTP.dll
0x00007ffe32680000 - 0x00007ffe326e7000 	C:\Windows\system32\mswsock.dll
0x00007ffe2e430000 - 0x00007ffe2e446000 	C:\Program Files\Android\Android Studio\jbr\bin\nio.dll
0x00007ffe2e420000 - 0x00007ffe2e430000 	C:\Program Files\Android\Android Studio\jbr\bin\verify.dll
0x00007ffe10b70000 - 0x00007ffe10b97000 	C:\Users\Soumaila\.gradle\native\e1d6ef7f7dcc3fd88c89a11ec53ec762bb8ba0a96d01ffa2cd45eb1d1d8dd5c5\windows-amd64\native-platform.dll
0x00007ffddf920000 - 0x00007ffddfa64000 	C:\Users\Soumaila\.gradle\native\0d407fdbe67a94daf76414ababcb853783967236a71b16ec16e742cd7a986fd3\windows-amd64\native-platform-file-events.dll
0x00007ffe280e0000 - 0x00007ffe280e9000 	C:\Program Files\Android\Android Studio\jbr\bin\management.dll
0x00007ffe280d0000 - 0x00007ffe280db000 	C:\Program Files\Android\Android Studio\jbr\bin\management_ext.dll
0x00007ffe34400000 - 0x00007ffe34408000 	C:\Windows\System32\PSAPI.DLL
0x00007ffe328c0000 - 0x00007ffe328d8000 	C:\Windows\SYSTEM32\CRYPTSP.dll
0x00007ffe32140000 - 0x00007ffe32175000 	C:\Windows\system32\rsaenh.dll
0x00007ffe32770000 - 0x00007ffe3279c000 	C:\Windows\SYSTEM32\USERENV.dll
0x00007ffe32a40000 - 0x00007ffe32a67000 	C:\Windows\SYSTEM32\bcrypt.dll
0x00007ffe328e0000 - 0x00007ffe328ec000 	C:\Windows\SYSTEM32\CRYPTBASE.dll
0x00007ffe31c80000 - 0x00007ffe31cad000 	C:\Windows\SYSTEM32\IPHLPAPI.DLL
0x00007ffe343e0000 - 0x00007ffe343e9000 	C:\Windows\System32\NSI.dll
0x00007ffe2d570000 - 0x00007ffe2d589000 	C:\Windows\SYSTEM32\dhcpcsvc6.DLL
0x00007ffe2d7d0000 - 0x00007ffe2d7ee000 	C:\Windows\SYSTEM32\dhcpcsvc.DLL
0x00007ffe31cb0000 - 0x00007ffe31d97000 	C:\Windows\SYSTEM32\DNSAPI.dll
0x00007ffe2f2c0000 - 0x00007ffe2f2c8000 	C:\Windows\system32\wshunix.dll

dbghelp: loaded successfully - version: 4.0.5 - missing functions: none
symbol engine: initialized successfully - sym options: 0x614 - pdb path: .;C:\Program Files\Android\Android Studio\jbr\bin;C:\Windows\SYSTEM32;C:\Windows\WinSxS\amd64_microsoft.windows.common-controls_6595b64144ccf1df_6.0.22000.2600_none_1b65155c6ae217ae;C:\Program Files\Android\Android Studio\jbr\bin\server;C:\Users\Soumaila\.gradle\native\e1d6ef7f7dcc3fd88c89a11ec53ec762bb8ba0a96d01ffa2cd45eb1d1d8dd5c5\windows-amd64;C:\Users\Soumaila\.gradle\native\0d407fdbe67a94daf76414ababcb853783967236a71b16ec16e742cd7a986fd3\windows-amd64

VM Arguments:
jvm_args: --add-opens=java.base/java.util=ALL-UNNAMED --add-opens=java.base/java.lang=ALL-UNNAMED --add-opens=java.base/java.lang.invoke=ALL-UNNAMED --add-opens=java.base/java.util=ALL-UNNAMED --add-opens=java.prefs/java.util.prefs=ALL-UNNAMED --add-opens=java.prefs/java.util.prefs=ALL-UNNAMED --add-opens=java.base/java.nio.charset=ALL-UNNAMED --add-opens=java.base/java.net=ALL-UNNAMED --add-opens=java.base/java.util.concurrent.atomic=ALL-UNNAMED -Xmx1536M -Dfile.encoding=windows-1252 -Duser.country=FR -Duser.language=fr -Duser.variant 
java_command: org.gradle.launcher.daemon.bootstrap.GradleDaemon 7.5
java_class_path (initial): C:\Users\Soumaila\.gradle\wrapper\dists\gradle-7.5-all\6qsw290k5lz422uaf8jf6m7co\gradle-7.5\lib\gradle-launcher-7.5.jar
Launcher Type: SUN_STANDARD

[Global flags]
     intx CICompilerCount                          = 3                                         {product} {ergonomic}
     uint ConcGCThreads                            = 1                                         {product} {ergonomic}
     uint G1ConcRefinementThreads                  = 4                                         {product} {ergonomic}
   size_t G1HeapRegionSize                         = 1048576                                   {product} {ergonomic}
    uintx GCDrainStackTargetSize                   = 64                                        {product} {ergonomic}
   size_t InitialHeapSize                          = 134217728                                 {product} {ergonomic}
   size_t MarkStackSize                            = 4194304                                   {product} {ergonomic}
   size_t MaxHeapSize                              = 1610612736                                {product} {command line}
   size_t MaxNewSize                               = 965738496                                 {product} {ergonomic}
   size_t MinHeapDeltaBytes                        = 1048576                                   {product} {ergonomic}
   size_t MinHeapSize                              = 8388608                                   {product} {ergonomic}
    uintx NonNMethodCodeHeapSize                   = 5832780                                {pd product} {ergonomic}
    uintx NonProfiledCodeHeapSize                  = 122912730                              {pd product} {ergonomic}
    uintx ProfiledCodeHeapSize                     = 122912730                              {pd product} {ergonomic}
    uintx ReservedCodeCacheSize                    = 251658240                              {pd product} {ergonomic}
     bool SegmentedCodeCache                       = true                                      {product} {ergonomic}
   size_t SoftMaxHeapSize                          = 1610612736                             {manageable} {ergonomic}
     bool UseCompressedClassPointers               = true                           {product lp64_product} {ergonomic}
     bool UseCompressedOops                        = true                           {product lp64_product} {ergonomic}
     bool UseG1GC                                  = true                                      {product} {ergonomic}
     bool UseLargePagesIndividualAllocation        = false                                  {pd product} {ergonomic}

Logging:
Log output configuration:
 #0: stdout all=warning uptime,level,tags
 #1: stderr all=off uptime,level,tags

Environment Variables:
JAVA_HOME=C:\Program Files\Android\Android Studio\jbr
CLASSPATH=C:\Users\Soumaila\Desktop\yanana\android\\gradle\wrapper\gradle-wrapper.jar
PATH=C:\Program Files\Android\Android Studio\jbr\bin;C:\Oraclew\Middleware\Oracle_FRHome1\bin;C:\oracle12C\product\12.2.0\dbhome_1\bin;C:\oracle\DevSuiteHome_2\jdk\jre\bin;C:\oracle\DevSuiteHome_2\jdk\jre\bin\client;C:\oracle\DevSuiteHome_2\jlib;C:\oracle\DevSuiteHome_2\bin;C:\oracle\DevSuiteHome_2\jre\1.4.2\bin\client;C:\oracle\DevSuiteHome_2\jre\1.4.2\bin;C:\oracle\product\10.2.0\db_1\bin;D:\DevSuiteHome_1\jdk\jre\bin\client;D:\DevSuiteHome_1\bin;D:\DevSuiteHome_1\jlib;C:\ProgramData\Oracle\Java\javapath;C:\oraclexe\app\oracle\product\11.2.0\server\bin;C:\Program Files (x86)\VMware\VMware Workstation\bin\;C:\Program Files\Common Files\Oracle\Java\javapath;C:\Windows\system32;C:\Windows;C:\Windows\System32\Wbem;C:\Windows\System32\WindowsPowerShell\v1.0\;C:\Windows\System32\OpenSSH\;C:\Program Files\Git\cmd;C:\src\flutter\flutter\bin;C:\Users\Soumaila\AppData\Roaming\Microsoft VS Code\bin;C:\MinGW\bin;C:\Program Files\Microsoft SQL Server\150\Tools\Binn\;C:\Program Files (x86)\Windows Kits\10\Windows Performance Toolkit\;C:\MATLAB701\bin\win32;C:\Program Files\Microsoft SQL Server\110\Tools\Binn\;C:\Oraclew\Middleware\Oracle_FRHome1\opmn\bin;C:\Oraclew\Middleware\Oracle_FRHome1\opmn\lib;C:\Oraclew\Middleware\Oracle_FRHome1\perl\bin;C:\Users\Soumaila\AppData\Local\Programs\Python\Python310\Scripts\;C:\Users\Soumaila\AppData\Local\Programs\Python\Python310\;C:\Users\Soumaila\AppData\Local\Microsoft\WindowsApps;C:\Program Files\JetBrains\PyCharm 2022.2.2\bin;C:\Users\Soumaila\AppData\Local\Programs\Microsoft VS Code\bin;C:\Users\Soumaila\AppData\Local\JetBrains\Toolbox\scripts;;C:\src\flutter\flutter\bin\mingit\cmd
USERNAME=Soumaila
LD_LIBRARY_PATH=C:\Oraclew\Middleware\Oracle_FRHome1\lib
OS=Windows_NT
PROCESSOR_IDENTIFIER=Intel64 Family 6 Model 69 Stepping 1, GenuineIntel
TMP=C:\Users\Soumaila\AppData\Local\Temp
TEMP=C:\Users\Soumaila\AppData\Local\Temp


JNI global refs:
JNI global refs: 23, weak refs: 1

JNI global refs memory usage: 843, weak refs: 841

OOME stack traces (most recent first):
Classloader memory used:
Loader org.gradle.internal.classloader.VisitableURLClassLoader                         : 3467K
Loader bootstrap                                                                       : 2553K
Loader org.gradle.initialization.MixInLegacyTypesClassLoader                           : 1065K
Loader jdk.internal.loader.ClassLoaders$PlatformClassLoader                            : 67934B
Loader jdk.internal.loader.ClassLoaders$AppClassLoader                                 : 25681B
Loader org.gradle.groovy.scripts.internal.DefaultScriptCompilationHandler$ScriptClassLoader: 14354B
Loader jdk.internal.reflect.DelegatingClassLoader                                      : 9180B
Loader org.codehaus.groovy.runtime.callsite.CallSiteClassLoader                        : 3646B
Loader org.gradle.internal.classloader.VisitableURLClassLoader                         : 735B
Loader sun.reflect.misc.MethodUtil                                                     : 373B

Classes loaded by more than one classloader:
Class org.gradle.internal.installation.GradleInstallation                             : loaded 2 times (x 73B)
Class org.gradle.internal.classpath.ClassPath                                         : loaded 2 times (x 68B)
Class org.gradle.api.internal.classpath.DefaultModuleRegistry                         : loaded 2 times (x 84B)
Class org.gradle.api.Action                                                           : loaded 2 times (x 68B)
Class build_zdyj6hlnlj6xwgbwcu00ca2d                                                  : loaded 2 times (x 178B)
Class org.gradle.api.internal.DefaultClassPathProvider                                : loaded 2 times (x 74B)
Class org.gradle.internal.installation.GradleInstallation$1                           : loaded 2 times (x 73B)
Class org.gradle.internal.classloader.FilteringClassLoader                            : loaded 2 times (x 102B)
Class org.gradle.internal.classpath.DefaultClassPath$ImmutableUniqueList$Builder      : loaded 2 times (x 73B)
Class org.gradle.internal.classloader.ClassLoaderVisitor                              : loaded 2 times (x 74B)
Class org.gradle.internal.service.DefaultServiceLocator                               : loaded 2 times (x 81B)
Class org.gradle.internal.service.UnknownServiceException                             : loaded 2 times (x 81B)
Class org.gradle.internal.classloader.DefaultClassLoaderFactory                       : loaded 2 times (x 80B)
Class build_zdyj6hlnlj6xwgbwcu00ca2d$_run_closure1                                    : loaded 2 times (x 134B)
Class org.gradle.internal.classloader.VisitableURLClassLoader$Spec                    : loaded 2 times (x 72B)
Class org.gradle.api.GradleException                                                  : loaded 2 times (x 80B)
Class org.gradle.api.internal.classpath.ModuleRegistry                                : loaded 2 times (x 68B)
Class org.gradle.api.internal.ClassPathProvider                                       : loaded 2 times (x 68B)
Class org.gradle.internal.classloader.ClasspathUtil$1                                 : loaded 2 times (x 74B)
Class org.gradle.internal.classloader.ClassLoaderFactory                              : loaded 2 times (x 68B)
Class org.gradle.api.internal.classpath.ManifestUtil                                  : loaded 2 times (x 69B)
Class org.gradle.api.specs.Spec                                                       : loaded 2 times (x 68B)
Class org.gradle.internal.IoActions                                                   : loaded 2 times (x 69B)
Class org.gradle.api.internal.classpath.EffectiveClassPath                            : loaded 2 times (x 88B)
Class org.gradle.internal.installation.CurrentGradleInstallation                      : loaded 2 times (x 71B)
Class org.gradle.internal.installation.CurrentGradleInstallationLocator               : loaded 2 times (x 69B)
Class org.gradle.api.internal.classpath.Module                                        : loaded 2 times (x 68B)
Class org.gradle.internal.service.CachingServiceLocator                               : loaded 2 times (x 80B)
Class org.gradle.internal.classpath.DefaultClassPath                                  : loaded 2 times (x 88B)
Class org.gradle.api.Transformer                                                      : loaded 2 times (x 68B)
Class org.gradle.internal.classloader.SystemClassLoaderSpec                           : loaded 2 times (x 69B)
Class org.gradle.api.UncheckedIOException                                             : loaded 2 times (x 80B)
Class org.gradle.internal.classloader.ClasspathUtil                                   : loaded 2 times (x 69B)
Class org.gradle.api.internal.DefaultClassPathRegistry                                : loaded 2 times (x 74B)
Class org.gradle.api.internal.classpath.DefaultModuleRegistry$DefaultModule           : loaded 2 times (x 84B)
Class org.gradle.api.internal.classpath.UnknownModuleException                        : loaded 2 times (x 80B)
Class org.gradle.internal.service.ServiceLookupException                              : loaded 2 times (x 80B)
Class org.gradle.cache.GlobalCache                                                    : loaded 2 times (x 68B)
Class [Lorg.gradle.api.internal.ClassPathProvider;                                    : loaded 2 times (x 67B)
Class org.gradle.util.internal.GUtil                                                  : loaded 2 times (x 69B)
Class org.gradle.internal.classloader.ClassLoaderSpec                                 : loaded 2 times (x 69B)
Class org.gradle.internal.classloader.VisitableURLClassLoader                         : loaded 2 times (x 114B)
Class org.gradle.internal.Cast                                                        : loaded 2 times (x 69B)
Class org.gradle.api.internal.ClassPathRegistry                                       : loaded 2 times (x 68B)
Class settings_b0657zpnbz69qm0z16j4jf17w                                              : loaded 2 times (x 177B)
Class org.gradle.internal.classloader.ClassLoaderHierarchy                            : loaded 2 times (x 68B)
Class org.gradle.internal.service.ServiceLocator                                      : loaded 2 times (x 68B)
Class org.gradle.internal.classpath.DefaultClassPath$ImmutableUniqueList              : loaded 2 times (x 159B)


---------------  S Y S T E M  ---------------

OS:
 Windows 11 , 64 bit Build 22000 (10.0.22000.2600)
OS uptime: 2 days 8:13 hours

CPU: total 4 (initial active 4) (2 cores per cpu, 2 threads per core) family 6 model 69 stepping 1 microcode 0x26, cx8, cmov, fxsr, ht, mmx, sse, sse2, sse3, ssse3, sse4.1, sse4.2, popcnt, lzcnt, tsc, tscinvbit, avx, avx2, aes, erms, clmul, bmi1, bmi2, fma, vzeroupper, clflush

Memory: 4k page, system-wide physical 8097M (574M free)
TotalPageFile size 13297M (AvailPageFile size 5M)
current process WorkingSet (physical memory assigned to process): 291M, peak: 291M
current process commit charge ("private bytes"): 455M, peak: 457M

vm_info: OpenJDK 64-Bit Server VM (17.0.7+0-b2043.56-10550314) for windows-amd64 JRE (17.0.7+0-b2043.56-10550314), built on Jul 24 2023 18:27:45 by "androidbuild" with MS VC++ 16.10 / 16.11 (VS2019)

END.
