#
# There is insufficient memory for the Java Runtime Environment to continue.
# Native memory allocation (malloc) failed to allocate 32744 bytes for ChunkPool::allocate
# Possible reasons:
#   The system is out of physical RAM or swap space
#   The process is running with CompressedOops enabled, and the Java Heap may be blocking the growth of the native heap
# Possible solutions:
#   Reduce memory load on the system
#   Increase physical memory or swap space
#   Check if swap backing store is full
#   Decrease Java heap size (-Xmx/-Xms)
#   Decrease number of Java threads
#   Decrease Java thread stack sizes (-Xss)
#   Set larger code cache with -XX:ReservedCodeCacheSize=
#   JVM is running with Unscaled Compressed Oops mode in which the Java heap is
#     placed in the first 4GB address space. The Java Heap base address is the
#     maximum limit for the native heap growth. Please use -XX:HeapBaseMinAddress
#     to set the Java Heap base and to place the Java Heap above 4GB virtual address.
# This output file may be truncated or incomplete.
#
#  Out of Memory Error (arena.cpp:78), pid=14920, tid=8008
#
# JRE version: OpenJDK Runtime Environment (17.0.7) (build 17.0.7+0-b2043.56-10550314)
# Java VM: OpenJDK 64-Bit Server VM (17.0.7+0-b2043.56-10550314, mixed mode, tiered, compressed oops, compressed class ptrs, g1 gc, windows-amd64)
# No core dump will be written. Minidumps are not enabled by default on client versions of Windows
#

---------------  S U M M A R Y ------------

Command Line: -Dorg.gradle.appname=gradlew org.gradle.wrapper.GradleWrapperMain -q -Ptarget-platform=android-arm64 -Ptarget=C:\Users\Soumaila\Desktop\yanana\lib\main.dart -Pbase-application-name=android.app.Application -Pdart-defines=Zmx1dHRlci5pbnNwZWN0b3Iuc3RydWN0dXJlZEVycm9ycz10cnVl,RkxVVFRFUl9XRUJfQVVUT19ERVRFQ1Q9dHJ1ZQ==,RkxVVFRFUl9XRUJfQ0FOVkFTS0lUX1VSTD1odHRwczovL3d3dy5nc3RhdGljLmNvbS9mbHV0dGVyLWNhbnZhc2tpdC8xYWM2MTFjNjRlYWRiZDkzYzVmNWFiYTU0OTRiOGZjM2IzNWVlOTUyLw== -Pdart-obfuscation=false -Ptrack-widget-creation=true -Ptree-shake-icons=false -Pfilesystem-scheme=org-dartlang-root assembleDebug

Host: Intel(R) Core(TM) i7-4600U CPU @ 2.10GHz, 4 cores, 7G,  Windows 11 , 64 bit Build 22000 (10.0.22000.2600)
Time: Thu Jan  4 12:36:13 2024 Temps universel coordonné elapsed time: 5.370693 seconds (0d 0h 0m 5s)

---------------  T H R E A D  ---------------

Current thread (0x000002beb9b48ea0):  JavaThread "C1 CompilerThread0" daemon [_thread_in_native, id=8008, stack(0x000000fbc5100000,0x000000fbc5200000)]


Current CompileTask:
C1:   5383 1205       3       java.lang.reflect.AccessibleObject::checkCanSetAccessible (368 bytes)

Stack: [0x000000fbc5100000,0x000000fbc5200000]
Native frames: (J=compiled Java code, j=interpreted, Vv=VM code, C=native code)
V  [jvm.dll+0x683bfa]
V  [jvm.dll+0x8430a4]
V  [jvm.dll+0x8449be]
V  [jvm.dll+0x845023]
V  [jvm.dll+0x24ad2f]
V  [jvm.dll+0xac47c]
V  [jvm.dll+0xac82c]
V  [jvm.dll+0x17a428]
V  [jvm.dll+0x17c561]
V  [jvm.dll+0x136cd3]
V  [jvm.dll+0x1365cf]
V  [jvm.dll+0x136806]
V  [jvm.dll+0x135c9a]
V  [jvm.dll+0x137961]
V  [jvm.dll+0x22c148]
V  [jvm.dll+0x22a209]
V  [jvm.dll+0x7f858c]
V  [jvm.dll+0x7f2aea]
V  [jvm.dll+0x682a35]
C  [ucrtbase.dll+0x26c0c]
C  [KERNEL32.DLL+0x153e0]
C  [ntdll.dll+0x485b]


---------------  P R O C E S S  ---------------

Threads class SMR info:
_java_thread_list=0x000002bebea3de00, length=15, elements={
0x000002bea035f670, 0x000002beb98b6010, 0x000002beb98b7430, 0x000002beb98c29d0,
0x000002beb98c3640, 0x000002beb98c5900, 0x000002beb9b42b80, 0x000002beb9b46d20,
0x000002beb9b48ea0, 0x000002beb9b647a0, 0x000002beb9cb1170, 0x000002beb9cc1950,
0x000002bebe3beff0, 0x000002bebeabe2a0, 0x000002bebeabe770
}

Java Threads: ( => current thread )
  0x000002bea035f670 JavaThread "main" [_thread_in_native, id=9456, stack(0x000000fbc4300000,0x000000fbc4400000)]
  0x000002beb98b6010 JavaThread "Reference Handler" daemon [_thread_blocked, id=14892, stack(0x000000fbc4a00000,0x000000fbc4b00000)]
  0x000002beb98b7430 JavaThread "Finalizer" daemon [_thread_blocked, id=10332, stack(0x000000fbc4b00000,0x000000fbc4c00000)]
  0x000002beb98c29d0 JavaThread "Signal Dispatcher" daemon [_thread_blocked, id=8692, stack(0x000000fbc4c00000,0x000000fbc4d00000)]
  0x000002beb98c3640 JavaThread "Attach Listener" daemon [_thread_blocked, id=12612, stack(0x000000fbc4d00000,0x000000fbc4e00000)]
  0x000002beb98c5900 JavaThread "Service Thread" daemon [_thread_blocked, id=10896, stack(0x000000fbc4e00000,0x000000fbc4f00000)]
  0x000002beb9b42b80 JavaThread "Monitor Deflation Thread" daemon [_thread_blocked, id=7632, stack(0x000000fbc4f00000,0x000000fbc5000000)]
  0x000002beb9b46d20 JavaThread "C2 CompilerThread0" daemon [_thread_blocked, id=12636, stack(0x000000fbc5000000,0x000000fbc5100000)]
=>0x000002beb9b48ea0 JavaThread "C1 CompilerThread0" daemon [_thread_in_native, id=8008, stack(0x000000fbc5100000,0x000000fbc5200000)]
  0x000002beb9b647a0 JavaThread "Sweeper thread" daemon [_thread_blocked, id=12680, stack(0x000000fbc5200000,0x000000fbc5300000)]
  0x000002beb9cb1170 JavaThread "Notification Thread" daemon [_thread_blocked, id=7672, stack(0x000000fbc5300000,0x000000fbc5400000)]
  0x000002beb9cc1950 JavaThread "Common-Cleaner" daemon [_thread_blocked, id=14100, stack(0x000000fbc5500000,0x000000fbc5600000)]
  0x000002bebe3beff0 JavaThread "pool-1-thread-1" [_thread_in_native, id=1168, stack(0x000000fbc5a00000,0x000000fbc5b00000)]
  0x000002bebeabe2a0 JavaThread "DisconnectableInputStream source reader" daemon [_thread_in_native, id=12332, stack(0x000000fbc5c00000,0x000000fbc5d00000)]
  0x000002bebeabe770 JavaThread "Forward input" [_thread_blocked, id=4304, stack(0x000000fbc5d00000,0x000000fbc5e00000)]

Other Threads:
  0x000002beb987c870 VMThread "VM Thread" [stack: 0x000000fbc4900000,0x000000fbc4a00000] [id=7280]
  0x000002beb9cb1640 WatcherThread [stack: 0x000000fbc5400000,0x000000fbc5500000] [id=14932]
  0x000002bea03bbd80 GCTaskThread "GC Thread#0" [stack: 0x000000fbc4400000,0x000000fbc4500000] [id=8776]
  0x000002bebe07ee00 GCTaskThread "GC Thread#1" [stack: 0x000000fbc5600000,0x000000fbc5700000] [id=10144]
  0x000002bebe07f0b0 GCTaskThread "GC Thread#2" [stack: 0x000000fbc5700000,0x000000fbc5800000] [id=7340]
  0x000002bebe16fa80 GCTaskThread "GC Thread#3" [stack: 0x000000fbc5800000,0x000000fbc5900000] [id=9584]
  0x000002bea03cca00 ConcurrentGCThread "G1 Main Marker" [stack: 0x000000fbc4500000,0x000000fbc4600000] [id=10276]
  0x000002bea03cd410 ConcurrentGCThread "G1 Conc#0" [stack: 0x000000fbc4600000,0x000000fbc4700000] [id=13476]
  0x000002bea042e330 ConcurrentGCThread "G1 Refine#0" [stack: 0x000000fbc4700000,0x000000fbc4800000] [id=12760]
  0x000002beb96e40b0 ConcurrentGCThread "G1 Service" [stack: 0x000000fbc4800000,0x000000fbc4900000] [id=7948]

Threads with active compile tasks:
C1 CompilerThread0     5588 1205       3       java.lang.reflect.AccessibleObject::checkCanSetAccessible (368 bytes)

VM state: not at safepoint (normal execution)

VM Mutex/Monitor currently owned by a thread: None

Heap address: 0x0000000081600000, size: 2026 MB, Compressed Oops mode: 32-bit

CDS archive(s) not mapped
Compressed class space mapped at: 0x0000000100000000-0x0000000140000000, reserved size: 1073741824
Narrow klass base: 0x0000000000000000, Narrow klass shift: 3, Narrow klass range: 0x140000000

GC Precious Log:
 CPUs: 4 total, 4 available
 Memory: 8097M
 Large Page Support: Disabled
 NUMA Support: Disabled
 Compressed Oops: Enabled (32-bit)
 Heap Region Size: 1M
 Heap Min Capacity: 8M
 Heap Initial Capacity: 128M
 Heap Max Capacity: 2026M
 Pre-touch: Disabled
 Parallel Workers: 4
 Concurrent Workers: 1
 Concurrent Refinement Workers: 4
 Periodic GC: Disabled

Heap:
 garbage-first heap   total 131072K, used 17189K [0x0000000081600000, 0x0000000100000000)
  region size 1024K, 11 young (11264K), 3 survivors (3072K)
 Metaspace       used 16134K, committed 16320K, reserved 1114112K
  class space    used 1887K, committed 1984K, reserved 1048576K

Heap Regions: E=young(eden), S=young(survivor), O=old, HS=humongous(starts), HC=humongous(continues), CS=collection set, F=free, OA=open archive, CA=closed archive, TAMS=top-at-mark-start (previous, next)
|   0|0x0000000081600000, 0x0000000081700000, 0x0000000081700000|100%|HS|  |TAMS 0x0000000081600000, 0x0000000081600000| Complete 
|   1|0x0000000081700000, 0x0000000081800000, 0x0000000081800000|100%|HC|  |TAMS 0x0000000081700000, 0x0000000081700000| Complete 
|   2|0x0000000081800000, 0x0000000081900000, 0x0000000081900000|100%|HC|  |TAMS 0x0000000081800000, 0x0000000081800000| Complete 
|   3|0x0000000081900000, 0x0000000081a00000, 0x0000000081a00000|100%| O|  |TAMS 0x0000000081900000, 0x0000000081900000| Untracked 
|   4|0x0000000081a00000, 0x0000000081b00000, 0x0000000081b00000|100%| O|  |TAMS 0x0000000081a00000, 0x0000000081a00000| Untracked 
|   5|0x0000000081b00000, 0x0000000081c00000, 0x0000000081c00000|100%| O|  |TAMS 0x0000000081b00000, 0x0000000081b00000| Untracked 
|   6|0x0000000081c00000, 0x0000000081cc9400, 0x0000000081d00000| 78%| O|  |TAMS 0x0000000081c00000, 0x0000000081c00000| Untracked 
|   7|0x0000000081d00000, 0x0000000081d00000, 0x0000000081e00000|  0%| F|  |TAMS 0x0000000081d00000, 0x0000000081d00000| Untracked 
|   8|0x0000000081e00000, 0x0000000081e00000, 0x0000000081f00000|  0%| F|  |TAMS 0x0000000081e00000, 0x0000000081e00000| Untracked 
|   9|0x0000000081f00000, 0x0000000081f00000, 0x0000000082000000|  0%| F|  |TAMS 0x0000000081f00000, 0x0000000081f00000| Untracked 
|  10|0x0000000082000000, 0x0000000082000000, 0x0000000082100000|  0%| F|  |TAMS 0x0000000082000000, 0x0000000082000000| Untracked 
|  11|0x0000000082100000, 0x0000000082100000, 0x0000000082200000|  0%| F|  |TAMS 0x0000000082100000, 0x0000000082100000| Untracked 
|  12|0x0000000082200000, 0x0000000082200000, 0x0000000082300000|  0%| F|  |TAMS 0x0000000082200000, 0x0000000082200000| Untracked 
|  13|0x0000000082300000, 0x0000000082300000, 0x0000000082400000|  0%| F|  |TAMS 0x0000000082300000, 0x0000000082300000| Untracked 
|  14|0x0000000082400000, 0x0000000082400000, 0x0000000082500000|  0%| F|  |TAMS 0x0000000082400000, 0x0000000082400000| Untracked 
|  15|0x0000000082500000, 0x0000000082500000, 0x0000000082600000|  0%| F|  |TAMS 0x0000000082500000, 0x0000000082500000| Untracked 
|  16|0x0000000082600000, 0x0000000082600000, 0x0000000082700000|  0%| F|  |TAMS 0x0000000082600000, 0x0000000082600000| Untracked 
|  17|0x0000000082700000, 0x0000000082700000, 0x0000000082800000|  0%| F|  |TAMS 0x0000000082700000, 0x0000000082700000| Untracked 
|  18|0x0000000082800000, 0x0000000082800000, 0x0000000082900000|  0%| F|  |TAMS 0x0000000082800000, 0x0000000082800000| Untracked 
|  19|0x0000000082900000, 0x0000000082900000, 0x0000000082a00000|  0%| F|  |TAMS 0x0000000082900000, 0x0000000082900000| Untracked 
|  20|0x0000000082a00000, 0x0000000082a00000, 0x0000000082b00000|  0%| F|  |TAMS 0x0000000082a00000, 0x0000000082a00000| Untracked 
|  21|0x0000000082b00000, 0x0000000082b00000, 0x0000000082c00000|  0%| F|  |TAMS 0x0000000082b00000, 0x0000000082b00000| Untracked 
|  22|0x0000000082c00000, 0x0000000082c00000, 0x0000000082d00000|  0%| F|  |TAMS 0x0000000082c00000, 0x0000000082c00000| Untracked 
|  23|0x0000000082d00000, 0x0000000082d00000, 0x0000000082e00000|  0%| F|  |TAMS 0x0000000082d00000, 0x0000000082d00000| Untracked 
|  24|0x0000000082e00000, 0x0000000082e00000, 0x0000000082f00000|  0%| F|  |TAMS 0x0000000082e00000, 0x0000000082e00000| Untracked 
|  25|0x0000000082f00000, 0x0000000082f00000, 0x0000000083000000|  0%| F|  |TAMS 0x0000000082f00000, 0x0000000082f00000| Untracked 
|  26|0x0000000083000000, 0x0000000083000000, 0x0000000083100000|  0%| F|  |TAMS 0x0000000083000000, 0x0000000083000000| Untracked 
|  27|0x0000000083100000, 0x0000000083100000, 0x0000000083200000|  0%| F|  |TAMS 0x0000000083100000, 0x0000000083100000| Untracked 
|  28|0x0000000083200000, 0x0000000083200000, 0x0000000083300000|  0%| F|  |TAMS 0x0000000083200000, 0x0000000083200000| Untracked 
|  29|0x0000000083300000, 0x0000000083300000, 0x0000000083400000|  0%| F|  |TAMS 0x0000000083300000, 0x0000000083300000| Untracked 
|  30|0x0000000083400000, 0x0000000083400000, 0x0000000083500000|  0%| F|  |TAMS 0x0000000083400000, 0x0000000083400000| Untracked 
|  31|0x0000000083500000, 0x0000000083500000, 0x0000000083600000|  0%| F|  |TAMS 0x0000000083500000, 0x0000000083500000| Untracked 
|  32|0x0000000083600000, 0x0000000083600000, 0x0000000083700000|  0%| F|  |TAMS 0x0000000083600000, 0x0000000083600000| Untracked 
|  33|0x0000000083700000, 0x0000000083700000, 0x0000000083800000|  0%| F|  |TAMS 0x0000000083700000, 0x0000000083700000| Untracked 
|  34|0x0000000083800000, 0x0000000083800000, 0x0000000083900000|  0%| F|  |TAMS 0x0000000083800000, 0x0000000083800000| Untracked 
|  35|0x0000000083900000, 0x0000000083900000, 0x0000000083a00000|  0%| F|  |TAMS 0x0000000083900000, 0x0000000083900000| Untracked 
|  36|0x0000000083a00000, 0x0000000083a00000, 0x0000000083b00000|  0%| F|  |TAMS 0x0000000083a00000, 0x0000000083a00000| Untracked 
|  37|0x0000000083b00000, 0x0000000083b00000, 0x0000000083c00000|  0%| F|  |TAMS 0x0000000083b00000, 0x0000000083b00000| Untracked 
|  38|0x0000000083c00000, 0x0000000083c00000, 0x0000000083d00000|  0%| F|  |TAMS 0x0000000083c00000, 0x0000000083c00000| Untracked 
|  39|0x0000000083d00000, 0x0000000083d00000, 0x0000000083e00000|  0%| F|  |TAMS 0x0000000083d00000, 0x0000000083d00000| Untracked 
|  40|0x0000000083e00000, 0x0000000083e00000, 0x0000000083f00000|  0%| F|  |TAMS 0x0000000083e00000, 0x0000000083e00000| Untracked 
|  41|0x0000000083f00000, 0x0000000083f00000, 0x0000000084000000|  0%| F|  |TAMS 0x0000000083f00000, 0x0000000083f00000| Untracked 
|  42|0x0000000084000000, 0x0000000084000000, 0x0000000084100000|  0%| F|  |TAMS 0x0000000084000000, 0x0000000084000000| Untracked 
|  43|0x0000000084100000, 0x0000000084100000, 0x0000000084200000|  0%| F|  |TAMS 0x0000000084100000, 0x0000000084100000| Untracked 
|  44|0x0000000084200000, 0x0000000084200000, 0x0000000084300000|  0%| F|  |TAMS 0x0000000084200000, 0x0000000084200000| Untracked 
|  45|0x0000000084300000, 0x0000000084300000, 0x0000000084400000|  0%| F|  |TAMS 0x0000000084300000, 0x0000000084300000| Untracked 
|  46|0x0000000084400000, 0x0000000084400000, 0x0000000084500000|  0%| F|  |TAMS 0x0000000084400000, 0x0000000084400000| Untracked 
|  47|0x0000000084500000, 0x0000000084500000, 0x0000000084600000|  0%| F|  |TAMS 0x0000000084500000, 0x0000000084500000| Untracked 
|  48|0x0000000084600000, 0x0000000084600000, 0x0000000084700000|  0%| F|  |TAMS 0x0000000084600000, 0x0000000084600000| Untracked 
|  49|0x0000000084700000, 0x0000000084700000, 0x0000000084800000|  0%| F|  |TAMS 0x0000000084700000, 0x0000000084700000| Untracked 
|  50|0x0000000084800000, 0x0000000084800000, 0x0000000084900000|  0%| F|  |TAMS 0x0000000084800000, 0x0000000084800000| Untracked 
|  51|0x0000000084900000, 0x0000000084900000, 0x0000000084a00000|  0%| F|  |TAMS 0x0000000084900000, 0x0000000084900000| Untracked 
|  52|0x0000000084a00000, 0x0000000084a00000, 0x0000000084b00000|  0%| F|  |TAMS 0x0000000084a00000, 0x0000000084a00000| Untracked 
|  53|0x0000000084b00000, 0x0000000084b00000, 0x0000000084c00000|  0%| F|  |TAMS 0x0000000084b00000, 0x0000000084b00000| Untracked 
|  54|0x0000000084c00000, 0x0000000084c00000, 0x0000000084d00000|  0%| F|  |TAMS 0x0000000084c00000, 0x0000000084c00000| Untracked 
|  55|0x0000000084d00000, 0x0000000084d00000, 0x0000000084e00000|  0%| F|  |TAMS 0x0000000084d00000, 0x0000000084d00000| Untracked 
|  56|0x0000000084e00000, 0x0000000084e00000, 0x0000000084f00000|  0%| F|  |TAMS 0x0000000084e00000, 0x0000000084e00000| Untracked 
|  57|0x0000000084f00000, 0x0000000084f00000, 0x0000000085000000|  0%| F|  |TAMS 0x0000000084f00000, 0x0000000084f00000| Untracked 
|  58|0x0000000085000000, 0x0000000085000000, 0x0000000085100000|  0%| F|  |TAMS 0x0000000085000000, 0x0000000085000000| Untracked 
|  59|0x0000000085100000, 0x0000000085100000, 0x0000000085200000|  0%| F|  |TAMS 0x0000000085100000, 0x0000000085100000| Untracked 
|  60|0x0000000085200000, 0x0000000085200000, 0x0000000085300000|  0%| F|  |TAMS 0x0000000085200000, 0x0000000085200000| Untracked 
|  61|0x0000000085300000, 0x0000000085300000, 0x0000000085400000|  0%| F|  |TAMS 0x0000000085300000, 0x0000000085300000| Untracked 
|  62|0x0000000085400000, 0x0000000085400000, 0x0000000085500000|  0%| F|  |TAMS 0x0000000085400000, 0x0000000085400000| Untracked 
|  63|0x0000000085500000, 0x0000000085500000, 0x0000000085600000|  0%| F|  |TAMS 0x0000000085500000, 0x0000000085500000| Untracked 
|  64|0x0000000085600000, 0x0000000085600000, 0x0000000085700000|  0%| F|  |TAMS 0x0000000085600000, 0x0000000085600000| Untracked 
|  65|0x0000000085700000, 0x0000000085700000, 0x0000000085800000|  0%| F|  |TAMS 0x0000000085700000, 0x0000000085700000| Untracked 
|  66|0x0000000085800000, 0x0000000085800000, 0x0000000085900000|  0%| F|  |TAMS 0x0000000085800000, 0x0000000085800000| Untracked 
|  67|0x0000000085900000, 0x0000000085900000, 0x0000000085a00000|  0%| F|  |TAMS 0x0000000085900000, 0x0000000085900000| Untracked 
|  68|0x0000000085a00000, 0x0000000085a00000, 0x0000000085b00000|  0%| F|  |TAMS 0x0000000085a00000, 0x0000000085a00000| Untracked 
|  69|0x0000000085b00000, 0x0000000085b00000, 0x0000000085c00000|  0%| F|  |TAMS 0x0000000085b00000, 0x0000000085b00000| Untracked 
|  70|0x0000000085c00000, 0x0000000085c00000, 0x0000000085d00000|  0%| F|  |TAMS 0x0000000085c00000, 0x0000000085c00000| Untracked 
|  71|0x0000000085d00000, 0x0000000085d00000, 0x0000000085e00000|  0%| F|  |TAMS 0x0000000085d00000, 0x0000000085d00000| Untracked 
|  72|0x0000000085e00000, 0x0000000085e00000, 0x0000000085f00000|  0%| F|  |TAMS 0x0000000085e00000, 0x0000000085e00000| Untracked 
|  73|0x0000000085f00000, 0x0000000085f00000, 0x0000000086000000|  0%| F|  |TAMS 0x0000000085f00000, 0x0000000085f00000| Untracked 
|  74|0x0000000086000000, 0x0000000086000000, 0x0000000086100000|  0%| F|  |TAMS 0x0000000086000000, 0x0000000086000000| Untracked 
|  75|0x0000000086100000, 0x0000000086100000, 0x0000000086200000|  0%| F|  |TAMS 0x0000000086100000, 0x0000000086100000| Untracked 
|  76|0x0000000086200000, 0x0000000086200000, 0x0000000086300000|  0%| F|  |TAMS 0x0000000086200000, 0x0000000086200000| Untracked 
|  77|0x0000000086300000, 0x0000000086300000, 0x0000000086400000|  0%| F|  |TAMS 0x0000000086300000, 0x0000000086300000| Untracked 
|  78|0x0000000086400000, 0x0000000086400000, 0x0000000086500000|  0%| F|  |TAMS 0x0000000086400000, 0x0000000086400000| Untracked 
|  79|0x0000000086500000, 0x0000000086500000, 0x0000000086600000|  0%| F|  |TAMS 0x0000000086500000, 0x0000000086500000| Untracked 
|  80|0x0000000086600000, 0x0000000086600000, 0x0000000086700000|  0%| F|  |TAMS 0x0000000086600000, 0x0000000086600000| Untracked 
|  81|0x0000000086700000, 0x0000000086700000, 0x0000000086800000|  0%| F|  |TAMS 0x0000000086700000, 0x0000000086700000| Untracked 
|  82|0x0000000086800000, 0x0000000086800000, 0x0000000086900000|  0%| F|  |TAMS 0x0000000086800000, 0x0000000086800000| Untracked 
|  83|0x0000000086900000, 0x0000000086900000, 0x0000000086a00000|  0%| F|  |TAMS 0x0000000086900000, 0x0000000086900000| Untracked 
|  84|0x0000000086a00000, 0x0000000086a00000, 0x0000000086b00000|  0%| F|  |TAMS 0x0000000086a00000, 0x0000000086a00000| Untracked 
|  85|0x0000000086b00000, 0x0000000086b00000, 0x0000000086c00000|  0%| F|  |TAMS 0x0000000086b00000, 0x0000000086b00000| Untracked 
|  86|0x0000000086c00000, 0x0000000086c00000, 0x0000000086d00000|  0%| F|  |TAMS 0x0000000086c00000, 0x0000000086c00000| Untracked 
|  87|0x0000000086d00000, 0x0000000086d00000, 0x0000000086e00000|  0%| F|  |TAMS 0x0000000086d00000, 0x0000000086d00000| Untracked 
|  88|0x0000000086e00000, 0x0000000086e00000, 0x0000000086f00000|  0%| F|  |TAMS 0x0000000086e00000, 0x0000000086e00000| Untracked 
|  89|0x0000000086f00000, 0x0000000086f00000, 0x0000000087000000|  0%| F|  |TAMS 0x0000000086f00000, 0x0000000086f00000| Untracked 
|  90|0x0000000087000000, 0x0000000087000000, 0x0000000087100000|  0%| F|  |TAMS 0x0000000087000000, 0x0000000087000000| Untracked 
|  91|0x0000000087100000, 0x0000000087100000, 0x0000000087200000|  0%| F|  |TAMS 0x0000000087100000, 0x0000000087100000| Untracked 
|  92|0x0000000087200000, 0x0000000087200000, 0x0000000087300000|  0%| F|  |TAMS 0x0000000087200000, 0x0000000087200000| Untracked 
|  93|0x0000000087300000, 0x0000000087300000, 0x0000000087400000|  0%| F|  |TAMS 0x0000000087300000, 0x0000000087300000| Untracked 
|  94|0x0000000087400000, 0x0000000087400000, 0x0000000087500000|  0%| F|  |TAMS 0x0000000087400000, 0x0000000087400000| Untracked 
|  95|0x0000000087500000, 0x0000000087500000, 0x0000000087600000|  0%| F|  |TAMS 0x0000000087500000, 0x0000000087500000| Untracked 
|  96|0x0000000087600000, 0x0000000087600000, 0x0000000087700000|  0%| F|  |TAMS 0x0000000087600000, 0x0000000087600000| Untracked 
|  97|0x0000000087700000, 0x0000000087700000, 0x0000000087800000|  0%| F|  |TAMS 0x0000000087700000, 0x0000000087700000| Untracked 
|  98|0x0000000087800000, 0x0000000087800000, 0x0000000087900000|  0%| F|  |TAMS 0x0000000087800000, 0x0000000087800000| Untracked 
|  99|0x0000000087900000, 0x0000000087900000, 0x0000000087a00000|  0%| F|  |TAMS 0x0000000087900000, 0x0000000087900000| Untracked 
| 100|0x0000000087a00000, 0x0000000087a00000, 0x0000000087b00000|  0%| F|  |TAMS 0x0000000087a00000, 0x0000000087a00000| Untracked 
| 101|0x0000000087b00000, 0x0000000087b00000, 0x0000000087c00000|  0%| F|  |TAMS 0x0000000087b00000, 0x0000000087b00000| Untracked 
| 102|0x0000000087c00000, 0x0000000087c00000, 0x0000000087d00000|  0%| F|  |TAMS 0x0000000087c00000, 0x0000000087c00000| Untracked 
| 103|0x0000000087d00000, 0x0000000087d00000, 0x0000000087e00000|  0%| F|  |TAMS 0x0000000087d00000, 0x0000000087d00000| Untracked 
| 104|0x0000000087e00000, 0x0000000087e00000, 0x0000000087f00000|  0%| F|  |TAMS 0x0000000087e00000, 0x0000000087e00000| Untracked 
| 105|0x0000000087f00000, 0x0000000087f00000, 0x0000000088000000|  0%| F|  |TAMS 0x0000000087f00000, 0x0000000087f00000| Untracked 
| 106|0x0000000088000000, 0x0000000088000000, 0x0000000088100000|  0%| F|  |TAMS 0x0000000088000000, 0x0000000088000000| Untracked 
| 107|0x0000000088100000, 0x0000000088200000, 0x0000000088200000|100%| S|CS|TAMS 0x0000000088100000, 0x0000000088100000| Complete 
| 108|0x0000000088200000, 0x0000000088300000, 0x0000000088300000|100%| S|CS|TAMS 0x0000000088200000, 0x0000000088200000| Complete 
| 109|0x0000000088300000, 0x0000000088400000, 0x0000000088400000|100%| S|CS|TAMS 0x0000000088300000, 0x0000000088300000| Complete 
| 110|0x0000000088400000, 0x0000000088400000, 0x0000000088500000|  0%| F|  |TAMS 0x0000000088400000, 0x0000000088400000| Untracked 
| 111|0x0000000088500000, 0x0000000088500000, 0x0000000088600000|  0%| F|  |TAMS 0x0000000088500000, 0x0000000088500000| Untracked 
| 112|0x0000000088600000, 0x0000000088600000, 0x0000000088700000|  0%| F|  |TAMS 0x0000000088600000, 0x0000000088600000| Untracked 
| 113|0x0000000088700000, 0x0000000088700000, 0x0000000088800000|  0%| F|  |TAMS 0x0000000088700000, 0x0000000088700000| Untracked 
| 114|0x0000000088800000, 0x0000000088800000, 0x0000000088900000|  0%| F|  |TAMS 0x0000000088800000, 0x0000000088800000| Untracked 
| 115|0x0000000088900000, 0x0000000088900000, 0x0000000088a00000|  0%| F|  |TAMS 0x0000000088900000, 0x0000000088900000| Untracked 
| 116|0x0000000088a00000, 0x0000000088a00000, 0x0000000088b00000|  0%| F|  |TAMS 0x0000000088a00000, 0x0000000088a00000| Untracked 
| 117|0x0000000088b00000, 0x0000000088b00000, 0x0000000088c00000|  0%| F|  |TAMS 0x0000000088b00000, 0x0000000088b00000| Untracked 
| 118|0x0000000088c00000, 0x0000000088c00000, 0x0000000088d00000|  0%| F|  |TAMS 0x0000000088c00000, 0x0000000088c00000| Untracked 
| 119|0x0000000088d00000, 0x0000000088d00000, 0x0000000088e00000|  0%| F|  |TAMS 0x0000000088d00000, 0x0000000088d00000| Untracked 
| 120|0x0000000088e00000, 0x0000000088e4cbe0, 0x0000000088f00000| 29%| E|  |TAMS 0x0000000088e00000, 0x0000000088e00000| Complete 
| 121|0x0000000088f00000, 0x0000000089000000, 0x0000000089000000|100%| E|CS|TAMS 0x0000000088f00000, 0x0000000088f00000| Complete 
| 122|0x0000000089000000, 0x0000000089100000, 0x0000000089100000|100%| E|CS|TAMS 0x0000000089000000, 0x0000000089000000| Complete 
| 123|0x0000000089100000, 0x0000000089200000, 0x0000000089200000|100%| E|CS|TAMS 0x0000000089100000, 0x0000000089100000| Complete 
| 124|0x0000000089200000, 0x0000000089300000, 0x0000000089300000|100%| E|CS|TAMS 0x0000000089200000, 0x0000000089200000| Complete 
| 125|0x0000000089300000, 0x0000000089400000, 0x0000000089400000|100%| E|CS|TAMS 0x0000000089300000, 0x0000000089300000| Complete 
| 126|0x0000000089400000, 0x0000000089500000, 0x0000000089500000|100%| E|CS|TAMS 0x0000000089400000, 0x0000000089400000| Complete 
| 127|0x0000000089500000, 0x0000000089600000, 0x0000000089600000|100%| E|CS|TAMS 0x0000000089500000, 0x0000000089500000| Complete 

Card table byte_map: [0x000002beb2c40000,0x000002beb3040000] _byte_map_base: 0x000002beb2835000

Marking Bits (Prev, Next): (CMBitMap*) 0x000002bea03bc390, (CMBitMap*) 0x000002bea03bc3d0
 Prev Bits: [0x000002beb3440000, 0x000002beb53e8000)
 Next Bits: [0x000002beb53f0000, 0x000002beb7398000)

Polling page: 0x000002be9e360000

Metaspace:

Usage:
  Non-class:     13.91 MB used.
      Class:      1.84 MB used.
       Both:     15.76 MB used.

Virtual space:
  Non-class space:       64.00 MB reserved,      14.00 MB ( 22%) committed,  1 nodes.
      Class space:        1.00 GB reserved,       1.94 MB ( <1%) committed,  1 nodes.
             Both:        1.06 GB reserved,      15.94 MB (  1%) committed. 

Chunk freelists:
   Non-Class:  2.00 MB
       Class:  14.05 MB
        Both:  16.05 MB

MaxMetaspaceSize: unlimited
CompressedClassSpaceSize: 1.00 GB
Initial GC threshold: 21.00 MB
Current GC threshold: 21.00 MB
CDS: off
MetaspaceReclaimPolicy: balanced
 - commit_granule_bytes: 65536.
 - commit_granule_words: 8192.
 - virtual_space_node_default_size: 8388608.
 - enlarge_chunks_in_place: 1.
 - new_chunks_are_fully_committed: 0.
 - uncommit_free_chunks: 1.
 - use_allocation_guard: 0.
 - handle_deallocations: 1.


Internal statistics:

num_allocs_failed_limit: 0.
num_arena_births: 78.
num_arena_deaths: 0.
num_vsnodes_births: 2.
num_vsnodes_deaths: 0.
num_space_committed: 255.
num_space_uncommitted: 0.
num_chunks_returned_to_freelist: 0.
num_chunks_taken_from_freelist: 297.
num_chunk_merges: 0.
num_chunk_splits: 196.
num_chunks_enlarged: 163.
num_inconsistent_stats: 0.

CodeHeap 'non-profiled nmethods': size=120000Kb used=465Kb max_used=465Kb free=119534Kb
 bounds [0x000002beab310000, 0x000002beab580000, 0x000002beb2840000]
CodeHeap 'profiled nmethods': size=120000Kb used=2222Kb max_used=2222Kb free=117777Kb
 bounds [0x000002bea3840000, 0x000002bea3ab0000, 0x000002beaad70000]
CodeHeap 'non-nmethods': size=5760Kb used=1164Kb max_used=1179Kb free=4595Kb
 bounds [0x000002beaad70000, 0x000002beaafe0000, 0x000002beab310000]
 total_blobs=1663 nmethods=1204 adapters=372
 compilation: enabled
              stopped_count=0, restarted_count=0
 full_count=0

Compilation events (20 events):
Event: 3.660 Thread 0x000002beb9b48ea0 nmethod 1195 0x000002bea3a69890 code [0x000002bea3a69a60, 0x000002bea3a69ef8]
Event: 3.720 Thread 0x000002beb9b48ea0 1196       1       java.util.concurrent.atomic.AtomicInteger::get (5 bytes)
Event: 3.721 Thread 0x000002beb9b48ea0 nmethod 1196 0x000002beab383e90 code [0x000002beab384020, 0x000002beab3840f8]
Event: 3.721 Thread 0x000002beb9b48ea0 1197       3       java.util.ArrayList::isEmpty (13 bytes)
Event: 3.721 Thread 0x000002beb9b48ea0 nmethod 1197 0x000002bea3a6a090 code [0x000002bea3a6a220, 0x000002bea3a6a398]
Event: 5.318 Thread 0x000002beb9b46d20 1198       4       java.util.zip.Inflater::ensureOpen (47 bytes)
Event: 5.319 Thread 0x000002beb9b46d20 nmethod 1198 0x000002beab384190 code [0x000002beab384300, 0x000002beab3843b8]
Event: 5.319 Thread 0x000002beb9b48ea0 1199       3       jdk.internal.access.SharedSecrets::getJavaLangAccess (4 bytes)
Event: 5.319 Thread 0x000002beb9b48ea0 nmethod 1199 0x000002bea3a6a410 code [0x000002bea3a6a5a0, 0x000002bea3a6a698]
Event: 5.320 Thread 0x000002beb9b46d20 1200       4       java.lang.System::getSecurityManager (12 bytes)
Event: 5.320 Thread 0x000002beb9b46d20 nmethod 1200 0x000002beab384490 code [0x000002beab384600, 0x000002beab384678]
Event: 5.320 Thread 0x000002beb9b48ea0 1201       3       org.gradle.internal.Cast::uncheckedNonnullCast (2 bytes)
Event: 5.321 Thread 0x000002beb9b48ea0 nmethod 1201 0x000002bea3a6a710 code [0x000002bea3a6a8a0, 0x000002bea3a6a998]
Event: 5.321 Thread 0x000002beb9b48ea0 1202       3       com.esotericsoftware.kryo.io.Input::readUtf8 (90 bytes)
Event: 5.321 Thread 0x000002beb9b48ea0 nmethod 1202 0x000002bea3a6aa10 code [0x000002bea3a6abe0, 0x000002bea3a6aff8]
Event: 5.322 Thread 0x000002beb9b48ea0 1203       3       java.lang.reflect.AccessibleObject::checkPermission (16 bytes)
Event: 5.322 Thread 0x000002beb9b48ea0 nmethod 1203 0x000002bea3a6b210 code [0x000002bea3a6b3c0, 0x000002bea3a6b6a8]
Event: 5.322 Thread 0x000002beb9b48ea0 1204       3       java.lang.reflect.AccessibleObject::checkCanSetAccessible (9 bytes)
Event: 5.322 Thread 0x000002beb9b48ea0 nmethod 1204 0x000002bea3a6b790 code [0x000002bea3a6b920, 0x000002bea3a6ba68]
Event: 5.322 Thread 0x000002beb9b48ea0 1205       3       java.lang.reflect.AccessibleObject::checkCanSetAccessible (368 bytes)

GC Heap History (4 events):
Event: 1.106 GC heap before
{Heap before GC invocations=0 (full 0):
 garbage-first heap   total 131072K, used 15360K [0x0000000081600000, 0x0000000100000000)
  region size 1024K, 13 young (13312K), 0 survivors (0K)
 Metaspace       used 8411K, committed 8512K, reserved 1114112K
  class space    used 742K, committed 768K, reserved 1048576K
}
Event: 1.112 GC heap after
{Heap after GC invocations=1 (full 0):
 garbage-first heap   total 131072K, used 3513K [0x0000000081600000, 0x0000000100000000)
  region size 1024K, 2 young (2048K), 2 survivors (2048K)
 Metaspace       used 8411K, committed 8512K, reserved 1114112K
  class space    used 742K, committed 768K, reserved 1048576K
}
Event: 1.997 GC heap before
{Heap before GC invocations=1 (full 0):
 garbage-first heap   total 131072K, used 22969K [0x0000000081600000, 0x0000000100000000)
  region size 1024K, 18 young (18432K), 2 survivors (2048K)
 Metaspace       used 13276K, committed 13440K, reserved 1114112K
  class space    used 1509K, committed 1600K, reserved 1048576K
}
Event: 2.001 GC heap after
{Heap after GC invocations=2 (full 0):
 garbage-first heap   total 131072K, used 10021K [0x0000000081600000, 0x0000000100000000)
  region size 1024K, 3 young (3072K), 3 survivors (3072K)
 Metaspace       used 13276K, committed 13440K, reserved 1114112K
  class space    used 1509K, committed 1600K, reserved 1048576K
}

Dll operation events (2 events):
Event: 0.008 Loaded shared library C:\Program Files\Android\Android Studio\jbr\bin\java.dll
Event: 0.180 Loaded shared library C:\Program Files\Android\Android Studio\jbr\bin\verify.dll

Deoptimization events (20 events):
Event: 2.039 Thread 0x000002bea035f670 DEOPT PACKING pc=0x000002beab36bb28 sp=0x000000fbc43fb040
Event: 2.039 Thread 0x000002bea035f670 DEOPT UNPACKING pc=0x000002beaadc69a3 sp=0x000000fbc43fafe0 mode 2
Event: 2.040 Thread 0x000002bea035f670 Uncommon trap: trap_request=0xffffffc6 fr.pc=0x000002beab36bb28 relative=0x0000000000000548
Event: 2.040 Thread 0x000002bea035f670 Uncommon trap: reason=bimorphic_or_optimized_type_check action=maybe_recompile pc=0x000002beab36bb28 method=java.util.concurrent.ConcurrentHashMap.get(Ljava/lang/Object;)Ljava/lang/Object; @ 149 c2
Event: 2.040 Thread 0x000002bea035f670 DEOPT PACKING pc=0x000002beab36bb28 sp=0x000000fbc43fb040
Event: 2.040 Thread 0x000002bea035f670 DEOPT UNPACKING pc=0x000002beaadc69a3 sp=0x000000fbc43fafe0 mode 2
Event: 2.040 Thread 0x000002bea035f670 Uncommon trap: trap_request=0xffffffc6 fr.pc=0x000002beab36bb28 relative=0x0000000000000548
Event: 2.040 Thread 0x000002bea035f670 Uncommon trap: reason=bimorphic_or_optimized_type_check action=maybe_recompile pc=0x000002beab36bb28 method=java.util.concurrent.ConcurrentHashMap.get(Ljava/lang/Object;)Ljava/lang/Object; @ 149 c2
Event: 2.040 Thread 0x000002bea035f670 DEOPT PACKING pc=0x000002beab36bb28 sp=0x000000fbc43fb040
Event: 2.040 Thread 0x000002bea035f670 DEOPT UNPACKING pc=0x000002beaadc69a3 sp=0x000000fbc43fafe0 mode 2
Event: 2.064 Thread 0x000002bea035f670 DEOPT PACKING pc=0x000002bea3922e38 sp=0x000000fbc43f9300
Event: 2.064 Thread 0x000002bea035f670 DEOPT UNPACKING pc=0x000002beaadc7143 sp=0x000000fbc43f8818 mode 0
Event: 2.482 Thread 0x000002bea035f670 Uncommon trap: trap_request=0xffffff45 fr.pc=0x000002beab347ee0 relative=0x0000000000000620
Event: 2.482 Thread 0x000002bea035f670 Uncommon trap: reason=unstable_if action=reinterpret pc=0x000002beab347ee0 method=java.lang.AbstractStringBuilder.append(Ljava/lang/String;)Ljava/lang/AbstractStringBuilder; @ 1 c2
Event: 2.482 Thread 0x000002bea035f670 DEOPT PACKING pc=0x000002beab347ee0 sp=0x000000fbc43fc5d0
Event: 2.482 Thread 0x000002bea035f670 DEOPT UNPACKING pc=0x000002beaadc69a3 sp=0x000000fbc43fc550 mode 2
Event: 2.483 Thread 0x000002bea035f670 Uncommon trap: trap_request=0xffffff45 fr.pc=0x000002beab345670 relative=0x0000000000000630
Event: 2.483 Thread 0x000002bea035f670 Uncommon trap: reason=unstable_if action=reinterpret pc=0x000002beab345670 method=java.lang.AbstractStringBuilder.append(Ljava/lang/String;)Ljava/lang/AbstractStringBuilder; @ 1 c2
Event: 2.483 Thread 0x000002bea035f670 DEOPT PACKING pc=0x000002beab345670 sp=0x000000fbc43fc570
Event: 2.483 Thread 0x000002bea035f670 DEOPT UNPACKING pc=0x000002beaadc69a3 sp=0x000000fbc43fc558 mode 2

Classes unloaded (0 events):
No events

Classes redefined (0 events):
No events

Internal exceptions (19 events):
Event: 0.404 Thread 0x000002bea035f670 Exception <a 'java/lang/NoSuchMethodError'{0x00000000892172b8}: 'int java.lang.invoke.DirectMethodHandle$Holder.invokeStaticInit(java.lang.Object, java.lang.Object)'> (0x00000000892172b8) 
thrown [s\src\hotspot\share\interpreter\linkResolver.cpp, line 771]
Event: 1.544 Thread 0x000002bea035f670 Exception <a 'java/lang/NoSuchMethodError'{0x0000000088ed5cb8}: 'void java.lang.invoke.DirectMethodHandle$Holder.invokeStatic(java.lang.Object, java.lang.Object)'> (0x0000000088ed5cb8) 
thrown [s\src\hotspot\share\interpreter\linkResolver.cpp, line 771]
Event: 1.588 Thread 0x000002bea035f670 Exception <a 'java/lang/NoClassDefFoundError'{0x0000000088d5ca70}: org/slf4j/impl/StaticMarkerBinder> (0x0000000088d5ca70) 
thrown [s\src\hotspot\share\classfile\systemDictionary.cpp, line 245]
Event: 1.613 Thread 0x000002bea035f670 Exception <a 'java/lang/NoSuchMethodError'{0x0000000088df7e60}: 'java.lang.Object java.lang.invoke.DirectMethodHandle$Holder.invokeVirtual(java.lang.Object, java.lang.Object, java.lang.Object, java.lang.Object, java.lang.Object, java.lang.Object, java.lang.Object)'> (0x0000000088df7e60) 
thrown [s\src\hotspot\share\interpreter\linkResolver.cpp, line 771]
Event: 1.628 Thread 0x000002bea035f670 Exception <a 'java/lang/NoSuchMethodError'{0x0000000088c0a2b8}: 'java.lang.Object java.lang.invoke.Invokers$Holder.invoker(java.lang.Object, java.lang.Object, java.lang.Object)'> (0x0000000088c0a2b8) 
thrown [s\src\hotspot\share\interpreter\linkResolver.cpp, line 771]
Event: 1.631 Thread 0x000002bea035f670 Exception <a 'java/lang/NoSuchMethodError'{0x0000000088c13360}: 'java.lang.Object java.lang.invoke.DirectMethodHandle$Holder.invokeStatic(java.lang.Object, java.lang.Object, int)'> (0x0000000088c13360) 
thrown [s\src\hotspot\share\interpreter\linkResolver.cpp, line 771]
Event: 1.633 Thread 0x000002bea035f670 Exception <a 'java/lang/NoSuchMethodError'{0x0000000088c1f050}: 'void java.lang.invoke.DelegatingMethodHandle$Holder.delegate(java.lang.Object, java.lang.Object, int, java.lang.Object)'> (0x0000000088c1f050) 
thrown [s\src\hotspot\share\interpreter\linkResolver.cpp, line 771]
Event: 1.634 Thread 0x000002bea035f670 Exception <a 'java/lang/NoSuchMethodError'{0x0000000088c23198}: 'int java.lang.invoke.DirectMethodHandle$Holder.invokeSpecial(java.lang.Object, java.lang.Object, java.lang.Object)'> (0x0000000088c23198) 
thrown [s\src\hotspot\share\interpreter\linkResolver.cpp, line 771]
Event: 1.640 Thread 0x000002bea035f670 Exception <a 'java/lang/NoSuchMethodError'{0x0000000088c36350}: 'java.lang.Object java.lang.invoke.Invokers$Holder.invokeExact_MT(java.lang.Object, java.lang.Object, java.lang.Object, java.lang.Object)'> (0x0000000088c36350) 
thrown [s\src\hotspot\share\interpreter\linkResolver.cpp, line 771]
Event: 1.859 Thread 0x000002bea035f670 Exception <a 'java/lang/NoSuchMethodError'{0x0000000088634948}: 'java.lang.Object java.lang.invoke.DirectMethodHandle$Holder.invokeInterface(java.lang.Object, java.lang.Object, java.lang.Object)'> (0x0000000088634948) 
thrown [s\src\hotspot\share\interpreter\linkResolver.cpp, line 771]
Event: 1.867 Thread 0x000002bea035f670 Exception <a 'java/lang/NoSuchMethodError'{0x00000000886565d0}: 'void java.lang.invoke.DirectMethodHandle$Holder.invokeSpecial(java.lang.Object, java.lang.Object, java.lang.Object)'> (0x00000000886565d0) 
thrown [s\src\hotspot\share\interpreter\linkResolver.cpp, line 771]
Event: 1.901 Thread 0x000002bea035f670 Implicit null exception at 0x000002beab35cd13 to 0x000002beab35d14c
Event: 1.901 Thread 0x000002bea035f670 Implicit null exception at 0x000002beab34b891 to 0x000002beab34bcac
Event: 1.938 Thread 0x000002bea035f670 Exception <a 'java/lang/NoSuchMethodError'{0x00000000885f4528}: 'java.lang.Object java.lang.invoke.DirectMethodHandle$Holder.invokeStaticInit(java.lang.Object)'> (0x00000000885f4528) 
thrown [s\src\hotspot\share\interpreter\linkResolver.cpp, line 771]
Event: 2.123 Thread 0x000002bea035f670 Exception <a 'java/lang/NoSuchMethodError'{0x00000000892118e0}: 'java.lang.Object java.lang.invoke.DirectMethodHandle$Holder.invokeStaticInit(java.lang.Object, int, int, int, int)'> (0x00000000892118e0) 
thrown [s\src\hotspot\share\interpreter\linkResolver.cpp, line 771]
Event: 2.210 Thread 0x000002bea035f670 Exception <a 'java/lang/NoSuchMethodError'{0x00000000892a0b30}: 'java.lang.Object java.lang.invoke.DirectMethodHandle$Holder.invokeStaticInit(java.lang.Object, java.lang.Object, int, int, int, int)'> (0x00000000892a0b30) 
thrown [s\src\hotspot\share\interpreter\linkResolver.cpp, line 771]
Event: 2.461 Thread 0x000002bea035f670 Exception <a 'java/lang/NoSuchMethodError'{0x00000000892ce298}: 'void java.lang.invoke.DirectMethodHandle$Holder.invokeStatic(java.lang.Object, java.lang.Object, java.lang.Object)'> (0x00000000892ce298) 
thrown [s\src\hotspot\share\interpreter\linkResolver.cpp, line 771]
Event: 2.482 Thread 0x000002bea035f670 Implicit null exception at 0x000002beab3478f2 to 0x000002beab347ec8
Event: 2.483 Thread 0x000002bea035f670 Implicit null exception at 0x000002beab345072 to 0x000002beab345658

VM Operations (16 events):
Event: 0.172 Executing VM operation: HandshakeAllThreads
Event: 0.172 Executing VM operation: HandshakeAllThreads done
Event: 1.106 Executing VM operation: G1CollectForAllocation
Event: 1.112 Executing VM operation: G1CollectForAllocation done
Event: 1.382 Executing VM operation: HandshakeAllThreads
Event: 1.382 Executing VM operation: HandshakeAllThreads done
Event: 1.631 Executing VM operation: HandshakeAllThreads
Event: 1.631 Executing VM operation: HandshakeAllThreads done
Event: 1.997 Executing VM operation: G1CollectForAllocation
Event: 2.001 Executing VM operation: G1CollectForAllocation done
Event: 2.045 Executing VM operation: HandshakeAllThreads
Event: 2.045 Executing VM operation: HandshakeAllThreads done
Event: 2.180 Executing VM operation: HandshakeAllThreads
Event: 2.180 Executing VM operation: HandshakeAllThreads done
Event: 3.185 Executing VM operation: Cleanup
Event: 3.185 Executing VM operation: Cleanup done

Events (20 events):
Event: 3.054 loading class jdk/internal/reflect/ByteVectorFactory
Event: 3.054 loading class jdk/internal/reflect/ByteVectorFactory done
Event: 3.054 loading class jdk/internal/reflect/ByteVectorImpl
Event: 3.055 loading class jdk/internal/reflect/ByteVector
Event: 3.055 loading class jdk/internal/reflect/ByteVector done
Event: 3.055 loading class jdk/internal/reflect/ByteVectorImpl done
Event: 3.055 loading class jdk/internal/reflect/ClassFileAssembler
Event: 3.055 loading class jdk/internal/reflect/ClassFileAssembler done
Event: 3.055 loading class jdk/internal/reflect/UTF8
Event: 3.055 loading class jdk/internal/reflect/UTF8 done
Event: 3.056 loading class jdk/internal/reflect/Label
Event: 3.056 loading class jdk/internal/reflect/Label done
Event: 3.057 loading class jdk/internal/reflect/Label$PatchInfo
Event: 3.057 loading class jdk/internal/reflect/Label$PatchInfo done
Event: 3.057 loading class jdk/internal/reflect/MethodAccessorGenerator$1
Event: 3.057 loading class jdk/internal/reflect/MethodAccessorGenerator$1 done
Event: 3.057 loading class jdk/internal/reflect/ClassDefiner
Event: 3.057 loading class jdk/internal/reflect/ClassDefiner done
Event: 3.057 loading class jdk/internal/reflect/ClassDefiner$1
Event: 3.057 loading class jdk/internal/reflect/ClassDefiner$1 done


Dynamic libraries:
0x00007ff6070c0000 - 0x00007ff6070ca000 	C:\Program Files\Android\Android Studio\jbr\bin\java.exe
0x00007ffe35be0000 - 0x00007ffe35de9000 	C:\Windows\SYSTEM32\ntdll.dll
0x00007ffe34b80000 - 0x00007ffe34c3d000 	C:\Windows\System32\KERNEL32.DLL
0x00007ffe332c0000 - 0x00007ffe33645000 	C:\Windows\System32\KERNELBASE.dll
0x00007ffe338e0000 - 0x00007ffe339f1000 	C:\Windows\System32\ucrtbase.dll
0x00007ffe1b1d0000 - 0x00007ffe1b1e7000 	C:\Program Files\Android\Android Studio\jbr\bin\jli.dll
0x00007ffe34490000 - 0x00007ffe3463d000 	C:\Windows\System32\USER32.dll
0x00007ffe33a00000 - 0x00007ffe33a26000 	C:\Windows\System32\win32u.dll
0x00007ffe355b0000 - 0x00007ffe355da000 	C:\Windows\System32\GDI32.dll
0x00007ffe33650000 - 0x00007ffe3376e000 	C:\Windows\System32\gdi32full.dll
0x00007ffe33070000 - 0x00007ffe3310d000 	C:\Windows\System32\msvcp_win.dll
0x00007ffe0e180000 - 0x00007ffe0e19b000 	C:\Program Files\Android\Android Studio\jbr\bin\VCRUNTIME140.dll
0x00007ffe21060000 - 0x00007ffe21305000 	C:\Windows\WinSxS\amd64_microsoft.windows.common-controls_6595b64144ccf1df_6.0.22000.2600_none_1b65155c6ae217ae\COMCTL32.dll
0x00007ffe35960000 - 0x00007ffe35a03000 	C:\Windows\System32\msvcrt.dll
0x00007ffe34640000 - 0x00007ffe34671000 	C:\Windows\System32\IMM32.DLL
0x00007ffe10980000 - 0x00007ffe1098c000 	C:\Program Files\Android\Android Studio\jbr\bin\vcruntime140_1.dll
0x00007ffe0d5e0000 - 0x00007ffe0d66d000 	C:\Program Files\Android\Android Studio\jbr\bin\msvcp140.dll
0x00007ffddc160000 - 0x00007ffddcde0000 	C:\Program Files\Android\Android Studio\jbr\bin\server\jvm.dll
0x00007ffe358b0000 - 0x00007ffe35960000 	C:\Windows\System32\ADVAPI32.dll
0x00007ffe34a70000 - 0x00007ffe34b0e000 	C:\Windows\System32\sechost.dll
0x00007ffe35780000 - 0x00007ffe358a2000 	C:\Windows\System32\RPCRT4.dll
0x00007ffe11f60000 - 0x00007ffe11f69000 	C:\Windows\SYSTEM32\WSOCK32.dll
0x00007ffe27130000 - 0x00007ffe27163000 	C:\Windows\SYSTEM32\WINMM.dll
0x00007ffe340c0000 - 0x00007ffe3412f000 	C:\Windows\System32\WS2_32.dll
0x00007ffe21e80000 - 0x00007ffe21e8a000 	C:\Windows\SYSTEM32\VERSION.dll
0x00007ffe321e0000 - 0x00007ffe321f8000 	C:\Windows\SYSTEM32\kernel.appcore.dll
0x00007ffe2f290000 - 0x00007ffe2f29a000 	C:\Program Files\Android\Android Studio\jbr\bin\jimage.dll
0x00007ffe226d0000 - 0x00007ffe228f1000 	C:\Windows\SYSTEM32\DBGHELP.DLL
0x00007ffe1bbd0000 - 0x00007ffe1bc01000 	C:\Windows\SYSTEM32\dbgcore.DLL
0x00007ffe33110000 - 0x00007ffe3318f000 	C:\Windows\System32\bcryptPrimitives.dll
0x00007ffe2f260000 - 0x00007ffe2f285000 	C:\Program Files\Android\Android Studio\jbr\bin\java.dll
0x00007ffe280d0000 - 0x00007ffe280e8000 	C:\Program Files\Android\Android Studio\jbr\bin\zip.dll
0x00007ffe34c40000 - 0x00007ffe35405000 	C:\Windows\System32\SHELL32.dll
0x00007ffe31160000 - 0x00007ffe319c2000 	C:\Windows\SYSTEM32\windows.storage.dll
0x00007ffe34680000 - 0x00007ffe349f6000 	C:\Windows\System32\combase.dll
0x00007ffe30ff0000 - 0x00007ffe31157000 	C:\Windows\SYSTEM32\wintypes.dll
0x00007ffe342f0000 - 0x00007ffe343da000 	C:\Windows\System32\SHCORE.dll
0x00007ffe33ed0000 - 0x00007ffe33f2d000 	C:\Windows\System32\shlwapi.dll
0x00007ffe32fa0000 - 0x00007ffe32fc5000 	C:\Windows\SYSTEM32\profapi.dll
0x00007ffe27620000 - 0x00007ffe27639000 	C:\Program Files\Android\Android Studio\jbr\bin\net.dll
0x00007ffe2d590000 - 0x00007ffe2d6a4000 	C:\Windows\SYSTEM32\WINHTTP.dll
0x00007ffe32680000 - 0x00007ffe326e7000 	C:\Windows\system32\mswsock.dll
0x00007ffe23190000 - 0x00007ffe231a6000 	C:\Program Files\Android\Android Studio\jbr\bin\nio.dll
0x00007ffe27610000 - 0x00007ffe27620000 	C:\Program Files\Android\Android Studio\jbr\bin\verify.dll
0x00007ffde1b40000 - 0x00007ffde1b67000 	C:\Users\Soumaila\.gradle\native\e1d6ef7f7dcc3fd88c89a11ec53ec762bb8ba0a96d01ffa2cd45eb1d1d8dd5c5\windows-amd64\native-platform.dll
0x00007ffe22ce0000 - 0x00007ffe22ce9000 	C:\Program Files\Android\Android Studio\jbr\bin\management.dll
0x00007ffe22430000 - 0x00007ffe2243b000 	C:\Program Files\Android\Android Studio\jbr\bin\management_ext.dll
0x00007ffe34400000 - 0x00007ffe34408000 	C:\Windows\System32\PSAPI.DLL
0x00007ffe328c0000 - 0x00007ffe328d8000 	C:\Windows\SYSTEM32\CRYPTSP.dll
0x00007ffe32140000 - 0x00007ffe32175000 	C:\Windows\system32\rsaenh.dll
0x00007ffe32770000 - 0x00007ffe3279c000 	C:\Windows\SYSTEM32\USERENV.dll
0x00007ffe32a40000 - 0x00007ffe32a67000 	C:\Windows\SYSTEM32\bcrypt.dll
0x00007ffe328e0000 - 0x00007ffe328ec000 	C:\Windows\SYSTEM32\CRYPTBASE.dll
0x00007ffe31c80000 - 0x00007ffe31cad000 	C:\Windows\SYSTEM32\IPHLPAPI.DLL
0x00007ffe343e0000 - 0x00007ffe343e9000 	C:\Windows\System32\NSI.dll
0x00007ffe2d570000 - 0x00007ffe2d589000 	C:\Windows\SYSTEM32\dhcpcsvc6.DLL
0x00007ffe2d7d0000 - 0x00007ffe2d7ee000 	C:\Windows\SYSTEM32\dhcpcsvc.DLL
0x00007ffe31cb0000 - 0x00007ffe31d97000 	C:\Windows\SYSTEM32\DNSAPI.dll
0x00007ffe2f250000 - 0x00007ffe2f258000 	C:\Windows\system32\wshunix.dll

dbghelp: loaded successfully - version: 4.0.5 - missing functions: none
symbol engine: initialized successfully - sym options: 0x614 - pdb path: .;C:\Program Files\Android\Android Studio\jbr\bin;C:\Windows\SYSTEM32;C:\Windows\WinSxS\amd64_microsoft.windows.common-controls_6595b64144ccf1df_6.0.22000.2600_none_1b65155c6ae217ae;C:\Program Files\Android\Android Studio\jbr\bin\server;C:\Users\Soumaila\.gradle\native\e1d6ef7f7dcc3fd88c89a11ec53ec762bb8ba0a96d01ffa2cd45eb1d1d8dd5c5\windows-amd64

VM Arguments:
jvm_args: -Dorg.gradle.appname=gradlew 
java_command: org.gradle.wrapper.GradleWrapperMain -q -Ptarget-platform=android-arm64 -Ptarget=C:\Users\Soumaila\Desktop\yanana\lib\main.dart -Pbase-application-name=android.app.Application -Pdart-defines=Zmx1dHRlci5pbnNwZWN0b3Iuc3RydWN0dXJlZEVycm9ycz10cnVl,RkxVVFRFUl9XRUJfQVVUT19ERVRFQ1Q9dHJ1ZQ==,RkxVVFRFUl9XRUJfQ0FOVkFTS0lUX1VSTD1odHRwczovL3d3dy5nc3RhdGljLmNvbS9mbHV0dGVyLWNhbnZhc2tpdC8xYWM2MTFjNjRlYWRiZDkzYzVmNWFiYTU0OTRiOGZjM2IzNWVlOTUyLw== -Pdart-obfuscation=false -Ptrack-widget-creation=true -Ptree-shake-icons=false -Pfilesystem-scheme=org-dartlang-root assembleDebug
java_class_path (initial): C:\Users\Soumaila\Desktop\yanana\android\\gradle\wrapper\gradle-wrapper.jar
Launcher Type: SUN_STANDARD

[Global flags]
     intx CICompilerCount                          = 3                                         {product} {ergonomic}
     uint ConcGCThreads                            = 1                                         {product} {ergonomic}
     uint G1ConcRefinementThreads                  = 4                                         {product} {ergonomic}
   size_t G1HeapRegionSize                         = 1048576                                   {product} {ergonomic}
    uintx GCDrainStackTargetSize                   = 64                                        {product} {ergonomic}
   size_t InitialHeapSize                          = 134217728                                 {product} {ergonomic}
   size_t MarkStackSize                            = 4194304                                   {product} {ergonomic}
   size_t MaxHeapSize                              = 2124414976                                {product} {ergonomic}
   size_t MaxNewSize                               = 1274019840                                {product} {ergonomic}
   size_t MinHeapDeltaBytes                        = 1048576                                   {product} {ergonomic}
   size_t MinHeapSize                              = 8388608                                   {product} {ergonomic}
    uintx NonNMethodCodeHeapSize                   = 5832780                                {pd product} {ergonomic}
    uintx NonProfiledCodeHeapSize                  = 122912730                              {pd product} {ergonomic}
    uintx ProfiledCodeHeapSize                     = 122912730                              {pd product} {ergonomic}
    uintx ReservedCodeCacheSize                    = 251658240                              {pd product} {ergonomic}
     bool SegmentedCodeCache                       = true                                      {product} {ergonomic}
   size_t SoftMaxHeapSize                          = 2124414976                             {manageable} {ergonomic}
     bool UseCompressedClassPointers               = true                           {product lp64_product} {ergonomic}
     bool UseCompressedOops                        = true                           {product lp64_product} {ergonomic}
     bool UseG1GC                                  = true                                      {product} {ergonomic}
     bool UseLargePagesIndividualAllocation        = false                                  {pd product} {ergonomic}

Logging:
Log output configuration:
 #0: stdout all=warning uptime,level,tags
 #1: stderr all=off uptime,level,tags

Environment Variables:
JAVA_HOME=C:\Program Files\Android\Android Studio\jbr
CLASSPATH=C:\Users\Soumaila\Desktop\yanana\android\\gradle\wrapper\gradle-wrapper.jar
PATH=C:\Program Files\Android\Android Studio\jbr\bin;C:\Oraclew\Middleware\Oracle_FRHome1\bin;C:\oracle12C\product\12.2.0\dbhome_1\bin;C:\oracle\DevSuiteHome_2\jdk\jre\bin;C:\oracle\DevSuiteHome_2\jdk\jre\bin\client;C:\oracle\DevSuiteHome_2\jlib;C:\oracle\DevSuiteHome_2\bin;C:\oracle\DevSuiteHome_2\jre\1.4.2\bin\client;C:\oracle\DevSuiteHome_2\jre\1.4.2\bin;C:\oracle\product\10.2.0\db_1\bin;D:\DevSuiteHome_1\jdk\jre\bin\client;D:\DevSuiteHome_1\bin;D:\DevSuiteHome_1\jlib;C:\ProgramData\Oracle\Java\javapath;C:\oraclexe\app\oracle\product\11.2.0\server\bin;C:\Program Files (x86)\VMware\VMware Workstation\bin\;C:\Program Files\Common Files\Oracle\Java\javapath;C:\Windows\system32;C:\Windows;C:\Windows\System32\Wbem;C:\Windows\System32\WindowsPowerShell\v1.0\;C:\Windows\System32\OpenSSH\;C:\Program Files\Git\cmd;C:\src\flutter\flutter\bin;C:\Users\Soumaila\AppData\Roaming\Microsoft VS Code\bin;C:\MinGW\bin;C:\Program Files\Microsoft SQL Server\150\Tools\Binn\;C:\Program Files (x86)\Windows Kits\10\Windows Performance Toolkit\;C:\MATLAB701\bin\win32;C:\Program Files\Microsoft SQL Server\110\Tools\Binn\;C:\Oraclew\Middleware\Oracle_FRHome1\opmn\bin;C:\Oraclew\Middleware\Oracle_FRHome1\opmn\lib;C:\Oraclew\Middleware\Oracle_FRHome1\perl\bin;C:\Users\Soumaila\AppData\Local\Programs\Python\Python310\Scripts\;C:\Users\Soumaila\AppData\Local\Programs\Python\Python310\;C:\Users\Soumaila\AppData\Local\Microsoft\WindowsApps;C:\Program Files\JetBrains\PyCharm 2022.2.2\bin;C:\Users\Soumaila\AppData\Local\Programs\Microsoft VS Code\bin;C:\Users\Soumaila\AppData\Local\JetBrains\Toolbox\scripts;;C:\src\flutter\flutter\bin\mingit\cmd
USERNAME=Soumaila
LD_LIBRARY_PATH=C:\Oraclew\Middleware\Oracle_FRHome1\lib
OS=Windows_NT
PROCESSOR_IDENTIFIER=Intel64 Family 6 Model 69 Stepping 1, GenuineIntel
TMP=C:\Users\Soumaila\AppData\Local\Temp
TEMP=C:\Users\Soumaila\AppData\Local\Temp


JNI global refs:
JNI global refs: 18, weak refs: 23

JNI global refs memory usage: 843, weak refs: 841

OOME stack traces (most recent first):
Classloader memory used:
Loader bootstrap                                                                       : 1495K
Loader org.gradle.internal.classloader.VisitableURLClassLoader                         : 463K
Loader java.net.URLClassLoader                                                         : 25818B
Loader jdk.internal.loader.ClassLoaders$AppClassLoader                                 : 18431B
Loader jdk.internal.loader.ClassLoaders$PlatformClassLoader                            : 14151B
Loader jdk.internal.reflect.DelegatingClassLoader                                      : 439B

Classes loaded by more than one classloader:
Class org.gradle.internal.installation.GradleInstallation                             : loaded 2 times (x 73B)
Class org.gradle.cli.ParsedCommandLine                                                : loaded 2 times (x 78B)
Class org.gradle.internal.classpath.ClassPath                                         : loaded 2 times (x 68B)
Class org.gradle.api.Action                                                           : loaded 2 times (x 68B)
Class org.gradle.cli.CommandLineParser$OptionString                                   : loaded 2 times (x 71B)
Class org.gradle.internal.installation.GradleInstallation$1                           : loaded 2 times (x 73B)
Class org.gradle.cli.CommandLineParser$AfterOptions                                   : loaded 2 times (x 75B)
Class org.gradle.cli.CommandLineParser$AfterFirstSubCommand                           : loaded 2 times (x 75B)
Class org.gradle.internal.service.UnknownServiceException                             : loaded 2 times (x 81B)
Class org.gradle.api.GradleException                                                  : loaded 2 times (x 80B)
Class org.gradle.api.internal.classpath.ModuleRegistry                                : loaded 2 times (x 68B)
Class org.gradle.cli.CommandLineParser$KnownOptionParserState                         : loaded 2 times (x 74B)
Class org.gradle.cli.AbstractPropertiesCommandLineConverter                           : loaded 2 times (x 81B)
Class org.gradle.api.specs.Spec                                                       : loaded 2 times (x 68B)
Class org.gradle.cli.SystemPropertiesCommandLineConverter                             : loaded 2 times (x 81B)
Class org.gradle.internal.IoActions                                                   : loaded 2 times (x 69B)
Class org.gradle.internal.installation.CurrentGradleInstallation                      : loaded 2 times (x 71B)
Class org.gradle.internal.installation.CurrentGradleInstallationLocator               : loaded 2 times (x 69B)
Class org.gradle.internal.classpath.DefaultClassPath                                  : loaded 2 times (x 88B)
Class org.gradle.api.Transformer                                                      : loaded 2 times (x 68B)
Class org.gradle.cli.CommandLineParser                                                : loaded 2 times (x 77B)
Class org.gradle.cli.CommandLineParser$BeforeFirstSubCommand                          : loaded 2 times (x 75B)
Class org.gradle.cli.CommandLineOption                                                : loaded 2 times (x 84B)
Class org.gradle.cli.CommandLineParser$ParserState                                    : loaded 2 times (x 74B)
Class org.gradle.cli.CommandLineParser$MissingOptionArgState                          : loaded 2 times (x 75B)
Class org.gradle.api.UncheckedIOException                                             : loaded 2 times (x 80B)
Class org.gradle.cli.ParsedCommandLineOption                                          : loaded 2 times (x 74B)
Class org.gradle.internal.classloader.ClasspathUtil                                   : loaded 2 times (x 69B)
Class org.gradle.cli.CommandLineParser$UnknownOptionParserState                       : loaded 2 times (x 74B)
Class org.gradle.internal.service.ServiceLookupException                              : loaded 2 times (x 80B)
Class org.gradle.util.internal.GUtil                                                  : loaded 2 times (x 69B)
Class org.gradle.cli.CommandLineParser$OptionAwareParserState                         : loaded 2 times (x 75B)
Class org.gradle.cli.CommandLineParser$OptionParserState                              : loaded 2 times (x 73B)
Class org.gradle.internal.Cast                                                        : loaded 2 times (x 69B)
Class org.gradle.cli.CommandLineConverter                                             : loaded 2 times (x 68B)
Class org.gradle.internal.classpath.DefaultClassPath$ImmutableUniqueList              : loaded 2 times (x 159B)
Class org.gradle.cli.AbstractCommandLineConverter                                     : loaded 2 times (x 77B)
Class org.gradle.cli.CommandLineArgumentException                                     : loaded 2 times (x 80B)


---------------  S Y S T E M  ---------------

OS:
 Windows 11 , 64 bit Build 22000 (10.0.22000.2600)
OS uptime: 2 days 1:58 hours

CPU: total 4 (initial active 4) (2 cores per cpu, 2 threads per core) family 6 model 69 stepping 1 microcode 0x26, cx8, cmov, fxsr, ht, mmx, sse, sse2, sse3, ssse3, sse4.1, sse4.2, popcnt, lzcnt, tsc, tscinvbit, avx, avx2, aes, erms, clmul, bmi1, bmi2, fma, vzeroupper, clflush

Memory: 4k page, system-wide physical 8097M (619M free)
TotalPageFile size 13297M (AvailPageFile size 2M)
current process WorkingSet (physical memory assigned to process): 85M, peak: 90M
current process commit charge ("private bytes"): 218M, peak: 225M

vm_info: OpenJDK 64-Bit Server VM (17.0.7+0-b2043.56-10550314) for windows-amd64 JRE (17.0.7+0-b2043.56-10550314), built on Jul 24 2023 18:27:45 by "androidbuild" with MS VC++ 16.10 / 16.11 (VS2019)

END.
