#
# There is insufficient memory for the Java Runtime Environment to continue.
# Native memory allocation (malloc) failed to allocate 109696 bytes for Chunk::new
# Possible reasons:
#   The system is out of physical RAM or swap space
#   The process is running with CompressedOops enabled, and the Java Heap may be blocking the growth of the native heap
# Possible solutions:
#   Reduce memory load on the system
#   Increase physical memory or swap space
#   Check if swap backing store is full
#   Decrease Java heap size (-Xmx/-Xms)
#   Decrease number of Java threads
#   Decrease Java thread stack sizes (-Xss)
#   Set larger code cache with -XX:ReservedCodeCacheSize=
#   JVM is running with Unscaled Compressed Oops mode in which the Java heap is
#     placed in the first 4GB address space. The Java Heap base address is the
#     maximum limit for the native heap growth. Please use -XX:HeapBaseMinAddress
#     to set the Java Heap base and to place the Java Heap above 4GB virtual address.
# This output file may be truncated or incomplete.
#
#  Out of Memory Error (arena.cpp:189), pid=11716, tid=5704
#
# JRE version: OpenJDK Runtime Environment (17.0.7) (build 17.0.7+0-b2043.56-10550314)
# Java VM: OpenJDK 64-Bit Server VM (17.0.7+0-b2043.56-10550314, mixed mode, tiered, compressed oops, compressed class ptrs, g1 gc, windows-amd64)
# No core dump will be written. Minidumps are not enabled by default on client versions of Windows
#

---------------  S U M M A R Y ------------

Command Line: --add-opens=java.base/java.util=ALL-UNNAMED --add-opens=java.base/java.lang=ALL-UNNAMED --add-opens=java.base/java.lang.invoke=ALL-UNNAMED --add-opens=java.base/java.util=ALL-UNNAMED --add-opens=java.prefs/java.util.prefs=ALL-UNNAMED --add-opens=java.prefs/java.util.prefs=ALL-UNNAMED --add-opens=java.base/java.nio.charset=ALL-UNNAMED --add-opens=java.base/java.net=ALL-UNNAMED --add-opens=java.base/java.util.concurrent.atomic=ALL-UNNAMED -Xmx1536M -Dfile.encoding=windows-1252 -Duser.country=FR -Duser.language=fr -Duser.variant org.gradle.launcher.daemon.bootstrap.GradleDaemon 7.5

Host: Intel(R) Core(TM) i7-4600U CPU @ 2.10GHz, 4 cores, 7G,  Windows 11 , 64 bit Build 22000 (10.0.22000.2600)
Time: Wed Feb 14 14:49:43 2024 Temps universel coordonné elapsed time: 66.366563 seconds (0d 0h 1m 6s)

---------------  T H R E A D  ---------------

Current thread (0x00000268b6215010):  JavaThread "C2 CompilerThread0" daemon [_thread_in_native, id=5704, stack(0x000000be8cf00000,0x000000be8d000000)]


Current CompileTask:
C2:  66444 12986       4       org.gradle.internal.logging.text.AbstractLineChoppingStyledTextOutput$2::execute (77 bytes)

Stack: [0x000000be8cf00000,0x000000be8d000000]
Native frames: (J=compiled Java code, j=interpreted, Vv=VM code, C=native code)
V  [jvm.dll+0x683bfa]
V  [jvm.dll+0x8430a4]
V  [jvm.dll+0x8449be]
V  [jvm.dll+0x845023]
V  [jvm.dll+0x24ad2f]
V  [jvm.dll+0xac25c]
V  [jvm.dll+0xac82c]
V  [jvm.dll+0x2b218f]
V  [jvm.dll+0x58c2f7]
V  [jvm.dll+0x225a12]
V  [jvm.dll+0x21ec49]
V  [jvm.dll+0x21c56b]
V  [jvm.dll+0x1a605d]
V  [jvm.dll+0x22c148]
V  [jvm.dll+0x22a209]
V  [jvm.dll+0x7f858c]
V  [jvm.dll+0x7f2aea]
V  [jvm.dll+0x682a35]
C  [ucrtbase.dll+0x26c0c]
C  [KERNEL32.DLL+0x153e0]
C  [ntdll.dll+0x485b]


---------------  P R O C E S S  ---------------

Threads class SMR info:
_java_thread_list=0x00000268c13a1f10, length=92, elements={
0x000002689dd78140, 0x00000268b6072f80, 0x00000268b6075b40, 0x00000268b61fb5a0,
0x00000268b61fde70, 0x00000268b61fe820, 0x00000268b61ff1d0, 0x00000268b6215010,
0x00000268b621f5f0, 0x00000268b62223e0, 0x00000268b63ac4b0, 0x00000268b63acd90,
0x00000268bb77f440, 0x00000268bc28a550, 0x00000268bc08b210, 0x00000268bc304c90,
0x00000268bbfeb050, 0x00000268bc26f040, 0x00000268bc37af00, 0x00000268bc033e40,
0x00000268bc030950, 0x00000268bc032160, 0x00000268bc031c90, 0x00000268bc032630,
0x00000268bc033970, 0x00000268bc030e20, 0x00000268bc032fd0, 0x00000268bc034310,
0x00000268bc0334a0, 0x00000268bc0312f0, 0x00000268bcaab530, 0x00000268bcaad6e0,
0x00000268bcaadbb0, 0x00000268bcaae080, 0x00000268bcaabed0, 0x00000268bcaac870,
0x00000268bcaac3a0, 0x00000268bcaacd40, 0x00000268bcdb2d90, 0x00000268bcdb0240,
0x00000268bcdb58e0, 0x00000268bcdb5410, 0x00000268bcdb6280, 0x00000268bcdb1580,
0x00000268bcdb1f20, 0x00000268bcdb23f0, 0x00000268bcdb3c00, 0x00000268bcdafd70,
0x00000268bcdb6c20, 0x00000268bcdb3260, 0x00000268bcdb10b0, 0x00000268bcdb5db0,
0x00000268bcdb6750, 0x00000268bcdb45a0, 0x00000268bcdb4a70, 0x00000268bcdb0710,
0x00000268bcdb4f40, 0x00000268bcdb1a50, 0x00000268bcdb70f0, 0x00000268bcdb3730,
0x00000268bcdb28c0, 0x00000268bcdb0be0, 0x00000268bcdaf8a0, 0x00000268bcdb40d0,
0x00000268bd790890, 0x00000268bd791230, 0x00000268bd78f550, 0x00000268bd78f080,
0x00000268bd78fa20, 0x00000268bd7903c0, 0x00000268bd791700, 0x00000268bd791bd0,
0x00000268bd792570, 0x00000268bd78ebb0, 0x00000268bd792a40, 0x00000268bd7920a0,
0x00000268bd78fef0, 0x00000268bd792f10, 0x00000268bd78dd40, 0x00000268bd790d60,
0x00000268bd78e210, 0x00000268bd78e6e0, 0x00000268bd793d80, 0x00000268bd78d870,
0x00000268bd794250, 0x00000268bd794720, 0x00000268bd794bf0, 0x00000268bcb8d090,
0x00000268bcb8d560, 0x00000268bcb8b880, 0x00000268bcb8ed70, 0x00000268be2f35c0
}

Java Threads: ( => current thread )
  0x000002689dd78140 JavaThread "main" [_thread_blocked, id=3876, stack(0x000000be8c200000,0x000000be8c300000)]
  0x00000268b6072f80 JavaThread "Reference Handler" daemon [_thread_blocked, id=8480, stack(0x000000be8c900000,0x000000be8ca00000)]
  0x00000268b6075b40 JavaThread "Finalizer" daemon [_thread_blocked, id=11484, stack(0x000000be8ca00000,0x000000be8cb00000)]
  0x00000268b61fb5a0 JavaThread "Signal Dispatcher" daemon [_thread_blocked, id=7172, stack(0x000000be8cb00000,0x000000be8cc00000)]
  0x00000268b61fde70 JavaThread "Attach Listener" daemon [_thread_blocked, id=14248, stack(0x000000be8cc00000,0x000000be8cd00000)]
  0x00000268b61fe820 JavaThread "Service Thread" daemon [_thread_blocked, id=10964, stack(0x000000be8cd00000,0x000000be8ce00000)]
  0x00000268b61ff1d0 JavaThread "Monitor Deflation Thread" daemon [_thread_blocked, id=13296, stack(0x000000be8ce00000,0x000000be8cf00000)]
=>0x00000268b6215010 JavaThread "C2 CompilerThread0" daemon [_thread_in_native, id=5704, stack(0x000000be8cf00000,0x000000be8d000000)]
  0x00000268b621f5f0 JavaThread "C1 CompilerThread0" daemon [_thread_blocked, id=8172, stack(0x000000be8d000000,0x000000be8d100000)]
  0x00000268b62223e0 JavaThread "Sweeper thread" daemon [_thread_blocked, id=3348, stack(0x000000be8d100000,0x000000be8d200000)]
  0x00000268b63ac4b0 JavaThread "Common-Cleaner" daemon [_thread_blocked, id=12892, stack(0x000000be8d200000,0x000000be8d300000)]
  0x00000268b63acd90 JavaThread "Notification Thread" daemon [_thread_blocked, id=8632, stack(0x000000be8d300000,0x000000be8d400000)]
  0x00000268bb77f440 JavaThread "Daemon health stats" [_thread_blocked, id=8428, stack(0x000000be8d900000,0x000000be8da00000)]
  0x00000268bc28a550 JavaThread "Incoming local TCP Connector on port 55975" [_thread_in_native, id=4036, stack(0x000000be8da00000,0x000000be8db00000)]
  0x00000268bc08b210 JavaThread "Daemon periodic checks" [_thread_blocked, id=11420, stack(0x000000be8db00000,0x000000be8dc00000)]
  0x00000268bc304c90 JavaThread "Daemon" [_thread_blocked, id=14160, stack(0x000000be8dc00000,0x000000be8dd00000)]
  0x00000268bbfeb050 JavaThread "Handler for socket connection from /127.0.0.1:55975 to /127.0.0.1:55976" [_thread_in_native, id=13420, stack(0x000000be8dd00000,0x000000be8de00000)]
  0x00000268bc26f040 JavaThread "Cancel handler" [_thread_blocked, id=4324, stack(0x000000be8de00000,0x000000be8df00000)]
  0x00000268bc37af00 JavaThread "Daemon worker" [_thread_blocked, id=6264, stack(0x000000be8df00000,0x000000be8e000000)]
  0x00000268bc033e40 JavaThread "Asynchronous log dispatcher for DefaultDaemonConnection: socket connection from /127.0.0.1:55975 to /127.0.0.1:55976" [_thread_blocked, id=5736, stack(0x000000be8e000000,0x000000be8e100000)]
  0x00000268bc030950 JavaThread "Stdin handler" [_thread_blocked, id=14044, stack(0x000000be8e100000,0x000000be8e200000)]
  0x00000268bc032160 JavaThread "Daemon client event forwarder" [_thread_blocked, id=2040, stack(0x000000be8e200000,0x000000be8e300000)]
  0x00000268bc031c90 JavaThread "Cache worker for journal cache (C:\Users\Soumaila\.gradle\caches\journal-1)" [_thread_blocked, id=11960, stack(0x000000be8d800000,0x000000be8d900000)]
  0x00000268bc032630 JavaThread "File lock request listener" [_thread_in_native, id=13108, stack(0x000000be8e300000,0x000000be8e400000)]
  0x00000268bc033970 JavaThread "Cache worker for file hash cache (C:\Users\Soumaila\.gradle\caches\7.5\fileHashes)" [_thread_blocked, id=11664, stack(0x000000be8e400000,0x000000be8e500000)]
  0x00000268bc030e20 JavaThread "File watcher server" daemon [_thread_in_native, id=11476, stack(0x000000be8e500000,0x000000be8e600000)]
  0x00000268bc032fd0 JavaThread "File watcher consumer" daemon [_thread_blocked, id=9260, stack(0x000000be8e600000,0x000000be8e700000)]
  0x00000268bc034310 JavaThread "Cache worker for checksums cache (C:\Users\Soumaila\Desktop\yanana_v1\projet_yanana\android\.gradle\7.5\checksums)" [_thread_blocked, id=8944, stack(0x000000be8e700000,0x000000be8e800000)]
  0x00000268bc0334a0 JavaThread "Cache worker for cache directory md-rule (C:\Users\Soumaila\.gradle\caches\7.5\md-rule)" [_thread_blocked, id=13784, stack(0x000000be8e800000,0x000000be8e900000)]
  0x00000268bc0312f0 JavaThread "Cache worker for file content cache (C:\Users\Soumaila\.gradle\caches\7.5\fileContent)" [_thread_blocked, id=4160, stack(0x000000be8e900000,0x000000be8ea00000)]
  0x00000268bcaab530 JavaThread "Cache worker for file hash cache (C:\Users\Soumaila\Desktop\yanana_v1\projet_yanana\android\.gradle\7.5\fileHashes)" [_thread_blocked, id=9220, stack(0x000000be8ea00000,0x000000be8eb00000)]
  0x00000268bcaad6e0 JavaThread "Cache worker for cache directory md-supplier (C:\Users\Soumaila\.gradle\caches\7.5\md-supplier)" [_thread_blocked, id=13932, stack(0x000000be8eb00000,0x000000be8ec00000)]
  0x00000268bcaadbb0 JavaThread "Cache worker for execution history cache (C:\Users\Soumaila\.gradle\caches\7.5\executionHistory)" [_thread_blocked, id=5692, stack(0x000000be8ec00000,0x000000be8ed00000)]
  0x00000268bcaae080 JavaThread "jar transforms" [_thread_blocked, id=3568, stack(0x000000be8ee00000,0x000000be8ef00000)]
  0x00000268bcaabed0 JavaThread "jar transforms Thread 2" [_thread_blocked, id=11492, stack(0x000000be8ef00000,0x000000be8f000000)]
  0x00000268bcaac870 JavaThread "jar transforms Thread 3" [_thread_blocked, id=11792, stack(0x000000be8f000000,0x000000be8f100000)]
  0x00000268bcaac3a0 JavaThread "jar transforms Thread 4" [_thread_blocked, id=7716, stack(0x000000be8f100000,0x000000be8f200000)]
  0x00000268bcaacd40 JavaThread "Cache worker for dependencies-accessors (C:\Users\Soumaila\Desktop\yanana_v1\projet_yanana\android\.gradle\7.5\dependencies-accessors)" [_thread_blocked, id=5916, stack(0x000000be8ed00000,0x000000be8ee00000)]
  0x00000268bcdb2d90 JavaThread "Cache worker for Build Output Cleanup Cache (C:\Users\Soumaila\Desktop\yanana_v1\projet_yanana\android\.gradle\buildOutputCleanup)" [_thread_blocked, id=13008, stack(0x000000be8f200000,0x000000be8f300000)]
  0x00000268bcdb0240 JavaThread "Unconstrained build operations" [_thread_blocked, id=13532, stack(0x000000be8f300000,0x000000be8f400000)]
  0x00000268bcdb58e0 JavaThread "Unconstrained build operations Thread 2" [_thread_blocked, id=11288, stack(0x000000be8f400000,0x000000be8f500000)]
  0x00000268bcdb5410 JavaThread "Unconstrained build operations Thread 3" [_thread_blocked, id=12816, stack(0x000000be8f500000,0x000000be8f600000)]
  0x00000268bcdb6280 JavaThread "Unconstrained build operations Thread 4" [_thread_blocked, id=4356, stack(0x000000be8f600000,0x000000be8f700000)]
  0x00000268bcdb1580 JavaThread "Unconstrained build operations Thread 5" [_thread_blocked, id=13596, stack(0x000000be8f700000,0x000000be8f800000)]
  0x00000268bcdb1f20 JavaThread "Unconstrained build operations Thread 6" [_thread_blocked, id=5628, stack(0x000000be8f800000,0x000000be8f900000)]
  0x00000268bcdb23f0 JavaThread "Unconstrained build operations Thread 7" [_thread_blocked, id=9620, stack(0x000000be8f900000,0x000000be8fa00000)]
  0x00000268bcdb3c00 JavaThread "Unconstrained build operations Thread 8" [_thread_blocked, id=9300, stack(0x000000be8fa00000,0x000000be8fb00000)]
  0x00000268bcdafd70 JavaThread "Unconstrained build operations Thread 9" [_thread_blocked, id=11932, stack(0x000000be8fb00000,0x000000be8fc00000)]
  0x00000268bcdb6c20 JavaThread "Unconstrained build operations Thread 10" [_thread_blocked, id=8548, stack(0x000000be8fc00000,0x000000be8fd00000)]
  0x00000268bcdb3260 JavaThread "Unconstrained build operations Thread 11" [_thread_blocked, id=5384, stack(0x000000be8fd00000,0x000000be8fe00000)]
  0x00000268bcdb10b0 JavaThread "Unconstrained build operations Thread 12" [_thread_blocked, id=4720, stack(0x000000be8fe00000,0x000000be8ff00000)]
  0x00000268bcdb5db0 JavaThread "Unconstrained build operations Thread 13" [_thread_blocked, id=7816, stack(0x000000be8ff00000,0x000000be90000000)]
  0x00000268bcdb6750 JavaThread "Unconstrained build operations Thread 14" [_thread_blocked, id=6428, stack(0x000000be90000000,0x000000be90100000)]
  0x00000268bcdb45a0 JavaThread "Unconstrained build operations Thread 15" [_thread_blocked, id=10388, stack(0x000000be90100000,0x000000be90200000)]
  0x00000268bcdb4a70 JavaThread "Unconstrained build operations Thread 16" [_thread_blocked, id=12296, stack(0x000000be90200000,0x000000be90300000)]
  0x00000268bcdb0710 JavaThread "Unconstrained build operations Thread 17" [_thread_blocked, id=10168, stack(0x000000be90300000,0x000000be90400000)]
  0x00000268bcdb4f40 JavaThread "Unconstrained build operations Thread 18" [_thread_blocked, id=6200, stack(0x000000be90400000,0x000000be90500000)]
  0x00000268bcdb1a50 JavaThread "Unconstrained build operations Thread 19" [_thread_blocked, id=10884, stack(0x000000be90500000,0x000000be90600000)]
  0x00000268bcdb70f0 JavaThread "Unconstrained build operations Thread 20" [_thread_blocked, id=8280, stack(0x000000be90600000,0x000000be90700000)]
  0x00000268bcdb3730 JavaThread "Unconstrained build operations Thread 21" [_thread_blocked, id=1440, stack(0x000000be90700000,0x000000be90800000)]
  0x00000268bcdb28c0 JavaThread "Unconstrained build operations Thread 22" [_thread_blocked, id=7128, stack(0x000000be90800000,0x000000be90900000)]
  0x00000268bcdb0be0 JavaThread "Unconstrained build operations Thread 23" [_thread_blocked, id=4536, stack(0x000000be90900000,0x000000be90a00000)]
  0x00000268bcdaf8a0 JavaThread "Unconstrained build operations Thread 24" [_thread_blocked, id=5656, stack(0x000000be90a00000,0x000000be90b00000)]
  0x00000268bcdb40d0 JavaThread "Unconstrained build operations Thread 25" [_thread_blocked, id=6760, stack(0x000000be90b00000,0x000000be90c00000)]
  0x00000268bd790890 JavaThread "Unconstrained build operations Thread 26" [_thread_blocked, id=7440, stack(0x000000be90c00000,0x000000be90d00000)]
  0x00000268bd791230 JavaThread "Unconstrained build operations Thread 27" [_thread_blocked, id=9908, stack(0x000000be90d00000,0x000000be90e00000)]
  0x00000268bd78f550 JavaThread "Unconstrained build operations Thread 28" [_thread_blocked, id=9020, stack(0x000000be90e00000,0x000000be90f00000)]
  0x00000268bd78f080 JavaThread "Unconstrained build operations Thread 29" [_thread_blocked, id=9984, stack(0x000000be90f00000,0x000000be91000000)]
  0x00000268bd78fa20 JavaThread "Unconstrained build operations Thread 30" [_thread_blocked, id=11836, stack(0x000000be91000000,0x000000be91100000)]
  0x00000268bd7903c0 JavaThread "Unconstrained build operations Thread 31" [_thread_blocked, id=3912, stack(0x000000be91100000,0x000000be91200000)]
  0x00000268bd791700 JavaThread "Unconstrained build operations Thread 32" [_thread_blocked, id=5988, stack(0x000000be91200000,0x000000be91300000)]
  0x00000268bd791bd0 JavaThread "Unconstrained build operations Thread 33" [_thread_blocked, id=2152, stack(0x000000be91300000,0x000000be91400000)]
  0x00000268bd792570 JavaThread "Unconstrained build operations Thread 34" [_thread_blocked, id=9980, stack(0x000000be91400000,0x000000be91500000)]
  0x00000268bd78ebb0 JavaThread "Unconstrained build operations Thread 35" [_thread_blocked, id=13792, stack(0x000000be91500000,0x000000be91600000)]
  0x00000268bd792a40 JavaThread "Unconstrained build operations Thread 36" [_thread_blocked, id=12888, stack(0x000000be91600000,0x000000be91700000)]
  0x00000268bd7920a0 JavaThread "Unconstrained build operations Thread 37" [_thread_blocked, id=7360, stack(0x000000be91700000,0x000000be91800000)]
  0x00000268bd78fef0 JavaThread "Unconstrained build operations Thread 38" [_thread_blocked, id=6472, stack(0x000000be91800000,0x000000be91900000)]
  0x00000268bd792f10 JavaThread "Unconstrained build operations Thread 39" [_thread_blocked, id=11968, stack(0x000000be91900000,0x000000be91a00000)]
  0x00000268bd78dd40 JavaThread "Unconstrained build operations Thread 40" [_thread_blocked, id=11060, stack(0x000000be91a00000,0x000000be91b00000)]
  0x00000268bd790d60 JavaThread "Cache worker for kotlin-dsl (C:\Users\Soumaila\.gradle\caches\7.5\kotlin-dsl)" [_thread_blocked, id=9412, stack(0x000000be91b00000,0x000000be91c00000)]
  0x00000268bd78e210 JavaThread "Cache worker for Build Output Cleanup Cache (C:\src\flutter\flutter\packages\flutter_tools\gradle\.gradle\buildOutputCleanup)" [_thread_blocked, id=8000, stack(0x000000be91d00000,0x000000be91e00000)]
  0x00000268bd78e6e0 JavaThread "Memory manager" [_thread_blocked, id=9460, stack(0x000000be91e00000,0x000000be91f00000)]
  0x00000268bd793d80 JavaThread "included builds" [_thread_blocked, id=13992, stack(0x000000be91f00000,0x000000be92000000)]
  0x00000268bd78d870 JavaThread "Execution worker" [_thread_blocked, id=11916, stack(0x000000be92000000,0x000000be92100000)]
  0x00000268bd794250 JavaThread "Execution worker Thread 2" [_thread_blocked, id=12040, stack(0x000000be92100000,0x000000be92200000)]
  0x00000268bd794720 JavaThread "Execution worker Thread 3" [_thread_blocked, id=10904, stack(0x000000be92200000,0x000000be92300000)]
  0x00000268bd794bf0 JavaThread "Cache worker for execution history cache (C:\src\flutter\flutter\packages\flutter_tools\gradle\.gradle\7.5\executionHistory)" [_thread_blocked, id=896, stack(0x000000be8bf00000,0x000000be8c000000)]
  0x00000268bcb8d090 JavaThread "Cache worker for execution history cache (C:\Users\Soumaila\Desktop\yanana_v1\projet_yanana\android\.gradle\7.5\executionHistory)" [_thread_blocked, id=9344, stack(0x000000be8c000000,0x000000be8c100000)]
  0x00000268bcb8d560 JavaThread "Exec process" [_thread_in_native, id=1732, stack(0x000000be92400000,0x000000be92500000)]
  0x00000268bcb8b880 JavaThread "Exec process Thread 2" [_thread_in_native, id=9832, stack(0x000000be92500000,0x000000be92600000)]
  0x00000268bcb8ed70 JavaThread "Exec process Thread 3" [_thread_in_native, id=11112, stack(0x000000be92600000,0x000000be92700000)]
  0x00000268be2f35c0 JavaThread "C2 CompilerThread1" daemon [_thread_in_native, id=8252, stack(0x000000be8c100000,0x000000be8c200000)]

Other Threads:
  0x00000268b606fa40 VMThread "VM Thread" [stack: 0x000000be8c800000,0x000000be8c900000] [id=13096]
  0x00000268b63ade80 WatcherThread [stack: 0x000000be8d400000,0x000000be8d500000] [id=7856]
  0x000002689ddc4980 GCTaskThread "GC Thread#0" [stack: 0x000000be8c300000,0x000000be8c400000] [id=1172]
  0x00000268b6e8f7e0 GCTaskThread "GC Thread#1" [stack: 0x000000be8d600000,0x000000be8d700000] [id=11988]
  0x00000268b6d9bb70 GCTaskThread "GC Thread#2" [stack: 0x000000be8d700000,0x000000be8d800000] [id=11672]
  0x00000268b6d07a70 GCTaskThread "GC Thread#3" [stack: 0x000000be8d500000,0x000000be8d600000] [id=13516]
  0x000002689ddd1760 ConcurrentGCThread "G1 Main Marker" [stack: 0x000000be8c400000,0x000000be8c500000] [id=3096]
  0x000002689ddd37c0 ConcurrentGCThread "G1 Conc#0" [stack: 0x000000be8c500000,0x000000be8c600000] [id=9860]
  0x000002689de3df20 ConcurrentGCThread "G1 Refine#0" [stack: 0x000000be8c600000,0x000000be8c700000] [id=8524]
  0x000002689de3e7e0 ConcurrentGCThread "G1 Service" [stack: 0x000000be8c700000,0x000000be8c800000] [id=1472]

Threads with active compile tasks:
C2 CompilerThread0    66691 12986       4       org.gradle.internal.logging.text.AbstractLineChoppingStyledTextOutput$2::execute (77 bytes)
C2 CompilerThread1    66691 12987       4       org.gradle.internal.logging.text.AbstractLineChoppingStyledTextOutput$1::execute (9 bytes)

VM state: not at safepoint (normal execution)

VM Mutex/Monitor currently owned by a thread: None

Heap address: 0x00000000a0000000, size: 1536 MB, Compressed Oops mode: 32-bit

CDS archive(s) not mapped
Compressed class space mapped at: 0x0000000100000000-0x0000000140000000, reserved size: 1073741824
Narrow klass base: 0x0000000000000000, Narrow klass shift: 3, Narrow klass range: 0x140000000

GC Precious Log:
 CPUs: 4 total, 4 available
 Memory: 8097M
 Large Page Support: Disabled
 NUMA Support: Disabled
 Compressed Oops: Enabled (32-bit)
 Heap Region Size: 1M
 Heap Min Capacity: 8M
 Heap Initial Capacity: 128M
 Heap Max Capacity: 1536M
 Pre-touch: Disabled
 Parallel Workers: 4
 Concurrent Workers: 1
 Concurrent Refinement Workers: 4
 Periodic GC: Disabled

Heap:
 garbage-first heap   total 217088K, used 128282K [0x00000000a0000000, 0x0000000100000000)
  region size 1024K, 3 young (3072K), 2 survivors (2048K)
 Metaspace       used 100910K, committed 101888K, reserved 1179648K
  class space    used 13926K, committed 14336K, reserved 1048576K

Heap Regions: E=young(eden), S=young(survivor), O=old, HS=humongous(starts), HC=humongous(continues), CS=collection set, F=free, OA=open archive, CA=closed archive, TAMS=top-at-mark-start (previous, next)
|   0|0x00000000a0000000, 0x00000000a0100000, 0x00000000a0100000|100%|HS|  |TAMS 0x00000000a0100000, 0x00000000a0000000| Complete 
|   1|0x00000000a0100000, 0x00000000a0200000, 0x00000000a0200000|100%|HC|  |TAMS 0x00000000a0200000, 0x00000000a0100000| Complete 
|   2|0x00000000a0200000, 0x00000000a0300000, 0x00000000a0300000|100%|HC|  |TAMS 0x00000000a0300000, 0x00000000a0200000| Complete 
|   3|0x00000000a0300000, 0x00000000a0400000, 0x00000000a0400000|100%| O|  |TAMS 0x00000000a0400000, 0x00000000a0300000| Untracked 
|   4|0x00000000a0400000, 0x00000000a0500000, 0x00000000a0500000|100%| O|  |TAMS 0x00000000a0500000, 0x00000000a0400000| Untracked 
|   5|0x00000000a0500000, 0x00000000a0600000, 0x00000000a0600000|100%| O|  |TAMS 0x00000000a0600000, 0x00000000a0500000| Untracked 
|   6|0x00000000a0600000, 0x00000000a0700000, 0x00000000a0700000|100%| O|  |TAMS 0x00000000a0700000, 0x00000000a0600000| Untracked 
|   7|0x00000000a0700000, 0x00000000a0800000, 0x00000000a0800000|100%| O|  |TAMS 0x00000000a0800000, 0x00000000a0700000| Untracked 
|   8|0x00000000a0800000, 0x00000000a0900000, 0x00000000a0900000|100%| O|  |TAMS 0x00000000a0900000, 0x00000000a0800000| Untracked 
|   9|0x00000000a0900000, 0x00000000a0a00000, 0x00000000a0a00000|100%| O|  |TAMS 0x00000000a0a00000, 0x00000000a0900000| Untracked 
|  10|0x00000000a0a00000, 0x00000000a0b00000, 0x00000000a0b00000|100%| O|  |TAMS 0x00000000a0b00000, 0x00000000a0a00000| Untracked 
|  11|0x00000000a0b00000, 0x00000000a0c00000, 0x00000000a0c00000|100%| O|  |TAMS 0x00000000a0c00000, 0x00000000a0b00000| Untracked 
|  12|0x00000000a0c00000, 0x00000000a0d00000, 0x00000000a0d00000|100%| O|  |TAMS 0x00000000a0d00000, 0x00000000a0c00000| Untracked 
|  13|0x00000000a0d00000, 0x00000000a0e00000, 0x00000000a0e00000|100%| O|  |TAMS 0x00000000a0e00000, 0x00000000a0d00000| Untracked 
|  14|0x00000000a0e00000, 0x00000000a0f00000, 0x00000000a0f00000|100%| O|  |TAMS 0x00000000a0f00000, 0x00000000a0e00000| Untracked 
|  15|0x00000000a0f00000, 0x00000000a1000000, 0x00000000a1000000|100%| O|  |TAMS 0x00000000a1000000, 0x00000000a0f00000| Untracked 
|  16|0x00000000a1000000, 0x00000000a1100000, 0x00000000a1100000|100%| O|  |TAMS 0x00000000a1100000, 0x00000000a1000000| Untracked 
|  17|0x00000000a1100000, 0x00000000a1200000, 0x00000000a1200000|100%| O|  |TAMS 0x00000000a1200000, 0x00000000a1100000| Untracked 
|  18|0x00000000a1200000, 0x00000000a1300000, 0x00000000a1300000|100%| O|  |TAMS 0x00000000a1300000, 0x00000000a1200000| Untracked 
|  19|0x00000000a1300000, 0x00000000a1400000, 0x00000000a1400000|100%| O|  |TAMS 0x00000000a1400000, 0x00000000a1300000| Untracked 
|  20|0x00000000a1400000, 0x00000000a1500000, 0x00000000a1500000|100%| O|  |TAMS 0x00000000a1500000, 0x00000000a1400000| Untracked 
|  21|0x00000000a1500000, 0x00000000a1600000, 0x00000000a1600000|100%| O|  |TAMS 0x00000000a1600000, 0x00000000a1500000| Untracked 
|  22|0x00000000a1600000, 0x00000000a1700000, 0x00000000a1700000|100%| O|  |TAMS 0x00000000a1700000, 0x00000000a1600000| Untracked 
|  23|0x00000000a1700000, 0x00000000a1800000, 0x00000000a1800000|100%| O|  |TAMS 0x00000000a1800000, 0x00000000a1700000| Untracked 
|  24|0x00000000a1800000, 0x00000000a1900000, 0x00000000a1900000|100%| O|  |TAMS 0x00000000a1900000, 0x00000000a1800000| Untracked 
|  25|0x00000000a1900000, 0x00000000a1a00000, 0x00000000a1a00000|100%| O|  |TAMS 0x00000000a1a00000, 0x00000000a1900000| Untracked 
|  26|0x00000000a1a00000, 0x00000000a1b00000, 0x00000000a1b00000|100%| O|  |TAMS 0x00000000a1b00000, 0x00000000a1a00000| Untracked 
|  27|0x00000000a1b00000, 0x00000000a1c00000, 0x00000000a1c00000|100%| O|  |TAMS 0x00000000a1c00000, 0x00000000a1b00000| Untracked 
|  28|0x00000000a1c00000, 0x00000000a1d00000, 0x00000000a1d00000|100%| O|  |TAMS 0x00000000a1d00000, 0x00000000a1c00000| Untracked 
|  29|0x00000000a1d00000, 0x00000000a1e00000, 0x00000000a1e00000|100%|HS|  |TAMS 0x00000000a1e00000, 0x00000000a1d00000| Complete 
|  30|0x00000000a1e00000, 0x00000000a1f00000, 0x00000000a1f00000|100%| O|  |TAMS 0x00000000a1f00000, 0x00000000a1e00000| Untracked 
|  31|0x00000000a1f00000, 0x00000000a2000000, 0x00000000a2000000|100%| O|  |TAMS 0x00000000a2000000, 0x00000000a1f00000| Untracked 
|  32|0x00000000a2000000, 0x00000000a2100000, 0x00000000a2100000|100%| O|  |TAMS 0x00000000a2100000, 0x00000000a2000000| Untracked 
|  33|0x00000000a2100000, 0x00000000a2200000, 0x00000000a2200000|100%| O|  |TAMS 0x00000000a2200000, 0x00000000a2100000| Untracked 
|  34|0x00000000a2200000, 0x00000000a2300000, 0x00000000a2300000|100%| O|  |TAMS 0x00000000a2300000, 0x00000000a2200000| Untracked 
|  35|0x00000000a2300000, 0x00000000a2400000, 0x00000000a2400000|100%| O|  |TAMS 0x00000000a2400000, 0x00000000a2300000| Untracked 
|  36|0x00000000a2400000, 0x00000000a2500000, 0x00000000a2500000|100%|HS|  |TAMS 0x00000000a2500000, 0x00000000a2400000| Complete 
|  37|0x00000000a2500000, 0x00000000a2600000, 0x00000000a2600000|100%|HS|  |TAMS 0x00000000a2600000, 0x00000000a2500000| Complete 
|  38|0x00000000a2600000, 0x00000000a2700000, 0x00000000a2700000|100%|HS|  |TAMS 0x00000000a2700000, 0x00000000a2600000| Complete 
|  39|0x00000000a2700000, 0x00000000a2800000, 0x00000000a2800000|100%|HC|  |TAMS 0x00000000a2800000, 0x00000000a2700000| Complete 
|  40|0x00000000a2800000, 0x00000000a2900000, 0x00000000a2900000|100%|HC|  |TAMS 0x00000000a2900000, 0x00000000a2800000| Complete 
|  41|0x00000000a2900000, 0x00000000a2a00000, 0x00000000a2a00000|100%| O|  |TAMS 0x00000000a2a00000, 0x00000000a2900000| Untracked 
|  42|0x00000000a2a00000, 0x00000000a2b00000, 0x00000000a2b00000|100%|HS|  |TAMS 0x00000000a2b00000, 0x00000000a2a00000| Complete 
|  43|0x00000000a2b00000, 0x00000000a2c00000, 0x00000000a2c00000|100%|HC|  |TAMS 0x00000000a2c00000, 0x00000000a2b00000| Complete 
|  44|0x00000000a2c00000, 0x00000000a2d00000, 0x00000000a2d00000|100%| O|  |TAMS 0x00000000a2d00000, 0x00000000a2c00000| Untracked 
|  45|0x00000000a2d00000, 0x00000000a2e00000, 0x00000000a2e00000|100%| O|  |TAMS 0x00000000a2e00000, 0x00000000a2d00000| Untracked 
|  46|0x00000000a2e00000, 0x00000000a2f00000, 0x00000000a2f00000|100%| O|  |TAMS 0x00000000a2f00000, 0x00000000a2e00000| Untracked 
|  47|0x00000000a2f00000, 0x00000000a3000000, 0x00000000a3000000|100%| O|  |TAMS 0x00000000a3000000, 0x00000000a2f00000| Untracked 
|  48|0x00000000a3000000, 0x00000000a3100000, 0x00000000a3100000|100%| O|  |TAMS 0x00000000a3100000, 0x00000000a3000000| Untracked 
|  49|0x00000000a3100000, 0x00000000a3200000, 0x00000000a3200000|100%| O|  |TAMS 0x00000000a3200000, 0x00000000a3100000| Untracked 
|  50|0x00000000a3200000, 0x00000000a3300000, 0x00000000a3300000|100%| O|  |TAMS 0x00000000a3300000, 0x00000000a3200000| Untracked 
|  51|0x00000000a3300000, 0x00000000a3400000, 0x00000000a3400000|100%| O|  |TAMS 0x00000000a3400000, 0x00000000a3300000| Untracked 
|  52|0x00000000a3400000, 0x00000000a3500000, 0x00000000a3500000|100%| O|  |TAMS 0x00000000a3500000, 0x00000000a3400000| Untracked 
|  53|0x00000000a3500000, 0x00000000a3600000, 0x00000000a3600000|100%| O|  |TAMS 0x00000000a3600000, 0x00000000a3500000| Untracked 
|  54|0x00000000a3600000, 0x00000000a3700000, 0x00000000a3700000|100%| O|  |TAMS 0x00000000a3700000, 0x00000000a3600000| Untracked 
|  55|0x00000000a3700000, 0x00000000a3800000, 0x00000000a3800000|100%| O|  |TAMS 0x00000000a3800000, 0x00000000a3700000| Untracked 
|  56|0x00000000a3800000, 0x00000000a3900000, 0x00000000a3900000|100%| O|  |TAMS 0x00000000a3900000, 0x00000000a3800000| Untracked 
|  57|0x00000000a3900000, 0x00000000a3a00000, 0x00000000a3a00000|100%| O|  |TAMS 0x00000000a3a00000, 0x00000000a3900000| Untracked 
|  58|0x00000000a3a00000, 0x00000000a3b00000, 0x00000000a3b00000|100%| O|  |TAMS 0x00000000a3b00000, 0x00000000a3a00000| Untracked 
|  59|0x00000000a3b00000, 0x00000000a3c00000, 0x00000000a3c00000|100%| O|  |TAMS 0x00000000a3c00000, 0x00000000a3b00000| Untracked 
|  60|0x00000000a3c00000, 0x00000000a3d00000, 0x00000000a3d00000|100%| O|  |TAMS 0x00000000a3d00000, 0x00000000a3c00000| Untracked 
|  61|0x00000000a3d00000, 0x00000000a3e00000, 0x00000000a3e00000|100%| O|  |TAMS 0x00000000a3e00000, 0x00000000a3d00000| Untracked 
|  62|0x00000000a3e00000, 0x00000000a3f00000, 0x00000000a3f00000|100%| O|  |TAMS 0x00000000a3f00000, 0x00000000a3e00000| Untracked 
|  63|0x00000000a3f00000, 0x00000000a4000000, 0x00000000a4000000|100%| O|  |TAMS 0x00000000a4000000, 0x00000000a3f00000| Untracked 
|  64|0x00000000a4000000, 0x00000000a4100000, 0x00000000a4100000|100%| O|  |TAMS 0x00000000a4100000, 0x00000000a4000000| Untracked 
|  65|0x00000000a4100000, 0x00000000a4200000, 0x00000000a4200000|100%| O|  |TAMS 0x00000000a4200000, 0x00000000a4100000| Untracked 
|  66|0x00000000a4200000, 0x00000000a4300000, 0x00000000a4300000|100%| O|  |TAMS 0x00000000a4300000, 0x00000000a4200000| Untracked 
|  67|0x00000000a4300000, 0x00000000a4400000, 0x00000000a4400000|100%| O|  |TAMS 0x00000000a4400000, 0x00000000a4300000| Untracked 
|  68|0x00000000a4400000, 0x00000000a4500000, 0x00000000a4500000|100%| O|  |TAMS 0x00000000a4500000, 0x00000000a4400000| Untracked 
|  69|0x00000000a4500000, 0x00000000a4600000, 0x00000000a4600000|100%| O|  |TAMS 0x00000000a4600000, 0x00000000a4500000| Untracked 
|  70|0x00000000a4600000, 0x00000000a4700000, 0x00000000a4700000|100%| O|  |TAMS 0x00000000a4700000, 0x00000000a4600000| Untracked 
|  71|0x00000000a4700000, 0x00000000a4800000, 0x00000000a4800000|100%| O|  |TAMS 0x00000000a4800000, 0x00000000a4700000| Untracked 
|  72|0x00000000a4800000, 0x00000000a4900000, 0x00000000a4900000|100%| O|  |TAMS 0x00000000a4900000, 0x00000000a4800000| Untracked 
|  73|0x00000000a4900000, 0x00000000a4a00000, 0x00000000a4a00000|100%| O|  |TAMS 0x00000000a4a00000, 0x00000000a4900000| Untracked 
|  74|0x00000000a4a00000, 0x00000000a4b00000, 0x00000000a4b00000|100%| O|  |TAMS 0x00000000a4b00000, 0x00000000a4a00000| Untracked 
|  75|0x00000000a4b00000, 0x00000000a4c00000, 0x00000000a4c00000|100%| O|  |TAMS 0x00000000a4c00000, 0x00000000a4b00000| Untracked 
|  76|0x00000000a4c00000, 0x00000000a4d00000, 0x00000000a4d00000|100%| O|  |TAMS 0x00000000a4d00000, 0x00000000a4c00000| Untracked 
|  77|0x00000000a4d00000, 0x00000000a4e00000, 0x00000000a4e00000|100%| O|  |TAMS 0x00000000a4e00000, 0x00000000a4d00000| Untracked 
|  78|0x00000000a4e00000, 0x00000000a4f00000, 0x00000000a4f00000|100%| O|  |TAMS 0x00000000a4f00000, 0x00000000a4e00000| Untracked 
|  79|0x00000000a4f00000, 0x00000000a5000000, 0x00000000a5000000|100%|HS|  |TAMS 0x00000000a5000000, 0x00000000a4f00000| Complete 
|  80|0x00000000a5000000, 0x00000000a5100000, 0x00000000a5100000|100%|HS|  |TAMS 0x00000000a5100000, 0x00000000a5000000| Complete 
|  81|0x00000000a5100000, 0x00000000a5200000, 0x00000000a5200000|100%|HS|  |TAMS 0x00000000a5200000, 0x00000000a5100000| Complete 
|  82|0x00000000a5200000, 0x00000000a5300000, 0x00000000a5300000|100%| O|  |TAMS 0x00000000a5300000, 0x00000000a5200000| Untracked 
|  83|0x00000000a5300000, 0x00000000a5400000, 0x00000000a5400000|100%| O|  |TAMS 0x00000000a5400000, 0x00000000a5300000| Untracked 
|  84|0x00000000a5400000, 0x00000000a5500000, 0x00000000a5500000|100%| O|  |TAMS 0x00000000a5500000, 0x00000000a5400000| Untracked 
|  85|0x00000000a5500000, 0x00000000a5600000, 0x00000000a5600000|100%| O|  |TAMS 0x00000000a5600000, 0x00000000a5500000| Untracked 
|  86|0x00000000a5600000, 0x00000000a5700000, 0x00000000a5700000|100%| O|  |TAMS 0x00000000a5700000, 0x00000000a5600000| Untracked 
|  87|0x00000000a5700000, 0x00000000a5800000, 0x00000000a5800000|100%| O|  |TAMS 0x00000000a5800000, 0x00000000a5700000| Untracked 
|  88|0x00000000a5800000, 0x00000000a5900000, 0x00000000a5900000|100%| O|  |TAMS 0x00000000a5900000, 0x00000000a5800000| Untracked 
|  89|0x00000000a5900000, 0x00000000a5a00000, 0x00000000a5a00000|100%| O|  |TAMS 0x00000000a5a00000, 0x00000000a5900000| Untracked 
|  90|0x00000000a5a00000, 0x00000000a5b00000, 0x00000000a5b00000|100%| O|  |TAMS 0x00000000a5b00000, 0x00000000a5a00000| Untracked 
|  91|0x00000000a5b00000, 0x00000000a5c00000, 0x00000000a5c00000|100%| O|  |TAMS 0x00000000a5c00000, 0x00000000a5b00000| Untracked 
|  92|0x00000000a5c00000, 0x00000000a5d00000, 0x00000000a5d00000|100%| O|  |TAMS 0x00000000a5d00000, 0x00000000a5c00000| Untracked 
|  93|0x00000000a5d00000, 0x00000000a5e00000, 0x00000000a5e00000|100%| O|  |TAMS 0x00000000a5e00000, 0x00000000a5d00000| Untracked 
|  94|0x00000000a5e00000, 0x00000000a5f00000, 0x00000000a5f00000|100%| O|  |TAMS 0x00000000a5f00000, 0x00000000a5e00000| Untracked 
|  95|0x00000000a5f00000, 0x00000000a6000000, 0x00000000a6000000|100%| O|  |TAMS 0x00000000a6000000, 0x00000000a5f00000| Untracked 
|  96|0x00000000a6000000, 0x00000000a6100000, 0x00000000a6100000|100%| O|  |TAMS 0x00000000a6100000, 0x00000000a6000000| Untracked 
|  97|0x00000000a6100000, 0x00000000a6200000, 0x00000000a6200000|100%| O|  |TAMS 0x00000000a6200000, 0x00000000a6100000| Untracked 
|  98|0x00000000a6200000, 0x00000000a6300000, 0x00000000a6300000|100%| O|  |TAMS 0x00000000a6300000, 0x00000000a6200000| Untracked 
|  99|0x00000000a6300000, 0x00000000a6400000, 0x00000000a6400000|100%| O|  |TAMS 0x00000000a6400000, 0x00000000a6300000| Untracked 
| 100|0x00000000a6400000, 0x00000000a6500000, 0x00000000a6500000|100%| O|  |TAMS 0x00000000a6500000, 0x00000000a6400000| Untracked 
| 101|0x00000000a6500000, 0x00000000a6600000, 0x00000000a6600000|100%| O|  |TAMS 0x00000000a6600000, 0x00000000a6500000| Untracked 
| 102|0x00000000a6600000, 0x00000000a6700000, 0x00000000a6700000|100%| O|  |TAMS 0x00000000a6700000, 0x00000000a6600000| Untracked 
| 103|0x00000000a6700000, 0x00000000a6800000, 0x00000000a6800000|100%| O|  |TAMS 0x00000000a6800000, 0x00000000a6700000| Untracked 
| 104|0x00000000a6800000, 0x00000000a6900000, 0x00000000a6900000|100%| O|  |TAMS 0x00000000a6900000, 0x00000000a6800000| Untracked 
| 105|0x00000000a6900000, 0x00000000a6a00000, 0x00000000a6a00000|100%| O|  |TAMS 0x00000000a6a00000, 0x00000000a6900000| Untracked 
| 106|0x00000000a6a00000, 0x00000000a6b00000, 0x00000000a6b00000|100%| O|  |TAMS 0x00000000a6b00000, 0x00000000a6a00000| Untracked 
| 107|0x00000000a6b00000, 0x00000000a6c00000, 0x00000000a6c00000|100%| O|  |TAMS 0x00000000a6c00000, 0x00000000a6b00000| Untracked 
| 108|0x00000000a6c00000, 0x00000000a6d00000, 0x00000000a6d00000|100%| O|  |TAMS 0x00000000a6d00000, 0x00000000a6c00000| Untracked 
| 109|0x00000000a6d00000, 0x00000000a6e00000, 0x00000000a6e00000|100%| O|  |TAMS 0x00000000a6e00000, 0x00000000a6d00000| Untracked 
| 110|0x00000000a6e00000, 0x00000000a6f00000, 0x00000000a6f00000|100%| O|  |TAMS 0x00000000a6f00000, 0x00000000a6e00000| Complete 
| 111|0x00000000a6f00000, 0x00000000a7000000, 0x00000000a7000000|100%| O|  |TAMS 0x00000000a7000000, 0x00000000a6f00000| Untracked 
| 112|0x00000000a7000000, 0x00000000a7100000, 0x00000000a7100000|100%| O|  |TAMS 0x00000000a7100000, 0x00000000a7000000| Untracked 
| 113|0x00000000a7100000, 0x00000000a7200000, 0x00000000a7200000|100%| O|  |TAMS 0x00000000a7200000, 0x00000000a7100000| Untracked 
| 114|0x00000000a7200000, 0x00000000a7300000, 0x00000000a7300000|100%| O|  |TAMS 0x00000000a7300000, 0x00000000a7200000| Untracked 
| 115|0x00000000a7300000, 0x00000000a7400000, 0x00000000a7400000|100%| O|  |TAMS 0x00000000a7400000, 0x00000000a7300000| Untracked 
| 116|0x00000000a7400000, 0x00000000a7500000, 0x00000000a7500000|100%| O|  |TAMS 0x00000000a7500000, 0x00000000a7400000| Untracked 
| 117|0x00000000a7500000, 0x00000000a7600000, 0x00000000a7600000|100%| O|  |TAMS 0x00000000a7600000, 0x00000000a7500000| Untracked 
| 118|0x00000000a7600000, 0x00000000a7700000, 0x00000000a7700000|100%| O|  |TAMS 0x00000000a7700000, 0x00000000a7600000| Untracked 
| 119|0x00000000a7700000, 0x00000000a7800000, 0x00000000a7800000|100%| O|  |TAMS 0x00000000a7800000, 0x00000000a7700000| Untracked 
| 120|0x00000000a7800000, 0x00000000a7900000, 0x00000000a7900000|100%| O|  |TAMS 0x00000000a7841c00, 0x00000000a7800000| Untracked 
| 121|0x00000000a7900000, 0x00000000a7a00000, 0x00000000a7a00000|100%| O|  |TAMS 0x00000000a7900000, 0x00000000a7900000| Untracked 
| 122|0x00000000a7a00000, 0x00000000a7b00000, 0x00000000a7b00000|100%| O|  |TAMS 0x00000000a7a00000, 0x00000000a7a00000| Untracked 
| 123|0x00000000a7b00000, 0x00000000a7bc6000, 0x00000000a7c00000| 77%| O|  |TAMS 0x00000000a7b00000, 0x00000000a7b00000| Untracked 
| 124|0x00000000a7c00000, 0x00000000a7c00000, 0x00000000a7d00000|  0%| F|  |TAMS 0x00000000a7c00000, 0x00000000a7c00000| Untracked 
| 125|0x00000000a7d00000, 0x00000000a7d00000, 0x00000000a7e00000|  0%| F|  |TAMS 0x00000000a7d00000, 0x00000000a7d00000| Untracked 
| 126|0x00000000a7e00000, 0x00000000a7e00000, 0x00000000a7f00000|  0%| F|  |TAMS 0x00000000a7e00000, 0x00000000a7e00000| Untracked 
| 127|0x00000000a7f00000, 0x00000000a7f00000, 0x00000000a8000000|  0%| F|  |TAMS 0x00000000a7f00000, 0x00000000a7f00000| Untracked 
| 128|0x00000000a8000000, 0x00000000a8000000, 0x00000000a8100000|  0%| F|  |TAMS 0x00000000a8000000, 0x00000000a8000000| Untracked 
| 129|0x00000000a8100000, 0x00000000a8100000, 0x00000000a8200000|  0%| F|  |TAMS 0x00000000a8100000, 0x00000000a8100000| Untracked 
| 130|0x00000000a8200000, 0x00000000a8200000, 0x00000000a8300000|  0%| F|  |TAMS 0x00000000a8200000, 0x00000000a8200000| Untracked 
| 131|0x00000000a8300000, 0x00000000a8300000, 0x00000000a8400000|  0%| F|  |TAMS 0x00000000a8300000, 0x00000000a8300000| Untracked 
| 132|0x00000000a8400000, 0x00000000a8400000, 0x00000000a8500000|  0%| F|  |TAMS 0x00000000a8400000, 0x00000000a8400000| Untracked 
| 133|0x00000000a8500000, 0x00000000a8500000, 0x00000000a8600000|  0%| F|  |TAMS 0x00000000a8500000, 0x00000000a8500000| Untracked 
| 134|0x00000000a8600000, 0x00000000a8600000, 0x00000000a8700000|  0%| F|  |TAMS 0x00000000a8600000, 0x00000000a8600000| Untracked 
| 135|0x00000000a8700000, 0x00000000a8700000, 0x00000000a8800000|  0%| F|  |TAMS 0x00000000a8700000, 0x00000000a8700000| Untracked 
| 136|0x00000000a8800000, 0x00000000a8800000, 0x00000000a8900000|  0%| F|  |TAMS 0x00000000a8800000, 0x00000000a8800000| Untracked 
| 137|0x00000000a8900000, 0x00000000a8900000, 0x00000000a8a00000|  0%| F|  |TAMS 0x00000000a8900000, 0x00000000a8900000| Untracked 
| 138|0x00000000a8a00000, 0x00000000a8a00000, 0x00000000a8b00000|  0%| F|  |TAMS 0x00000000a8a00000, 0x00000000a8a00000| Untracked 
| 139|0x00000000a8b00000, 0x00000000a8b00000, 0x00000000a8c00000|  0%| F|  |TAMS 0x00000000a8b00000, 0x00000000a8b00000| Untracked 
| 140|0x00000000a8c00000, 0x00000000a8c00000, 0x00000000a8d00000|  0%| F|  |TAMS 0x00000000a8c00000, 0x00000000a8c00000| Untracked 
| 141|0x00000000a8d00000, 0x00000000a8d00000, 0x00000000a8e00000|  0%| F|  |TAMS 0x00000000a8d00000, 0x00000000a8d00000| Untracked 
| 142|0x00000000a8e00000, 0x00000000a8e00000, 0x00000000a8f00000|  0%| F|  |TAMS 0x00000000a8e00000, 0x00000000a8e00000| Untracked 
| 143|0x00000000a8f00000, 0x00000000a8f00000, 0x00000000a9000000|  0%| F|  |TAMS 0x00000000a8f00000, 0x00000000a8f00000| Untracked 
| 144|0x00000000a9000000, 0x00000000a9000000, 0x00000000a9100000|  0%| F|  |TAMS 0x00000000a9000000, 0x00000000a9000000| Untracked 
| 145|0x00000000a9100000, 0x00000000a9100000, 0x00000000a9200000|  0%| F|  |TAMS 0x00000000a9100000, 0x00000000a9100000| Untracked 
| 146|0x00000000a9200000, 0x00000000a9200000, 0x00000000a9300000|  0%| F|  |TAMS 0x00000000a9200000, 0x00000000a9200000| Untracked 
| 147|0x00000000a9300000, 0x00000000a9300000, 0x00000000a9400000|  0%| F|  |TAMS 0x00000000a9300000, 0x00000000a9300000| Untracked 
| 148|0x00000000a9400000, 0x00000000a9400000, 0x00000000a9500000|  0%| F|  |TAMS 0x00000000a9400000, 0x00000000a9400000| Untracked 
| 149|0x00000000a9500000, 0x00000000a9500000, 0x00000000a9600000|  0%| F|  |TAMS 0x00000000a9500000, 0x00000000a9500000| Untracked 
| 150|0x00000000a9600000, 0x00000000a9600000, 0x00000000a9700000|  0%| F|  |TAMS 0x00000000a9600000, 0x00000000a9600000| Untracked 
| 151|0x00000000a9700000, 0x00000000a9700000, 0x00000000a9800000|  0%| F|  |TAMS 0x00000000a9700000, 0x00000000a9700000| Untracked 
| 152|0x00000000a9800000, 0x00000000a9880af0, 0x00000000a9900000| 50%| S|CS|TAMS 0x00000000a9800000, 0x00000000a9800000| Complete 
| 153|0x00000000a9900000, 0x00000000a9a00000, 0x00000000a9a00000|100%| S|CS|TAMS 0x00000000a9900000, 0x00000000a9900000| Complete 
| 154|0x00000000a9a00000, 0x00000000a9a00000, 0x00000000a9b00000|  0%| F|  |TAMS 0x00000000a9a00000, 0x00000000a9a00000| Untracked 
| 155|0x00000000a9b00000, 0x00000000a9b00000, 0x00000000a9c00000|  0%| F|  |TAMS 0x00000000a9b00000, 0x00000000a9b00000| Untracked 
| 156|0x00000000a9c00000, 0x00000000a9c00000, 0x00000000a9d00000|  0%| F|  |TAMS 0x00000000a9c00000, 0x00000000a9c00000| Untracked 
| 157|0x00000000a9d00000, 0x00000000a9d00000, 0x00000000a9e00000|  0%| F|  |TAMS 0x00000000a9d00000, 0x00000000a9d00000| Untracked 
| 158|0x00000000a9e00000, 0x00000000a9e00000, 0x00000000a9f00000|  0%| F|  |TAMS 0x00000000a9e00000, 0x00000000a9e00000| Untracked 
| 159|0x00000000a9f00000, 0x00000000a9f00000, 0x00000000aa000000|  0%| F|  |TAMS 0x00000000a9f00000, 0x00000000a9f00000| Untracked 
| 160|0x00000000aa000000, 0x00000000aa000000, 0x00000000aa100000|  0%| F|  |TAMS 0x00000000aa000000, 0x00000000aa000000| Untracked 
| 161|0x00000000aa100000, 0x00000000aa100000, 0x00000000aa200000|  0%| F|  |TAMS 0x00000000aa100000, 0x00000000aa100000| Untracked 
| 162|0x00000000aa200000, 0x00000000aa200000, 0x00000000aa300000|  0%| F|  |TAMS 0x00000000aa200000, 0x00000000aa200000| Untracked 
| 163|0x00000000aa300000, 0x00000000aa300000, 0x00000000aa400000|  0%| F|  |TAMS 0x00000000aa300000, 0x00000000aa300000| Untracked 
| 164|0x00000000aa400000, 0x00000000aa400000, 0x00000000aa500000|  0%| F|  |TAMS 0x00000000aa400000, 0x00000000aa400000| Untracked 
| 165|0x00000000aa500000, 0x00000000aa500000, 0x00000000aa600000|  0%| F|  |TAMS 0x00000000aa500000, 0x00000000aa500000| Untracked 
| 166|0x00000000aa600000, 0x00000000aa600000, 0x00000000aa700000|  0%| F|  |TAMS 0x00000000aa600000, 0x00000000aa600000| Untracked 
| 167|0x00000000aa700000, 0x00000000aa700000, 0x00000000aa800000|  0%| F|  |TAMS 0x00000000aa700000, 0x00000000aa700000| Untracked 
| 168|0x00000000aa800000, 0x00000000aa800000, 0x00000000aa900000|  0%| F|  |TAMS 0x00000000aa800000, 0x00000000aa800000| Untracked 
| 169|0x00000000aa900000, 0x00000000aa900000, 0x00000000aaa00000|  0%| F|  |TAMS 0x00000000aa900000, 0x00000000aa900000| Untracked 
| 170|0x00000000aaa00000, 0x00000000aaa00000, 0x00000000aab00000|  0%| F|  |TAMS 0x00000000aaa00000, 0x00000000aaa00000| Untracked 
| 171|0x00000000aab00000, 0x00000000aab00000, 0x00000000aac00000|  0%| F|  |TAMS 0x00000000aab00000, 0x00000000aab00000| Untracked 
| 172|0x00000000aac00000, 0x00000000aac00000, 0x00000000aad00000|  0%| F|  |TAMS 0x00000000aac00000, 0x00000000aac00000| Untracked 
| 173|0x00000000aad00000, 0x00000000aad00000, 0x00000000aae00000|  0%| F|  |TAMS 0x00000000aad00000, 0x00000000aad00000| Untracked 
| 174|0x00000000aae00000, 0x00000000aae00000, 0x00000000aaf00000|  0%| F|  |TAMS 0x00000000aae00000, 0x00000000aae00000| Untracked 
| 175|0x00000000aaf00000, 0x00000000aaf00000, 0x00000000ab000000|  0%| F|  |TAMS 0x00000000aaf00000, 0x00000000aaf00000| Untracked 
| 176|0x00000000ab000000, 0x00000000ab0dce50, 0x00000000ab100000| 86%| E|  |TAMS 0x00000000ab000000, 0x00000000ab000000| Complete 
| 177|0x00000000ab100000, 0x00000000ab100000, 0x00000000ab200000|  0%| F|  |TAMS 0x00000000ab100000, 0x00000000ab100000| Untracked 
| 178|0x00000000ab200000, 0x00000000ab200000, 0x00000000ab300000|  0%| F|  |TAMS 0x00000000ab200000, 0x00000000ab200000| Untracked 
| 179|0x00000000ab300000, 0x00000000ab300000, 0x00000000ab400000|  0%| F|  |TAMS 0x00000000ab300000, 0x00000000ab300000| Untracked 
| 180|0x00000000ab400000, 0x00000000ab400000, 0x00000000ab500000|  0%| F|  |TAMS 0x00000000ab400000, 0x00000000ab400000| Untracked 
| 181|0x00000000ab500000, 0x00000000ab500000, 0x00000000ab600000|  0%| F|  |TAMS 0x00000000ab500000, 0x00000000ab500000| Untracked 
| 182|0x00000000ab600000, 0x00000000ab600000, 0x00000000ab700000|  0%| F|  |TAMS 0x00000000ab600000, 0x00000000ab600000| Untracked 
| 183|0x00000000ab700000, 0x00000000ab700000, 0x00000000ab800000|  0%| F|  |TAMS 0x00000000ab700000, 0x00000000ab700000| Untracked 
| 184|0x00000000ab800000, 0x00000000ab800000, 0x00000000ab900000|  0%| F|  |TAMS 0x00000000ab800000, 0x00000000ab800000| Untracked 
| 185|0x00000000ab900000, 0x00000000ab900000, 0x00000000aba00000|  0%| F|  |TAMS 0x00000000ab900000, 0x00000000ab900000| Untracked 
| 186|0x00000000aba00000, 0x00000000aba00000, 0x00000000abb00000|  0%| F|  |TAMS 0x00000000aba00000, 0x00000000aba00000| Untracked 
| 187|0x00000000abb00000, 0x00000000abb00000, 0x00000000abc00000|  0%| F|  |TAMS 0x00000000abb00000, 0x00000000abb00000| Untracked 
| 188|0x00000000abc00000, 0x00000000abc00000, 0x00000000abd00000|  0%| F|  |TAMS 0x00000000abc00000, 0x00000000abc00000| Untracked 
| 189|0x00000000abd00000, 0x00000000abd00000, 0x00000000abe00000|  0%| F|  |TAMS 0x00000000abd00000, 0x00000000abd00000| Untracked 
| 190|0x00000000abe00000, 0x00000000abe00000, 0x00000000abf00000|  0%| F|  |TAMS 0x00000000abe00000, 0x00000000abe00000| Untracked 
| 191|0x00000000abf00000, 0x00000000abf00000, 0x00000000ac000000|  0%| F|  |TAMS 0x00000000abf00000, 0x00000000abf00000| Untracked 
| 192|0x00000000ac000000, 0x00000000ac000000, 0x00000000ac100000|  0%| F|  |TAMS 0x00000000ac000000, 0x00000000ac000000| Untracked 
| 193|0x00000000ac100000, 0x00000000ac100000, 0x00000000ac200000|  0%| F|  |TAMS 0x00000000ac100000, 0x00000000ac100000| Untracked 
| 194|0x00000000ac200000, 0x00000000ac200000, 0x00000000ac300000|  0%| F|  |TAMS 0x00000000ac200000, 0x00000000ac200000| Untracked 
| 195|0x00000000ac300000, 0x00000000ac300000, 0x00000000ac400000|  0%| F|  |TAMS 0x00000000ac300000, 0x00000000ac300000| Untracked 
| 196|0x00000000ac400000, 0x00000000ac400000, 0x00000000ac500000|  0%| F|  |TAMS 0x00000000ac400000, 0x00000000ac400000| Untracked 
| 197|0x00000000ac500000, 0x00000000ac500000, 0x00000000ac600000|  0%| F|  |TAMS 0x00000000ac500000, 0x00000000ac500000| Untracked 
| 198|0x00000000ac600000, 0x00000000ac600000, 0x00000000ac700000|  0%| F|  |TAMS 0x00000000ac600000, 0x00000000ac600000| Untracked 
| 199|0x00000000ac700000, 0x00000000ac700000, 0x00000000ac800000|  0%| F|  |TAMS 0x00000000ac700000, 0x00000000ac700000| Untracked 
| 200|0x00000000ac800000, 0x00000000ac800000, 0x00000000ac900000|  0%| F|  |TAMS 0x00000000ac800000, 0x00000000ac800000| Untracked 
| 201|0x00000000ac900000, 0x00000000ac900000, 0x00000000aca00000|  0%| F|  |TAMS 0x00000000ac900000, 0x00000000ac900000| Untracked 
| 202|0x00000000aca00000, 0x00000000aca00000, 0x00000000acb00000|  0%| F|  |TAMS 0x00000000aca00000, 0x00000000aca00000| Untracked 
| 203|0x00000000acb00000, 0x00000000acb00000, 0x00000000acc00000|  0%| F|  |TAMS 0x00000000acb00000, 0x00000000acb00000| Untracked 
| 204|0x00000000acc00000, 0x00000000acc00000, 0x00000000acd00000|  0%| F|  |TAMS 0x00000000acc00000, 0x00000000acc00000| Untracked 
| 205|0x00000000acd00000, 0x00000000acd00000, 0x00000000ace00000|  0%| F|  |TAMS 0x00000000acd00000, 0x00000000acd00000| Untracked 
| 206|0x00000000ace00000, 0x00000000ace00000, 0x00000000acf00000|  0%| F|  |TAMS 0x00000000ace00000, 0x00000000ace00000| Untracked 
| 207|0x00000000acf00000, 0x00000000acf00000, 0x00000000ad000000|  0%| F|  |TAMS 0x00000000acf00000, 0x00000000acf00000| Untracked 
| 208|0x00000000ad000000, 0x00000000ad000000, 0x00000000ad100000|  0%| F|  |TAMS 0x00000000ad000000, 0x00000000ad000000| Untracked 
| 209|0x00000000ad100000, 0x00000000ad100000, 0x00000000ad200000|  0%| F|  |TAMS 0x00000000ad100000, 0x00000000ad100000| Untracked 
| 210|0x00000000ad200000, 0x00000000ad200000, 0x00000000ad300000|  0%| F|  |TAMS 0x00000000ad200000, 0x00000000ad200000| Untracked 
| 211|0x00000000ad300000, 0x00000000ad300000, 0x00000000ad400000|  0%| F|  |TAMS 0x00000000ad300000, 0x00000000ad300000| Untracked 

Card table byte_map: [0x00000268b0550000,0x00000268b0850000] _byte_map_base: 0x00000268b0050000

Marking Bits (Prev, Next): (CMBitMap*) 0x000002689ddc4e70, (CMBitMap*) 0x000002689ddc4e30
 Prev Bits: [0x00000268b2350000, 0x00000268b3b50000)
 Next Bits: [0x00000268b0b50000, 0x00000268b2350000)

Polling page: 0x000002689bcd0000

Metaspace:

Usage:
  Non-class:     84.94 MB used.
      Class:     13.60 MB used.
       Both:     98.55 MB used.

Virtual space:
  Non-class space:      128.00 MB reserved,      85.50 MB ( 67%) committed,  2 nodes.
      Class space:        1.00 GB reserved,      14.00 MB (  1%) committed,  1 nodes.
             Both:        1.12 GB reserved,      99.50 MB (  9%) committed. 

Chunk freelists:
   Non-Class:  9.98 MB
       Class:  1.85 MB
        Both:  11.82 MB

MaxMetaspaceSize: unlimited
CompressedClassSpaceSize: 1.00 GB
Initial GC threshold: 21.00 MB
Current GC threshold: 165.88 MB
CDS: off
MetaspaceReclaimPolicy: balanced
 - commit_granule_bytes: 65536.
 - commit_granule_words: 8192.
 - virtual_space_node_default_size: 8388608.
 - enlarge_chunks_in_place: 1.
 - new_chunks_are_fully_committed: 0.
 - uncommit_free_chunks: 1.
 - use_allocation_guard: 0.
 - handle_deallocations: 1.


Internal statistics:

num_allocs_failed_limit: 12.
num_arena_births: 1192.
num_arena_deaths: 0.
num_vsnodes_births: 3.
num_vsnodes_deaths: 0.
num_space_committed: 1592.
num_space_uncommitted: 0.
num_chunks_returned_to_freelist: 12.
num_chunks_taken_from_freelist: 5132.
num_chunk_merges: 6.
num_chunk_splits: 3311.
num_chunks_enlarged: 2112.
num_inconsistent_stats: 0.

CodeHeap 'non-profiled nmethods': size=120000Kb used=7511Kb max_used=7511Kb free=112488Kb
 bounds [0x00000268a8d20000, 0x00000268a9480000, 0x00000268b0250000]
CodeHeap 'profiled nmethods': size=120000Kb used=22796Kb max_used=22796Kb free=97203Kb
 bounds [0x00000268a1250000, 0x00000268a28a0000, 0x00000268a8780000]
CodeHeap 'non-nmethods': size=5760Kb used=2401Kb max_used=2471Kb free=3358Kb
 bounds [0x00000268a8780000, 0x00000268a8a00000, 0x00000268a8d20000]
 total_blobs=12467 nmethods=11530 adapters=848
 compilation: enabled
              stopped_count=0, restarted_count=0
 full_count=0

Compilation events (20 events):
Event: 63.998 Thread 0x00000268b621f5f0 12981       3       java.net.InetAddress::getByAddress (114 bytes)
Event: 64.002 Thread 0x00000268b621f5f0 nmethod 12981 0x00000268a2886510 code [0x00000268a2886820, 0x00000268a2887a98]
Event: 64.002 Thread 0x00000268b621f5f0 12982       3       org.gradle.internal.serialize.AbstractDecoder::readNullableString (14 bytes)
Event: 64.003 Thread 0x00000268b621f5f0 nmethod 12982 0x00000268a2888110 code [0x00000268a28882c0, 0x00000268a28885b8]
Event: 64.003 Thread 0x00000268b621f5f0 12983       3       org.gradle.launcher.daemon.registry.DaemonInfo::<init> (39 bytes)
Event: 64.004 Thread 0x00000268b621f5f0 nmethod 12983 0x00000268a2888690 code [0x00000268a2888840, 0x00000268a2888bf8]
Event: 64.004 Thread 0x00000268b621f5f0 12984       3       org.gradle.launcher.daemon.registry.DaemonInfo::<init> (12 bytes)
Event: 64.005 Thread 0x00000268b621f5f0 nmethod 12984 0x00000268a2888d10 code [0x00000268a2888ea0, 0x00000268a2888fe8]
Event: 66.281 Thread 0x00000268b621f5f0 12985       3       org.gradle.internal.logging.console.StyledTextOutputBackedRenderer::onOutput (260 bytes)
Event: 66.282 Thread 0x00000268b6215010 12986       4       org.gradle.internal.logging.text.AbstractLineChoppingStyledTextOutput$2::execute (77 bytes)
Event: 66.285 Thread 0x00000268b621f5f0 nmethod 12985 0x00000268a2889090 code [0x00000268a2889540, 0x00000268a288c368]
Event: 66.286 Thread 0x00000268b621f5f0 12988       2       org.gradle.internal.logging.text.AbstractLineChoppingStyledTextOutput$1::execute (140 bytes)
Event: 66.287 Thread 0x00000268be2f35c0 12987       4       org.gradle.internal.logging.text.AbstractLineChoppingStyledTextOutput$1::execute (9 bytes)
Event: 66.288 Thread 0x00000268b621f5f0 nmethod 12988 0x00000268a288d010 code [0x00000268a288d240, 0x00000268a288d718]
Event: 66.288 Thread 0x00000268b621f5f0 12993   !   3       java.nio.charset.CharsetEncoder::encode (273 bytes)
Event: 66.290 Thread 0x00000268b621f5f0 nmethod 12993 0x00000268a288db90 code [0x00000268a288de80, 0x00000268a288f148]
Event: 66.290 Thread 0x00000268b621f5f0 12990       3       org.gradle.internal.io.LineBufferingOutputStream::write (59 bytes)
Event: 66.291 Thread 0x00000268b621f5f0 nmethod 12990 0x00000268a288f710 code [0x00000268a288f9c0, 0x00000268a28907b8]
Event: 66.291 Thread 0x00000268b621f5f0 12994       3       sun.nio.cs.SingleByte$Encoder::encodeLoop (28 bytes)
Event: 66.292 Thread 0x00000268b621f5f0 nmethod 12994 0x00000268a2890d10 code [0x00000268a2890ee0, 0x00000268a28912f8]

GC Heap History (20 events):
Event: 50.743 GC heap before
{Heap before GC invocations=36 (full 0):
 garbage-first heap   total 150528K, used 108498K [0x00000000a0000000, 0x0000000100000000)
  region size 1024K, 34 young (34816K), 5 survivors (5120K)
 Metaspace       used 88440K, committed 89216K, reserved 1179648K
  class space    used 12179K, committed 12480K, reserved 1048576K
}
Event: 50.758 GC heap after
{Heap after GC invocations=37 (full 0):
 garbage-first heap   total 150528K, used 83221K [0x00000000a0000000, 0x0000000100000000)
  region size 1024K, 3 young (3072K), 3 survivors (3072K)
 Metaspace       used 88440K, committed 89216K, reserved 1179648K
  class space    used 12179K, committed 12480K, reserved 1048576K
}
Event: 51.957 GC heap before
{Heap before GC invocations=37 (full 0):
 garbage-first heap   total 150528K, used 126229K [0x00000000a0000000, 0x0000000100000000)
  region size 1024K, 42 young (43008K), 3 survivors (3072K)
 Metaspace       used 90096K, committed 90880K, reserved 1179648K
  class space    used 12452K, committed 12800K, reserved 1048576K
}
Event: 51.971 GC heap after
{Heap after GC invocations=38 (full 0):
 garbage-first heap   total 150528K, used 94208K [0x00000000a0000000, 0x0000000100000000)
  region size 1024K, 6 young (6144K), 6 survivors (6144K)
 Metaspace       used 90096K, committed 90880K, reserved 1179648K
  class space    used 12452K, committed 12800K, reserved 1048576K
}
Event: 52.943 GC heap before
{Heap before GC invocations=38 (full 0):
 garbage-first heap   total 150528K, used 121856K [0x00000000a0000000, 0x0000000100000000)
  region size 1024K, 34 young (34816K), 6 survivors (6144K)
 Metaspace       used 90615K, committed 91456K, reserved 1179648K
  class space    used 12499K, committed 12864K, reserved 1048576K
}
Event: 52.961 GC heap after
{Heap after GC invocations=39 (full 0):
 garbage-first heap   total 150528K, used 99785K [0x00000000a0000000, 0x0000000100000000)
  region size 1024K, 5 young (5120K), 5 survivors (5120K)
 Metaspace       used 90615K, committed 91456K, reserved 1179648K
  class space    used 12499K, committed 12864K, reserved 1048576K
}
Event: 55.235 GC heap before
{Heap before GC invocations=40 (full 0):
 garbage-first heap   total 181248K, used 123337K [0x00000000a0000000, 0x0000000100000000)
  region size 1024K, 29 young (29696K), 5 survivors (5120K)
 Metaspace       used 90831K, committed 91648K, reserved 1179648K
  class space    used 12519K, committed 12864K, reserved 1048576K
}
Event: 55.247 GC heap after
{Heap after GC invocations=41 (full 0):
 garbage-first heap   total 181248K, used 102083K [0x00000000a0000000, 0x0000000100000000)
  region size 1024K, 3 young (3072K), 3 survivors (3072K)
 Metaspace       used 90831K, committed 91648K, reserved 1179648K
  class space    used 12519K, committed 12864K, reserved 1048576K
}
Event: 56.390 GC heap before
{Heap before GC invocations=41 (full 0):
 garbage-first heap   total 181248K, used 140995K [0x00000000a0000000, 0x0000000100000000)
  region size 1024K, 41 young (41984K), 3 survivors (3072K)
 Metaspace       used 94100K, committed 94976K, reserved 1179648K
  class space    used 13040K, committed 13440K, reserved 1048576K
}
Event: 56.404 GC heap after
{Heap after GC invocations=42 (full 0):
 garbage-first heap   total 181248K, used 106979K [0x00000000a0000000, 0x0000000100000000)
  region size 1024K, 6 young (6144K), 6 survivors (6144K)
 Metaspace       used 94100K, committed 94976K, reserved 1179648K
  class space    used 13040K, committed 13440K, reserved 1048576K
}
Event: 58.604 GC heap before
{Heap before GC invocations=42 (full 0):
 garbage-first heap   total 181248K, used 144867K [0x00000000a0000000, 0x0000000100000000)
  region size 1024K, 43 young (44032K), 6 survivors (6144K)
 Metaspace       used 97999K, committed 98880K, reserved 1179648K
  class space    used 13527K, committed 13888K, reserved 1048576K
}
Event: 58.621 GC heap after
{Heap after GC invocations=43 (full 0):
 garbage-first heap   total 181248K, used 111272K [0x00000000a0000000, 0x0000000100000000)
  region size 1024K, 4 young (4096K), 4 survivors (4096K)
 Metaspace       used 97999K, committed 98880K, reserved 1179648K
  class space    used 13527K, committed 13888K, reserved 1048576K
}
Event: 59.513 GC heap before
{Heap before GC invocations=43 (full 0):
 garbage-first heap   total 181248K, used 146088K [0x00000000a0000000, 0x0000000100000000)
  region size 1024K, 39 young (39936K), 4 survivors (4096K)
 Metaspace       used 99160K, committed 100096K, reserved 1179648K
  class space    used 13674K, committed 14080K, reserved 1048576K
}
Event: 59.537 GC heap after
{Heap after GC invocations=44 (full 0):
 garbage-first heap   total 181248K, used 118760K [0x00000000a0000000, 0x0000000100000000)
  region size 1024K, 5 young (5120K), 5 survivors (5120K)
 Metaspace       used 99160K, committed 100096K, reserved 1179648K
  class space    used 13674K, committed 14080K, reserved 1048576K
}
Event: 59.860 GC heap before
{Heap before GC invocations=44 (full 0):
 garbage-first heap   total 181248K, used 147432K [0x00000000a0000000, 0x0000000100000000)
  region size 1024K, 33 young (33792K), 5 survivors (5120K)
 Metaspace       used 99773K, committed 100672K, reserved 1179648K
  class space    used 13750K, committed 14144K, reserved 1048576K
}
Event: 59.880 GC heap after
{Heap after GC invocations=45 (full 0):
 garbage-first heap   total 181248K, used 123163K [0x00000000a0000000, 0x0000000100000000)
  region size 1024K, 4 young (4096K), 4 survivors (4096K)
 Metaspace       used 99773K, committed 100672K, reserved 1179648K
  class space    used 13750K, committed 14144K, reserved 1048576K
}
Event: 60.486 GC heap before
{Heap before GC invocations=45 (full 0):
 garbage-first heap   total 181248K, used 148763K [0x00000000a0000000, 0x0000000100000000)
  region size 1024K, 30 young (30720K), 4 survivors (4096K)
 Metaspace       used 100474K, committed 101440K, reserved 1179648K
  class space    used 13852K, committed 14272K, reserved 1048576K
}
Event: 60.499 GC heap after
{Heap after GC invocations=46 (full 0):
 garbage-first heap   total 181248K, used 126604K [0x00000000a0000000, 0x0000000100000000)
  region size 1024K, 4 young (4096K), 4 survivors (4096K)
 Metaspace       used 100474K, committed 101440K, reserved 1179648K
  class space    used 13852K, committed 14272K, reserved 1048576K
}
Event: 60.814 GC heap before
{Heap before GC invocations=46 (full 0):
 garbage-first heap   total 181248K, used 149132K [0x00000000a0000000, 0x0000000100000000)
  region size 1024K, 27 young (27648K), 4 survivors (4096K)
 Metaspace       used 100802K, committed 101760K, reserved 1179648K
  class space    used 13914K, committed 14336K, reserved 1048576K
}
Event: 60.825 GC heap after
{Heap after GC invocations=47 (full 0):
 garbage-first heap   total 181248K, used 128282K [0x00000000a0000000, 0x0000000100000000)
  region size 1024K, 2 young (2048K), 2 survivors (2048K)
 Metaspace       used 100802K, committed 101760K, reserved 1179648K
  class space    used 13914K, committed 14336K, reserved 1048576K
}

Dll operation events (2 events):
Event: 0.008 Loaded shared library C:\Program Files\Android\Android Studio\jbr\bin\java.dll
Event: 0.433 Loaded shared library C:\Program Files\Android\Android Studio\jbr\bin\verify.dll

Deoptimization events (20 events):
Event: 66.282 Thread 0x00000268bcb8b880 Uncommon trap: trap_request=0xffffffc6 fr.pc=0x00000268a8f7ba28 relative=0x00000000000003a8
Event: 66.282 Thread 0x00000268bcb8b880 Uncommon trap: reason=bimorphic_or_optimized_type_check action=maybe_recompile pc=0x00000268a8f7ba28 method=org.gradle.internal.logging.sink.OutputEventRenderer.onOutput(Lorg/gradle/internal/logging/events/OutputEvent;)V @ 1 c2
Event: 66.282 Thread 0x00000268bcb8b880 DEOPT PACKING pc=0x00000268a8f7ba28 sp=0x000000be925fe8a0
Event: 66.282 Thread 0x00000268bcb8b880 DEOPT UNPACKING pc=0x00000268a87d69a3 sp=0x000000be925fe7f8 mode 2
Event: 66.282 Thread 0x00000268bcb8b880 Uncommon trap: trap_request=0xffffffde fr.pc=0x00000268a8dbaaec relative=0x000000000000306c
Event: 66.282 Thread 0x00000268bcb8b880 Uncommon trap: reason=class_check action=maybe_recompile pc=0x00000268a8dbaaec method=org.gradle.internal.logging.sink.OutputEventTransformer.onOutput(Lorg/gradle/internal/logging/events/OutputEvent;)V @ 225 c2
Event: 66.282 Thread 0x00000268bcb8b880 DEOPT PACKING pc=0x00000268a8dbaaec sp=0x000000be925fe760
Event: 66.282 Thread 0x00000268bcb8b880 DEOPT UNPACKING pc=0x00000268a87d69a3 sp=0x000000be925fe758 mode 2
Event: 66.282 Thread 0x00000268bcb8b880 Uncommon trap: trap_request=0xffffffc6 fr.pc=0x00000268a8f7ba28 relative=0x00000000000003a8
Event: 66.282 Thread 0x00000268bcb8b880 Uncommon trap: reason=bimorphic_or_optimized_type_check action=maybe_recompile pc=0x00000268a8f7ba28 method=org.gradle.internal.logging.sink.OutputEventRenderer.onOutput(Lorg/gradle/internal/logging/events/OutputEvent;)V @ 1 c2
Event: 66.282 Thread 0x00000268bcb8b880 DEOPT PACKING pc=0x00000268a8f7ba28 sp=0x000000be925fe8a0
Event: 66.282 Thread 0x00000268bcb8b880 DEOPT UNPACKING pc=0x00000268a87d69a3 sp=0x000000be925fe7f8 mode 2
Event: 66.282 Thread 0x00000268bcb8b880 Uncommon trap: trap_request=0xffffffde fr.pc=0x00000268a8dbaaec relative=0x000000000000306c
Event: 66.282 Thread 0x00000268bcb8b880 Uncommon trap: reason=class_check action=maybe_recompile pc=0x00000268a8dbaaec method=org.gradle.internal.logging.sink.OutputEventTransformer.onOutput(Lorg/gradle/internal/logging/events/OutputEvent;)V @ 225 c2
Event: 66.282 Thread 0x00000268bcb8b880 DEOPT PACKING pc=0x00000268a8dbaaec sp=0x000000be925fe760
Event: 66.282 Thread 0x00000268bcb8b880 DEOPT UNPACKING pc=0x00000268a87d69a3 sp=0x000000be925fe758 mode 2
Event: 66.282 Thread 0x00000268bcb8b880 Uncommon trap: trap_request=0xffffffc6 fr.pc=0x00000268a9030b30 relative=0x00000000000002d0
Event: 66.282 Thread 0x00000268bcb8b880 Uncommon trap: reason=bimorphic_or_optimized_type_check action=maybe_recompile pc=0x00000268a9030b30 method=org.gradle.internal.logging.sink.OutputEventRenderer.onOutput(Lorg/gradle/internal/logging/events/OutputEvent;)V @ 1 c2
Event: 66.282 Thread 0x00000268bcb8b880 DEOPT PACKING pc=0x00000268a9030b30 sp=0x000000be925fe840
Event: 66.282 Thread 0x00000268bcb8b880 DEOPT UNPACKING pc=0x00000268a87d69a3 sp=0x000000be925fe7f8 mode 2

Classes unloaded (0 events):
No events

Classes redefined (0 events):
No events

Internal exceptions (20 events):
Event: 60.781 Thread 0x00000268bd794720 Exception <a 'java/lang/ClassNotFoundException'{0x00000000a9cde490}: org/gradle/process/internal/DefaultExecAction_DecoratedBeanInfo> (0x00000000a9cde490) 
thrown [s\src\hotspot\share\classfile\systemDictionary.cpp, line 256]
Event: 60.782 Thread 0x00000268bd794720 Exception <a 'java/lang/ClassNotFoundException'{0x00000000a9cef928}: org/gradle/process/internal/DefaultExecActionBeanInfo> (0x00000000a9cef928) 
thrown [s\src\hotspot\share\classfile\systemDictionary.cpp, line 256]
Event: 60.783 Thread 0x00000268bd794720 Exception <a 'java/lang/ClassNotFoundException'{0x00000000a9b01d10}: org/gradle/process/internal/DefaultExecHandleBuilderBeanInfo> (0x00000000a9b01d10) 
thrown [s\src\hotspot\share\classfile\systemDictionary.cpp, line 256]
Event: 60.785 Thread 0x00000268bd794720 Exception <a 'java/lang/ClassNotFoundException'{0x00000000a9b14308}: org/gradle/process/internal/AbstractExecHandleBuilderBeanInfo> (0x00000000a9b14308) 
thrown [s\src\hotspot\share\classfile\systemDictionary.cpp, line 256]
Event: 60.786 Thread 0x00000268bd794720 Exception <a 'java/lang/ClassNotFoundException'{0x00000000a9b27650}: org/gradle/process/internal/DefaultProcessForkOptionsBeanInfo> (0x00000000a9b27650) 
thrown [s\src\hotspot\share\classfile\systemDictionary.cpp, line 256]
Event: 60.787 Thread 0x00000268bd794720 Exception <a 'java/lang/ClassNotFoundException'{0x00000000a9b39f40}: org/gradle/process/internal/DefaultProcessForkOptionsCustomizer> (0x00000000a9b39f40) 
thrown [s\src\hotspot\share\classfile\systemDictionary.cpp, line 256]
Event: 60.788 Thread 0x00000268bd794720 Exception <a 'java/lang/ClassNotFoundException'{0x00000000a9b5a100}: org/gradle/process/internal/AbstractExecHandleBuilderCustomizer> (0x00000000a9b5a100) 
thrown [s\src\hotspot\share\classfile\systemDictionary.cpp, line 256]
Event: 60.789 Thread 0x00000268bd794720 Exception <a 'java/lang/ClassNotFoundException'{0x00000000a9b7e8b0}: org/gradle/process/internal/DefaultExecHandleBuilderCustomizer> (0x00000000a9b7e8b0) 
thrown [s\src\hotspot\share\classfile\systemDictionary.cpp, line 256]
Event: 60.791 Thread 0x00000268bd794720 Exception <a 'java/lang/ClassNotFoundException'{0x00000000a9bbea00}: org/gradle/process/internal/DefaultExecActionCustomizer> (0x00000000a9bbea00) 
thrown [s\src\hotspot\share\classfile\systemDictionary.cpp, line 256]
Event: 60.792 Thread 0x00000268bd794720 Exception <a 'java/lang/ClassNotFoundException'{0x00000000a9bda2d8}: org/gradle/process/internal/DefaultExecAction_DecoratedCustomizer> (0x00000000a9bda2d8) 
thrown [s\src\hotspot\share\classfile\systemDictionary.cpp, line 256]
Event: 60.795 Thread 0x00000268bd794720 Exception <a 'java/lang/ClassNotFoundException'{0x00000000a9a132f0}: org/gradle/api/logging/LogLevelBeanInfo> (0x00000000a9a132f0) 
thrown [s\src\hotspot\share\classfile\systemDictionary.cpp, line 256]
Event: 60.796 Thread 0x00000268bd794720 Exception <a 'java/lang/ClassNotFoundException'{0x00000000a9a24320}: org/gradle/api/logging/LogLevelCustomizer> (0x00000000a9a24320) 
thrown [s\src\hotspot\share\classfile\systemDictionary.cpp, line 256]
Event: 60.798 Thread 0x00000268bd794720 Exception <a 'java/lang/ClassNotFoundException'{0x00000000a9a68c80}: org/gradle/internal/logging/services/DefaultLoggingManagerBeanInfo> (0x00000000a9a68c80) 
thrown [s\src\hotspot\share\classfile\systemDictionary.cpp, line 256]
Event: 60.799 Thread 0x00000268bd794720 Exception <a 'java/lang/ClassNotFoundException'{0x00000000a9a7a320}: org/gradle/internal/logging/services/DefaultLoggingManagerCustomizer> (0x00000000a9a7a320) 
thrown [s\src\hotspot\share\classfile\systemDictionary.cpp, line 256]
Event: 60.805 Thread 0x00000268bd794720 Exception <a 'java/lang/ClassNotFoundException'{0x00000000a9aabbb8}: java/lang/BooleanBeanInfo> (0x00000000a9aabbb8) 
thrown [s\src\hotspot\share\classfile\systemDictionary.cpp, line 256]
Event: 60.805 Thread 0x00000268bd794720 Exception <a 'java/lang/ClassNotFoundException'{0x00000000a9ab2b90}: java/lang/BooleanCustomizer> (0x00000000a9ab2b90) 
thrown [s\src\hotspot\share\classfile\systemDictionary.cpp, line 256]
Event: 60.850 Thread 0x00000268bcb8d560 Exception <a 'java/lang/NoSuchMethodError'{0x00000000ab02e638}: 'void java.lang.invoke.DirectMethodHandle$Holder.invokeStatic(java.lang.Object, long)'> (0x00000000ab02e638) 
thrown [s\src\hotspot\share\interpreter\linkResolver.cpp, line 771]
Event: 60.852 Thread 0x00000268bcb8d560 Exception <a 'java/lang/NoSuchMethodError'{0x00000000ab033bf0}: 'java.lang.Object java.lang.invoke.DirectMethodHandle$Holder.newInvokeSpecial(java.lang.Object, long)'> (0x00000000ab033bf0) 
thrown [s\src\hotspot\share\interpreter\linkResolver.cpp, line 771]
Event: 60.854 Thread 0x00000268bcb8d560 Exception <a 'java/lang/NoSuchMethodError'{0x00000000ab03a690}: 'java.lang.Object java.lang.invoke.DirectMethodHandle$Holder.invokeStatic(java.lang.Object, java.lang.Object, long, java.lang.Object)'> (0x00000000ab03a690) 
thrown [s\src\hotspot\share\interpreter\linkResolver.cpp, line 771]
Event: 60.854 Thread 0x00000268bcb8d560 Exception <a 'java/lang/NoSuchMethodError'{0x00000000ab03e0e0}: 'java.lang.Object java.lang.invoke.DirectMethodHandle$Holder.invokeStaticInit(java.lang.Object, java.lang.Object, long, java.lang.Object)'> (0x00000000ab03e0e0) 
thrown [s\src\hotspot\share\interpreter\linkResolver.cpp, line 771]

VM Operations (20 events):
Event: 60.486 Executing VM operation: G1CollectForAllocation
Event: 60.499 Executing VM operation: G1CollectForAllocation done
Event: 60.739 Executing VM operation: HandshakeAllThreads
Event: 60.740 Executing VM operation: HandshakeAllThreads done
Event: 60.742 Executing VM operation: HandshakeAllThreads
Event: 60.742 Executing VM operation: HandshakeAllThreads done
Event: 60.813 Executing VM operation: G1CollectForAllocation
Event: 60.826 Executing VM operation: G1CollectForAllocation done
Event: 60.856 Executing VM operation: HandshakeAllThreads
Event: 60.856 Executing VM operation: HandshakeAllThreads done
Event: 61.195 Executing VM operation: G1Concurrent
Event: 61.205 Executing VM operation: G1Concurrent done
Event: 61.349 Executing VM operation: G1Concurrent
Event: 61.349 Executing VM operation: G1Concurrent done
Event: 63.349 Executing VM operation: Cleanup
Event: 63.349 Executing VM operation: Cleanup done
Event: 64.352 Executing VM operation: Cleanup
Event: 64.352 Executing VM operation: Cleanup done
Event: 66.280 Executing VM operation: HandshakeAllThreads
Event: 66.280 Executing VM operation: HandshakeAllThreads done

Events (20 events):
Event: 60.805 loading class java/lang/BooleanBeanInfo done
Event: 60.805 loading class java/lang/BooleanCustomizer
Event: 60.805 loading class java/lang/BooleanCustomizer done
Event: 60.805 loading class java/lang/BooleanCustomizer
Event: 60.805 loading class java/lang/BooleanCustomizer done
Event: 60.827 Thread 0x00000268bcb8d560 Thread added: 0x00000268bcb8d560
Event: 60.831 loading class java/lang/ProcessImpl
Event: 60.832 loading class java/lang/ProcessImpl done
Event: 60.852 loading class java/lang/ProcessHandleImpl
Event: 60.853 loading class java/lang/ProcessHandleImpl done
Event: 60.855 loading class java/lang/ProcessImpl$2
Event: 60.855 loading class java/lang/ProcessImpl$2 done
Event: 60.855 loading class java/lang/Process$PipeInputStream
Event: 60.855 loading class java/lang/Process$PipeInputStream done
Event: 60.856 loading class jdk/internal/event/ProcessStartEvent
Event: 60.857 loading class jdk/internal/event/ProcessStartEvent done
Event: 60.858 Thread 0x00000268bcb8b880 Thread added: 0x00000268bcb8b880
Event: 60.858 Thread 0x00000268bcb8ed70 Thread added: 0x00000268bcb8ed70
Event: 61.466 Thread 0x00000268be2f7790 Thread exited: 0x00000268be2f7790
Event: 66.286 Thread 0x00000268be2f35c0 Thread added: 0x00000268be2f35c0


Dynamic libraries:
0x00007ff782aa0000 - 0x00007ff782aaa000 	C:\Program Files\Android\Android Studio\jbr\bin\java.exe
0x00007ff88c7a0000 - 0x00007ff88c9a9000 	C:\Windows\SYSTEM32\ntdll.dll
0x00007ff88b100000 - 0x00007ff88b1bd000 	C:\Windows\System32\KERNEL32.DLL
0x00007ff889be0000 - 0x00007ff889f65000 	C:\Windows\System32\KERNELBASE.dll
0x00007ff88a040000 - 0x00007ff88a151000 	C:\Windows\System32\ucrtbase.dll
0x00007ff87a130000 - 0x00007ff87a14b000 	C:\Program Files\Android\Android Studio\jbr\bin\VCRUNTIME140.dll
0x00007ff86c4a0000 - 0x00007ff86c4b7000 	C:\Program Files\Android\Android Studio\jbr\bin\jli.dll
0x00007ff88af50000 - 0x00007ff88b0fc000 	C:\Windows\System32\USER32.dll
0x00007ff88a010000 - 0x00007ff88a036000 	C:\Windows\System32\win32u.dll
0x00007ff88b620000 - 0x00007ff88b649000 	C:\Windows\System32\GDI32.dll
0x00007ff8784d0000 - 0x00007ff878775000 	C:\Windows\WinSxS\amd64_microsoft.windows.common-controls_6595b64144ccf1df_6.0.22000.2600_none_1b65155c6ae217ae\COMCTL32.dll
0x00007ff88a160000 - 0x00007ff88a27b000 	C:\Windows\System32\gdi32full.dll
0x00007ff88b2b0000 - 0x00007ff88b353000 	C:\Windows\System32\msvcrt.dll
0x00007ff889f70000 - 0x00007ff88a00d000 	C:\Windows\System32\msvcp_win.dll
0x00007ff88b650000 - 0x00007ff88b681000 	C:\Windows\System32\IMM32.DLL
0x00007ff883e20000 - 0x00007ff883e2c000 	C:\Program Files\Android\Android Studio\jbr\bin\vcruntime140_1.dll
0x00007ff8648b0000 - 0x00007ff86493d000 	C:\Program Files\Android\Android Studio\jbr\bin\msvcp140.dll
0x00007ff83fa90000 - 0x00007ff840710000 	C:\Program Files\Android\Android Studio\jbr\bin\server\jvm.dll
0x00007ff88abb0000 - 0x00007ff88ac62000 	C:\Windows\System32\ADVAPI32.dll
0x00007ff88ac70000 - 0x00007ff88ad12000 	C:\Windows\System32\sechost.dll
0x00007ff88a340000 - 0x00007ff88a367000 	C:\Windows\System32\bcrypt.dll
0x00007ff88ad20000 - 0x00007ff88ae42000 	C:\Windows\System32\RPCRT4.dll
0x00007ff873b10000 - 0x00007ff873b19000 	C:\Windows\SYSTEM32\WSOCK32.dll
0x00007ff88b380000 - 0x00007ff88b3ef000 	C:\Windows\System32\WS2_32.dll
0x00007ff87a990000 - 0x00007ff87a9c3000 	C:\Windows\SYSTEM32\WINMM.dll
0x00007ff87d8a0000 - 0x00007ff87d8aa000 	C:\Windows\SYSTEM32\VERSION.dll
0x00007ff888d70000 - 0x00007ff888d88000 	C:\Windows\SYSTEM32\kernel.appcore.dll
0x00007ff885ff0000 - 0x00007ff885ffa000 	C:\Program Files\Android\Android Studio\jbr\bin\jimage.dll
0x00007ff879850000 - 0x00007ff879a71000 	C:\Windows\SYSTEM32\DBGHELP.DLL
0x00007ff874aa0000 - 0x00007ff874ad1000 	C:\Windows\SYSTEM32\dbgcore.DLL
0x00007ff88a550000 - 0x00007ff88a5cf000 	C:\Windows\System32\bcryptPrimitives.dll
0x00007ff885fc0000 - 0x00007ff885fe5000 	C:\Program Files\Android\Android Studio\jbr\bin\java.dll
0x00007ff884490000 - 0x00007ff8844a8000 	C:\Program Files\Android\Android Studio\jbr\bin\zip.dll
0x00007ff88b830000 - 0x00007ff88bff5000 	C:\Windows\System32\SHELL32.dll
0x00007ff887cf0000 - 0x00007ff888552000 	C:\Windows\SYSTEM32\windows.storage.dll
0x00007ff88a5d0000 - 0x00007ff88a946000 	C:\Windows\System32\combase.dll
0x00007ff887b80000 - 0x00007ff887ce7000 	C:\Windows\SYSTEM32\wintypes.dll
0x00007ff88b3f0000 - 0x00007ff88b4da000 	C:\Windows\System32\SHCORE.dll
0x00007ff88ab50000 - 0x00007ff88abad000 	C:\Windows\System32\shlwapi.dll
0x00007ff889b10000 - 0x00007ff889b35000 	C:\Windows\SYSTEM32\profapi.dll
0x00007ff879b10000 - 0x00007ff879b29000 	C:\Program Files\Android\Android Studio\jbr\bin\net.dll
0x00007ff8818b0000 - 0x00007ff8819c4000 	C:\Windows\SYSTEM32\WINHTTP.dll
0x00007ff889210000 - 0x00007ff889277000 	C:\Windows\system32\mswsock.dll
0x00007ff8750f0000 - 0x00007ff875106000 	C:\Program Files\Android\Android Studio\jbr\bin\nio.dll
0x00007ff87e8f0000 - 0x00007ff87e900000 	C:\Program Files\Android\Android Studio\jbr\bin\verify.dll
0x00007ff86d4c0000 - 0x00007ff86d4e7000 	C:\Users\Soumaila\.gradle\native\e1d6ef7f7dcc3fd88c89a11ec53ec762bb8ba0a96d01ffa2cd45eb1d1d8dd5c5\windows-amd64\native-platform.dll
0x00007ff848e90000 - 0x00007ff848fd4000 	C:\Users\Soumaila\.gradle\native\0d407fdbe67a94daf76414ababcb853783967236a71b16ec16e742cd7a986fd3\windows-amd64\native-platform-file-events.dll
0x00007ff87e830000 - 0x00007ff87e839000 	C:\Program Files\Android\Android Studio\jbr\bin\management.dll
0x00007ff879bc0000 - 0x00007ff879bcb000 	C:\Program Files\Android\Android Studio\jbr\bin\management_ext.dll
0x00007ff88af40000 - 0x00007ff88af48000 	C:\Windows\System32\PSAPI.DLL
0x00007ff889450000 - 0x00007ff889468000 	C:\Windows\SYSTEM32\CRYPTSP.dll
0x00007ff888cd0000 - 0x00007ff888d05000 	C:\Windows\system32\rsaenh.dll
0x00007ff889300000 - 0x00007ff88932c000 	C:\Windows\SYSTEM32\USERENV.dll
0x00007ff889470000 - 0x00007ff88947c000 	C:\Windows\SYSTEM32\CRYPTBASE.dll
0x00007ff888810000 - 0x00007ff88883d000 	C:\Windows\SYSTEM32\IPHLPAPI.DLL
0x00007ff88ab20000 - 0x00007ff88ab29000 	C:\Windows\System32\NSI.dll
0x00007ff882470000 - 0x00007ff882489000 	C:\Windows\SYSTEM32\dhcpcsvc6.DLL
0x00007ff882850000 - 0x00007ff88286e000 	C:\Windows\SYSTEM32\dhcpcsvc.DLL
0x00007ff888840000 - 0x00007ff888927000 	C:\Windows\SYSTEM32\DNSAPI.dll
0x00007ff882490000 - 0x00007ff882498000 	C:\Windows\system32\wshunix.dll

dbghelp: loaded successfully - version: 4.0.5 - missing functions: none
symbol engine: initialized successfully - sym options: 0x614 - pdb path: .;C:\Program Files\Android\Android Studio\jbr\bin;C:\Windows\SYSTEM32;C:\Windows\WinSxS\amd64_microsoft.windows.common-controls_6595b64144ccf1df_6.0.22000.2600_none_1b65155c6ae217ae;C:\Program Files\Android\Android Studio\jbr\bin\server;C:\Users\Soumaila\.gradle\native\e1d6ef7f7dcc3fd88c89a11ec53ec762bb8ba0a96d01ffa2cd45eb1d1d8dd5c5\windows-amd64;C:\Users\Soumaila\.gradle\native\0d407fdbe67a94daf76414ababcb853783967236a71b16ec16e742cd7a986fd3\windows-amd64

VM Arguments:
jvm_args: --add-opens=java.base/java.util=ALL-UNNAMED --add-opens=java.base/java.lang=ALL-UNNAMED --add-opens=java.base/java.lang.invoke=ALL-UNNAMED --add-opens=java.base/java.util=ALL-UNNAMED --add-opens=java.prefs/java.util.prefs=ALL-UNNAMED --add-opens=java.prefs/java.util.prefs=ALL-UNNAMED --add-opens=java.base/java.nio.charset=ALL-UNNAMED --add-opens=java.base/java.net=ALL-UNNAMED --add-opens=java.base/java.util.concurrent.atomic=ALL-UNNAMED -Xmx1536M -Dfile.encoding=windows-1252 -Duser.country=FR -Duser.language=fr -Duser.variant 
java_command: org.gradle.launcher.daemon.bootstrap.GradleDaemon 7.5
java_class_path (initial): C:\Users\Soumaila\.gradle\wrapper\dists\gradle-7.5-all\6qsw290k5lz422uaf8jf6m7co\gradle-7.5\lib\gradle-launcher-7.5.jar
Launcher Type: SUN_STANDARD

[Global flags]
     intx CICompilerCount                          = 3                                         {product} {ergonomic}
     uint ConcGCThreads                            = 1                                         {product} {ergonomic}
     uint G1ConcRefinementThreads                  = 4                                         {product} {ergonomic}
   size_t G1HeapRegionSize                         = 1048576                                   {product} {ergonomic}
    uintx GCDrainStackTargetSize                   = 64                                        {product} {ergonomic}
   size_t InitialHeapSize                          = 134217728                                 {product} {ergonomic}
   size_t MarkStackSize                            = 4194304                                   {product} {ergonomic}
   size_t MaxHeapSize                              = 1610612736                                {product} {command line}
   size_t MaxNewSize                               = 965738496                                 {product} {ergonomic}
   size_t MinHeapDeltaBytes                        = 1048576                                   {product} {ergonomic}
   size_t MinHeapSize                              = 8388608                                   {product} {ergonomic}
    uintx NonNMethodCodeHeapSize                   = 5832780                                {pd product} {ergonomic}
    uintx NonProfiledCodeHeapSize                  = 122912730                              {pd product} {ergonomic}
    uintx ProfiledCodeHeapSize                     = 122912730                              {pd product} {ergonomic}
    uintx ReservedCodeCacheSize                    = 251658240                              {pd product} {ergonomic}
     bool SegmentedCodeCache                       = true                                      {product} {ergonomic}
   size_t SoftMaxHeapSize                          = 1610612736                             {manageable} {ergonomic}
     bool UseCompressedClassPointers               = true                           {product lp64_product} {ergonomic}
     bool UseCompressedOops                        = true                           {product lp64_product} {ergonomic}
     bool UseG1GC                                  = true                                      {product} {ergonomic}
     bool UseLargePagesIndividualAllocation        = false                                  {pd product} {ergonomic}

Logging:
Log output configuration:
 #0: stdout all=warning uptime,level,tags
 #1: stderr all=off uptime,level,tags

Environment Variables:
JAVA_HOME=C:\Program Files\Android\Android Studio\jbr
CLASSPATH=C:\Users\Soumaila\Desktop\yanana_v1\projet_yanana\android\\gradle\wrapper\gradle-wrapper.jar
PATH=C:\Program Files\Android\Android Studio\jbr\bin;C:\Oraclew\Middleware\Oracle_FRHome1\bin;C:\oracle12C\product\12.2.0\dbhome_1\bin;C:\oracle\DevSuiteHome_2\jdk\jre\bin;C:\oracle\DevSuiteHome_2\jdk\jre\bin\client;C:\oracle\DevSuiteHome_2\jlib;C:\oracle\DevSuiteHome_2\bin;C:\oracle\DevSuiteHome_2\jre\1.4.2\bin\client;C:\oracle\DevSuiteHome_2\jre\1.4.2\bin;C:\oracle\product\10.2.0\db_1\bin;D:\DevSuiteHome_1\jdk\jre\bin\client;D:\DevSuiteHome_1\bin;D:\DevSuiteHome_1\jlib;C:\ProgramData\Oracle\Java\javapath;C:\oraclexe\app\oracle\product\11.2.0\server\bin;C:\Program Files (x86)\VMware\VMware Workstation\bin\;C:\Program Files\Common Files\Oracle\Java\javapath;C:\Windows\system32;C:\Windows;C:\Windows\System32\Wbem;C:\Windows\System32\WindowsPowerShell\v1.0\;C:\Windows\System32\OpenSSH\;C:\Program Files\Git\cmd;C:\src\flutter\flutter\bin;C:\Users\Soumaila\AppData\Roaming\Microsoft VS Code\bin;C:\MinGW\bin;C:\Program Files\Microsoft SQL Server\150\Tools\Binn\;C:\Program Files (x86)\Windows Kits\10\Windows Performance Toolkit\;C:\MATLAB701\bin\win32;C:\Program Files\Microsoft SQL Server\110\Tools\Binn\;C:\Oraclew\Middleware\Oracle_FRHome1\opmn\bin;C:\Oraclew\Middleware\Oracle_FRHome1\opmn\lib;C:\Oraclew\Middleware\Oracle_FRHome1\perl\bin;C:\Users\Soumaila\AppData\Local\Programs\Python\Python310\Scripts\;C:\Users\Soumaila\AppData\Local\Programs\Python\Python310\;C:\Users\Soumaila\AppData\Local\Microsoft\WindowsApps;C:\Program Files\JetBrains\PyCharm 2022.2.2\bin;C:\Users\Soumaila\AppData\Local\Programs\Microsoft VS Code\bin;C:\Users\Soumaila\AppData\Local\JetBrains\Toolbox\scripts;;C:\src\flutter\flutter\bin\mingit\cmd
USERNAME=Soumaila
LD_LIBRARY_PATH=C:\Oraclew\Middleware\Oracle_FRHome1\lib
OS=Windows_NT
PROCESSOR_IDENTIFIER=Intel64 Family 6 Model 69 Stepping 1, GenuineIntel
TMP=C:\Users\Soumaila\AppData\Local\Temp
TEMP=C:\Users\Soumaila\AppData\Local\Temp


JNI global refs:
JNI global refs: 25, weak refs: 4

JNI global refs memory usage: 843, weak refs: 841

OOME stack traces (most recent first):
Classloader memory used:
Loader org.gradle.internal.classloader.VisitableURLClassLoader                         : 4659K
Loader org.gradle.internal.classloader.VisitableURLClassLoader                         : 3330K
Loader bootstrap                                                                       : 3012K
Loader org.gradle.initialization.MixInLegacyTypesClassLoader                           : 1311K
Loader jdk.internal.reflect.DelegatingClassLoader                                      : 94366B
Loader org.gradle.groovy.scripts.internal.DefaultScriptCompilationHandler$ScriptClassLoader: 87696B
Loader jdk.internal.loader.ClassLoaders$PlatformClassLoader                            : 68695B
Loader org.codehaus.groovy.runtime.callsite.CallSiteClassLoader                        : 30540B
Loader jdk.internal.loader.ClassLoaders$AppClassLoader                                 : 25681B
Loader sun.reflect.misc.MethodUtil                                                     : 373B


[error occurred during error reporting (Classloader stats), id 0xe0000001, Out of Memory Error (s\src\hotspot\share\memory\arena.cpp:78)]


---------------  S Y S T E M  ---------------

OS:
 Windows 11 , 64 bit Build 22000 (10.0.22000.2600)
OS uptime: 1 days 23:17 hours

CPU: total 4 (initial active 4) (2 cores per cpu, 2 threads per core) family 6 model 69 stepping 1 microcode 0x26, cx8, cmov, fxsr, ht, mmx, sse, sse2, sse3, ssse3, sse4.1, sse4.2, popcnt, lzcnt, tsc, tscinvbit, avx, avx2, aes, erms, clmul, bmi1, bmi2, fma, vzeroupper, clflush

Memory: 4k page, system-wide physical 8097M (583M free)
TotalPageFile size 13297M (AvailPageFile size 0M)
current process WorkingSet (physical memory assigned to process): 417M, peak: 451M
current process commit charge ("private bytes"): 482M, peak: 501M

vm_info: OpenJDK 64-Bit Server VM (17.0.7+0-b2043.56-10550314) for windows-amd64 JRE (17.0.7+0-b2043.56-10550314), built on Jul 24 2023 18:27:45 by "androidbuild" with MS VC++ 16.10 / 16.11 (VS2019)

END.
