#
# There is insufficient memory for the Java Runtime Environment to continue.
# Native memory allocation (mmap) failed to map 65536 bytes for Failed to commit metaspace.
# Possible reasons:
#   The system is out of physical RAM or swap space
#   The process is running with CompressedOops enabled, and the Java Heap may be blocking the growth of the native heap
# Possible solutions:
#   Reduce memory load on the system
#   Increase physical memory or swap space
#   Check if swap backing store is full
#   Decrease Java heap size (-Xmx/-Xms)
#
#  Out of Memory Error, pid=1148]V  [jvm.dll+0x83e45b]
V  [jvm.dll+0x6281e6]
V  [jvm.dll+0x1c29ee]
V  [jvm.dll+0x62ab31]
V  [jvm.dll+0x628b86]
V  [jvm.dll+0x372362]
V  [jvm.dll+0x1e66ab]
V  [jvm.dll+0x54a206]
V  [jvm.dll+0x1f573b]
V  [jvm.dll+0x7bcb6b]
V  [jvm.dll+0x7bdfb2]
V  [jvm.dll+0x7be2e8]
V  [jvm.dll+0x412ed9]
V  [jvm.dll+0x3dfe06]
C  [java.dll+0xc87a]

Java frames: (J=compiled Java code, j=interpreted, Vv=VM code)
j  sun.nio.ch.SocketDispatcher.read0(Ljava/io/FileDescriptor;JI)I+0 java.base@17.0.7
j  sun.nio.ch.SocketDispatcher.read(Ljava/io/FileDescriptor;JI)I+4 java.base@17.0.7
j  sun.nio.ch.IOUtil.readIntoNativeBuffer(Ljava/io/FileDescriptor;Ljava/nio/ByteBuffer;JZZILsun/nio/ch/NativeDispatcher;)I+132 java.base@17.0.7
j  sun.nio.ch.IOUtil.read(Ljava/io/FileDescriptor;Ljava/nio/ByteBuffer;JZZILsun/nio/ch/NativeDispatcher;)I+35 java.base@17.0.7
j  sun.nio.ch.IOUtil.read(Ljava/io/FileDescriptor;Ljava/nio/ByteBuffer;JLsun/nio/ch/NativeDispatcher;)I+8 java.base@17.0.7
j  sun.nio.ch.SocketChannelImpl.read(Ljava/nio/ByteBuffer;)I+108 java.base@17.0.7
j  org.gradle.internal.remote.internal.inet.SocketConnection$SocketInputStream.read([BII)I+62
j  com.esotericsoftware.kryo.io.Input.fill([BII)I+16
J 1504 c1 com.esotericsoftware.kryo.io.Input.require(I)I (220 bytes) @ 0x00000203ec278834 [0x00000203ec2784a0+0x0000000000000394]
J 1516 c1 com.esotericsoftware.kryo.io.Input.readVarInt(Z)I (192 bytes) @ 0x00000203ec27b864 [0x00000203ec27b7e0+0x0000000000000084]
J 1507 c1 org.gradle.internal.serialize.kryo.KryoBackedDecoder.readSmallInt()I (16 bytes) @ 0x00000203ec27948c [0x00000203ec2793a0+0x00000000000000ec]
j  org.gradle.internal.serialize.DefaultSerializerRegistry$TaggedTypeSerializer.read(Lorg/gradle/internal/serialize/Decoder;)Ljava/lang/Object;+1
j  org.gradle.internal.serialize.Serializers$StatefulSerializerAdapter$1.read()Ljava/lang/Object;+11
j  org.gradle.internal.remote.internal.inet.SocketConnection.receive()Ljava/lang/Object;+4
j  org.gradle.launcher.daemon.client.DaemonClientConnection.receive()Lorg/gradle/launcher/daemon/protocol/Message;+4
j  org.gradle.launcher.daemon.client.DaemonClientConnection.receive()Ljava/lang/Object;+1
j  org.gradle.launcher.daemon.client.DaemonClient.monitorBuild(Lorg/gradle/launcher/daemon/protocol/Build;Lorg/gradle/launcher/daemon/diagnostics/DaemonDiagnostics;Lorg/gradle/internal/remote/internal/Connection;Lorg/gradle/initialization/BuildCancellationToken;Lorg/gradle/initialization/BuildEventConsumer;)Ljava/lang/Object;+44
j  org.gradle.launcher.daemon.client.DaemonClient.executeBuild(Lorg/gradle/launcher/daemon/protocol/Build;Lorg/gradle/launcher/daemon/client/DaemonClientConnection;Lorg/gradle/initialization/BuildCancellationToken;Lorg/gradle/initialization/BuildEventConsumer;)Lorg/gradle/launcher/exec/BuildActionResult;+128
j  org.gradle.launcher.daemon.client.DaemonClient.execute(Lorg/gradle/internal/invocation/BuildAction;Lorg/gradle/launcher/exec/BuildActionParameters;Lorg/gradle/initialization/BuildRequestContext;)Lorg/gradle/launcher/exec/BuildActionResult;+272
j  org.gradle.launcher.daemon.client.DaemonClient.execute(Lorg/gradle/internal/invocation/BuildAction;Ljava/lang/Object;Ljava/lang/Object;)Lorg/gradle/launcher/exec/BuildActionResult;+10
j  org.gradle.launcher.cli.RunBuildAction.run()V+74
j  org.gradle.internal.Actions$RunnableActionAdapter.execute(Ljava/lang/Object;)V+4
j  org.gradle.launcher.cli.DefaultCommandLineActionFactory$ParseAndBuildAction.execute(Lorg/gradle/launcher/bootstrap/ExecutionListener;)V+60
j  org.gradle.launcher.cli.DefaultCommandLineActionFactory$ParseAndBuildAction.execute(Ljava/lang/Object;)V+5
j  org.gradle.launcher.cli.DebugLoggerWarningAction.execute(Lorg/gradle/launcher/bootstrap/ExecutionListener;)V+9
j  org.gradle.launcher.cli.DebugLoggerWarningAction.execute(Ljava/lang/Object;)V+5
j  org.gradle.launcher.cli.WelcomeMessageAction.execute(Lorg/gradle/launcher/bootstrap/ExecutionListener;)V+218
j  org.gradle.launcher.cli.WelcomeMessageAction.execute(Ljava/lang/Object;)V+5
j  org.gradle.launcher.cli.NativeServicesInitializingAction.execute(Lorg/gradle/launcher/bootstrap/ExecutionListener;)V+35
j  org.gradle.launcher.cli.NativeServicesInitializingAction.execute(Ljava/lang/Object;)V+5
j  org.gradle.launcher.cli.ExceptionReportingAction.execute(Lorg/gradle/launcher/bootstrap/ExecutionListener;)V+5
j  org.gradle.launcher.cli.ExceptionReportingAction.execute(Ljava/lang/Object;)V+5
j  org.gradle.launcher.cli.DefaultCommandLineActionFactory$WithLogging.execute(Lorg/gradle/launcher/bootstrap/ExecutionListener;)V+299
j  org.gradle.launcher.Main.doAction([Ljava/lang/String;Lorg/gradle/launcher/bootstrap/ExecutionListener;)V+14
j  org.gradle.launcher.bootstrap.EntryPoint.run([Ljava/lang/String;)V+12
v  ~StubRoutines::call_stub
j  jdk.internal.reflect.NativeMethodAccessorImpl.invoke0(Ljava/lang/reflect/Method;Ljava/lang/Object;[Ljava/lang/Object;)Ljava/lang/Object;+0 java.base@17.0.7
j  jdk.internal.reflect.NativeMethodAccessorImpl.invoke(Ljava/lang/Object;[Ljava/lang/Object;)Ljava/lang/Object;+133 java.base@17.0.7
j  jdk.internal.reflect.DelegatingMethodAccessorImpl.invoke(Ljava/lang/Object;[Ljava/lang/Object;)Ljava/lang/Object;+6 java.base@17.0.7
j  java.lang.reflect.Method.invoke(Ljava/lang/Object;[Ljava/lang/Object;)Ljava/lang/Object;+59 java.base@17.0.7
j  org.gradle.launcher.bootstrap.ProcessBootstrap.runNoExit(Ljava/lang/String;[Ljava/lang/String;)V+159
j  org.gradle.launcher.bootstrap.ProcessBootstrap.run(Ljava/lang/String;[Ljava/lang/String;)V+2
v  ~StubRoutines::call_stub
j  jdk.internal.reflect.NativeMethodAccessorImpl.invoke0(Ljava/lang/reflect/Method;Ljava/lang/Object;[Ljava/lang/Object;)Ljava/lang/Object;+0 java.base@17.0.7
j  jdk.internal.reflect.NativeMethodAccessorImpl.invoke(Ljava/lang/Object;[Ljava/lang/Object;)Ljava/lang/Object;+133 java.base@17.0.7
j  jdk.internal.reflect.DelegatingMethodAccessorImpl.invoke(Ljava/lang/Object;[Ljava/lang/Object;)Ljava/lang/Object;+6 java.base@17.0.7
j  java.lang.reflect.Method.invoke(Ljava/lang/Object;[Ljava/lang/Object;)Ljava/lang/Object;+59 java.base@17.0.7
j  org.gradle.launcher.GradleMain.main([Ljava/lang/String;)V+100
v  ~StubRoutines::call_stub
j  jdk.internal.reflect.NativeMethodAccessorImpl.invoke0(Ljava/lang/reflect/Method;Ljava/lang/Object;[Ljava/lang/Object;)Ljava/lang/Object;+0 java.base@17.0.7
j  jdk.internal.reflect.NativeMethodAccessorImpl.invoke(Ljava/lang/Object;[Ljava/lang/Object;)Ljava/lang/Object;+133 java.base@17.0.7
j  jdk.internal.reflect.DelegatingMethodAccessorImpl.invoke(Ljava/lang/Object;[Ljava/lang/Object;)Ljava/lang/Object;+6 java.base@17.0.7
j  java.lang.reflect.Method.invoke(Ljava/lang/Object;[Ljava/lang/Object;)Ljava/lang/Object;+59 java.base@17.0.7
j  org.gradle.wrapper.BootstrapMainStarter.start([Ljava/lang/String;Ljava/io/File;)V+82
j  org.gradle.wrapper.WrapperExecutor.execute([Ljava/lang/String;Lorg/gradle/wrapper/Install;Lorg/gradle/wrapper/BootstrapMainStarter;)V+14
j  org.gradle.wrapper.GradleWrapperMain.main([Ljava/lang/String;)V+190
v  ~StubRoutines::call_stub

---------------  P R O C E S S  ---------------

Threads class SMR info:
_java_thread_list=0x0000020389647c50, length=15, elements={
0x00000203e72e7330, 0x00000203fe7bad70, 0x00000203fe7bbbe0, 0x00000203fe7fc360,
0x00000203fe7fcee0, 0x00000203fe7fea00, 0x00000203881523e0, 0x0000020388156bd0,
0x0000020388157670, 0x0000020388158840, 0x00000203882ce480, 0x00000203882db190,
0x0000020388d28540, 0x00000203891d9900, 0x00000203893ec290
}

Java Threads: ( => current thread )
=>0x00000203e72e7330 JavaThread "main" [_thread_in_vm, id=7728, stack(0x00000055bcd00000,0x00000055bce00000)]
  0x00000203fe7bad70 JavaThread "Reference Handler" daemon [_thread_blocked, id=7076, stack(0x00000055bd400000,0x00000055bd500000)]
  0x00000203fe7bbbe0 JavaThread "Finalizer" daemon [_thread_blocked, id=1276, stack(0x00000055bd500000,0x00000055bd600000)]
  0x00000203fe7fc360 JavaThread "Signal Dispatcher" daemon [_thread_blocked, id=6380, stack(0x00000055bd600000,0x00000055bd700000)]
  0x00000203fe7fcee0 JavaThread "Attach Listener" daemon [_thread_blocked, id=13040, stack(0x00000055bd700000,0x00000055bd800000)]
  0x00000203fe7fea00 JavaThread "Service Thread" daemon [_thread_blocked, id=13644, stack(0x00000055bd800000,0x00000055bd900000)]
  0x00000203881523e0 JavaThread "Monitor Deflation Thread" daemon [_thread_blocked, id=9516, stack(0x00000055bd900000,0x00000055bda00000)]
  0x0000020388156bd0 JavaThread "C2 CompilerThread0" daemon [_thread_blocked, id=12920, stack(0x00000055bda00000,0x00000055bdb00000)]
  0x0000020388157670 JavaThread "C1 CompilerThread0" daemon [_thread_blocked, id=10472, stack(0x00000055bdb00000,0x00000055bdc00000)]
  0x0000020388158840 JavaThread "Sweeper thread" daemon [_thread_blocked, id=7000, stack(0x00000055bdc00000,0x00000055bdd00000)]
  0x00000203882ce480 JavaThread "Notification Thread" daemon [_thread_blocked, id=6480, stack(0x00000055bdd00000,0x00000055bde00000)]
  0x00000203882db190 JavaThread "Common-Cleaner" daemon [_thread_blocked, id=11320, stack(0x00000055bdf00000,0x00000055be000000)]
  0x0000020388d28540 JavaThread "pool-1-thread-1" [_thread_blocked, id=8716, stack(0x00000055be300000,0x00000055be400000)]
  0x00000203891d9900 JavaThread "DisconnectableInputStream source reader" daemon [_thread_in_native, id=4388, stack(0x00000055be500000,0x00000055be600000)]
  0x00000203893ec290 JavaThread "Forward input" [_thread_blocked, id=8128, stack(0x00000055be600000,0x00000055be700000)]

Other Threads:
  0x00000203fe7b8150 VMThread "VM Thread" [stack: 0x00000055bd300000,0x00000055bd400000] [id=9132]
  0x00000203e735d8b0 WatcherThread [stack: 0x00000055bde00000,0x00000055bdf00000] [id=8156]
  0x00000203e7341b10 GCTaskThread "GC Thread#0" [stack: 0x00000055bce00000,0x00000055bcf00000] [id=12312]
  0x000002038867ffd0 GCTaskThread "GC Thread#1" [stack: 0x00000055be000000,0x00000055be100000] [id=10340]
  0x0000020388585570 GCTaskThread "GC Thread#2" [stack: 0x00000055be100000,0x00000055be200000] [id=1040]
  0x00000203887c6ae0 GCTaskThread "GC Thread#3" [stack: 0x00000055be200000,0x00000055be300000] [id=6600]
  0x00000203e7352790 ConcurrentGCThread "G1 Main Marker" [stack: 0x00000055bcf00000,0x00000055bd000000] [id=11012]
  0x00000203e73531a0 ConcurrentGCThread "G1 Conc#0" [stack: 0x00000055bd000000,0x00000055bd100000] [id=13780]
  0x00000203e73acbb0 ConcurrentGCThread "G1 Refine#0" [stack: 0x00000055bd100000,0x00000055bd200000] [id=10880]
  0x00000203e73ad5d0 ConcurrentGCThread "G1 Service" [stack: 0x00000055bd200000,0x00000055bd300000] [id=8808]

Threads with active compile tasks:

VM state: not at safepoint (normal execution)

VM Mutex/Monitor currently owned by a thread:  ([mutex/lock_event])
[0x00000203e72e3960] Metaspace_lock - owner thread: 0x00000203e72e7330

Heap address: 0x0000000081600000, size: 2026 MB, Compressed Oops mode: 32-bit

CDS archive(s) not mapped
Compressed class space mapped at: 0x0000000100000000-0x0000000140000000, reserved size: 1073741824
Narrow klass base: 0x0000000000000000, Narrow klass shift: 3, Narrow klass range: 0x140000000

GC Precious Log:
 CPUs: 4 total, 4 available
 Memory: 8097M
 Large Page Support: Disabled
 NUMA Support: Disabled
 Compressed Oops: Enabled (32-bit)
 Heap Region Size: 1M
 Heap Min Capacity: 8M
 Heap Initial Capacity: 128M
 Heap Max Capacity: 2026M
 Pre-touch: Disabled
 Parallel Workers: 4
 Concurrent Workers: 1
 Concurrent Refinement Workers: 4
 Periodic GC: Disabled

Heap:
 garbage-first heap   total 131072K, used 24939K [0x0000000081600000, 0x0000000100000000)
  region size 1024K, 19 young (19456K), 3 survivors (3072K)
 Metaspace       used 17621K, committed 17792K, reserved 1114112K
  class space    used 2023K, committed 2112K, reserved 1048576K

Heap Regions: E=young(eden), S=young(survivor), O=old, HS=humongous(starts), HC=humongous(continues), CS=collection set, F=free, OA=open archive, CA=closed archive, TAMS=top-at-mark-start (previous, next)
|   0|0x0000000081600000, 0x0000000081700000, 0x0000000081700000|100%|HS|  |TAMS 0x0000000081600000, 0x0000000081600000| Complete 
|   1|0x0000000081700000, 0x0000000081800000, 0x0000000081800000|100%|HC|  |TAMS 0x0000000081700000, 0x0000000081700000| Complete 
|   2|0x0000000081800000, 0x0000000081900000, 0x0000000081900000|100%|HC|  |TAMS 0x0000000081800000, 0x0000000081800000| Complete 
|   3|0x0000000081900000, 0x0000000081a00000, 0x0000000081a00000|100%| O|  |TAMS 0x0000000081900000, 0x0000000081900000| Untracked 
|   4|0x0000000081a00000, 0x0000000081b00000, 0x0000000081b00000|100%| O|  |TAMS 0x0000000081a00000, 0x0000000081a00000| Untracked 
|   5|0x0000000081b00000, 0x0000000081c00000, 0x0000000081c00000|100%| O|  |TAMS 0x0000000081b00000, 0x0000000081b00000| Untracked 
|   6|0x0000000081c00000, 0x0000000081c5ae00, 0x0000000081d00000| 35%| O|  |TAMS 0x0000000081c00000, 0x0000000081c00000| Untracked 
|   7|0x0000000081d00000, 0x0000000081d00000, 0x0000000081e00000|  0%| F|  |TAMS 0x0000000081d00000, 0x0000000081d00000| Untracked 
|   8|0x0000000081e00000, 0x0000000081e00000, 0x0000000081f00000|  0%| F|  |TAMS 0x0000000081e00000, 0x0000000081e00000| Untracked 
|   9|0x0000000081f00000, 0x0000000081f00000, 0x0000000082000000|  0%| F|  |TAMS 0x0000000081f00000, 0x0000000081f00000| Untracked 
|  10|0x0000000082000000, 0x0000000082000000, 0x0000000082100000|  0%| F|  |TAMS 0x0000000082000000, 0x0000000082000000| Untracked 
|  11|0x0000000082100000, 0x0000000082100000, 0x0000000082200000|  0%| F|  |TAMS 0x0000000082100000, 0x0000000082100000| Untracked 
|  12|0x0000000082200000, 0x0000000082200000, 0x0000000082300000|  0%| F|  |TAMS 0x0000000082200000, 0x0000000082200000| Untracked 
|  13|0x0000000082300000, 0x0000000082300000, 0x0000000082400000|  0%| F|  |TAMS 0x0000000082300000, 0x0000000082300000| Untracked 
|  14|0x0000000082400000, 0x0000000082400000, 0x0000000082500000|  0%| F|  |TAMS 0x0000000082400000, 0x0000000082400000| Untracked 
|  15|0x0000000082500000, 0x0000000082500000, 0x0000000082600000|  0%| F|  |TAMS 0x0000000082500000, 0x0000000082500000| Untracked 
|  16|0x0000000082600000, 0x0000000082600000, 0x0000000082700000|  0%| F|  |TAMS 0x0000000082600000, 0x0000000082600000| Untracked 
|  17|0x0000000082700000, 0x0000000082700000, 0x0000000082800000|  0%| F|  |TAMS 0x0000000082700000, 0x0000000082700000| Untracked 
|  18|0x0000000082800000, 0x0000000082800000, 0x0000000082900000|  0%| F|  |TAMS 0x0000000082800000, 0x0000000082800000| Untracked 
|  19|0x0000000082900000, 0x0000000082900000, 0x0000000082a00000|  0%| F|  |TAMS 0x0000000082900000, 0x0000000082900000| Untracked 
|  20|0x0000000082a00000, 0x0000000082a00000, 0x0000000082b00000|  0%| F|  |TAMS 0x0000000082a00000, 0x0000000082a00000| Untracked 
|  21|0x0000000082b00000, 0x0000000082b00000, 0x0000000082c00000|  0%| F|  |TAMS 0x0000000082b00000, 0x0000000082b00000| Untracked 
|  22|0x0000000082c00000, 0x0000000082c00000, 0x0000000082d00000|  0%| F|  |TAMS 0x0000000082c00000, 0x0000000082c00000| Untracked 
|  23|0x0000000082d00000, 0x0000000082d00000, 0x0000000082e00000|  0%| F|  |TAMS 0x0000000082d00000, 0x0000000082d00000| Untracked 
|  24|0x0000000082e00000, 0x0000000082e00000, 0x0000000082f00000|  0%| F|  |TAMS 0x0000000082e00000, 0x0000000082e00000| Untracked 
|  25|0x0000000082f00000, 0x0000000082f00000, 0x0000000083000000|  0%| F|  |TAMS 0x0000000082f00000, 0x0000000082f00000| Untracked 
|  26|0x0000000083000000, 0x0000000083000000, 0x0000000083100000|  0%| F|  |TAMS 0x0000000083000000, 0x0000000083000000| Untracked 
|  27|0x0000000083100000, 0x0000000083100000, 0x0000000083200000|  0%| F|  |TAMS 0x0000000083100000, 0x0000000083100000| Untracked 
|  28|0x0000000083200000, 0x0000000083200000, 0x0000000083300000|  0%| F|  |TAMS 0x0000000083200000, 0x0000000083200000| Untracked 
|  29|0x0000000083300000, 0x0000000083300000, 0x0000000083400000|  0%| F|  |TAMS 0x0000000083300000, 0x0000000083300000| Untracked 
|  30|0x0000000083400000, 0x0000000083400000, 0x0000000083500000|  0%| F|  |TAMS 0x0000000083400000, 0x0000000083400000| Untracked 
|  31|0x0000000083500000, 0x0000000083500000, 0x0000000083600000|  0%| F|  |TAMS 0x0000000083500000, 0x0000000083500000| Untracked 
|  32|0x0000000083600000, 0x0000000083600000, 0x0000000083700000|  0%| F|  |TAMS 0x0000000083600000, 0x0000000083600000| Untracked 
|  33|0x0000000083700000, 0x0000000083700000, 0x0000000083800000|  0%| F|  |TAMS 0x0000000083700000, 0x0000000083700000| Untracked 
|  34|0x0000000083800000, 0x0000000083800000, 0x0000000083900000|  0%| F|  |TAMS 0x0000000083800000, 0x0000000083800000| Untracked 
|  35|0x0000000083900000, 0x0000000083900000, 0x0000000083a00000|  0%| F|  |TAMS 0x0000000083900000, 0x0000000083900000| Untracked 
|  36|0x0000000083a00000, 0x0000000083a00000, 0x0000000083b00000|  0%| F|  |TAMS 0x0000000083a00000, 0x0000000083a00000| Untracked 
|  37|0x0000000083b00000, 0x0000000083b00000, 0x0000000083c00000|  0%| F|  |TAMS 0x0000000083b00000, 0x0000000083b00000| Untracked 
|  38|0x0000000083c00000, 0x0000000083c00000, 0x0000000083d00000|  0%| F|  |TAMS 0x0000000083c00000, 0x0000000083c00000| Untracked 
|  39|0x0000000083d00000, 0x0000000083d00000, 0x0000000083e00000|  0%| F|  |TAMS 0x0000000083d00000, 0x0000000083d00000| Untracked 
|  40|0x0000000083e00000, 0x0000000083e00000, 0x0000000083f00000|  0%| F|  |TAMS 0x0000000083e00000, 0x0000000083e00000| Untracked 
|  41|0x0000000083f00000, 0x0000000083f00000, 0x0000000084000000|  0%| F|  |TAMS 0x0000000083f00000, 0x0000000083f00000| Untracked 
|  42|0x0000000084000000, 0x0000000084000000, 0x0000000084100000|  0%| F|  |TAMS 0x0000000084000000, 0x0000000084000000| Untracked 
|  43|0x0000000084100000, 0x0000000084100000, 0x0000000084200000|  0%| F|  |TAMS 0x0000000084100000, 0x0000000084100000| Untracked 
|  44|0x0000000084200000, 0x0000000084200000, 0x0000000084300000|  0%| F|  |TAMS 0x0000000084200000, 0x0000000084200000| Untracked 
|  45|0x0000000084300000, 0x0000000084300000, 0x0000000084400000|  0%| F|  |TAMS 0x0000000084300000, 0x0000000084300000| Untracked 
|  46|0x0000000084400000, 0x0000000084400000, 0x0000000084500000|  0%| F|  |TAMS 0x0000000084400000, 0x0000000084400000| Untracked 
|  47|0x0000000084500000, 0x0000000084500000, 0x0000000084600000|  0%| F|  |TAMS 0x0000000084500000, 0x0000000084500000| Untracked 
|  48|0x0000000084600000, 0x0000000084600000, 0x0000000084700000|  0%| F|  |TAMS 0x0000000084600000, 0x0000000084600000| Untracked 
|  49|0x0000000084700000, 0x0000000084700000, 0x0000000084800000|  0%| F|  |TAMS 0x0000000084700000, 0x0000000084700000| Untracked 
|  50|0x0000000084800000, 0x0000000084800000, 0x0000000084900000|  0%| F|  |TAMS 0x0000000084800000, 0x0000000084800000| Untracked 
|  51|0x0000000084900000, 0x0000000084900000, 0x0000000084a00000|  0%| F|  |TAMS 0x0000000084900000, 0x0000000084900000| Untracked 
|  52|0x0000000084a00000, 0x0000000084a00000, 0x0000000084b00000|  0%| F|  |TAMS 0x0000000084a00000, 0x0000000084a00000| Untracked 
|  53|0x0000000084b00000, 0x0000000084b00000, 0x0000000084c00000|  0%| F|  |TAMS 0x0000000084b00000, 0x0000000084b00000| Untracked 
|  54|0x0000000084c00000, 0x0000000084c00000, 0x0000000084d00000|  0%| F|  |TAMS 0x0000000084c00000, 0x0000000084c00000| Untracked 
|  55|0x0000000084d00000, 0x0000000084d00000, 0x0000000084e00000|  0%| F|  |TAMS 0x0000000084d00000, 0x0000000084d00000| Untracked 
|  56|0x0000000084e00000, 0x0000000084e00000, 0x0000000084f00000|  0%| F|  |TAMS 0x0000000084e00000, 0x0000000084e00000| Untracked 
|  57|0x0000000084f00000, 0x0000000084f00000, 0x0000000085000000|  0%| F|  |TAMS 0x0000000084f00000, 0x0000000084f00000| Untracked 
|  58|0x0000000085000000, 0x0000000085000000, 0x0000000085100000|  0%| F|  |TAMS 0x0000000085000000, 0x0000000085000000| Untracked 
|  59|0x0000000085100000, 0x0000000085100000, 0x0000000085200000|  0%| F|  |TAMS 0x0000000085100000, 0x0000000085100000| Untracked 
|  60|0x0000000085200000, 0x0000000085200000, 0x0000000085300000|  0%| F|  |TAMS 0x0000000085200000, 0x0000000085200000| Untracked 
|  61|0x0000000085300000, 0x0000000085300000, 0x0000000085400000|  0%| F|  |TAMS 0x0000000085300000, 0x0000000085300000| Untracked 
|  62|0x0000000085400000, 0x0000000085400000, 0x0000000085500000|  0%| F|  |TAMS 0x0000000085400000, 0x0000000085400000| Untracked 
|  63|0x0000000085500000, 0x0000000085500000, 0x0000000085600000|  0%| F|  |TAMS 0x0000000085500000, 0x0000000085500000| Untracked 
|  64|0x0000000085600000, 0x0000000085600000, 0x0000000085700000|  0%| F|  |TAMS 0x0000000085600000, 0x0000000085600000| Untracked 
|  65|0x0000000085700000, 0x0000000085700000, 0x0000000085800000|  0%| F|  |TAMS 0x0000000085700000, 0x0000000085700000| Untracked 
|  66|0x0000000085800000, 0x0000000085800000, 0x0000000085900000|  0%| F|  |TAMS 0x0000000085800000, 0x0000000085800000| Untracked 
|  67|0x0000000085900000, 0x0000000085900000, 0x0000000085a00000|  0%| F|  |TAMS 0x0000000085900000, 0x0000000085900000| Untracked 
|  68|0x0000000085a00000, 0x0000000085a00000, 0x0000000085b00000|  0%| F|  |TAMS 0x0000000085a00000, 0x0000000085a00000| Untracked 
|  69|0x0000000085b00000, 0x0000000085b00000, 0x0000000085c00000|  0%| F|  |TAMS 0x0000000085b00000, 0x0000000085b00000| Untracked 
|  70|0x0000000085c00000, 0x0000000085c00000, 0x0000000085d00000|  0%| F|  |TAMS 0x0000000085c00000, 0x0000000085c00000| Untracked 
|  71|0x0000000085d00000, 0x0000000085d00000, 0x0000000085e00000|  0%| F|  |TAMS 0x0000000085d00000, 0x0000000085d00000| Untracked 
|  72|0x0000000085e00000, 0x0000000085e00000, 0x0000000085f00000|  0%| F|  |TAMS 0x0000000085e00000, 0x0000000085e00000| Untracked 
|  73|0x0000000085f00000, 0x0000000085f00000, 0x0000000086000000|  0%| F|  |TAMS 0x0000000085f00000, 0x0000000085f00000| Untracked 
|  74|0x0000000086000000, 0x0000000086000000, 0x0000000086100000|  0%| F|  |TAMS 0x0000000086000000, 0x0000000086000000| Untracked 
|  75|0x0000000086100000, 0x0000000086100000, 0x0000000086200000|  0%| F|  |TAMS 0x0000000086100000, 0x0000000086100000| Untracked 
|  76|0x0000000086200000, 0x0000000086200000, 0x0000000086300000|  0%| F|  |TAMS 0x0000000086200000, 0x0000000086200000| Untracked 
|  77|0x0000000086300000, 0x0000000086300000, 0x0000000086400000|  0%| F|  |TAMS 0x0000000086300000, 0x0000000086300000| Untracked 
|  78|0x0000000086400000, 0x0000000086400000, 0x0000000086500000|  0%| F|  |TAMS 0x0000000086400000, 0x0000000086400000| Untracked 
|  79|0x0000000086500000, 0x0000000086500000, 0x0000000086600000|  0%| F|  |TAMS 0x0000000086500000, 0x0000000086500000| Untracked 
|  80|0x0000000086600000, 0x0000000086600000, 0x0000000086700000|  0%| F|  |TAMS 0x0000000086600000, 0x0000000086600000| Untracked 
|  81|0x0000000086700000, 0x0000000086700000, 0x0000000086800000|  0%| F|  |TAMS 0x0000000086700000, 0x0000000086700000| Untracked 
|  82|0x0000000086800000, 0x0000000086800000, 0x0000000086900000|  0%| F|  |TAMS 0x0000000086800000, 0x0000000086800000| Untracked 
|  83|0x0000000086900000, 0x0000000086900000, 0x0000000086a00000|  0%| F|  |TAMS 0x0000000086900000, 0x0000000086900000| Untracked 
|  84|0x0000000086a00000, 0x0000000086a00000, 0x0000000086b00000|  0%| F|  |TAMS 0x0000000086a00000, 0x0000000086a00000| Untracked 
|  85|0x0000000086b00000, 0x0000000086b00000, 0x0000000086c00000|  0%| F|  |TAMS 0x0000000086b00000, 0x0000000086b00000| Untracked 
|  86|0x0000000086c00000, 0x0000000086c00000, 0x0000000086d00000|  0%| F|  |TAMS 0x0000000086c00000, 0x0000000086c00000| Untracked 
|  87|0x0000000086d00000, 0x0000000086d00000, 0x0000000086e00000|  0%| F|  |TAMS 0x0000000086d00000, 0x0000000086d00000| Untracked 
|  88|0x0000000086e00000, 0x0000000086e00000, 0x0000000086f00000|  0%| F|  |TAMS 0x0000000086e00000, 0x0000000086e00000| Untracked 
|  89|0x0000000086f00000, 0x0000000086f00000, 0x0000000087000000|  0%| F|  |TAMS 0x0000000086f00000, 0x0000000086f00000| Untracked 
|  90|0x0000000087000000, 0x0000000087000000, 0x0000000087100000|  0%| F|  |TAMS 0x0000000087000000, 0x0000000087000000| Untracked 
|  91|0x0000000087100000, 0x0000000087100000, 0x0000000087200000|  0%| F|  |TAMS 0x0000000087100000, 0x0000000087100000| Untracked 
|  92|0x0000000087200000, 0x0000000087200000, 0x0000000087300000|  0%| F|  |TAMS 0x0000000087200000, 0x0000000087200000| Untracked 
|  93|0x0000000087300000, 0x0000000087300000, 0x0000000087400000|  0%| F|  |TAMS 0x0000000087300000, 0x0000000087300000| Untracked 
|  94|0x0000000087400000, 0x0000000087400000, 0x0000000087500000|  0%| F|  |TAMS 0x0000000087400000, 0x0000000087400000| Untracked 
|  95|0x0000000087500000, 0x0000000087500000, 0x0000000087600000|  0%| F|  |TAMS 0x0000000087500000, 0x0000000087500000| Untracked 
|  96|0x0000000087600000, 0x0000000087600000, 0x0000000087700000|  0%| F|  |TAMS 0x0000000087600000, 0x0000000087600000| Untracked 
|  97|0x0000000087700000, 0x0000000087700000, 0x0000000087800000|  0%| F|  |TAMS 0x0000000087700000, 0x0000000087700000| Untracked 
|  98|0x0000000087800000, 0x0000000087800000, 0x0000000087900000|  0%| F|  |TAMS 0x0000000087800000, 0x0000000087800000| Untracked 
|  99|0x0000000087900000, 0x0000000087900000, 0x0000000087a00000|  0%| F|  |TAMS 0x0000000087900000, 0x0000000087900000| Untracked 
| 100|0x0000000087a00000, 0x0000000087a00000, 0x0000000087b00000|  0%| F|  |TAMS 0x0000000087a00000, 0x0000000087a00000| Untracked 
| 101|0x0000000087b00000, 0x0000000087b00000, 0x0000000087c00000|  0%| F|  |TAMS 0x0000000087b00000, 0x0000000087b00000| Untracked 
| 102|0x0000000087c00000, 0x0000000087c00000, 0x0000000087d00000|  0%| F|  |TAMS 0x0000000087c00000, 0x0000000087c00000| Untracked 
| 103|0x0000000087d00000, 0x0000000087d00000, 0x0000000087e00000|  0%| F|  |TAMS 0x0000000087d00000, 0x0000000087d00000| Untracked 
| 104|0x0000000087e00000, 0x0000000087e00000, 0x0000000087f00000|  0%| F|  |TAMS 0x0000000087e00000, 0x0000000087e00000| Untracked 
| 105|0x0000000087f00000, 0x0000000087f00000, 0x0000000088000000|  0%| F|  |TAMS 0x0000000087f00000, 0x0000000087f00000| Untracked 
| 106|0x0000000088000000, 0x0000000088000000, 0x0000000088100000|  0%| F|  |TAMS 0x0000000088000000, 0x0000000088000000| Untracked 
| 107|0x0000000088100000, 0x0000000088200000, 0x0000000088200000|100%| S|CS|TAMS 0x0000000088100000, 0x0000000088100000| Complete 
| 108|0x0000000088200000, 0x0000000088300000, 0x0000000088300000|100%| S|CS|TAMS 0x0000000088200000, 0x0000000088200000| Complete 
| 109|0x0000000088300000, 0x0000000088400000, 0x0000000088400000|100%| S|CS|TAMS 0x0000000088300000, 0x0000000088300000| Complete 
| 110|0x0000000088400000, 0x0000000088400000, 0x0000000088500000|  0%| F|  |TAMS 0x0000000088400000, 0x0000000088400000| Untracked 
| 111|0x0000000088500000, 0x0000000088500000, 0x0000000088600000|  0%| F|  |TAMS 0x0000000088500000, 0x0000000088500000| Untracked 
| 112|0x0000000088600000, 0x00000000886cabe8, 0x0000000088700000| 79%| E|  |TAMS 0x0000000088600000, 0x0000000088600000| Complete 
| 113|0x0000000088700000, 0x0000000088800000, 0x0000000088800000|100%| E|CS|TAMS 0x0000000088700000, 0x0000000088700000| Complete 
| 114|0x0000000088800000, 0x0000000088900000, 0x0000000088900000|100%| E|CS|TAMS 0x0000000088800000, 0x0000000088800000| Complete 
| 115|0x0000000088900000, 0x0000000088a00000, 0x0000000088a00000|100%| E|CS|TAMS 0x0000000088900000, 0x0000000088900000| Complete 
| 116|0x0000000088a00000, 0x0000000088b00000, 0x0000000088b00000|100%| E|CS|TAMS 0x0000000088a00000, 0x0000000088a00000| Complete 
| 117|0x0000000088b00000, 0x0000000088c00000, 0x0000000088c00000|100%| E|CS|TAMS 0x0000000088b00000, 0x0000000088b00000| Complete 
| 118|0x0000000088c00000, 0x0000000088d00000, 0x0000000088d00000|100%| E|CS|TAMS 0x0000000088c00000, 0x0000000088c00000| Complete 
| 119|0x0000000088d00000, 0x0000000088e00000, 0x0000000088e00000|100%| E|CS|TAMS 0x0000000088d00000, 0x0000000088d00000| Complete 
| 120|0x0000000088e00000, 0x0000000088f00000, 0x0000000088f00000|100%| E|CS|TAMS 0x0000000088e00000, 0x0000000088e00000| Complete 
| 121|0x0000000088f00000, 0x0000000089000000, 0x0000000089000000|100%| E|CS|TAMS 0x0000000088f00000, 0x0000000088f00000| Complete 
| 122|0x0000000089000000, 0x0000000089100000, 0x0000000089100000|100%| E|CS|TAMS 0x0000000089000000, 0x0000000089000000| Complete 
| 123|0x0000000089100000, 0x0000000089200000, 0x0000000089200000|100%| E|CS|TAMS 0x0000000089100000, 0x0000000089100000| Complete 
| 124|0x0000000089200000, 0x0000000089300000, 0x0000000089300000|100%| E|CS|TAMS 0x0000000089200000, 0x0000000089200000| Complete 
| 125|0x0000000089300000, 0x0000000089400000, 0x0000000089400000|100%| E|CS|TAMS 0x0000000089300000, 0x0000000089300000| Complete 
| 126|0x0000000089400000, 0x0000000089500000, 0x0000000089500000|100%| E|CS|TAMS 0x0000000089400000, 0x0000000089400000| Complete 
| 127|0x0000000089500000, 0x0000000089600000, 0x0000000089600000|100%| E|CS|TAMS 0x0000000089500000, 0x0000000089500000| Complete 

Card table byte_map: [0x00000203fb9c0000,0x00000203fbdc0000] _byte_map_base: 0x00000203fb5b5000

Marking Bits (Prev, Next): (CMBitMap*) 0x00000203e7342120, (CMBitMap*) 0x00000203e7342160
 Prev Bits: [0x00000203fc1c0000, 0x00000203fe168000)
 Next Bits: [0x0000020380000000, 0x0000020381fa8000)

Polling page: 0x00000203e73b0000

Metaspace:

Usage:
  Non-class:     15.23 MB used.
      Class:      1.98 MB used.
       Both:     17.21 MB used.

Virtual space:
  Non-class space:       64.00 MB reserved,      15.31 MB ( 24%) committed,  1 nodes.
      Class space:        1.00 GB reserved,       2.06 MB ( <1%) committed,  1 nodes.
             Both:        1.06 GB reserved,      17.38 MB (  2%) committed. 

Chunk freelists:
   Non-Class:  592.00 KB
       Class:  13.74 MB
        Both:  14.32 MB

MaxMetaspaceSize: unlimited
CompressedClassSpaceSize: 1.00 GB
Initial GC threshold: 21.00 MB
Current GC threshold: 21.00 MB
CDS: off
MetaspaceReclaimPolicy: balanced
 - commit_granule_bytes: 65536.
 - commit_granule_words: 8192.
 - virtual_space_node_default_size: 8388608.
 - enlarge_chunks_in_place: 1.
 - new_chunks_are_fully_committed: 0.
 - uncommit_free_chunks: 1.
 - use_allocation_guard: 0.
 - handle_deallocations: 1.


Internal statistics:

num_allocs_failed_limit: 0.
num_arena_births: 90.
num_arena_deaths: 0.
num_vsnodes_births: 2.
num_vsnodes_deaths: 0.
num_space_committed: 278.
num_space_uncommitted: 0.
num_chunks_returned_to_freelist: 0.
num_chunks_taken_from_freelist: 331.
num_chunk_merges: 0.
num_chunk_splits: 217.
num_chunks_enlarged: 179.
num_inconsistent_stats: 0.

CodeHeap 'non-profiled nmethods': size=120000Kb used=559Kb max_used=559Kb free=119440Kb
 bounds [0x00000203f3a70000, 0x00000203f3ce0000, 0x00000203fafa0000]
CodeHeap 'profiled nmethods': size=120000Kb used=2954Kb max_used=2954Kb free=117045Kb
 bounds [0x00000203ebfa0000, 0x00000203ec290000, 0x00000203f34d0000]
CodeHeap 'non-nmethods': size=5760Kb used=1172Kb max_used=1188Kb free=4587Kb
 bounds [0x00000203f34d0000, 0x00000203f3740000, 0x00000203f3a70000]
 total_blobs=2002 nmethods=1531 adapters=384
 compilation: enabled
              stopped_count=0, restarted_count=0
 full_count=0

Compilation events (20 events):
Event: 79.032 Thread 0x0000020388157670 1523       1       java.lang.Thread::isInterrupted (5 bytes)
Event: 79.032 Thread 0x0000020388157670 nmethod 1523 0x00000203f3afbb10 code [0x00000203f3afbca0, 0x00000203f3afbd78]
Event: 79.126 Thread 0x0000020388157670 1524       3       org.gradle.internal.logging.text.AbstractLineChoppingStyledTextOutput$1::execute (9 bytes)
Event: 79.126 Thread 0x0000020388157670 nmethod 1524 0x00000203ec27dc10 code [0x00000203ec27ddc0, 0x00000203ec27dfe8]
Event: 79.129 Thread 0x0000020388157670 1525       3       org.gradle.internal.logging.text.AbstractLineChoppingStyledTextOutput$SeenFromEol::all (18 bytes)
Event: 79.129 Thread 0x0000020388157670 nmethod 1525 0x00000203ec27e090 code [0x00000203ec27e220, 0x00000203ec27e398]
Event: 79.129 Thread 0x0000020388157670 1526       3       org.gradle.internal.logging.text.AbstractLineChoppingStyledTextOutput$SeenFromEol::none (13 bytes)
Event: 79.130 Thread 0x0000020388157670 nmethod 1526 0x00000203ec27e490 code [0x00000203ec27e620, 0x00000203ec27e798]
Event: 79.130 Thread 0x0000020388157670 1527       3       org.gradle.internal.logging.text.AbstractLineChoppingStyledTextOutput::access$800 (4 bytes)
Event: 79.130 Thread 0x0000020388157670 nmethod 1527 0x00000203ec27e810 code [0x00000203ec27e9a0, 0x00000203ec27ea98]
Event: 79.130 Thread 0x0000020388157670 1528       3       org.gradle.internal.logging.text.AbstractLineChoppingStyledTextOutput$2::execute (9 bytes)
Event: 79.130 Thread 0x0000020388157670 nmethod 1528 0x00000203ec27eb10 code [0x00000203ec27ecc0, 0x00000203ec27eee8]
Event: 79.130 Thread 0x0000020388157670 1529       3       org.gradle.internal.logging.text.AbstractLineChoppingStyledTextOutput::access$900 (4 bytes)
Event: 79.130 Thread 0x0000020388157670 nmethod 1529 0x00000203ec27ef90 code [0x00000203ec27f120, 0x00000203ec27f218]
Event: 79.130 Thread 0x0000020388157670 1530       3       org.gradle.internal.logging.text.AbstractLineChoppingStyledTextOutput$StateContext::next (11 bytes)
Event: 79.130 Thread 0x0000020388157670 nmethod 1530 0x00000203ec27f290 code [0x00000203ec27f420, 0x00000203ec27f538]
Event: 79.131 Thread 0x0000020388157670 1531       3       org.gradle.internal.logging.text.AbstractLineChoppingStyledTextOutput$1::execute (140 bytes)
Event: 79.133 Thread 0x0000020388157670 nmethod 1531 0x00000203ec27f610 code [0x00000203ec27f960, 0x00000203ec280c78]
Event: 79.133 Thread 0x0000020388157670 1532       3       org.gradle.internal.logging.text.AbstractLineChoppingStyledTextOutput$2::execute (77 bytes)
Event: 79.134 Thread 0x0000020388157670 nmethod 1532 0x00000203ec281490 code [0x00000203ec281740, 0x00000203ec2823e8]

GC Heap History (4 events):
Event: 2.687 GC heap before
{Heap before GC invocations=0 (full 0):
 garbage-first heap   total 131072K, used 15360K [0x0000000081600000, 0x0000000100000000)
  region size 1024K, 13 young (13312K), 0 survivors (0K)
 Metaspace       used 8409K, committed 8512K, reserved 1114112K
  class space    used 742K, committed 768K, reserved 1048576K
}
Event: 2.693 GC heap after
{Heap after GC invocations=1 (full 0):
 garbage-first heap   total 131072K, used 3327K [0x0000000081600000, 0x0000000100000000)
  region size 1024K, 2 young (2048K), 2 survivors (2048K)
 Metaspace       used 8409K, committed 8512K, reserved 1114112K
  class space    used 742K, committed 768K, reserved 1048576K
}
Event: 4.351 GC heap before
{Heap before GC invocations=1 (full 0):
 garbage-first heap   total 131072K, used 22783K [0x0000000081600000, 0x0000000100000000)
  region size 1024K, 18 young (18432K), 2 survivors (2048K)
 Metaspace       used 13263K, committed 13440K, reserved 1114112K
  class space    used 1508K, committed 1600K, reserved 1048576K
}
Event: 4.358 GC heap after
{Heap after GC invocations=2 (full 0):
 garbage-first heap   total 131072K, used 9579K [0x0000000081600000, 0x0000000100000000)
  region size 1024K, 3 young (3072K), 3 survivors (3072K)
 Metaspace       used 13263K, committed 13440K, reserved 1114112K
  class space    used 1508K, committed 1600K, reserved 1048576K
}

Dll operation events (2 events):
Event: 0.005 Loaded shared library C:\Program Files\Android\Android Studio\jbr\bin\java.dll
Event: 0.413 Loaded shared library C:\Program Files\Android\Android Studio\jbr\bin\verify.dll

Deoptimization events (20 events):
Event: 9.133 Thread 0x00000203e72e7330 DEOPT PACKING pc=0x00000203f3ab18f0 sp=0x00000055bcdfc8b0
Event: 9.133 Thread 0x00000203e72e7330 DEOPT UNPACKING pc=0x00000203f35269a3 sp=0x00000055bcdfc888 mode 2
Event: 12.248 Thread 0x00000203e72e7330 DEOPT PACKING pc=0x00000203ec0c752c sp=0x00000055bcdfc430
Event: 12.248 Thread 0x00000203e72e7330 DEOPT UNPACKING pc=0x00000203f3527143 sp=0x00000055bcdfb8e0 mode 0
Event: 12.677 Thread 0x00000203893ef0a0 Uncommon trap: trap_request=0xffffff45 fr.pc=0x00000203f3ac1ac8 relative=0x0000000000000048
Event: 12.677 Thread 0x00000203893ef0a0 Uncommon trap: reason=unstable_if action=reinterpret pc=0x00000203f3ac1ac8 method=java.lang.CharacterData.of(I)Ljava/lang/CharacterData; @ 4 c2
Event: 12.677 Thread 0x00000203893ef0a0 DEOPT PACKING pc=0x00000203f3ac1ac8 sp=0x00000055be5fe590
Event: 12.677 Thread 0x00000203893ef0a0 DEOPT UNPACKING pc=0x00000203f35269a3 sp=0x00000055be5fe528 mode 2
Event: 12.682 Thread 0x00000203893ef0a0 Uncommon trap: trap_request=0xffffff45 fr.pc=0x00000203f3aeefd0 relative=0x0000000000000510
Event: 12.682 Thread 0x00000203893ef0a0 Uncommon trap: reason=unstable_if action=reinterpret pc=0x00000203f3aeefd0 method=java.lang.AbstractStringBuilder.putStringAt(ILjava/lang/String;II)V @ 8 c2
Event: 12.682 Thread 0x00000203893ef0a0 DEOPT PACKING pc=0x00000203f3aeefd0 sp=0x00000055be5fee70
Event: 12.682 Thread 0x00000203893ef0a0 DEOPT UNPACKING pc=0x00000203f35269a3 sp=0x00000055be5fecf8 mode 2
Event: 12.682 Thread 0x00000203893ef0a0 Uncommon trap: trap_request=0xffffff45 fr.pc=0x00000203f3aec640 relative=0x0000000000000500
Event: 12.682 Thread 0x00000203893ef0a0 Uncommon trap: reason=unstable_if action=reinterpret pc=0x00000203f3aec640 method=java.lang.AbstractStringBuilder.putStringAt(ILjava/lang/String;II)V @ 8 c2
Event: 12.682 Thread 0x00000203893ef0a0 DEOPT PACKING pc=0x00000203f3aec640 sp=0x00000055be5fee00
Event: 12.682 Thread 0x00000203893ef0a0 DEOPT UNPACKING pc=0x00000203f35269a3 sp=0x00000055be5fecf0 mode 2
Event: 12.682 Thread 0x00000203893ef0a0 Uncommon trap: trap_request=0xffffff45 fr.pc=0x00000203f3acf174 relative=0x00000000000003d4
Event: 12.682 Thread 0x00000203893ef0a0 Uncommon trap: reason=unstable_if action=reinterpret pc=0x00000203f3acf174 method=java.lang.AbstractStringBuilder.isLatin1()Z @ 10 c2
Event: 12.682 Thread 0x00000203893ef0a0 DEOPT PACKING pc=0x00000203f3acf174 sp=0x00000055be5fee80
Event: 12.682 Thread 0x00000203893ef0a0 DEOPT UNPACKING pc=0x00000203f35269a3 sp=0x00000055be5fee00 mode 2

Classes unloaded (0 events):
No events

Classes redefined (0 events):
No events

Internal exceptions (20 events):
Event: 3.448 Thread 0x00000203e72e7330 Exception <a 'java/lang/NoSuchMethodError'{0x0000000088c16ec8}: 'java.lang.Object java.lang.invoke.DirectMethodHandle$Holder.invokeStatic(java.lang.Object, java.lang.Object, int)'> (0x0000000088c16ec8) 
thrown [s\src\hotspot\share\interpreter\linkResolver.cpp, line 771]
Event: 3.449 Thread 0x00000203e72e7330 Exception <a 'java/lang/NoSuchMethodError'{0x0000000088c22bb8}: 'void java.lang.invoke.DelegatingMethodHandle$Holder.delegate(java.lang.Object, java.lang.Object, int, java.lang.Object)'> (0x0000000088c22bb8) 
thrown [s\src\hotspot\share\interpreter\linkResolver.cpp, line 771]
Event: 3.449 Thread 0x00000203e72e7330 Exception <a 'java/lang/NoSuchMethodError'{0x0000000088c26d00}: 'int java.lang.invoke.DirectMethodHandle$Holder.invokeSpecial(java.lang.Object, java.lang.Object, java.lang.Object)'> (0x0000000088c26d00) 
thrown [s\src\hotspot\share\interpreter\linkResolver.cpp, line 771]
Event: 3.453 Thread 0x00000203e72e7330 Exception <a 'java/lang/NoSuchMethodError'{0x0000000088c39eb8}: 'java.lang.Object java.lang.invoke.Invokers$Holder.invokeExact_MT(java.lang.Object, java.lang.Object, java.lang.Object, java.lang.Object)'> (0x0000000088c39eb8) 
thrown [s\src\hotspot\share\interpreter\linkResolver.cpp, line 771]
Event: 3.934 Thread 0x00000203e72e7330 Exception <a 'java/lang/NoSuchMethodError'{0x0000000088639b80}: 'java.lang.Object java.lang.invoke.DirectMethodHandle$Holder.invokeInterface(java.lang.Object, java.lang.Object, java.lang.Object)'> (0x0000000088639b80) 
thrown [s\src\hotspot\share\interpreter\linkResolver.cpp, line 771]
Event: 3.942 Thread 0x00000203e72e7330 Exception <a 'java/lang/NoSuchMethodError'{0x000000008865b800}: 'void java.lang.invoke.DirectMethodHandle$Holder.invokeSpecial(java.lang.Object, java.lang.Object, java.lang.Object)'> (0x000000008865b800) 
thrown [s\src\hotspot\share\interpreter\linkResolver.cpp, line 771]
Event: 4.070 Thread 0x00000203e72e7330 Implicit null exception at 0x00000203f3ac0b13 to 0x00000203f3ac0f4c
Event: 4.070 Thread 0x00000203e72e7330 Implicit null exception at 0x00000203f3aaad11 to 0x00000203f3aab12c
Event: 4.070 Thread 0x00000203e72e7330 Implicit null exception at 0x00000203f3ac238f to 0x00000203f3ac2405
Event: 4.170 Thread 0x00000203e72e7330 Exception <a 'java/lang/NoSuchMethodError'{0x00000000885fa838}: 'java.lang.Object java.lang.invoke.DirectMethodHandle$Holder.invokeStaticInit(java.lang.Object)'> (0x00000000885fa838) 
thrown [s\src\hotspot\share\interpreter\linkResolver.cpp, line 771]
Event: 4.438 Thread 0x00000203e72e7330 Exception <a 'java/lang/NoSuchMethodError'{0x0000000089216118}: 'java.lang.Object java.lang.invoke.DirectMethodHandle$Holder.invokeStaticInit(java.lang.Object, int, int, int, int)'> (0x0000000089216118) 
thrown [s\src\hotspot\share\interpreter\linkResolver.cpp, line 771]
Event: 8.903 Thread 0x00000203e72e7330 Exception <a 'java/lang/NoSuchMethodError'{0x00000000892ad838}: 'java.lang.Object java.lang.invoke.DirectMethodHandle$Holder.invokeStaticInit(java.lang.Object, java.lang.Object, int, int, int, int)'> (0x00000000892ad838) 
thrown [s\src\hotspot\share\interpreter\linkResolver.cpp, line 771]
Event: 9.115 Thread 0x00000203e72e7330 Exception <a 'java/lang/NoSuchMethodError'{0x00000000892dafa0}: 'void java.lang.invoke.DirectMethodHandle$Holder.invokeStatic(java.lang.Object, java.lang.Object, java.lang.Object)'> (0x00000000892dafa0) 
thrown [s\src\hotspot\share\interpreter\linkResolver.cpp, line 771]
Event: 9.133 Thread 0x00000203e72e7330 Implicit null exception at 0x00000203f3aa5172 to 0x00000203f3aa5748
Event: 9.133 Thread 0x00000203e72e7330 Implicit null exception at 0x00000203f3ab12f2 to 0x00000203f3ab18d8
Event: 12.631 Thread 0x00000203893ef0a0 Exception <a 'java/lang/NoSuchMethodError'{0x000000008890b768}: 'void java.lang.invoke.DirectMethodHandle$Holder.invokeStatic(java.lang.Object, long)'> (0x000000008890b768) 
thrown [s\src\hotspot\share\interpreter\linkResolver.cpp, line 771]
Event: 12.633 Thread 0x00000203893ef0a0 Exception <a 'java/lang/NoSuchMethodError'{0x0000000088910e18}: 'java.lang.Object java.lang.invoke.DirectMethodHandle$Holder.newInvokeSpecial(java.lang.Object, long)'> (0x0000000088910e18) 
thrown [s\src\hotspot\share\interpreter\linkResolver.cpp, line 771]
Event: 12.639 Thread 0x00000203893ef0a0 Exception <a 'java/lang/NoSuchMethodError'{0x000000008891b9c0}: 'java.lang.Object java.lang.invoke.DirectMethodHandle$Holder.invokeStaticInit(java.lang.Object, java.lang.Object, long, java.lang.Object)'> (0x000000008891b9c0) 
thrown [s\src\hotspot\share\interpreter\linkResolver.cpp, line 771]
Event: 12.640 Thread 0x00000203893ef0a0 Exception <a 'java/lang/NoSuchMethodError'{0x0000000088922048}: 'java.lang.Object java.lang.invoke.DirectMethodHandle$Holder.newInvokeSpecial(java.lang.Object, java.lang.Object, long)'> (0x0000000088922048) 
thrown [s\src\hotspot\share\interpreter\linkResolver.cpp, line 771]
Event: 12.641 Thread 0x00000203893ef0a0 Exception <a 'java/lang/NoSuchMethodError'{0x0000000088926338}: 'java.lang.Object java.lang.invoke.Invokers$Holder.linkToTargetMethod(java.lang.Object, long, java.lang.Object)'> (0x0000000088926338) 
thrown [s\src\hotspot\share\interpreter\linkResolver.cpp, line 771]

VM Operations (20 events):
Event: 16.689 Executing VM operation: Cleanup
Event: 16.689 Executing VM operation: Cleanup done
Event: 16.774 Executing VM operation: HandshakeAllThreads
Event: 16.774 Executing VM operation: HandshakeAllThreads done
Event: 17.779 Executing VM operation: Cleanup
Event: 17.779 Executing VM operation: Cleanup done
Event: 28.884 Executing VM operation: Cleanup
Event: 28.884 Executing VM operation: Cleanup done
Event: 29.896 Executing VM operation: Cleanup
Event: 29.896 Executing VM operation: Cleanup done
Event: 39.960 Executing VM operation: Cleanup
Event: 39.960 Executing VM operation: Cleanup done
Event: 40.964 Executing VM operation: Cleanup
Event: 40.965 Executing VM operation: Cleanup done
Event: 41.965 Executing VM operation: Cleanup
Event: 41.965 Executing VM operation: Cleanup done
Event: 42.979 Executing VM operation: Cleanup
Event: 42.979 Executing VM operation: Cleanup done
Event: 79.262 Executing VM operation: Cleanup
Event: 79.262 Executing VM operation: Cleanup done

Events (20 events):
Event: 33.599 loading class jdk/internal/reflect/ByteVectorFactory done
Event: 33.599 loading class jdk/internal/reflect/ByteVectorImpl
Event: 33.599 loading class jdk/internal/reflect/ByteVector
Event: 33.599 loading class jdk/internal/reflect/ByteVector done
Event: 33.600 loading class jdk/internal/reflect/ByteVectorImpl done
Event: 33.600 loading class jdk/internal/reflect/ClassFileAssembler
Event: 33.600 loading class jdk/internal/reflect/ClassFileAssembler done
Event: 33.601 loading class jdk/internal/reflect/UTF8
Event: 33.601 loading class jdk/internal/reflect/UTF8 done
Event: 33.602 loading class jdk/internal/reflect/Label
Event: 33.603 loading class jdk/internal/reflect/Label done
Event: 33.603 loading class jdk/internal/reflect/Label$PatchInfo
Event: 33.603 loading class jdk/internal/reflect/Label$PatchInfo done
Event: 33.603 loading class jdk/internal/reflect/MethodAccessorGenerator$1
Event: 33.603 loading class jdk/internal/reflect/MethodAccessorGenerator$1 done
Event: 33.603 loading class jdk/internal/reflect/ClassDefiner
Event: 33.604 loading class jdk/internal/reflect/ClassDefiner done
Event: 33.604 loading class jdk/internal/reflect/ClassDefiner$1
Event: 33.604 loading class jdk/internal/reflect/ClassDefiner$1 done
Event: 79.734 loading class sun/net/ConnectionResetException


Dynamic libraries:
0x00007ff782aa0000 - 0x00007ff782aaa000 	C:\Program Files\Android\Android Studio\jbr\bin\java.exe
0x00007ff88c7a0000 - 0x00007ff88c9a9000 	C:\Windows\SYSTEM32\ntdll.dll
0x00007ff88b100000 - 0x00007ff88b1bd000 	C:\Windows\System32\KERNEL32.DLL
0x00007ff889be0000 - 0x00007ff889f65000 	C:\Windows\System32\KERNELBASE.dll
0x00007ff88a040000 - 0x00007ff88a151000 	C:\Windows\System32\ucrtbase.dll
0x00007ff86c4a0000 - 0x00007ff86c4b7000 	C:\Program Files\Android\Android Studio\jbr\bin\jli.dll
0x00007ff88af50000 - 0x00007ff88b0fc000 	C:\Windows\System32\USER32.dll
0x00007ff88a010000 - 0x00007ff88a036000 	C:\Windows\System32\win32u.dll
0x00007ff88b620000 - 0x00007ff88b649000 	C:\Windows\System32\GDI32.dll
0x00007ff88a160000 - 0x00007ff88a27b000 	C:\Windows\System32\gdi32full.dll
0x00007ff889f70000 - 0x00007ff88a00d000 	C:\Windows\System32\msvcp_win.dll
0x00007ff87a130000 - 0x00007ff87a14b000 	C:\Program Files\Android\Android Studio\jbr\bin\VCRUNTIME140.dll
0x00007ff8784d0000 - 0x00007ff878775000 	C:\Windows\WinSxS\amd64_microsoft.windows.common-controls_6595b64144ccf1df_6.0.22000.2600_none_1b65155c6ae217ae\COMCTL32.dll
0x00007ff88b2b0000 - 0x00007ff88b353000 	C:\Windows\System32\msvcrt.dll
0x00007ff88b650000 - 0x00007ff88b681000 	C:\Windows\System32\IMM32.DLL
0x00007ff883e20000 - 0x00007ff883e2c000 	C:\Program Files\Android\Android Studio\jbr\bin\vcruntime140_1.dll
0x00007ff8648b0000 - 0x00007ff86493d000 	C:\Program Files\Android\Android Studio\jbr\bin\msvcp140.dll
0x00007ff83fa90000 - 0x00007ff840710000 	C:\Program Files\Android\Android Studio\jbr\bin\server\jvm.dll
0x00007ff88abb0000 - 0x00007ff88ac62000 	C:\Windows\System32\ADVAPI32.dll
0x00007ff88ac70000 - 0x00007ff88ad12000 	C:\Windows\System32\sechost.dll
0x00007ff88a340000 - 0x00007ff88a367000 	C:\Windows\System32\bcrypt.dll
0x00007ff88ad20000 - 0x00007ff88ae42000 	C:\Windows\System32\RPCRT4.dll
0x00007ff873b10000 - 0x00007ff873b19000 	C:\Windows\SYSTEM32\WSOCK32.dll
0x00007ff87a990000 - 0x00007ff87a9c3000 	C:\Windows\SYSTEM32\WINMM.dll
0x00007ff87d8a0000 - 0x00007ff87d8aa000 	C:\Windows\SYSTEM32\VERSION.dll
0x00007ff88b380000 - 0x00007ff88b3ef000 	C:\Windows\System32\WS2_32.dll
0x00007ff888d70000 - 0x00007ff888d88000 	C:\Windows\SYSTEM32\kernel.appcore.dll
0x00007ff885ff0000 - 0x00007ff885ffa000 	C:\Program Files\Android\Android Studio\jbr\bin\jimage.dll
0x00007ff879850000 - 0x00007ff879a71000 	C:\Windows\SYSTEM32\DBGHELP.DLL
0x00007ff874aa0000 - 0x00007ff874ad1000 	C:\Windows\SYSTEM32\dbgcore.DLL
0x00007ff88a550000 - 0x00007ff88a5cf000 	C:\Windows\System32\bcryptPrimitives.dll
0x00007ff885fc0000 - 0x00007ff885fe5000 	C:\Program Files\Android\Android Studio\jbr\bin\java.dll
0x00007ff884490000 - 0x00007ff8844a8000 	C:\Program Files\Android\Android Studio\jbr\bin\zip.dll
0x00007ff88b830000 - 0x00007ff88bff5000 	C:\Windows\System32\SHELL32.dll
0x00007ff887cf0000 - 0x00007ff888552000 	C:\Windows\SYSTEM32\windows.storage.dll
0x00007ff88a5d0000 - 0x00007ff88a946000 	C:\Windows\System32\combase.dll
0x00007ff887b80000 - 0x00007ff887ce7000 	C:\Windows\SYSTEM32\wintypes.dll
0x00007ff88b3f0000 - 0x00007ff88b4da000 	C:\Windows\System32\SHCORE.dll
0x00007ff88ab50000 - 0x00007ff88abad000 	C:\Windows\System32\shlwapi.dll
0x00007ff889b10000 - 0x00007ff889b35000 	C:\Windows\SYSTEM32\profapi.dll
0x00007ff879b10000 - 0x00007ff879b29000 	C:\Program Files\Android\Android Studio\jbr\bin\net.dll
0x00007ff8818b0000 - 0x00007ff8819c4000 	C:\Windows\SYSTEM32\WINHTTP.dll
0x00007ff889210000 - 0x00007ff889277000 	C:\Windows\system32\mswsock.dll
0x00007ff8750f0000 - 0x00007ff875106000 	C:\Program Files\Android\Android Studio\jbr\bin\nio.dll
0x00007ff87e8f0000 - 0x00007ff87e900000 	C:\Program Files\Android\Android Studio\jbr\bin\verify.dll
0x00007ff86d4c0000 - 0x00007ff86d4e7000 	C:\Users\Soumaila\.gradle\native\e1d6ef7f7dcc3fd88c89a11ec53ec762bb8ba0a96d01ffa2cd45eb1d1d8dd5c5\windows-amd64\native-platform.dll
0x00007ff87e830000 - 0x00007ff87e839000 	C:\Program Files\Android\Android Studio\jbr\bin\management.dll
0x00007ff879bc0000 - 0x00007ff879bcb000 	C:\Program Files\Android\Android Studio\jbr\bin\management_ext.dll
0x00007ff88af40000 - 0x00007ff88af48000 	C:\Windows\System32\PSAPI.DLL
0x00007ff889450000 - 0x00007ff889468000 	C:\Windows\SYSTEM32\CRYPTSP.dll
0x00007ff888cd0000 - 0x00007ff888d05000 	C:\Windows\system32\rsaenh.dll
0x00007ff889300000 - 0x00007ff88932c000 	C:\Windows\SYSTEM32\USERENV.dll
0x00007ff889470000 - 0x00007ff88947c000 	C:\Windows\SYSTEM32\CRYPTBASE.dll
0x00007ff888810000 - 0x00007ff88883d000 	C:\Windows\SYSTEM32\IPHLPAPI.DLL
0x00007ff88ab20000 - 0x00007ff88ab29000 	C:\Windows\System32\NSI.dll
0x00007ff882470000 - 0x00007ff882489000 	C:\Windows\SYSTEM32\dhcpcsvc6.DLL
0x00007ff882850000 - 0x00007ff88286e000 	C:\Windows\SYSTEM32\dhcpcsvc.DLL
0x00007ff888840000 - 0x00007ff888927000 	C:\Windows\SYSTEM32\DNSAPI.dll
0x00007ff882490000 - 0x00007ff882498000 	C:\Windows\system32\wshunix.dll

dbghelp: loaded successfully - version: 4.0.5 - missing functions: none
symbol engine: initialized successfully - sym options: 0x614 - pdb path: .;C:\Program Files\Android\Android Studio\jbr\bin;C:\Windows\SYSTEM32;C:\Windows\WinSxS\amd64_microsoft.windows.common-controls_6595b64144ccf1df_6.0.22000.2600_none_1b65155c6ae217ae;C:\Program Files\Android\Android Studio\jbr\bin\server;C:\Users\Soumaila\.gradle\native\e1d6ef7f7dcc3fd88c89a11ec53ec762bb8ba0a96d01ffa2cd45eb1d1d8dd5c5\windows-amd64

VM Arguments:
jvm_args: -Dorg.gradle.appname=gradlew 
java_command: org.gradle.wrapper.GradleWrapperMain -q -Ptarget-platform=android-arm64 -Ptarget=C:\Users\Soumaila\Desktop\yanana_v1\projet_yanana\lib\main.dart -Pbase-application-name=android.app.Application -Pdart-defines=Zmx1dHRlci5pbnNwZWN0b3Iuc3RydWN0dXJlZEVycm9ycz10cnVl,RkxVVFRFUl9XRUJfQVVUT19ERVRFQ1Q9dHJ1ZQ==,RkxVVFRFUl9XRUJfQ0FOVkFTS0lUX1VSTD1odHRwczovL3d3dy5nc3RhdGljLmNvbS9mbHV0dGVyLWNhbnZhc2tpdC8xYWM2MTFjNjRlYWRiZDkzYzVmNWFiYTU0OTRiOGZjM2IzNWVlOTUyLw== -Pdart-obfuscation=false -Ptrack-widget-creation=true -Ptree-shake-icons=false -Pfilesystem-scheme=org-dartlang-root assembleDebug
java_class_path (initial): C:\Users\Soumaila\Desktop\yanana_v1\projet_yanana\android\\gradle\wrapper\gradle-wrapper.jar
Launcher Type: SUN_STANDARD

[Global flags]
     intx CICompilerCount                          = 3                                         {product} {ergonomic}
     uint ConcGCThreads                            = 1                                         {product} {ergonomic}
     uint G1ConcRefinementThreads                  = 4                                         {product} {ergonomic}
   size_t G1HeapRegionSize                         = 1048576                                   {product} {ergonomic}
    uintx GCDrainStackTargetSize                   = 64                                        {product} {ergonomic}
   size_t InitialHeapSize                          = 134217728                                 {product} {ergonomic}
   size_t MarkStackSize                            = 4194304                                   {product} {ergonomic}
   size_t MaxHeapSize                              = 2124414976                                {product} {ergonomic}
   size_t MaxNewSize                               = 1274019840                                {product} {ergonomic}
   size_t MinHeapDeltaBytes                        = 1048576                                   {product} {ergonomic}
   size_t MinHeapSize                              = 8388608                                   {product} {ergonomic}
    uintx NonNMethodCodeHeapSize                   = 5832780                                {pd product} {ergonomic}
    uintx NonProfiledCodeHeapSize                  = 122912730                              {pd product} {ergonomic}
    uintx ProfiledCodeHeapSize                     = 122912730                              {pd product} {ergonomic}
    uintx ReservedCodeCacheSize                    = 251658240                              {pd product} {ergonomic}
     bool SegmentedCodeCache                       = true                                      {product} {ergonomic}
   size_t SoftMaxHeapSize                          = 2124414976                             {manageable} {ergonomic}
     bool UseCompressedClassPointers               = true                           {product lp64_product} {ergonomic}
     bool UseCompressedOops                        = true                           {product lp64_product} {ergonomic}
     bool UseG1GC                                  = true                                      {product} {ergonomic}
     bool UseLargePagesIndividualAllocation        = false                                  {pd product} {ergonomic}

Logging:
Log output configuration:
 #0: stdout all=warning uptime,level,tags
 #1: stderr all=off uptime,level,tags

Environment Variables:
JAVA_HOME=C:\Program Files\Android\Android Studio\jbr
CLASSPATH=C:\Users\Soumaila\Desktop\yanana_v1\projet_yanana\android\\gradle\wrapper\gradle-wrapper.jar
PATH=C:\Program Files\Android\Android Studio\jbr\bin;C:\Oraclew\Middleware\Oracle_FRHome1\bin;C:\oracle12C\product\12.2.0\dbhome_1\bin;C:\oracle\DevSuiteHome_2\jdk\jre\bin;C:\oracle\DevSuiteHome_2\jdk\jre\bin\client;C:\oracle\DevSuiteHome_2\jlib;C:\oracle\DevSuiteHome_2\bin;C:\oracle\DevSuiteHome_2\jre\1.4.2\bin\client;C:\oracle\DevSuiteHome_2\jre\1.4.2\bin;C:\oracle\product\10.2.0\db_1\bin;D:\DevSuiteHome_1\jdk\jre\bin\client;D:\DevSuiteHome_1\bin;D:\DevSuiteHome_1\jlib;C:\ProgramData\Oracle\Java\javapath;C:\oraclexe\app\oracle\product\11.2.0\server\bin;C:\Program Files (x86)\VMware\VMware Workstation\bin\;C:\Program Files\Common Files\Oracle\Java\javapath;C:\Windows\system32;C:\Windows;C:\Windows\System32\Wbem;C:\Windows\System32\WindowsPowerShell\v1.0\;C:\Windows\System32\OpenSSH\;C:\Program Files\Git\cmd;C:\src\flutter\flutter\bin;C:\Users\Soumaila\AppData\Roaming\Microsoft VS Code\bin;C:\MinGW\bin;C:\Program Files\Microsoft SQL Server\150\Tools\Binn\;C:\Program Files (x86)\Windows Kits\10\Windows Performance Toolkit\;C:\MATLAB701\bin\win32;C:\Program Files\Microsoft SQL Server\110\Tools\Binn\;C:\Oraclew\Middleware\Oracle_FRHome1\opmn\bin;C:\Oraclew\Middleware\Oracle_FRHome1\opmn\lib;C:\Oraclew\Middleware\Oracle_FRHome1\perl\bin;C:\Users\Soumaila\AppData\Local\Programs\Python\Python310\Scripts\;C:\Users\Soumaila\AppData\Local\Programs\Python\Python310\;C:\Users\Soumaila\AppData\Local\Microsoft\WindowsApps;C:\Program Files\JetBrains\PyCharm 2022.2.2\bin;C:\Users\Soumaila\AppData\Local\Programs\Microsoft VS Code\bin;C:\Users\Soumaila\AppData\Local\JetBrains\Toolbox\scripts;;C:\src\flutter\flutter\bin\mingit\cmd
USERNAME=Soumaila
LD_LIBRARY_PATH=C:\Oraclew\Middleware\Oracle_FRHome1\lib
OS=Windows_NT
PROCESSOR_IDENTIFIER=Intel64 Family 6 Model 69 Stepping 1, GenuineIntel
TMP=C:\Users\Soumaila\AppData\Local\Temp
TEMP=C:\Users\Soumaila\AppData\Local\Temp


JNI global refs:
JNI global refs: 18, weak refs: 0

JNI global refs memory usage: 843, weak refs: 209

OOME stack traces (most recent first):
Classloader memory used:
Loader bootstrap                                                                       : 1615K
Loader org.gradle.internal.classloader.VisitableURLClassLoader                         : 526K
Loader java.net.URLClassLoader                                                         : 25818B
Loader jdk.internal.loader.ClassLoaders$AppClassLoader                                 : 18431B
Loader jdk.internal.loader.ClassLoaders$PlatformClassLoader                            : 17617B
Loader jdk.internal.reflect.DelegatingClassLoader                                      : 439B

Classes loaded by more than one classloader:
Class org.gradle.internal.installation.GradleInstallation                             : loaded 2 times (x 73B)
Class org.gradle.cli.ParsedCommandLine                                                : loaded 2 times (x 78B)
Class org.gradle.internal.classpath.ClassPath                                         : loaded 2 times (x 68B)
Class org.gradle.api.internal.classpath.DefaultModuleRegistry                         : loaded 2 times (x 84B)
Class org.gradle.api.Action                                                           : loaded 2 times (x 68B)
Class org.gradle.cli.CommandLineParser$OptionString                                   : loaded 2 times (x 71B)
Class org.gradle.internal.installation.GradleInstallation$1                           : loaded 2 times (x 73B)
Class org.gradle.cli.CommandLineParser$AfterOptions                                   : loaded 2 times (x 75B)
Class org.gradle.internal.classpath.DefaultClassPath$ImmutableUniqueList$Builder      : loaded 2 times (x 73B)
Class org.gradle.cli.CommandLineParser$AfterFirstSubCommand                           : loaded 2 times (x 75B)
Class org.gradle.internal.classloader.ClassLoaderVisitor                              : loaded 2 times (x 74B)
Class org.gradle.internal.service.UnknownServiceException                             : loaded 2 times (x 81B)
Class org.gradle.api.GradleException                                                  : loaded 2 times (x 80B)
Class org.gradle.api.internal.classpath.ModuleRegistry                                : loaded 2 times (x 68B)
Class org.gradle.cli.CommandLineParser$KnownOptionParserState                         : loaded 2 times (x 74B)
Class org.gradle.internal.classloader.ClasspathUtil$1                                 : loaded 2 times (x 74B)
Class org.gradle.cli.AbstractPropertiesCommandLineConverter                           : loaded 2 times (x 81B)
Class org.gradle.api.internal.classpath.ManifestUtil                                  : loaded 2 times (x 69B)
Class org.gradle.api.specs.Spec                                                       : loaded 2 times (x 68B)
Class org.gradle.cli.SystemPropertiesCommandLineConverter                             : loaded 2 times (x 81B)
Class org.gradle.internal.IoActions                                                   : loaded 2 times (x 69B)
Class org.gradle.api.internal.classpath.EffectiveClassPath                            : loaded 2 times (x 88B)
Class org.gradle.internal.installation.CurrentGradleInstallation                      : loaded 2 times (x 71B)
Class org.gradle.internal.installation.CurrentGradleInstallationLocator               : loaded 2 times (x 69B)
Class org.gradle.api.internal.classpath.Module                                        : loaded 2 times (x 68B)
Class org.gradle.internal.classpath.DefaultClassPath                                  : loaded 2 times (x 88B)
Class org.gradle.api.Transformer                                                      : loaded 2 times (x 68B)
Class org.gradle.cli.CommandLineParser                                                : loaded 2 times (x 77B)
Class org.gradle.cli.CommandLineParser$BeforeFirstSubCommand                          : loaded 2 times (x 75B)
Class org.gradle.internal.classloader.SystemClassLoaderSpec                           : loaded 2 times (x 69B)
Class org.gradle.cli.CommandLineOption                                                : loaded 2 times (x 84B)
Class org.gradle.cli.CommandLineParser$ParserState                                    : loaded 2 times (x 74B)
Class org.gradle.cli.CommandLineParser$MissingOptionArgState                          : loaded 2 times (x 75B)
Class org.gradle.api.UncheckedIOException                                             : loaded 2 times (x 80B)
Class org.gradle.cli.ParsedCommandLineOption                                          : loaded 2 times (x 74B)
Class org.gradle.internal.classloader.ClasspathUtil                                   : loaded 2 times (x 69B)
Class org.gradle.api.internal.classpath.DefaultModuleRegistry$DefaultModule           : loaded 2 times (x 84B)
Class org.gradle.cli.CommandLineParser$UnknownOptionParserState                       : loaded 2 times (x 74B)
Class org.gradle.api.internal.classpath.UnknownModuleException                        : loaded 2 times (x 80B)
Class org.gradle.internal.service.ServiceLookupException                              : loaded 2 times (x 80B)
Class org.gradle.cache.GlobalCache                                                    : loaded 2 times (x 68B)
Class org.gradle.util.internal.GUtil                                                  : loaded 2 times (x 69B)
Class org.gradle.internal.classloader.ClassLoaderSpec                                 : loaded 2 times (x 69B)
Class org.gradle.cli.CommandLineParser$OptionAwareParserState                         : loaded 2 times (x 75B)
Class org.gradle.cli.CommandLineParser$OptionParserState                              : loaded 2 times (x 73B)
Class org.gradle.internal.Cast                                                        : loaded 2 times (x 69B)
Class org.gradle.internal.classloader.ClassLoaderHierarchy                            : loaded 2 times (x 68B)
Class org.gradle.cli.CommandLineConverter                                             : loaded 2 times (x 68B)
Class org.gradle.internal.classpath.DefaultClassPath$ImmutableUniqueList              : loaded 2 times (x 159B)
Class org.gradle.cli.AbstractCommandLineConverter                                     : loaded 2 times (x 77B)
Class org.gradle.cli.CommandLineArgumentException                                     : loaded 2 times (x 80B)


---------------  S Y S T E M  ---------------

OS:
 Windows 11 , 64 bit Build 22000 (10.0.22000.2600)
OS uptime: 1 days 23:17 hours

CPU: total 4 (initial active 4) (2 cores per cpu, 2 threads per core) family 6 model 69 stepping 1 microcode 0x26, cx8, cmov, fxsr, ht, mmx, sse, sse2, sse3, ssse3, sse4.1, sse4.2, popcnt, lzcnt, tsc, tscinvbit, avx, avx2, aes, erms, clmul, bmi1, bmi2, fma, vzeroupper, clflush

Memory: 4k page, system-wide physical 8097M (962M free)
TotalPageFile size 13297M (AvailPageFile size 478M)
current process WorkingSet (physical memory assigned to process): 88M, peak: 91M
current process commit charge ("private bytes"): 221M, peak: 226M

vm_info: OpenJDK 64-Bit Server VM (17.0.7+0-b2043.56-10550314) for windows-amd64 JRE (17.0.7+0-b2043.56-10550314), built on Jul 24 2023 18:27:45 by "androidbuild" with MS VC++ 16.10 / 16.11 (VS2019)

END.
